[0.035s] Invoking command in '/home/matteo-melzer/ws_moveit/build/rosparam_shortcuts': CMAKE_PREFIX_PATH=${CMAKE_PREFIX_PATH}:/home/matteo-melzer/ros2_ws/install/py_srvcli:/home/matteo-melzer/ros2_ws/install/py_pubsub:/home/matteo-melzer/ws_moveit/install/moveit_configs_utils:/home/matteo-melzer/ws_moveit/install/launch_param_builder:/opt/ros/humble /usr/bin/cmake --build /home/matteo-melzer/ws_moveit/build/rosparam_shortcuts -- -j2 -l2
[0.139s] [35m[1mConsolidate compiler generated dependencies of target gtest_main[0m
[0.140s] [35m[1mConsolidate compiler generated dependencies of target rosparam_shortcuts[0m
[0.210s] [ 15%] Built target gtest_main
[0.269s] [ 38%] Built target rosparam_shortcuts
[0.276s] [35m[1mConsolidate compiler generated dependencies of target gtest[0m
[0.304s] [35m[1mConsolidate compiler generated dependencies of target rosparam_shortcuts_example[0m
[0.331s] [ 53%] Built target gtest
[0.365s] [ 69%] Built target rosparam_shortcuts_example
[0.375s] [35m[1mConsolidate compiler generated dependencies of target rosparam_shortcuts_node_parameters_example[0m
[0.414s] [35m[1mConsolidate compiler generated dependencies of target test_node_parameters[0m
[0.428s] [ 84%] Built target rosparam_shortcuts_node_parameters_example
[0.486s] [100%] Built target test_node_parameters
[0.508s] Invoked command in '/home/matteo-melzer/ws_moveit/build/rosparam_shortcuts' returned '0': CMAKE_PREFIX_PATH=${CMAKE_PREFIX_PATH}:/home/matteo-melzer/ros2_ws/install/py_srvcli:/home/matteo-melzer/ros2_ws/install/py_pubsub:/home/matteo-melzer/ws_moveit/install/moveit_configs_utils:/home/matteo-melzer/ws_moveit/install/launch_param_builder:/opt/ros/humble /usr/bin/cmake --build /home/matteo-melzer/ws_moveit/build/rosparam_shortcuts -- -j2 -l2
[0.509s] Invoking command in '/home/matteo-melzer/ws_moveit/build/rosparam_shortcuts': CMAKE_PREFIX_PATH=${CMAKE_PREFIX_PATH}:/home/matteo-melzer/ros2_ws/install/py_srvcli:/home/matteo-melzer/ros2_ws/install/py_pubsub:/home/matteo-melzer/ws_moveit/install/moveit_configs_utils:/home/matteo-melzer/ws_moveit/install/launch_param_builder:/opt/ros/humble /usr/bin/cmake --install /home/matteo-melzer/ws_moveit/build/rosparam_shortcuts
[0.535s] -- Install configuration: ""
[0.540s] -- Up-to-date: /home/matteo-melzer/ws_moveit/install/rosparam_shortcuts/lib/librosparam_shortcuts.so
[0.540s] -- Up-to-date: /home/matteo-melzer/ws_moveit/install/rosparam_shortcuts/lib/rosparam_shortcuts/example
[0.544s] -- Up-to-date: /home/matteo-melzer/ws_moveit/install/rosparam_shortcuts/lib/rosparam_shortcuts/node_parameters_example
[0.544s] -- Up-to-date: /home/matteo-melzer/ws_moveit/install/rosparam_shortcuts/include
[0.544s] -- Up-to-date: /home/matteo-melzer/ws_moveit/install/rosparam_shortcuts/include/rosparam_shortcuts
[0.544s] -- Up-to-date: /home/matteo-melzer/ws_moveit/install/rosparam_shortcuts/include/rosparam_shortcuts/node_parameters.h
[0.549s] -- Up-to-date: /home/matteo-melzer/ws_moveit/install/rosparam_shortcuts/include/rosparam_shortcuts/rosparam_shortcuts.h
[0.549s] -- Up-to-date: /home/matteo-melzer/ws_moveit/install/rosparam_shortcuts/share/rosparam_shortcuts/launch
[0.549s] -- Up-to-date: /home/matteo-melzer/ws_moveit/install/rosparam_shortcuts/share/rosparam_shortcuts/launch/example.launch.py
[0.549s] -- Up-to-date: /home/matteo-melzer/ws_moveit/install/rosparam_shortcuts/share/rosparam_shortcuts/config
[0.549s] -- Up-to-date: /home/matteo-melzer/ws_moveit/install/rosparam_shortcuts/share/rosparam_shortcuts/config/example.yaml
[0.549s] -- Up-to-date: /home/matteo-melzer/ws_moveit/install/rosparam_shortcuts/share/rosparam_shortcuts/environment/library_path.sh
[0.549s] -- Up-to-date: /home/matteo-melzer/ws_moveit/install/rosparam_shortcuts/share/rosparam_shortcuts/environment/library_path.dsv
[0.549s] -- Up-to-date: /home/matteo-melzer/ws_moveit/install/rosparam_shortcuts/share/ament_index/resource_index/package_run_dependencies/rosparam_shortcuts
[0.549s] -- Up-to-date: /home/matteo-melzer/ws_moveit/install/rosparam_shortcuts/share/ament_index/resource_index/parent_prefix_path/rosparam_shortcuts
[0.549s] -- Up-to-date: /home/matteo-melzer/ws_moveit/install/rosparam_shortcuts/share/rosparam_shortcuts/environment/ament_prefix_path.sh
[0.550s] -- Up-to-date: /home/matteo-melzer/ws_moveit/install/rosparam_shortcuts/share/rosparam_shortcuts/environment/ament_prefix_path.dsv
[0.550s] -- Up-to-date: /home/matteo-melzer/ws_moveit/install/rosparam_shortcuts/share/rosparam_shortcuts/environment/path.sh
[0.550s] -- Up-to-date: /home/matteo-melzer/ws_moveit/install/rosparam_shortcuts/share/rosparam_shortcuts/environment/path.dsv
[0.550s] -- Up-to-date: /home/matteo-melzer/ws_moveit/install/rosparam_shortcuts/share/rosparam_shortcuts/local_setup.bash
[0.550s] -- Up-to-date: /home/matteo-melzer/ws_moveit/install/rosparam_shortcuts/share/rosparam_shortcuts/local_setup.sh
[0.561s] -- Up-to-date: /home/matteo-melzer/ws_moveit/install/rosparam_shortcuts/share/rosparam_shortcuts/local_setup.zsh
[0.561s] -- Up-to-date: /home/matteo-melzer/ws_moveit/install/rosparam_shortcuts/share/rosparam_shortcuts/local_setup.dsv
[0.561s] -- Installing: /home/matteo-melzer/ws_moveit/install/rosparam_shortcuts/share/rosparam_shortcuts/package.dsv
[0.561s] -- Up-to-date: /home/matteo-melzer/ws_moveit/install/rosparam_shortcuts/share/ament_index/resource_index/packages/rosparam_shortcuts
[0.562s] -- Up-to-date: /home/matteo-melzer/ws_moveit/install/rosparam_shortcuts/share/rosparam_shortcuts/cmake/export_rosparam_shortcutsExport.cmake
[0.562s] -- Up-to-date: /home/matteo-melzer/ws_moveit/install/rosparam_shortcuts/share/rosparam_shortcuts/cmake/export_rosparam_shortcutsExport-noconfig.cmake
[0.562s] -- Up-to-date: /home/matteo-melzer/ws_moveit/install/rosparam_shortcuts/share/rosparam_shortcuts/cmake/ament_cmake_export_targets-extras.cmake
[0.562s] -- Up-to-date: /home/matteo-melzer/ws_moveit/install/rosparam_shortcuts/share/rosparam_shortcuts/cmake/ament_cmake_export_dependencies-extras.cmake
[0.562s] -- Up-to-date: /home/matteo-melzer/ws_moveit/install/rosparam_shortcuts/share/rosparam_shortcuts/cmake/rosparam_shortcutsConfig.cmake
[0.562s] -- Up-to-date: /home/matteo-melzer/ws_moveit/install/rosparam_shortcuts/share/rosparam_shortcuts/cmake/rosparam_shortcutsConfig-version.cmake
[0.562s] -- Up-to-date: /home/matteo-melzer/ws_moveit/install/rosparam_shortcuts/share/rosparam_shortcuts/package.xml
[0.584s] Invoked command in '/home/matteo-melzer/ws_moveit/build/rosparam_shortcuts' returned '0': CMAKE_PREFIX_PATH=${CMAKE_PREFIX_PATH}:/home/matteo-melzer/ros2_ws/install/py_srvcli:/home/matteo-melzer/ros2_ws/install/py_pubsub:/home/matteo-melzer/ws_moveit/install/moveit_configs_utils:/home/matteo-melzer/ws_moveit/install/launch_param_builder:/opt/ros/humble /usr/bin/cmake --install /home/matteo-melzer/ws_moveit/build/rosparam_shortcuts
