[1.967s] Invoking command in '/home/matteo-melzer/ws_moveit/src/launch_param_builder': PYTHONPATH=/home/matteo-melzer/ws_moveit/build/launch_param_builder/prefix_override:/usr/lib/python3/dist-packages/colcon_core/task/python/colcon_distutils_commands:/home/matteo-melzer/ws_moveit/install/launch_param_builder/lib/python3.10/site-packages:${PYTHONPATH} /usr/bin/python3 -W ignore:setup.py install is deprecated -W ignore:easy_install command is deprecated setup.py egg_info --egg-base ../../build/launch_param_builder build --build-base /home/matteo-melzer/ws_moveit/build/launch_param_builder/build install --record /home/matteo-melzer/ws_moveit/build/launch_param_builder/install.log --single-version-externally-managed install_data
[2.771s] running egg_info
[2.776s] creating ../../build/launch_param_builder/launch_param_builder.egg-info
[2.776s] writing ../../build/launch_param_builder/launch_param_builder.egg-info/PKG-INFO
[2.777s] writing dependency_links to ../../build/launch_param_builder/launch_param_builder.egg-info/dependency_links.txt
[2.777s] writing entry points to ../../build/launch_param_builder/launch_param_builder.egg-info/entry_points.txt
[2.777s] writing requirements to ../../build/launch_param_builder/launch_param_builder.egg-info/requires.txt
[2.780s] writing top-level names to ../../build/launch_param_builder/launch_param_builder.egg-info/top_level.txt
[2.780s] writing manifest file '../../build/launch_param_builder/launch_param_builder.egg-info/SOURCES.txt'
[2.790s] reading manifest file '../../build/launch_param_builder/launch_param_builder.egg-info/SOURCES.txt'
[2.791s] adding license file 'LICENSE'
[2.806s] writing manifest file '../../build/launch_param_builder/launch_param_builder.egg-info/SOURCES.txt'
[2.806s] running build
[2.806s] running build_py
[2.806s] creating /home/matteo-melzer/ws_moveit/build/launch_param_builder/build
[2.806s] creating /home/matteo-melzer/ws_moveit/build/launch_param_builder/build/lib
[2.806s] creating /home/matteo-melzer/ws_moveit/build/launch_param_builder/build/lib/launch_param_builder
[2.806s] copying launch_param_builder/launch_param_builder.py -> /home/matteo-melzer/ws_moveit/build/launch_param_builder/build/lib/launch_param_builder
[2.806s] copying launch_param_builder/__init__.py -> /home/matteo-melzer/ws_moveit/build/launch_param_builder/build/lib/launch_param_builder
[2.807s] copying launch_param_builder/utils.py -> /home/matteo-melzer/ws_moveit/build/launch_param_builder/build/lib/launch_param_builder
[2.807s] running install
[2.807s] running install_lib
[2.811s] creating /home/matteo-melzer/ws_moveit/install/launch_param_builder/lib/python3.10/site-packages/launch_param_builder
[2.811s] copying /home/matteo-melzer/ws_moveit/build/launch_param_builder/build/lib/launch_param_builder/launch_param_builder.py -> /home/matteo-melzer/ws_moveit/install/launch_param_builder/lib/python3.10/site-packages/launch_param_builder
[2.811s] copying /home/matteo-melzer/ws_moveit/build/launch_param_builder/build/lib/launch_param_builder/__init__.py -> /home/matteo-melzer/ws_moveit/install/launch_param_builder/lib/python3.10/site-packages/launch_param_builder
[2.811s] copying /home/matteo-melzer/ws_moveit/build/launch_param_builder/build/lib/launch_param_builder/utils.py -> /home/matteo-melzer/ws_moveit/install/launch_param_builder/lib/python3.10/site-packages/launch_param_builder
[2.816s] byte-compiling /home/matteo-melzer/ws_moveit/install/launch_param_builder/lib/python3.10/site-packages/launch_param_builder/launch_param_builder.py to launch_param_builder.cpython-310.pyc
[2.816s] byte-compiling /home/matteo-melzer/ws_moveit/install/launch_param_builder/lib/python3.10/site-packages/launch_param_builder/__init__.py to __init__.cpython-310.pyc
[2.816s] byte-compiling /home/matteo-melzer/ws_moveit/install/launch_param_builder/lib/python3.10/site-packages/launch_param_builder/utils.py to utils.cpython-310.pyc
[2.820s] running install_data
[2.820s] creating /home/matteo-melzer/ws_moveit/install/launch_param_builder/share/ament_index
[2.820s] creating /home/matteo-melzer/ws_moveit/install/launch_param_builder/share/ament_index/resource_index
[2.820s] creating /home/matteo-melzer/ws_moveit/install/launch_param_builder/share/ament_index/resource_index/packages
[2.820s] copying resource/launch_param_builder -> /home/matteo-melzer/ws_moveit/install/launch_param_builder/share/ament_index/resource_index/packages
[2.820s] creating /home/matteo-melzer/ws_moveit/install/launch_param_builder/share/launch_param_builder/launch
[2.820s] copying example/launch_param_builder_example.launch.py -> /home/matteo-melzer/ws_moveit/install/launch_param_builder/share/launch_param_builder/launch
[2.820s] creating /home/matteo-melzer/ws_moveit/install/launch_param_builder/share/launch_param_builder/config
[2.820s] copying test/data/parameter_file -> /home/matteo-melzer/ws_moveit/install/launch_param_builder/share/launch_param_builder/config
[2.822s] copying test/data/param_file_to_inject.yaml -> /home/matteo-melzer/ws_moveit/install/launch_param_builder/share/launch_param_builder/config
[2.823s] copying test/data/parameter.xacro -> /home/matteo-melzer/ws_moveit/install/launch_param_builder/share/launch_param_builder/config
[2.828s] copying test/data/parameters_injection.yaml -> /home/matteo-melzer/ws_moveit/install/launch_param_builder/share/launch_param_builder/config
[2.830s] copying test/data/parameters.yaml -> /home/matteo-melzer/ws_moveit/install/launch_param_builder/share/launch_param_builder/config
[2.830s] copying package.xml -> /home/matteo-melzer/ws_moveit/install/launch_param_builder/share/launch_param_builder
[2.830s] creating /home/matteo-melzer/ws_moveit/install/launch_param_builder/lib/launch_param_builder
[2.830s] copying example/example_node.py -> /home/matteo-melzer/ws_moveit/install/launch_param_builder/lib/launch_param_builder
[2.830s] running install_egg_info
[2.840s] Copying ../../build/launch_param_builder/launch_param_builder.egg-info to /home/matteo-melzer/ws_moveit/install/launch_param_builder/lib/python3.10/site-packages/launch_param_builder-0.1.1-py3.10.egg-info
[2.844s] running install_scripts
[2.925s] writing list of installed files to '/home/matteo-melzer/ws_moveit/build/launch_param_builder/install.log'
[3.024s] Invoked command in '/home/matteo-melzer/ws_moveit/src/launch_param_builder' returned '0': PYTHONPATH=/home/matteo-melzer/ws_moveit/build/launch_param_builder/prefix_override:/usr/lib/python3/dist-packages/colcon_core/task/python/colcon_distutils_commands:/home/matteo-melzer/ws_moveit/install/launch_param_builder/lib/python3.10/site-packages:${PYTHONPATH} /usr/bin/python3 -W ignore:setup.py install is deprecated -W ignore:easy_install command is deprecated setup.py egg_info --egg-base ../../build/launch_param_builder build --build-base /home/matteo-melzer/ws_moveit/build/launch_param_builder/build install --record /home/matteo-melzer/ws_moveit/build/launch_param_builder/install.log --single-version-externally-managed install_data
