[0.012s] Invoking command in '/home/matteo-melzer/ws_moveit/build/moveit_common': CMAKE_PREFIX_PATH=${CMAKE_PREFIX_PATH}:/home/matteo-melzer/ros2_ws/install/py_srvcli:/home/matteo-melzer/ros2_ws/install/py_pubsub:/home/matteo-melzer/ws_moveit/install/moveit_configs_utils:/home/matteo-melzer/ws_moveit/install/launch_param_builder:/opt/ros/humble /usr/bin/cmake /home/matteo-melzer/ws_moveit/src/moveit2/moveit_common -DCMAKE_INSTALL_PREFIX=/home/matteo-melzer/ws_moveit/install/moveit_common
[0.125s] -- Found ament_cmake: 1.3.11 (/opt/ros/humble/share/ament_cmake/cmake)
[0.483s] -- Found Python3: /usr/bin/python3 (found version "3.10.12") found components: Interpreter 
[0.799s] -- Found ament_lint_auto: 0.12.12 (/opt/ros/humble/share/ament_lint_auto/cmake)
[1.008s] -- Added test 'copyright' to check source files copyright and LICENSE
[1.015s] -- Added test 'lint_cmake' to check CMake code style
[1.018s] -- Added test 'xmllint' to check XML markup files
[1.025s] -- Configuring done
[1.031s] -- Generating done
[1.035s] -- Build files have been written to: /home/matteo-melzer/ws_moveit/build/moveit_common
[1.037s] Invoked command in '/home/matteo-melzer/ws_moveit/build/moveit_common' returned '0': CMAKE_PREFIX_PATH=${CMAKE_PREFIX_PATH}:/home/matteo-melzer/ros2_ws/install/py_srvcli:/home/matteo-melzer/ros2_ws/install/py_pubsub:/home/matteo-melzer/ws_moveit/install/moveit_configs_utils:/home/matteo-melzer/ws_moveit/install/launch_param_builder:/opt/ros/humble /usr/bin/cmake /home/matteo-melzer/ws_moveit/src/moveit2/moveit_common -DCMAKE_INSTALL_PREFIX=/home/matteo-melzer/ws_moveit/install/moveit_common
[1.047s] Invoking command in '/home/matteo-melzer/ws_moveit/build/moveit_common': CMAKE_PREFIX_PATH=${CMAKE_PREFIX_PATH}:/home/matteo-melzer/ros2_ws/install/py_srvcli:/home/matteo-melzer/ros2_ws/install/py_pubsub:/home/matteo-melzer/ws_moveit/install/moveit_configs_utils:/home/matteo-melzer/ws_moveit/install/launch_param_builder:/opt/ros/humble /usr/bin/cmake --build /home/matteo-melzer/ws_moveit/build/moveit_common -- -j2 -l2
[1.149s] Invoked command in '/home/matteo-melzer/ws_moveit/build/moveit_common' returned '0': CMAKE_PREFIX_PATH=${CMAKE_PREFIX_PATH}:/home/matteo-melzer/ros2_ws/install/py_srvcli:/home/matteo-melzer/ros2_ws/install/py_pubsub:/home/matteo-melzer/ws_moveit/install/moveit_configs_utils:/home/matteo-melzer/ws_moveit/install/launch_param_builder:/opt/ros/humble /usr/bin/cmake --build /home/matteo-melzer/ws_moveit/build/moveit_common -- -j2 -l2
[1.174s] Invoking command in '/home/matteo-melzer/ws_moveit/build/moveit_common': CMAKE_PREFIX_PATH=${CMAKE_PREFIX_PATH}:/home/matteo-melzer/ros2_ws/install/py_srvcli:/home/matteo-melzer/ros2_ws/install/py_pubsub:/home/matteo-melzer/ws_moveit/install/moveit_configs_utils:/home/matteo-melzer/ws_moveit/install/launch_param_builder:/opt/ros/humble /usr/bin/cmake --install /home/matteo-melzer/ws_moveit/build/moveit_common
[1.199s] -- Install configuration: ""
[1.199s] -- Installing: /home/matteo-melzer/ws_moveit/install/moveit_common/share/ament_index/resource_index/package_run_dependencies/moveit_common
[1.201s] -- Installing: /home/matteo-melzer/ws_moveit/install/moveit_common/share/ament_index/resource_index/parent_prefix_path/moveit_common
[1.202s] -- Installing: /home/matteo-melzer/ws_moveit/install/moveit_common/share/moveit_common/environment/ament_prefix_path.sh
[1.202s] -- Installing: /home/matteo-melzer/ws_moveit/install/moveit_common/share/moveit_common/environment/ament_prefix_path.dsv
[1.203s] -- Installing: /home/matteo-melzer/ws_moveit/install/moveit_common/share/moveit_common/environment/path.sh
[1.203s] -- Installing: /home/matteo-melzer/ws_moveit/install/moveit_common/share/moveit_common/environment/path.dsv
[1.203s] -- Installing: /home/matteo-melzer/ws_moveit/install/moveit_common/share/moveit_common/local_setup.bash
[1.205s] -- Installing: /home/matteo-melzer/ws_moveit/install/moveit_common/share/moveit_common/local_setup.sh
[1.205s] -- Installing: /home/matteo-melzer/ws_moveit/install/moveit_common/share/moveit_common/local_setup.zsh
[1.206s] -- Installing: /home/matteo-melzer/ws_moveit/install/moveit_common/share/moveit_common/local_setup.dsv
[1.206s] -- Installing: /home/matteo-melzer/ws_moveit/install/moveit_common/share/moveit_common/package.dsv
[1.206s] -- Installing: /home/matteo-melzer/ws_moveit/install/moveit_common/share/ament_index/resource_index/packages/moveit_common
[1.207s] -- Installing: /home/matteo-melzer/ws_moveit/install/moveit_common/share/moveit_common/cmake/moveit_common-extras.cmake
[1.207s] -- Installing: /home/matteo-melzer/ws_moveit/install/moveit_common/share/moveit_common/cmake/moveit_commonConfig.cmake
[1.207s] -- Installing: /home/matteo-melzer/ws_moveit/install/moveit_common/share/moveit_common/cmake/moveit_commonConfig-version.cmake
[1.207s] -- Installing: /home/matteo-melzer/ws_moveit/install/moveit_common/share/moveit_common/package.xml
[1.209s] -- Up-to-date: /home/matteo-melzer/ws_moveit/install/moveit_common/share/moveit_common/cmake
[1.209s] -- Installing: /home/matteo-melzer/ws_moveit/install/moveit_common/share/moveit_common/cmake/moveit_package.cmake
[1.211s] Invoked command in '/home/matteo-melzer/ws_moveit/build/moveit_common' returned '0': CMAKE_PREFIX_PATH=${CMAKE_PREFIX_PATH}:/home/matteo-melzer/ros2_ws/install/py_srvcli:/home/matteo-melzer/ros2_ws/install/py_pubsub:/home/matteo-melzer/ws_moveit/install/moveit_configs_utils:/home/matteo-melzer/ws_moveit/install/launch_param_builder:/opt/ros/humble /usr/bin/cmake --install /home/matteo-melzer/ws_moveit/build/moveit_common
