[0.456s] Invoking command in '/home/matteo-melzer/ws_moveit/build/moveit_ros_visualization': AMENT_PREFIX_PATH=/home/matteo-melzer/ws_moveit/install/moveit_ros_planning_interface:/home/matteo-melzer/ws_moveit/install/moveit_ros_move_group:/home/matteo-melzer/ws_moveit/install/moveit_ros_warehouse:/home/matteo-melzer/ws_moveit/install/moveit_ros_robot_interaction:/home/matteo-melzer/ws_moveit/install/moveit_planners_ompl:/home/matteo-melzer/ws_moveit/install/moveit_kinematics:/home/matteo-melzer/ws_moveit/install/moveit_ros_planning:/home/matteo-melzer/ws_moveit/install/moveit_simple_controller_manager:/home/matteo-melzer/ws_moveit/install/moveit_ros_occupancy_map_monitor:/home/matteo-melzer/ws_moveit/install/moveit_core:/home/matteo-melzer/ws_moveit/install/moveit_configs_utils:/home/matteo-melzer/ws_moveit/install/launch_param_builder:/home/matteo-melzer/ws_moveit/install/ur10e_moveit_launch:/home/matteo-melzer/ws_moveit/install/rosparam_shortcuts:/home/matteo-melzer/ws_moveit/install/moveit_resources:/home/matteo-melzer/ws_moveit/install/rviz_marker_tools:/home/matteo-melzer/ros2_ws/install/ur_description:/home/matteo-melzer/ros2_ws/install/py_srvcli:/home/matteo-melzer/ros2_ws/install/py_pubsub:/home/matteo-melzer/ros2_ws/install/tutorial_interfaces:/home/matteo-melzer/ros2_ws/install/turtlesim:/home/matteo-melzer/ws_moveit/install/ur_description:/home/matteo-melzer/ws_moveit/install/srdfdom:/home/matteo-melzer/ws_moveit/install/moveit_task_constructor_msgs:/home/matteo-melzer/ws_moveit/install/moveit_resources_prbt_support:/home/matteo-melzer/ws_moveit/install/moveit_resources_pr2_description:/home/matteo-melzer/ws_moveit/install/moveit_resources_panda_moveit_config:/home/matteo-melzer/ws_moveit/install/moveit_resources_panda_description:/home/matteo-melzer/ws_moveit/install/moveit_resources_fanuc_moveit_config:/home/matteo-melzer/ws_moveit/install/moveit_resources_fanuc_description:/home/matteo-melzer/ws_moveit/install/moveit_common:/opt/ros/humble CMAKE_PREFIX_PATH=/home/matteo-melzer/ws_moveit/install/moveit_ros_planning_interface:/home/matteo-melzer/ws_moveit/install/moveit_ros_move_group:/home/matteo-melzer/ws_moveit/install/moveit_ros_warehouse:/home/matteo-melzer/ws_moveit/install/moveit_ros_robot_interaction:/home/matteo-melzer/ws_moveit/install/moveit_planners_ompl:/home/matteo-melzer/ws_moveit/install/moveit_kinematics:/home/matteo-melzer/ws_moveit/install/moveit_ros_planning:/home/matteo-melzer/ws_moveit/install/moveit_simple_controller_manager:/home/matteo-melzer/ws_moveit/install/moveit_ros_occupancy_map_monitor:/home/matteo-melzer/ws_moveit/install/moveit_core:/home/matteo-melzer/ws_moveit/install/moveit_resources_panda_moveit_config:/home/matteo-melzer/ws_moveit/install/moveit_resources_fanuc_moveit_config:/home/matteo-melzer/ws_moveit/install/srdfdom:/home/matteo-melzer/ws_moveit/install/moveit_resources_pr2_description:/home/matteo-melzer/ws_moveit/install/moveit_resources_panda_description:/home/matteo-melzer/ws_moveit/install/moveit_resources_fanuc_description:/home/matteo-melzer/ws_moveit/install/moveit_common:/home/matteo-melzer/ws_moveit/install/ur10e_moveit_launch:/home/matteo-melzer/ws_moveit/install/rosparam_shortcuts:/home/matteo-melzer/ws_moveit/install/moveit_resources:/home/matteo-melzer/ws_moveit/install/rviz_marker_tools:/home/matteo-melzer/ros2_ws/install/ur_description:/home/matteo-melzer/ros2_ws/install/tutorial_interfaces:/home/matteo-melzer/ros2_ws/install/turtlesim:/home/matteo-melzer/ws_moveit/install/ur_description:/home/matteo-melzer/ws_moveit/install/moveit_task_constructor_msgs:/home/matteo-melzer/ws_moveit/install/moveit_resources_prbt_support:/home/matteo-melzer/ros2_ws/install/py_srvcli:/home/matteo-melzer/ros2_ws/install/py_pubsub:/home/matteo-melzer/ws_moveit/install/moveit_configs_utils:/home/matteo-melzer/ws_moveit/install/launch_param_builder:/opt/ros/humble LD_LIBRARY_PATH=/home/matteo-melzer/ws_moveit/install/moveit_ros_planning_interface/lib:/home/matteo-melzer/ws_moveit/install/moveit_ros_move_group/lib:/home/matteo-melzer/ws_moveit/install/moveit_ros_warehouse/lib:/home/matteo-melzer/ws_moveit/install/moveit_ros_robot_interaction/lib:/home/matteo-melzer/ws_moveit/install/moveit_planners_ompl/lib:/home/matteo-melzer/ws_moveit/install/moveit_kinematics/lib:/home/matteo-melzer/ws_moveit/install/moveit_ros_planning/lib:/home/matteo-melzer/ws_moveit/install/moveit_simple_controller_manager/lib:/home/matteo-melzer/ws_moveit/install/moveit_ros_occupancy_map_monitor/lib:/home/matteo-melzer/ws_moveit/install/moveit_core/lib:/home/matteo-melzer/ws_moveit/install/srdfdom/lib:/home/matteo-melzer/ws_moveit/install/rosparam_shortcuts/lib:/home/matteo-melzer/ws_moveit/install/rviz_marker_tools/lib:/home/matteo-melzer/ros2_ws/install/tutorial_interfaces/lib:/home/matteo-melzer/ros2_ws/install/turtlesim/lib:/home/matteo-melzer/ws_moveit/install/moveit_task_constructor_msgs/lib:/opt/ros/humble/opt/rviz_ogre_vendor/lib:/opt/ros/humble/lib/x86_64-linux-gnu:/opt/ros/humble/lib PATH=/home/matteo-melzer/ws_moveit/install/moveit_core/bin:${PATH} PYTHONPATH=/home/matteo-melzer/ws_moveit/install/moveit_configs_utils/lib/python3.10/site-packages:/home/matteo-melzer/ws_moveit/install/launch_param_builder/lib/python3.10/site-packages:/home/matteo-melzer/ros2_ws/install/py_srvcli/lib/python3.10/site-packages:/home/matteo-melzer/ros2_ws/install/py_pubsub/lib/python3.10/site-packages:/home/matteo-melzer/ros2_ws/install/tutorial_interfaces/local/lib/python3.10/dist-packages:/home/matteo-melzer/ros2_ws/install/turtlesim/local/lib/python3.10/dist-packages:/home/matteo-melzer/ws_moveit/install/srdfdom/local/lib/python3.10/dist-packages:/home/matteo-melzer/ws_moveit/install/moveit_task_constructor_msgs/local/lib/python3.10/dist-packages:/opt/ros/humble/lib/python3.10/site-packages:/opt/ros/humble/local/lib/python3.10/dist-packages /usr/bin/cmake /home/matteo-melzer/ws_moveit/src/moveit2/moveit_ros/visualization -DCMAKE_INSTALL_PREFIX=/home/matteo-melzer/ws_moveit/install/moveit_ros_visualization
[0.672s] -- The C compiler identification is GNU 11.4.0
[0.829s] -- The CXX compiler identification is GNU 11.4.0
[0.840s] -- Detecting C compiler ABI info
[0.928s] -- Detecting C compiler ABI info - done
[0.933s] -- Check for working C compiler: /usr/bin/cc - skipped
[0.934s] -- Detecting C compile features
[0.934s] -- Detecting C compile features - done
[0.938s] -- Detecting CXX compiler ABI info
[1.044s] -- Detecting CXX compiler ABI info - done
[1.049s] -- Check for working CXX compiler: /usr/bin/c++ - skipped
[1.050s] -- Detecting CXX compile features
[1.050s] -- Detecting CXX compile features - done
[1.054s] -- Found moveit_common: 2.5.9 (/home/matteo-melzer/ws_moveit/install/moveit_common/share/moveit_common/cmake)
[1.071s] -- Found ament_cmake: 1.3.11 (/opt/ros/humble/share/ament_cmake/cmake)
[1.373s] -- Found Python3: /usr/bin/python3 (found version "3.10.12") found components: Interpreter 
[1.833s] [0mmoveit_ros_visualization: You did not request a specific build type: Choosing 'Release' for maximum performance[0m
[1.840s] -- Found class_loader: 2.2.0 (/opt/ros/humble/share/class_loader/cmake)
[1.931s] -- Found geometric_shapes: 2.3.2 (/opt/ros/humble/share/geometric_shapes/cmake)
[1.990s] -- Found Boost: /usr/lib/x86_64-linux-gnu/cmake/Boost-1.74.0/BoostConfig.cmake (found version "1.74.0") found components: filesystem 
[2.232s] -- Found rosidl_generator_c: 3.1.6 (/opt/ros/humble/share/rosidl_generator_c/cmake)
[2.250s] -- Found rosidl_adapter: 3.1.6 (/opt/ros/humble/share/rosidl_adapter/cmake)
[2.281s] -- Found rosidl_generator_cpp: 3.1.6 (/opt/ros/humble/share/rosidl_generator_cpp/cmake)
[2.328s] -- Using all available rosidl_typesupport_c: rosidl_typesupport_fastrtps_c;rosidl_typesupport_introspection_c
[2.353s] -- Using all available rosidl_typesupport_cpp: rosidl_typesupport_fastrtps_cpp;rosidl_typesupport_introspection_cpp
[2.607s] -- Found rmw_implementation_cmake: 6.1.2 (/opt/ros/humble/share/rmw_implementation_cmake/cmake)
[2.622s] -- Found rmw_fastrtps_cpp: 6.2.7 (/opt/ros/humble/share/rmw_fastrtps_cpp/cmake)
[2.827s] -- Found OpenSSL: /usr/lib/x86_64-linux-gnu/libcrypto.so (found version "3.0.2")  
[2.881s] -- Found FastRTPS: /opt/ros/humble/include  
[2.977s] -- Using RMW implementation 'rmw_fastrtps_cpp' as default
[3.009s] -- Looking for pthread.h
[3.220s] -- Looking for pthread.h - found
[3.220s] -- Performing Test CMAKE_HAVE_LIBC_PTHREAD
[3.355s] -- Performing Test CMAKE_HAVE_LIBC_PTHREAD - Success
[3.355s] -- Found Threads: TRUE  
[3.572s] -- library: /usr/lib/x86_64-linux-gnu/libcurl.so
[3.666s] -- Found interactive_markers: 2.3.2 (/opt/ros/humble/share/interactive_markers/cmake)
[3.687s] -- Found moveit_ros_planning: 2.5.9 (/home/matteo-melzer/ws_moveit/install/moveit_ros_planning/share/moveit_ros_planning/cmake)
[3.745s] -- Found Boost: /usr/lib/x86_64-linux-gnu/cmake/Boost-1.74.0/BoostConfig.cmake (found version "1.74.0") found components: system filesystem date_time program_options thread chrono 
[4.041s] -- Found Boost: /usr/lib/x86_64-linux-gnu/cmake/Boost-1.74.0/BoostConfig.cmake (found version "1.74.0") found components: chrono date_time filesystem iostreams program_options regex serialization system thread 
[4.104s] -- Found parameter_traits: 0.5.0 (/opt/ros/humble/share/parameter_traits/cmake)
[4.133s] -- Found rclcpp_lifecycle: 16.0.12 (/opt/ros/humble/share/rclcpp_lifecycle/cmake)
[4.194s] -- Found Eigen3: TRUE (found version "3.4.0") 
[4.194s] -- Ensuring Eigen3 include directory is part of orocos-kdl CMake target
[4.405s] -- Found moveit_ros_planning_interface: 2.5.9 (/home/matteo-melzer/ws_moveit/install/moveit_ros_planning_interface/share/moveit_ros_planning_interface/cmake)
[4.413s] -- Found Boost: /usr/lib/x86_64-linux-gnu/cmake/Boost-1.74.0/BoostConfig.cmake (found version "1.74.0") found components: date_time filesystem program_options system thread 
[4.437s] -- Found Boost: /usr/lib/x86_64-linux-gnu/cmake/Boost-1.74.0/BoostConfig.cmake (found version "1.74.0") found components: thread system filesystem regex date_time program_options 
[4.475s] -- Found Boost: /usr/lib/x86_64-linux-gnu/cmake/Boost-1.74.0/BoostConfig.cmake (found version "1.74.0") found components: system filesystem date_time program_options thread 
[4.517s] -- Found moveit_ros_robot_interaction: 2.5.9 (/home/matteo-melzer/ws_moveit/install/moveit_ros_robot_interaction/share/moveit_ros_robot_interaction/cmake)
[4.534s] -- Found rclpy: 3.3.16 (/opt/ros/humble/share/rclpy/cmake)
[4.540s] -- Found rviz2: 11.2.17 (/opt/ros/humble/share/rviz2/cmake)
[4.553s] -- Found rviz_common: 11.2.17 (/opt/ros/humble/share/rviz_common/cmake)
[4.643s] -- Setting assimp_DIR to: '/opt/ros/humble/share/rviz_assimp_vendor/cmake/../../../opt/rviz_assimp_vendor/lib/cmake/assimp-4.1'
[4.682s] -- Setting OGRE_DIR to: '/opt/ros/humble/share/rviz_ogre_vendor/cmake/../../../opt/rviz_ogre_vendor/lib/OGRE/cmake'
[4.689s] -- Found OGRE
[4.690s] --   static     : OFF
[4.690s] --   components : HLMS;MeshLodGenerator;Overlay;Paging;Property;RTShaderSystem;Terrain;Volume
[4.690s] --   plugins    : Plugin_BSPSceneManager;Plugin_OctreeSceneManager;Plugin_PCZSceneManager;Plugin_ParticleFX;RenderSystem_GL;RenderSystem_GL3Plus;Codec_STBI
[4.690s] --   media      : /opt/ros/humble/opt/rviz_ogre_vendor/share/OGRE/Media
[4.690s] -- OGRE_LIBRARIES: OgreHLMS;OgreMeshLodGenerator;OgreOverlay;OgrePaging;OgreProperty;OgreRTShaderSystem;OgreTerrain;OgreVolume;OgreMain
[4.690s] -- OGRE_LIBRARY_DIRS: /opt/ros/humble/opt/rviz_ogre_vendor/lib
[4.690s] -- OGRE_PLUGINS: Plugin_BSPSceneManager;Plugin_OctreeSceneManager;Plugin_PCZSceneManager;Plugin_ParticleFX;RenderSystem_GL;RenderSystem_GL3Plus;Codec_STBI
[4.690s] -- OGRE_PLUGIN_DIR: /opt/ros/humble/opt/rviz_ogre_vendor/lib/OGRE
[4.691s] -- rviz_ogre_vendor::OgreOverlay for IMPORTED_LOCATION_RELEASE: /opt/ros/humble/opt/rviz_ogre_vendor/lib/libOgreOverlay.so
[4.691s] -- rviz_ogre_vendor::OgreOverlay for IMPORTED_LOCATION_DEBUG: /opt/ros/humble/opt/rviz_ogre_vendor/lib/libOgreOverlay.so
[4.691s] -- rviz_ogre_vendor::OgreMain for IMPORTED_LOCATION_RELEASE: /opt/ros/humble/opt/rviz_ogre_vendor/lib/libOgreMain.so
[4.691s] -- rviz_ogre_vendor::OgreMain for IMPORTED_LOCATION_DEBUG: /opt/ros/humble/opt/rviz_ogre_vendor/lib/libOgreMain.so
[4.695s] -- Could not find freeimage library
[4.727s] -- Found ZLIB: /usr/lib/x86_64-linux-gnu/libz.so (found version "1.2.11") 
[4.738s] -- Found OpenGL: /usr/lib/x86_64-linux-gnu/libOpenGL.so   
[4.892s] -- Found X11: /usr/include   
[4.894s] -- Looking for XOpenDisplay in /usr/lib/x86_64-linux-gnu/libX11.so;/usr/lib/x86_64-linux-gnu/libXext.so
[5.026s] -- Looking for XOpenDisplay in /usr/lib/x86_64-linux-gnu/libX11.so;/usr/lib/x86_64-linux-gnu/libXext.so - found
[5.029s] -- Looking for gethostbyname
[5.144s] -- Looking for gethostbyname - found
[5.145s] -- Looking for connect
[5.311s] -- Looking for connect - found
[5.313s] -- Looking for remove
[5.510s] -- Looking for remove - found
[5.510s] -- Looking for shmat
[5.670s] -- Looking for shmat - found
[5.671s] -- Looking for IceConnectionNumber in ICE
[5.808s] -- Looking for IceConnectionNumber in ICE - found
[5.853s] -- Found rviz_default_plugins: 11.2.17 (/opt/ros/humble/share/rviz_default_plugins/cmake)
[6.014s] -- Found Boost: /usr/lib/x86_64-linux-gnu/cmake/Boost-1.74.0/BoostConfig.cmake (found version "1.74.0") found components: thread date_time system filesystem 
[6.083s] -- Performing Test COMPILER_HAS_HIDDEN_VISIBILITY
[6.359s] -- Performing Test COMPILER_HAS_HIDDEN_VISIBILITY - Success
[6.363s] -- Performing Test COMPILER_HAS_HIDDEN_INLINE_VISIBILITY
[6.676s] -- Performing Test COMPILER_HAS_HIDDEN_INLINE_VISIBILITY - Success
[6.683s] -- Performing Test COMPILER_HAS_DEPRECATED_ATTR
[6.824s] -- Performing Test COMPILER_HAS_DEPRECATED_ATTR - Success
[6.873s] -- Found ament_lint_auto: 0.12.12 (/opt/ros/humble/share/ament_lint_auto/cmake)
[6.955s] -- Added test 'cppcheck' to perform static code analysis on C / C++ code
[6.956s] -- Configured cppcheck include dirs: /home/matteo-melzer/ws_moveit/src/moveit2/moveit_ros/visualization/rviz_plugin_render_tools/include;/home/matteo-melzer/ws_moveit/src/moveit2/moveit_ros/visualization/robot_state_rviz_plugin/include;/home/matteo-melzer/ws_moveit/src/moveit2/moveit_ros/visualization/planning_scene_rviz_plugin/include;/home/matteo-melzer/ws_moveit/src/moveit2/moveit_ros/visualization/motion_planning_rviz_plugin/include;/home/matteo-melzer/ws_moveit/src/moveit2/moveit_ros/visualization/trajectory_rviz_plugin/include
[6.956s] -- Configured cppcheck exclude dirs and/or files: 
[6.964s] -- Added test 'lint_cmake' to check CMake code style
[6.970s] -- Added test 'pep257' to check Python code against some of the docstring style conventions in PEP 257
[6.973s] -- Added test 'xmllint' to check XML markup files
[6.984s] -- Configuring done
[7.733s] -- Generating done
[7.836s] -- Build files have been written to: /home/matteo-melzer/ws_moveit/build/moveit_ros_visualization
[7.892s] Invoked command in '/home/matteo-melzer/ws_moveit/build/moveit_ros_visualization' returned '0': AMENT_PREFIX_PATH=/home/matteo-melzer/ws_moveit/install/moveit_ros_planning_interface:/home/matteo-melzer/ws_moveit/install/moveit_ros_move_group:/home/matteo-melzer/ws_moveit/install/moveit_ros_warehouse:/home/matteo-melzer/ws_moveit/install/moveit_ros_robot_interaction:/home/matteo-melzer/ws_moveit/install/moveit_planners_ompl:/home/matteo-melzer/ws_moveit/install/moveit_kinematics:/home/matteo-melzer/ws_moveit/install/moveit_ros_planning:/home/matteo-melzer/ws_moveit/install/moveit_simple_controller_manager:/home/matteo-melzer/ws_moveit/install/moveit_ros_occupancy_map_monitor:/home/matteo-melzer/ws_moveit/install/moveit_core:/home/matteo-melzer/ws_moveit/install/moveit_configs_utils:/home/matteo-melzer/ws_moveit/install/launch_param_builder:/home/matteo-melzer/ws_moveit/install/ur10e_moveit_launch:/home/matteo-melzer/ws_moveit/install/rosparam_shortcuts:/home/matteo-melzer/ws_moveit/install/moveit_resources:/home/matteo-melzer/ws_moveit/install/rviz_marker_tools:/home/matteo-melzer/ros2_ws/install/ur_description:/home/matteo-melzer/ros2_ws/install/py_srvcli:/home/matteo-melzer/ros2_ws/install/py_pubsub:/home/matteo-melzer/ros2_ws/install/tutorial_interfaces:/home/matteo-melzer/ros2_ws/install/turtlesim:/home/matteo-melzer/ws_moveit/install/ur_description:/home/matteo-melzer/ws_moveit/install/srdfdom:/home/matteo-melzer/ws_moveit/install/moveit_task_constructor_msgs:/home/matteo-melzer/ws_moveit/install/moveit_resources_prbt_support:/home/matteo-melzer/ws_moveit/install/moveit_resources_pr2_description:/home/matteo-melzer/ws_moveit/install/moveit_resources_panda_moveit_config:/home/matteo-melzer/ws_moveit/install/moveit_resources_panda_description:/home/matteo-melzer/ws_moveit/install/moveit_resources_fanuc_moveit_config:/home/matteo-melzer/ws_moveit/install/moveit_resources_fanuc_description:/home/matteo-melzer/ws_moveit/install/moveit_common:/opt/ros/humble CMAKE_PREFIX_PATH=/home/matteo-melzer/ws_moveit/install/moveit_ros_planning_interface:/home/matteo-melzer/ws_moveit/install/moveit_ros_move_group:/home/matteo-melzer/ws_moveit/install/moveit_ros_warehouse:/home/matteo-melzer/ws_moveit/install/moveit_ros_robot_interaction:/home/matteo-melzer/ws_moveit/install/moveit_planners_ompl:/home/matteo-melzer/ws_moveit/install/moveit_kinematics:/home/matteo-melzer/ws_moveit/install/moveit_ros_planning:/home/matteo-melzer/ws_moveit/install/moveit_simple_controller_manager:/home/matteo-melzer/ws_moveit/install/moveit_ros_occupancy_map_monitor:/home/matteo-melzer/ws_moveit/install/moveit_core:/home/matteo-melzer/ws_moveit/install/moveit_resources_panda_moveit_config:/home/matteo-melzer/ws_moveit/install/moveit_resources_fanuc_moveit_config:/home/matteo-melzer/ws_moveit/install/srdfdom:/home/matteo-melzer/ws_moveit/install/moveit_resources_pr2_description:/home/matteo-melzer/ws_moveit/install/moveit_resources_panda_description:/home/matteo-melzer/ws_moveit/install/moveit_resources_fanuc_description:/home/matteo-melzer/ws_moveit/install/moveit_common:/home/matteo-melzer/ws_moveit/install/ur10e_moveit_launch:/home/matteo-melzer/ws_moveit/install/rosparam_shortcuts:/home/matteo-melzer/ws_moveit/install/moveit_resources:/home/matteo-melzer/ws_moveit/install/rviz_marker_tools:/home/matteo-melzer/ros2_ws/install/ur_description:/home/matteo-melzer/ros2_ws/install/tutorial_interfaces:/home/matteo-melzer/ros2_ws/install/turtlesim:/home/matteo-melzer/ws_moveit/install/ur_description:/home/matteo-melzer/ws_moveit/install/moveit_task_constructor_msgs:/home/matteo-melzer/ws_moveit/install/moveit_resources_prbt_support:/home/matteo-melzer/ros2_ws/install/py_srvcli:/home/matteo-melzer/ros2_ws/install/py_pubsub:/home/matteo-melzer/ws_moveit/install/moveit_configs_utils:/home/matteo-melzer/ws_moveit/install/launch_param_builder:/opt/ros/humble LD_LIBRARY_PATH=/home/matteo-melzer/ws_moveit/install/moveit_ros_planning_interface/lib:/home/matteo-melzer/ws_moveit/install/moveit_ros_move_group/lib:/home/matteo-melzer/ws_moveit/install/moveit_ros_warehouse/lib:/home/matteo-melzer/ws_moveit/install/moveit_ros_robot_interaction/lib:/home/matteo-melzer/ws_moveit/install/moveit_planners_ompl/lib:/home/matteo-melzer/ws_moveit/install/moveit_kinematics/lib:/home/matteo-melzer/ws_moveit/install/moveit_ros_planning/lib:/home/matteo-melzer/ws_moveit/install/moveit_simple_controller_manager/lib:/home/matteo-melzer/ws_moveit/install/moveit_ros_occupancy_map_monitor/lib:/home/matteo-melzer/ws_moveit/install/moveit_core/lib:/home/matteo-melzer/ws_moveit/install/srdfdom/lib:/home/matteo-melzer/ws_moveit/install/rosparam_shortcuts/lib:/home/matteo-melzer/ws_moveit/install/rviz_marker_tools/lib:/home/matteo-melzer/ros2_ws/install/tutorial_interfaces/lib:/home/matteo-melzer/ros2_ws/install/turtlesim/lib:/home/matteo-melzer/ws_moveit/install/moveit_task_constructor_msgs/lib:/opt/ros/humble/opt/rviz_ogre_vendor/lib:/opt/ros/humble/lib/x86_64-linux-gnu:/opt/ros/humble/lib PATH=/home/matteo-melzer/ws_moveit/install/moveit_core/bin:${PATH} PYTHONPATH=/home/matteo-melzer/ws_moveit/install/moveit_configs_utils/lib/python3.10/site-packages:/home/matteo-melzer/ws_moveit/install/launch_param_builder/lib/python3.10/site-packages:/home/matteo-melzer/ros2_ws/install/py_srvcli/lib/python3.10/site-packages:/home/matteo-melzer/ros2_ws/install/py_pubsub/lib/python3.10/site-packages:/home/matteo-melzer/ros2_ws/install/tutorial_interfaces/local/lib/python3.10/dist-packages:/home/matteo-melzer/ros2_ws/install/turtlesim/local/lib/python3.10/dist-packages:/home/matteo-melzer/ws_moveit/install/srdfdom/local/lib/python3.10/dist-packages:/home/matteo-melzer/ws_moveit/install/moveit_task_constructor_msgs/local/lib/python3.10/dist-packages:/opt/ros/humble/lib/python3.10/site-packages:/opt/ros/humble/local/lib/python3.10/dist-packages /usr/bin/cmake /home/matteo-melzer/ws_moveit/src/moveit2/moveit_ros/visualization -DCMAKE_INSTALL_PREFIX=/home/matteo-melzer/ws_moveit/install/moveit_ros_visualization
[7.902s] Invoking command in '/home/matteo-melzer/ws_moveit/build/moveit_ros_visualization': AMENT_PREFIX_PATH=/home/matteo-melzer/ws_moveit/install/moveit_ros_planning_interface:/home/matteo-melzer/ws_moveit/install/moveit_ros_move_group:/home/matteo-melzer/ws_moveit/install/moveit_ros_warehouse:/home/matteo-melzer/ws_moveit/install/moveit_ros_robot_interaction:/home/matteo-melzer/ws_moveit/install/moveit_planners_ompl:/home/matteo-melzer/ws_moveit/install/moveit_kinematics:/home/matteo-melzer/ws_moveit/install/moveit_ros_planning:/home/matteo-melzer/ws_moveit/install/moveit_simple_controller_manager:/home/matteo-melzer/ws_moveit/install/moveit_ros_occupancy_map_monitor:/home/matteo-melzer/ws_moveit/install/moveit_core:/home/matteo-melzer/ws_moveit/install/moveit_configs_utils:/home/matteo-melzer/ws_moveit/install/launch_param_builder:/home/matteo-melzer/ws_moveit/install/ur10e_moveit_launch:/home/matteo-melzer/ws_moveit/install/rosparam_shortcuts:/home/matteo-melzer/ws_moveit/install/moveit_resources:/home/matteo-melzer/ws_moveit/install/rviz_marker_tools:/home/matteo-melzer/ros2_ws/install/ur_description:/home/matteo-melzer/ros2_ws/install/py_srvcli:/home/matteo-melzer/ros2_ws/install/py_pubsub:/home/matteo-melzer/ros2_ws/install/tutorial_interfaces:/home/matteo-melzer/ros2_ws/install/turtlesim:/home/matteo-melzer/ws_moveit/install/ur_description:/home/matteo-melzer/ws_moveit/install/srdfdom:/home/matteo-melzer/ws_moveit/install/moveit_task_constructor_msgs:/home/matteo-melzer/ws_moveit/install/moveit_resources_prbt_support:/home/matteo-melzer/ws_moveit/install/moveit_resources_pr2_description:/home/matteo-melzer/ws_moveit/install/moveit_resources_panda_moveit_config:/home/matteo-melzer/ws_moveit/install/moveit_resources_panda_description:/home/matteo-melzer/ws_moveit/install/moveit_resources_fanuc_moveit_config:/home/matteo-melzer/ws_moveit/install/moveit_resources_fanuc_description:/home/matteo-melzer/ws_moveit/install/moveit_common:/opt/ros/humble CMAKE_PREFIX_PATH=/home/matteo-melzer/ws_moveit/install/moveit_ros_planning_interface:/home/matteo-melzer/ws_moveit/install/moveit_ros_move_group:/home/matteo-melzer/ws_moveit/install/moveit_ros_warehouse:/home/matteo-melzer/ws_moveit/install/moveit_ros_robot_interaction:/home/matteo-melzer/ws_moveit/install/moveit_planners_ompl:/home/matteo-melzer/ws_moveit/install/moveit_kinematics:/home/matteo-melzer/ws_moveit/install/moveit_ros_planning:/home/matteo-melzer/ws_moveit/install/moveit_simple_controller_manager:/home/matteo-melzer/ws_moveit/install/moveit_ros_occupancy_map_monitor:/home/matteo-melzer/ws_moveit/install/moveit_core:/home/matteo-melzer/ws_moveit/install/moveit_resources_panda_moveit_config:/home/matteo-melzer/ws_moveit/install/moveit_resources_fanuc_moveit_config:/home/matteo-melzer/ws_moveit/install/srdfdom:/home/matteo-melzer/ws_moveit/install/moveit_resources_pr2_description:/home/matteo-melzer/ws_moveit/install/moveit_resources_panda_description:/home/matteo-melzer/ws_moveit/install/moveit_resources_fanuc_description:/home/matteo-melzer/ws_moveit/install/moveit_common:/home/matteo-melzer/ws_moveit/install/ur10e_moveit_launch:/home/matteo-melzer/ws_moveit/install/rosparam_shortcuts:/home/matteo-melzer/ws_moveit/install/moveit_resources:/home/matteo-melzer/ws_moveit/install/rviz_marker_tools:/home/matteo-melzer/ros2_ws/install/ur_description:/home/matteo-melzer/ros2_ws/install/tutorial_interfaces:/home/matteo-melzer/ros2_ws/install/turtlesim:/home/matteo-melzer/ws_moveit/install/ur_description:/home/matteo-melzer/ws_moveit/install/moveit_task_constructor_msgs:/home/matteo-melzer/ws_moveit/install/moveit_resources_prbt_support:/home/matteo-melzer/ros2_ws/install/py_srvcli:/home/matteo-melzer/ros2_ws/install/py_pubsub:/home/matteo-melzer/ws_moveit/install/moveit_configs_utils:/home/matteo-melzer/ws_moveit/install/launch_param_builder:/opt/ros/humble LD_LIBRARY_PATH=/home/matteo-melzer/ws_moveit/install/moveit_ros_planning_interface/lib:/home/matteo-melzer/ws_moveit/install/moveit_ros_move_group/lib:/home/matteo-melzer/ws_moveit/install/moveit_ros_warehouse/lib:/home/matteo-melzer/ws_moveit/install/moveit_ros_robot_interaction/lib:/home/matteo-melzer/ws_moveit/install/moveit_planners_ompl/lib:/home/matteo-melzer/ws_moveit/install/moveit_kinematics/lib:/home/matteo-melzer/ws_moveit/install/moveit_ros_planning/lib:/home/matteo-melzer/ws_moveit/install/moveit_simple_controller_manager/lib:/home/matteo-melzer/ws_moveit/install/moveit_ros_occupancy_map_monitor/lib:/home/matteo-melzer/ws_moveit/install/moveit_core/lib:/home/matteo-melzer/ws_moveit/install/srdfdom/lib:/home/matteo-melzer/ws_moveit/install/rosparam_shortcuts/lib:/home/matteo-melzer/ws_moveit/install/rviz_marker_tools/lib:/home/matteo-melzer/ros2_ws/install/tutorial_interfaces/lib:/home/matteo-melzer/ros2_ws/install/turtlesim/lib:/home/matteo-melzer/ws_moveit/install/moveit_task_constructor_msgs/lib:/opt/ros/humble/opt/rviz_ogre_vendor/lib:/opt/ros/humble/lib/x86_64-linux-gnu:/opt/ros/humble/lib PATH=/home/matteo-melzer/ws_moveit/install/moveit_core/bin:${PATH} PYTHONPATH=/home/matteo-melzer/ws_moveit/install/moveit_configs_utils/lib/python3.10/site-packages:/home/matteo-melzer/ws_moveit/install/launch_param_builder/lib/python3.10/site-packages:/home/matteo-melzer/ros2_ws/install/py_srvcli/lib/python3.10/site-packages:/home/matteo-melzer/ros2_ws/install/py_pubsub/lib/python3.10/site-packages:/home/matteo-melzer/ros2_ws/install/tutorial_interfaces/local/lib/python3.10/dist-packages:/home/matteo-melzer/ros2_ws/install/turtlesim/local/lib/python3.10/dist-packages:/home/matteo-melzer/ws_moveit/install/srdfdom/local/lib/python3.10/dist-packages:/home/matteo-melzer/ws_moveit/install/moveit_task_constructor_msgs/local/lib/python3.10/dist-packages:/opt/ros/humble/lib/python3.10/site-packages:/opt/ros/humble/local/lib/python3.10/dist-packages /usr/bin/cmake --build /home/matteo-melzer/ws_moveit/build/moveit_ros_visualization -- -j2 -l2
[8.049s] [  1%] [34m[1mAutomatic MOC for target moveit_rviz_plugin_render_tools[0m
[9.018s] [  1%] Built target moveit_rviz_plugin_render_tools_autogen
[9.107s] [  3%] [32mBuilding CXX object rviz_plugin_render_tools/CMakeFiles/moveit_rviz_plugin_render_tools.dir/moveit_rviz_plugin_render_tools_autogen/mocs_compilation.cpp.o[0m
[33.273s] [  5%] [32mBuilding CXX object rviz_plugin_render_tools/CMakeFiles/moveit_rviz_plugin_render_tools.dir/src/render_shapes.cpp.o[0m
[44.132s] [  6%] [32mBuilding CXX object rviz_plugin_render_tools/CMakeFiles/moveit_rviz_plugin_render_tools.dir/src/robot_state_visualization.cpp.o[0m
[53.610s] [  8%] [32mBuilding CXX object rviz_plugin_render_tools/CMakeFiles/moveit_rviz_plugin_render_tools.dir/src/planning_scene_render.cpp.o[0m
[67.892s] [ 10%] [32mBuilding CXX object rviz_plugin_render_tools/CMakeFiles/moveit_rviz_plugin_render_tools.dir/src/planning_link_updater.cpp.o[0m
[74.976s] [ 12%] [32mBuilding CXX object rviz_plugin_render_tools/CMakeFiles/moveit_rviz_plugin_render_tools.dir/src/octomap_render.cpp.o[0m
[78.266s] [ 13%] [32mBuilding CXX object rviz_plugin_render_tools/CMakeFiles/moveit_rviz_plugin_render_tools.dir/src/trajectory_visualization.cpp.o[0m
[103.636s] [ 15%] [32mBuilding CXX object rviz_plugin_render_tools/CMakeFiles/moveit_rviz_plugin_render_tools.dir/src/trajectory_panel.cpp.o[0m
[108.431s] [ 17%] [32mBuilding CXX object rviz_plugin_render_tools/CMakeFiles/moveit_rviz_plugin_render_tools.dir/src/mesh_shape.cpp.o[0m
[110.834s] [ 18%] [32m[1mLinking CXX shared library libmoveit_rviz_plugin_render_tools.so[0m
[114.011s] [ 18%] Built target moveit_rviz_plugin_render_tools
[114.046s] [ 20%] [34m[1mAutomatic MOC for target moveit_robot_state_rviz_plugin_core[0m
[114.400s] [ 20%] Built target moveit_robot_state_rviz_plugin_core_autogen
[114.438s] [ 22%] [34m[1mAutomatic MOC for target moveit_planning_scene_rviz_plugin_core[0m
[115.049s] [ 22%] Built target moveit_planning_scene_rviz_plugin_core_autogen
[115.088s] [ 24%] [32mBuilding CXX object robot_state_rviz_plugin/CMakeFiles/moveit_robot_state_rviz_plugin_core.dir/moveit_robot_state_rviz_plugin_core_autogen/mocs_compilation.cpp.o[0m
[128.420s] [ 25%] [32mBuilding CXX object robot_state_rviz_plugin/CMakeFiles/moveit_robot_state_rviz_plugin_core.dir/src/robot_state_display.cpp.o[0m
[147.317s] [ 27%] [32m[1mLinking CXX shared library libmoveit_robot_state_rviz_plugin_core.so[0m
[150.279s] [ 27%] Built target moveit_robot_state_rviz_plugin_core
[150.317s] [ 29%] [32mBuilding CXX object planning_scene_rviz_plugin/CMakeFiles/moveit_planning_scene_rviz_plugin_core.dir/moveit_planning_scene_rviz_plugin_core_autogen/mocs_compilation.cpp.o[0m
[163.352s] [ 31%] [32mBuilding CXX object planning_scene_rviz_plugin/CMakeFiles/moveit_planning_scene_rviz_plugin_core.dir/src/planning_scene_display.cpp.o[0m
[180.056s] [ 32%] [32mBuilding CXX object planning_scene_rviz_plugin/CMakeFiles/moveit_planning_scene_rviz_plugin_core.dir/src/background_processing.cpp.o[0m
[181.296s] [ 34%] [32m[1mLinking CXX shared library libmoveit_planning_scene_rviz_plugin_core.so[0m
[185.178s] [ 34%] Built target moveit_planning_scene_rviz_plugin_core
[185.211s] [ 36%] [34m[1mAutomatic MOC for target moveit_robot_state_rviz_plugin[0m
[185.265s] [ 36%] Built target moveit_robot_state_rviz_plugin_autogen
[185.300s] [ 37%] [34m[1mAutomatic MOC for target moveit_planning_scene_rviz_plugin[0m
[185.349s] [ 37%] Built target moveit_planning_scene_rviz_plugin_autogen
[185.382s] [ 39%] [34m[1mAutomatic MOC for target moveit_trajectory_rviz_plugin_core[0m
[186.195s] [ 39%] Built target moveit_trajectory_rviz_plugin_core_autogen
[186.238s] [ 41%] [32mBuilding CXX object robot_state_rviz_plugin/CMakeFiles/moveit_robot_state_rviz_plugin.dir/moveit_robot_state_rviz_plugin_autogen/mocs_compilation.cpp.o[0m
[186.284s] [ 43%] [32mBuilding CXX object robot_state_rviz_plugin/CMakeFiles/moveit_robot_state_rviz_plugin.dir/src/plugin_init.cpp.o[0m
[203.176s] [ 44%] [32m[1mLinking CXX shared library libmoveit_robot_state_rviz_plugin.so[0m
[203.814s] [ 44%] Built target moveit_robot_state_rviz_plugin
[203.846s] [ 46%] [32mBuilding CXX object planning_scene_rviz_plugin/CMakeFiles/moveit_planning_scene_rviz_plugin.dir/moveit_planning_scene_rviz_plugin_autogen/mocs_compilation.cpp.o[0m
[203.876s] [ 48%] [32mBuilding CXX object planning_scene_rviz_plugin/CMakeFiles/moveit_planning_scene_rviz_plugin.dir/src/plugin_init.cpp.o[0m
[218.350s] [ 50%] [32m[1mLinking CXX shared library libmoveit_planning_scene_rviz_plugin.so[0m
[219.500s] [ 50%] Built target moveit_planning_scene_rviz_plugin
[219.546s] [ 51%] [32mBuilding CXX object trajectory_rviz_plugin/CMakeFiles/moveit_trajectory_rviz_plugin_core.dir/moveit_trajectory_rviz_plugin_core_autogen/mocs_compilation.cpp.o[0m
[229.931s] [ 53%] [32mBuilding CXX object trajectory_rviz_plugin/CMakeFiles/moveit_trajectory_rviz_plugin_core.dir/src/trajectory_display.cpp.o[0m
[240.873s] [ 55%] [32m[1mLinking CXX shared library libmoveit_trajectory_rviz_plugin_core.so[0m
[241.474s] [ 55%] Built target moveit_trajectory_rviz_plugin_core
[241.502s] [ 56%] [34m[1mAutomatic MOC for target moveit_motion_planning_rviz_plugin_core[0m
[243.530s] [ 56%] Built target moveit_motion_planning_rviz_plugin_core_autogen
[243.566s] [ 58%] [34m[1mAutomatic MOC for target moveit_trajectory_rviz_plugin[0m
[243.635s] [ 58%] Built target moveit_trajectory_rviz_plugin_autogen
[243.679s] [ 60%] [34m[1mGenerating ui_motion_planning_rviz_plugin_frame_joints.h[0m
[243.833s] [ 62%] [34m[1mAutomatic RCC for src/icons/icons.qrc[0m
[243.899s] [ 63%] [34m[1mGenerating ui_motion_planning_rviz_plugin_frame.h[0m
[244.000s] [ 65%] [32mBuilding CXX object motion_planning_rviz_plugin/CMakeFiles/moveit_motion_planning_rviz_plugin_core.dir/moveit_motion_planning_rviz_plugin_core_autogen/mocs_compilation.cpp.o[0m
[265.106s] [ 67%] [32mBuilding CXX object motion_planning_rviz_plugin/CMakeFiles/moveit_motion_planning_rviz_plugin_core.dir/src/motion_planning_frame.cpp.o[0m
[306.763s] [ 68%] [32mBuilding CXX object motion_planning_rviz_plugin/CMakeFiles/moveit_motion_planning_rviz_plugin_core.dir/src/motion_planning_frame_context.cpp.o[0m
[326.912s] [ 70%] [32mBuilding CXX object motion_planning_rviz_plugin/CMakeFiles/moveit_motion_planning_rviz_plugin_core.dir/src/motion_planning_frame_planning.cpp.o[0m
[347.034s] [ 72%] [32mBuilding CXX object motion_planning_rviz_plugin/CMakeFiles/moveit_motion_planning_rviz_plugin_core.dir/src/motion_planning_frame_objects.cpp.o[0m
[367.820s] [ 74%] [32mBuilding CXX object motion_planning_rviz_plugin/CMakeFiles/moveit_motion_planning_rviz_plugin_core.dir/src/motion_planning_frame_scenes.cpp.o[0m
[392.337s] [ 75%] [32mBuilding CXX object motion_planning_rviz_plugin/CMakeFiles/moveit_motion_planning_rviz_plugin_core.dir/src/motion_planning_frame_states.cpp.o[0m
[416.655s] [ 77%] [32mBuilding CXX object motion_planning_rviz_plugin/CMakeFiles/moveit_motion_planning_rviz_plugin_core.dir/src/motion_planning_frame_joints_widget.cpp.o[0m
[445.059s] [ 79%] [32mBuilding CXX object motion_planning_rviz_plugin/CMakeFiles/moveit_motion_planning_rviz_plugin_core.dir/src/motion_planning_display.cpp.o[0m
[472.862s] [ 81%] [32mBuilding CXX object motion_planning_rviz_plugin/CMakeFiles/moveit_motion_planning_rviz_plugin_core.dir/src/motion_planning_frame_manipulation.cpp.o[0m
[492.025s] [ 82%] [32mBuilding CXX object motion_planning_rviz_plugin/CMakeFiles/moveit_motion_planning_rviz_plugin_core.dir/src/motion_planning_param_widget.cpp.o[0m
[501.800s] [ 84%] [32mBuilding CXX object motion_planning_rviz_plugin/CMakeFiles/moveit_motion_planning_rviz_plugin_core.dir/src/interactive_marker_display.cpp.o[0m
[508.887s] [ 86%] [32mBuilding CXX object motion_planning_rviz_plugin/CMakeFiles/moveit_motion_planning_rviz_plugin_core.dir/moveit_motion_planning_rviz_plugin_core_autogen/2OST2OT5Q2/qrc_icons.cpp.o[0m
[508.924s] [ 87%] [32m[1mLinking CXX shared library libmoveit_motion_planning_rviz_plugin_core.so[0m
[513.709s] [ 87%] Built target moveit_motion_planning_rviz_plugin_core
[513.774s] [ 89%] [32mBuilding CXX object trajectory_rviz_plugin/CMakeFiles/moveit_trajectory_rviz_plugin.dir/moveit_trajectory_rviz_plugin_autogen/mocs_compilation.cpp.o[0m
[513.841s] [ 91%] [32mBuilding CXX object trajectory_rviz_plugin/CMakeFiles/moveit_trajectory_rviz_plugin.dir/src/plugin_init.cpp.o[0m
[526.463s] [ 93%] [32m[1mLinking CXX shared library libmoveit_trajectory_rviz_plugin.so[0m
[527.541s] [ 93%] Built target moveit_trajectory_rviz_plugin
[527.622s] [ 94%] [34m[1mAutomatic MOC for target moveit_motion_planning_rviz_plugin[0m
[527.738s] [ 94%] Built target moveit_motion_planning_rviz_plugin_autogen
[527.823s] [ 96%] [32mBuilding CXX object motion_planning_rviz_plugin/CMakeFiles/moveit_motion_planning_rviz_plugin.dir/moveit_motion_planning_rviz_plugin_autogen/mocs_compilation.cpp.o[0m
[527.897s] [ 98%] [32mBuilding CXX object motion_planning_rviz_plugin/CMakeFiles/moveit_motion_planning_rviz_plugin.dir/src/plugin_init.cpp.o[0m
[550.480s] [100%] [32m[1mLinking CXX shared library libmoveit_motion_planning_rviz_plugin.so[0m
[551.842s] [100%] Built target moveit_motion_planning_rviz_plugin
[551.988s] Invoked command in '/home/matteo-melzer/ws_moveit/build/moveit_ros_visualization' returned '0': AMENT_PREFIX_PATH=/home/matteo-melzer/ws_moveit/install/moveit_ros_planning_interface:/home/matteo-melzer/ws_moveit/install/moveit_ros_move_group:/home/matteo-melzer/ws_moveit/install/moveit_ros_warehouse:/home/matteo-melzer/ws_moveit/install/moveit_ros_robot_interaction:/home/matteo-melzer/ws_moveit/install/moveit_planners_ompl:/home/matteo-melzer/ws_moveit/install/moveit_kinematics:/home/matteo-melzer/ws_moveit/install/moveit_ros_planning:/home/matteo-melzer/ws_moveit/install/moveit_simple_controller_manager:/home/matteo-melzer/ws_moveit/install/moveit_ros_occupancy_map_monitor:/home/matteo-melzer/ws_moveit/install/moveit_core:/home/matteo-melzer/ws_moveit/install/moveit_configs_utils:/home/matteo-melzer/ws_moveit/install/launch_param_builder:/home/matteo-melzer/ws_moveit/install/ur10e_moveit_launch:/home/matteo-melzer/ws_moveit/install/rosparam_shortcuts:/home/matteo-melzer/ws_moveit/install/moveit_resources:/home/matteo-melzer/ws_moveit/install/rviz_marker_tools:/home/matteo-melzer/ros2_ws/install/ur_description:/home/matteo-melzer/ros2_ws/install/py_srvcli:/home/matteo-melzer/ros2_ws/install/py_pubsub:/home/matteo-melzer/ros2_ws/install/tutorial_interfaces:/home/matteo-melzer/ros2_ws/install/turtlesim:/home/matteo-melzer/ws_moveit/install/ur_description:/home/matteo-melzer/ws_moveit/install/srdfdom:/home/matteo-melzer/ws_moveit/install/moveit_task_constructor_msgs:/home/matteo-melzer/ws_moveit/install/moveit_resources_prbt_support:/home/matteo-melzer/ws_moveit/install/moveit_resources_pr2_description:/home/matteo-melzer/ws_moveit/install/moveit_resources_panda_moveit_config:/home/matteo-melzer/ws_moveit/install/moveit_resources_panda_description:/home/matteo-melzer/ws_moveit/install/moveit_resources_fanuc_moveit_config:/home/matteo-melzer/ws_moveit/install/moveit_resources_fanuc_description:/home/matteo-melzer/ws_moveit/install/moveit_common:/opt/ros/humble CMAKE_PREFIX_PATH=/home/matteo-melzer/ws_moveit/install/moveit_ros_planning_interface:/home/matteo-melzer/ws_moveit/install/moveit_ros_move_group:/home/matteo-melzer/ws_moveit/install/moveit_ros_warehouse:/home/matteo-melzer/ws_moveit/install/moveit_ros_robot_interaction:/home/matteo-melzer/ws_moveit/install/moveit_planners_ompl:/home/matteo-melzer/ws_moveit/install/moveit_kinematics:/home/matteo-melzer/ws_moveit/install/moveit_ros_planning:/home/matteo-melzer/ws_moveit/install/moveit_simple_controller_manager:/home/matteo-melzer/ws_moveit/install/moveit_ros_occupancy_map_monitor:/home/matteo-melzer/ws_moveit/install/moveit_core:/home/matteo-melzer/ws_moveit/install/moveit_resources_panda_moveit_config:/home/matteo-melzer/ws_moveit/install/moveit_resources_fanuc_moveit_config:/home/matteo-melzer/ws_moveit/install/srdfdom:/home/matteo-melzer/ws_moveit/install/moveit_resources_pr2_description:/home/matteo-melzer/ws_moveit/install/moveit_resources_panda_description:/home/matteo-melzer/ws_moveit/install/moveit_resources_fanuc_description:/home/matteo-melzer/ws_moveit/install/moveit_common:/home/matteo-melzer/ws_moveit/install/ur10e_moveit_launch:/home/matteo-melzer/ws_moveit/install/rosparam_shortcuts:/home/matteo-melzer/ws_moveit/install/moveit_resources:/home/matteo-melzer/ws_moveit/install/rviz_marker_tools:/home/matteo-melzer/ros2_ws/install/ur_description:/home/matteo-melzer/ros2_ws/install/tutorial_interfaces:/home/matteo-melzer/ros2_ws/install/turtlesim:/home/matteo-melzer/ws_moveit/install/ur_description:/home/matteo-melzer/ws_moveit/install/moveit_task_constructor_msgs:/home/matteo-melzer/ws_moveit/install/moveit_resources_prbt_support:/home/matteo-melzer/ros2_ws/install/py_srvcli:/home/matteo-melzer/ros2_ws/install/py_pubsub:/home/matteo-melzer/ws_moveit/install/moveit_configs_utils:/home/matteo-melzer/ws_moveit/install/launch_param_builder:/opt/ros/humble LD_LIBRARY_PATH=/home/matteo-melzer/ws_moveit/install/moveit_ros_planning_interface/lib:/home/matteo-melzer/ws_moveit/install/moveit_ros_move_group/lib:/home/matteo-melzer/ws_moveit/install/moveit_ros_warehouse/lib:/home/matteo-melzer/ws_moveit/install/moveit_ros_robot_interaction/lib:/home/matteo-melzer/ws_moveit/install/moveit_planners_ompl/lib:/home/matteo-melzer/ws_moveit/install/moveit_kinematics/lib:/home/matteo-melzer/ws_moveit/install/moveit_ros_planning/lib:/home/matteo-melzer/ws_moveit/install/moveit_simple_controller_manager/lib:/home/matteo-melzer/ws_moveit/install/moveit_ros_occupancy_map_monitor/lib:/home/matteo-melzer/ws_moveit/install/moveit_core/lib:/home/matteo-melzer/ws_moveit/install/srdfdom/lib:/home/matteo-melzer/ws_moveit/install/rosparam_shortcuts/lib:/home/matteo-melzer/ws_moveit/install/rviz_marker_tools/lib:/home/matteo-melzer/ros2_ws/install/tutorial_interfaces/lib:/home/matteo-melzer/ros2_ws/install/turtlesim/lib:/home/matteo-melzer/ws_moveit/install/moveit_task_constructor_msgs/lib:/opt/ros/humble/opt/rviz_ogre_vendor/lib:/opt/ros/humble/lib/x86_64-linux-gnu:/opt/ros/humble/lib PATH=/home/matteo-melzer/ws_moveit/install/moveit_core/bin:${PATH} PYTHONPATH=/home/matteo-melzer/ws_moveit/install/moveit_configs_utils/lib/python3.10/site-packages:/home/matteo-melzer/ws_moveit/install/launch_param_builder/lib/python3.10/site-packages:/home/matteo-melzer/ros2_ws/install/py_srvcli/lib/python3.10/site-packages:/home/matteo-melzer/ros2_ws/install/py_pubsub/lib/python3.10/site-packages:/home/matteo-melzer/ros2_ws/install/tutorial_interfaces/local/lib/python3.10/dist-packages:/home/matteo-melzer/ros2_ws/install/turtlesim/local/lib/python3.10/dist-packages:/home/matteo-melzer/ws_moveit/install/srdfdom/local/lib/python3.10/dist-packages:/home/matteo-melzer/ws_moveit/install/moveit_task_constructor_msgs/local/lib/python3.10/dist-packages:/opt/ros/humble/lib/python3.10/site-packages:/opt/ros/humble/local/lib/python3.10/dist-packages /usr/bin/cmake --build /home/matteo-melzer/ws_moveit/build/moveit_ros_visualization -- -j2 -l2
[551.993s] Invoking command in '/home/matteo-melzer/ws_moveit/build/moveit_ros_visualization': AMENT_PREFIX_PATH=/home/matteo-melzer/ws_moveit/install/moveit_ros_planning_interface:/home/matteo-melzer/ws_moveit/install/moveit_ros_move_group:/home/matteo-melzer/ws_moveit/install/moveit_ros_warehouse:/home/matteo-melzer/ws_moveit/install/moveit_ros_robot_interaction:/home/matteo-melzer/ws_moveit/install/moveit_planners_ompl:/home/matteo-melzer/ws_moveit/install/moveit_kinematics:/home/matteo-melzer/ws_moveit/install/moveit_ros_planning:/home/matteo-melzer/ws_moveit/install/moveit_simple_controller_manager:/home/matteo-melzer/ws_moveit/install/moveit_ros_occupancy_map_monitor:/home/matteo-melzer/ws_moveit/install/moveit_core:/home/matteo-melzer/ws_moveit/install/moveit_configs_utils:/home/matteo-melzer/ws_moveit/install/launch_param_builder:/home/matteo-melzer/ws_moveit/install/ur10e_moveit_launch:/home/matteo-melzer/ws_moveit/install/rosparam_shortcuts:/home/matteo-melzer/ws_moveit/install/moveit_resources:/home/matteo-melzer/ws_moveit/install/rviz_marker_tools:/home/matteo-melzer/ros2_ws/install/ur_description:/home/matteo-melzer/ros2_ws/install/py_srvcli:/home/matteo-melzer/ros2_ws/install/py_pubsub:/home/matteo-melzer/ros2_ws/install/tutorial_interfaces:/home/matteo-melzer/ros2_ws/install/turtlesim:/home/matteo-melzer/ws_moveit/install/ur_description:/home/matteo-melzer/ws_moveit/install/srdfdom:/home/matteo-melzer/ws_moveit/install/moveit_task_constructor_msgs:/home/matteo-melzer/ws_moveit/install/moveit_resources_prbt_support:/home/matteo-melzer/ws_moveit/install/moveit_resources_pr2_description:/home/matteo-melzer/ws_moveit/install/moveit_resources_panda_moveit_config:/home/matteo-melzer/ws_moveit/install/moveit_resources_panda_description:/home/matteo-melzer/ws_moveit/install/moveit_resources_fanuc_moveit_config:/home/matteo-melzer/ws_moveit/install/moveit_resources_fanuc_description:/home/matteo-melzer/ws_moveit/install/moveit_common:/opt/ros/humble CMAKE_PREFIX_PATH=/home/matteo-melzer/ws_moveit/install/moveit_ros_planning_interface:/home/matteo-melzer/ws_moveit/install/moveit_ros_move_group:/home/matteo-melzer/ws_moveit/install/moveit_ros_warehouse:/home/matteo-melzer/ws_moveit/install/moveit_ros_robot_interaction:/home/matteo-melzer/ws_moveit/install/moveit_planners_ompl:/home/matteo-melzer/ws_moveit/install/moveit_kinematics:/home/matteo-melzer/ws_moveit/install/moveit_ros_planning:/home/matteo-melzer/ws_moveit/install/moveit_simple_controller_manager:/home/matteo-melzer/ws_moveit/install/moveit_ros_occupancy_map_monitor:/home/matteo-melzer/ws_moveit/install/moveit_core:/home/matteo-melzer/ws_moveit/install/moveit_resources_panda_moveit_config:/home/matteo-melzer/ws_moveit/install/moveit_resources_fanuc_moveit_config:/home/matteo-melzer/ws_moveit/install/srdfdom:/home/matteo-melzer/ws_moveit/install/moveit_resources_pr2_description:/home/matteo-melzer/ws_moveit/install/moveit_resources_panda_description:/home/matteo-melzer/ws_moveit/install/moveit_resources_fanuc_description:/home/matteo-melzer/ws_moveit/install/moveit_common:/home/matteo-melzer/ws_moveit/install/ur10e_moveit_launch:/home/matteo-melzer/ws_moveit/install/rosparam_shortcuts:/home/matteo-melzer/ws_moveit/install/moveit_resources:/home/matteo-melzer/ws_moveit/install/rviz_marker_tools:/home/matteo-melzer/ros2_ws/install/ur_description:/home/matteo-melzer/ros2_ws/install/tutorial_interfaces:/home/matteo-melzer/ros2_ws/install/turtlesim:/home/matteo-melzer/ws_moveit/install/ur_description:/home/matteo-melzer/ws_moveit/install/moveit_task_constructor_msgs:/home/matteo-melzer/ws_moveit/install/moveit_resources_prbt_support:/home/matteo-melzer/ros2_ws/install/py_srvcli:/home/matteo-melzer/ros2_ws/install/py_pubsub:/home/matteo-melzer/ws_moveit/install/moveit_configs_utils:/home/matteo-melzer/ws_moveit/install/launch_param_builder:/opt/ros/humble LD_LIBRARY_PATH=/home/matteo-melzer/ws_moveit/install/moveit_ros_planning_interface/lib:/home/matteo-melzer/ws_moveit/install/moveit_ros_move_group/lib:/home/matteo-melzer/ws_moveit/install/moveit_ros_warehouse/lib:/home/matteo-melzer/ws_moveit/install/moveit_ros_robot_interaction/lib:/home/matteo-melzer/ws_moveit/install/moveit_planners_ompl/lib:/home/matteo-melzer/ws_moveit/install/moveit_kinematics/lib:/home/matteo-melzer/ws_moveit/install/moveit_ros_planning/lib:/home/matteo-melzer/ws_moveit/install/moveit_simple_controller_manager/lib:/home/matteo-melzer/ws_moveit/install/moveit_ros_occupancy_map_monitor/lib:/home/matteo-melzer/ws_moveit/install/moveit_core/lib:/home/matteo-melzer/ws_moveit/install/srdfdom/lib:/home/matteo-melzer/ws_moveit/install/rosparam_shortcuts/lib:/home/matteo-melzer/ws_moveit/install/rviz_marker_tools/lib:/home/matteo-melzer/ros2_ws/install/tutorial_interfaces/lib:/home/matteo-melzer/ros2_ws/install/turtlesim/lib:/home/matteo-melzer/ws_moveit/install/moveit_task_constructor_msgs/lib:/opt/ros/humble/opt/rviz_ogre_vendor/lib:/opt/ros/humble/lib/x86_64-linux-gnu:/opt/ros/humble/lib PATH=/home/matteo-melzer/ws_moveit/install/moveit_core/bin:${PATH} PYTHONPATH=/home/matteo-melzer/ws_moveit/install/moveit_configs_utils/lib/python3.10/site-packages:/home/matteo-melzer/ws_moveit/install/launch_param_builder/lib/python3.10/site-packages:/home/matteo-melzer/ros2_ws/install/py_srvcli/lib/python3.10/site-packages:/home/matteo-melzer/ros2_ws/install/py_pubsub/lib/python3.10/site-packages:/home/matteo-melzer/ros2_ws/install/tutorial_interfaces/local/lib/python3.10/dist-packages:/home/matteo-melzer/ros2_ws/install/turtlesim/local/lib/python3.10/dist-packages:/home/matteo-melzer/ws_moveit/install/srdfdom/local/lib/python3.10/dist-packages:/home/matteo-melzer/ws_moveit/install/moveit_task_constructor_msgs/local/lib/python3.10/dist-packages:/opt/ros/humble/lib/python3.10/site-packages:/opt/ros/humble/local/lib/python3.10/dist-packages /usr/bin/cmake --install /home/matteo-melzer/ws_moveit/build/moveit_ros_visualization
[552.006s] -- Install configuration: "Release"
[552.007s] -- Installing: /home/matteo-melzer/ws_moveit/install/moveit_ros_visualization/include
[552.008s] -- Installing: /home/matteo-melzer/ws_moveit/install/moveit_ros_visualization/include/ogre_helpers
[552.009s] -- Installing: /home/matteo-melzer/ws_moveit/install/moveit_ros_visualization/include/ogre_helpers/mesh_shape.hpp
[552.009s] -- Installing: /home/matteo-melzer/ws_moveit/install/moveit_ros_visualization/include/moveit
[552.010s] -- Installing: /home/matteo-melzer/ws_moveit/install/moveit_ros_visualization/include/moveit/rviz_plugin_render_tools
[552.010s] -- Installing: /home/matteo-melzer/ws_moveit/install/moveit_ros_visualization/include/moveit/rviz_plugin_render_tools/robot_state_visualization.h
[552.011s] -- Installing: /home/matteo-melzer/ws_moveit/install/moveit_ros_visualization/include/moveit/rviz_plugin_render_tools/planning_link_updater.h
[552.011s] -- Installing: /home/matteo-melzer/ws_moveit/install/moveit_ros_visualization/include/moveit/rviz_plugin_render_tools/trajectory_panel.h
[552.012s] -- Installing: /home/matteo-melzer/ws_moveit/install/moveit_ros_visualization/include/moveit/rviz_plugin_render_tools/octomap_render.h
[552.013s] -- Installing: /home/matteo-melzer/ws_moveit/install/moveit_ros_visualization/include/moveit/rviz_plugin_render_tools/render_shapes.h
[552.013s] -- Installing: /home/matteo-melzer/ws_moveit/install/moveit_ros_visualization/include/moveit/rviz_plugin_render_tools/trajectory_visualization.h
[552.014s] -- Installing: /home/matteo-melzer/ws_moveit/install/moveit_ros_visualization/include/moveit/rviz_plugin_render_tools/planning_scene_render.h
[552.016s] -- Up-to-date: /home/matteo-melzer/ws_moveit/install/moveit_ros_visualization/include
[552.016s] -- Up-to-date: /home/matteo-melzer/ws_moveit/install/moveit_ros_visualization/include/moveit
[552.016s] -- Installing: /home/matteo-melzer/ws_moveit/install/moveit_ros_visualization/include/moveit/robot_state_rviz_plugin
[552.017s] -- Installing: /home/matteo-melzer/ws_moveit/install/moveit_ros_visualization/include/moveit/robot_state_rviz_plugin/robot_state_display.h
[552.018s] -- Up-to-date: /home/matteo-melzer/ws_moveit/install/moveit_ros_visualization/include
[552.018s] -- Up-to-date: /home/matteo-melzer/ws_moveit/install/moveit_ros_visualization/include/moveit
[552.019s] -- Installing: /home/matteo-melzer/ws_moveit/install/moveit_ros_visualization/include/moveit/planning_scene_rviz_plugin
[552.020s] -- Installing: /home/matteo-melzer/ws_moveit/install/moveit_ros_visualization/include/moveit/planning_scene_rviz_plugin/background_processing.hpp
[552.020s] -- Installing: /home/matteo-melzer/ws_moveit/install/moveit_ros_visualization/include/moveit/planning_scene_rviz_plugin/planning_scene_display.h
[552.021s] -- Installing: /home/matteo-melzer/ws_moveit/install/moveit_ros_visualization/include/moveit_planning_scene_rviz_plugin_core_export.h
[552.023s] -- Up-to-date: /home/matteo-melzer/ws_moveit/install/moveit_ros_visualization/include
[552.024s] -- Up-to-date: /home/matteo-melzer/ws_moveit/install/moveit_ros_visualization/include/moveit
[552.024s] -- Installing: /home/matteo-melzer/ws_moveit/install/moveit_ros_visualization/include/moveit/motion_planning_rviz_plugin
[552.024s] -- Installing: /home/matteo-melzer/ws_moveit/install/moveit_ros_visualization/include/moveit/motion_planning_rviz_plugin/motion_planning_frame.h
[552.025s] -- Installing: /home/matteo-melzer/ws_moveit/install/moveit_ros_visualization/include/moveit/motion_planning_rviz_plugin/motion_planning_frame_joints_widget.h
[552.026s] -- Installing: /home/matteo-melzer/ws_moveit/install/moveit_ros_visualization/include/moveit/motion_planning_rviz_plugin/motion_planning_param_widget.h
[552.027s] -- Installing: /home/matteo-melzer/ws_moveit/install/moveit_ros_visualization/include/moveit/motion_planning_rviz_plugin/interactive_marker_display.h
[552.027s] -- Installing: /home/matteo-melzer/ws_moveit/install/moveit_ros_visualization/include/moveit/motion_planning_rviz_plugin/motion_planning_display.h
[552.030s] -- Up-to-date: /home/matteo-melzer/ws_moveit/install/moveit_ros_visualization/include
[552.030s] -- Up-to-date: /home/matteo-melzer/ws_moveit/install/moveit_ros_visualization/include/moveit
[552.031s] -- Installing: /home/matteo-melzer/ws_moveit/install/moveit_ros_visualization/include/moveit/trajectory_rviz_plugin
[552.032s] -- Installing: /home/matteo-melzer/ws_moveit/install/moveit_ros_visualization/include/moveit/trajectory_rviz_plugin/trajectory_display.h
[552.033s] -- Installing: /home/matteo-melzer/ws_moveit/install/moveit_ros_visualization/share/moveit_ros_visualization/icons
[552.033s] -- Installing: /home/matteo-melzer/ws_moveit/install/moveit_ros_visualization/share/moveit_ros_visualization/icons/classes
[552.035s] -- Installing: /home/matteo-melzer/ws_moveit/install/moveit_ros_visualization/share/moveit_ros_visualization/icons/classes/Trajectory.png
[552.036s] -- Installing: /home/matteo-melzer/ws_moveit/install/moveit_ros_visualization/share/moveit_ros_visualization/icons/classes/RobotState.png
[552.037s] -- Installing: /home/matteo-melzer/ws_moveit/install/moveit_ros_visualization/share/moveit_ros_visualization/icons/classes/PlanningScene.png
[552.038s] -- Installing: /home/matteo-melzer/ws_moveit/install/moveit_ros_visualization/share/moveit_ros_visualization/icons/classes/MotionPlanning.png
[552.039s] -- Installing: /home/matteo-melzer/ws_moveit/install/moveit_ros_visualization/share/moveit_ros_visualization/motion_planning_rviz_plugin_description.xml
[552.040s] -- Installing: /home/matteo-melzer/ws_moveit/install/moveit_ros_visualization/share/moveit_ros_visualization/trajectory_rviz_plugin_description.xml
[552.041s] -- Installing: /home/matteo-melzer/ws_moveit/install/moveit_ros_visualization/share/moveit_ros_visualization/planning_scene_rviz_plugin_description.xml
[552.042s] -- Installing: /home/matteo-melzer/ws_moveit/install/moveit_ros_visualization/share/moveit_ros_visualization/robot_state_rviz_plugin_description.xml
[552.045s] -- Installing: /home/matteo-melzer/ws_moveit/install/moveit_ros_visualization/lib/libmoveit_motion_planning_rviz_plugin.so.2.5.9
[552.045s] -- Set runtime path of "/home/matteo-melzer/ws_moveit/install/moveit_ros_visualization/lib/libmoveit_motion_planning_rviz_plugin.so.2.5.9" to ""
[552.046s] -- Installing: /home/matteo-melzer/ws_moveit/install/moveit_ros_visualization/lib/libmoveit_motion_planning_rviz_plugin.so
[552.047s] -- Installing: /home/matteo-melzer/ws_moveit/install/moveit_ros_visualization/lib/libmoveit_motion_planning_rviz_plugin_core.so.2.5.9
[552.072s] -- Set runtime path of "/home/matteo-melzer/ws_moveit/install/moveit_ros_visualization/lib/libmoveit_motion_planning_rviz_plugin_core.so.2.5.9" to ""
[552.074s] -- Installing: /home/matteo-melzer/ws_moveit/install/moveit_ros_visualization/lib/libmoveit_motion_planning_rviz_plugin_core.so
[552.074s] -- Installing: /home/matteo-melzer/ws_moveit/install/moveit_ros_visualization/lib/libmoveit_planning_scene_rviz_plugin.so.2.5.9
[552.075s] -- Set runtime path of "/home/matteo-melzer/ws_moveit/install/moveit_ros_visualization/lib/libmoveit_planning_scene_rviz_plugin.so.2.5.9" to ""
[552.076s] -- Installing: /home/matteo-melzer/ws_moveit/install/moveit_ros_visualization/lib/libmoveit_planning_scene_rviz_plugin.so
[552.077s] -- Installing: /home/matteo-melzer/ws_moveit/install/moveit_ros_visualization/lib/libmoveit_planning_scene_rviz_plugin_core.so.2.5.9
[552.078s] -- Set runtime path of "/home/matteo-melzer/ws_moveit/install/moveit_ros_visualization/lib/libmoveit_planning_scene_rviz_plugin_core.so.2.5.9" to ""
[552.078s] -- Installing: /home/matteo-melzer/ws_moveit/install/moveit_ros_visualization/lib/libmoveit_planning_scene_rviz_plugin_core.so
[552.079s] -- Installing: /home/matteo-melzer/ws_moveit/install/moveit_ros_visualization/lib/libmoveit_robot_state_rviz_plugin.so.2.5.9
[552.080s] -- Set runtime path of "/home/matteo-melzer/ws_moveit/install/moveit_ros_visualization/lib/libmoveit_robot_state_rviz_plugin.so.2.5.9" to ""
[552.081s] -- Installing: /home/matteo-melzer/ws_moveit/install/moveit_ros_visualization/lib/libmoveit_robot_state_rviz_plugin.so
[552.082s] -- Installing: /home/matteo-melzer/ws_moveit/install/moveit_ros_visualization/lib/libmoveit_robot_state_rviz_plugin_core.so.2.5.9
[552.091s] -- Set runtime path of "/home/matteo-melzer/ws_moveit/install/moveit_ros_visualization/lib/libmoveit_robot_state_rviz_plugin_core.so.2.5.9" to ""
[552.093s] -- Installing: /home/matteo-melzer/ws_moveit/install/moveit_ros_visualization/lib/libmoveit_robot_state_rviz_plugin_core.so
[552.093s] -- Installing: /home/matteo-melzer/ws_moveit/install/moveit_ros_visualization/lib/libmoveit_rviz_plugin_render_tools.so.2.5.9
[552.099s] -- Set runtime path of "/home/matteo-melzer/ws_moveit/install/moveit_ros_visualization/lib/libmoveit_rviz_plugin_render_tools.so.2.5.9" to ""
[552.099s] -- Installing: /home/matteo-melzer/ws_moveit/install/moveit_ros_visualization/lib/libmoveit_rviz_plugin_render_tools.so
[552.100s] -- Installing: /home/matteo-melzer/ws_moveit/install/moveit_ros_visualization/lib/libmoveit_trajectory_rviz_plugin.so.2.5.9
[552.102s] -- Set runtime path of "/home/matteo-melzer/ws_moveit/install/moveit_ros_visualization/lib/libmoveit_trajectory_rviz_plugin.so.2.5.9" to ""
[552.102s] -- Installing: /home/matteo-melzer/ws_moveit/install/moveit_ros_visualization/lib/libmoveit_trajectory_rviz_plugin.so
[552.103s] -- Installing: /home/matteo-melzer/ws_moveit/install/moveit_ros_visualization/lib/libmoveit_trajectory_rviz_plugin_core.so.2.5.9
[552.105s] -- Set runtime path of "/home/matteo-melzer/ws_moveit/install/moveit_ros_visualization/lib/libmoveit_trajectory_rviz_plugin_core.so.2.5.9" to ""
[552.106s] -- Installing: /home/matteo-melzer/ws_moveit/install/moveit_ros_visualization/lib/libmoveit_trajectory_rviz_plugin_core.so
[552.107s] -- Installing: /home/matteo-melzer/ws_moveit/install/moveit_ros_visualization/share/moveit_ros_visualization/environment/library_path.sh
[552.107s] -- Installing: /home/matteo-melzer/ws_moveit/install/moveit_ros_visualization/share/moveit_ros_visualization/environment/library_path.dsv
[552.110s] -- Installing: /home/matteo-melzer/ws_moveit/install/moveit_ros_visualization/share/ament_index/resource_index/package_run_dependencies/moveit_ros_visualization
[552.111s] -- Installing: /home/matteo-melzer/ws_moveit/install/moveit_ros_visualization/share/ament_index/resource_index/parent_prefix_path/moveit_ros_visualization
[552.112s] -- Installing: /home/matteo-melzer/ws_moveit/install/moveit_ros_visualization/share/moveit_ros_visualization/environment/ament_prefix_path.sh
[552.113s] -- Installing: /home/matteo-melzer/ws_moveit/install/moveit_ros_visualization/share/moveit_ros_visualization/environment/ament_prefix_path.dsv
[552.113s] -- Installing: /home/matteo-melzer/ws_moveit/install/moveit_ros_visualization/share/moveit_ros_visualization/environment/path.sh
[552.114s] -- Installing: /home/matteo-melzer/ws_moveit/install/moveit_ros_visualization/share/moveit_ros_visualization/environment/path.dsv
[552.115s] -- Installing: /home/matteo-melzer/ws_moveit/install/moveit_ros_visualization/share/moveit_ros_visualization/local_setup.bash
[552.115s] -- Installing: /home/matteo-melzer/ws_moveit/install/moveit_ros_visualization/share/moveit_ros_visualization/local_setup.sh
[552.116s] -- Installing: /home/matteo-melzer/ws_moveit/install/moveit_ros_visualization/share/moveit_ros_visualization/local_setup.zsh
[552.117s] -- Installing: /home/matteo-melzer/ws_moveit/install/moveit_ros_visualization/share/moveit_ros_visualization/local_setup.dsv
[552.118s] -- Installing: /home/matteo-melzer/ws_moveit/install/moveit_ros_visualization/share/moveit_ros_visualization/package.dsv
[552.119s] -- Installing: /home/matteo-melzer/ws_moveit/install/moveit_ros_visualization/share/ament_index/resource_index/packages/moveit_ros_visualization
[552.120s] -- Installing: /home/matteo-melzer/ws_moveit/install/moveit_ros_visualization/share/ament_index/resource_index/rviz_common__pluginlib__plugin/moveit_ros_visualization
[552.121s] -- Installing: /home/matteo-melzer/ws_moveit/install/moveit_ros_visualization/share/moveit_ros_visualization/cmake/export_moveit_ros_visualizationExport.cmake
[552.122s] -- Installing: /home/matteo-melzer/ws_moveit/install/moveit_ros_visualization/share/moveit_ros_visualization/cmake/export_moveit_ros_visualizationExport-release.cmake
[552.123s] -- Installing: /home/matteo-melzer/ws_moveit/install/moveit_ros_visualization/share/moveit_ros_visualization/cmake/ConfigExtras.cmake
[552.124s] -- Installing: /home/matteo-melzer/ws_moveit/install/moveit_ros_visualization/share/moveit_ros_visualization/cmake/ament_cmake_export_targets-extras.cmake
[552.125s] -- Installing: /home/matteo-melzer/ws_moveit/install/moveit_ros_visualization/share/moveit_ros_visualization/cmake/ament_cmake_export_dependencies-extras.cmake
[552.126s] -- Installing: /home/matteo-melzer/ws_moveit/install/moveit_ros_visualization/share/moveit_ros_visualization/cmake/moveit_ros_visualizationConfig.cmake
[552.126s] -- Installing: /home/matteo-melzer/ws_moveit/install/moveit_ros_visualization/share/moveit_ros_visualization/cmake/moveit_ros_visualizationConfig-version.cmake
[552.127s] -- Installing: /home/matteo-melzer/ws_moveit/install/moveit_ros_visualization/share/moveit_ros_visualization/package.xml
[552.133s] Invoked command in '/home/matteo-melzer/ws_moveit/build/moveit_ros_visualization' returned '0': AMENT_PREFIX_PATH=/home/matteo-melzer/ws_moveit/install/moveit_ros_planning_interface:/home/matteo-melzer/ws_moveit/install/moveit_ros_move_group:/home/matteo-melzer/ws_moveit/install/moveit_ros_warehouse:/home/matteo-melzer/ws_moveit/install/moveit_ros_robot_interaction:/home/matteo-melzer/ws_moveit/install/moveit_planners_ompl:/home/matteo-melzer/ws_moveit/install/moveit_kinematics:/home/matteo-melzer/ws_moveit/install/moveit_ros_planning:/home/matteo-melzer/ws_moveit/install/moveit_simple_controller_manager:/home/matteo-melzer/ws_moveit/install/moveit_ros_occupancy_map_monitor:/home/matteo-melzer/ws_moveit/install/moveit_core:/home/matteo-melzer/ws_moveit/install/moveit_configs_utils:/home/matteo-melzer/ws_moveit/install/launch_param_builder:/home/matteo-melzer/ws_moveit/install/ur10e_moveit_launch:/home/matteo-melzer/ws_moveit/install/rosparam_shortcuts:/home/matteo-melzer/ws_moveit/install/moveit_resources:/home/matteo-melzer/ws_moveit/install/rviz_marker_tools:/home/matteo-melzer/ros2_ws/install/ur_description:/home/matteo-melzer/ros2_ws/install/py_srvcli:/home/matteo-melzer/ros2_ws/install/py_pubsub:/home/matteo-melzer/ros2_ws/install/tutorial_interfaces:/home/matteo-melzer/ros2_ws/install/turtlesim:/home/matteo-melzer/ws_moveit/install/ur_description:/home/matteo-melzer/ws_moveit/install/srdfdom:/home/matteo-melzer/ws_moveit/install/moveit_task_constructor_msgs:/home/matteo-melzer/ws_moveit/install/moveit_resources_prbt_support:/home/matteo-melzer/ws_moveit/install/moveit_resources_pr2_description:/home/matteo-melzer/ws_moveit/install/moveit_resources_panda_moveit_config:/home/matteo-melzer/ws_moveit/install/moveit_resources_panda_description:/home/matteo-melzer/ws_moveit/install/moveit_resources_fanuc_moveit_config:/home/matteo-melzer/ws_moveit/install/moveit_resources_fanuc_description:/home/matteo-melzer/ws_moveit/install/moveit_common:/opt/ros/humble CMAKE_PREFIX_PATH=/home/matteo-melzer/ws_moveit/install/moveit_ros_planning_interface:/home/matteo-melzer/ws_moveit/install/moveit_ros_move_group:/home/matteo-melzer/ws_moveit/install/moveit_ros_warehouse:/home/matteo-melzer/ws_moveit/install/moveit_ros_robot_interaction:/home/matteo-melzer/ws_moveit/install/moveit_planners_ompl:/home/matteo-melzer/ws_moveit/install/moveit_kinematics:/home/matteo-melzer/ws_moveit/install/moveit_ros_planning:/home/matteo-melzer/ws_moveit/install/moveit_simple_controller_manager:/home/matteo-melzer/ws_moveit/install/moveit_ros_occupancy_map_monitor:/home/matteo-melzer/ws_moveit/install/moveit_core:/home/matteo-melzer/ws_moveit/install/moveit_resources_panda_moveit_config:/home/matteo-melzer/ws_moveit/install/moveit_resources_fanuc_moveit_config:/home/matteo-melzer/ws_moveit/install/srdfdom:/home/matteo-melzer/ws_moveit/install/moveit_resources_pr2_description:/home/matteo-melzer/ws_moveit/install/moveit_resources_panda_description:/home/matteo-melzer/ws_moveit/install/moveit_resources_fanuc_description:/home/matteo-melzer/ws_moveit/install/moveit_common:/home/matteo-melzer/ws_moveit/install/ur10e_moveit_launch:/home/matteo-melzer/ws_moveit/install/rosparam_shortcuts:/home/matteo-melzer/ws_moveit/install/moveit_resources:/home/matteo-melzer/ws_moveit/install/rviz_marker_tools:/home/matteo-melzer/ros2_ws/install/ur_description:/home/matteo-melzer/ros2_ws/install/tutorial_interfaces:/home/matteo-melzer/ros2_ws/install/turtlesim:/home/matteo-melzer/ws_moveit/install/ur_description:/home/matteo-melzer/ws_moveit/install/moveit_task_constructor_msgs:/home/matteo-melzer/ws_moveit/install/moveit_resources_prbt_support:/home/matteo-melzer/ros2_ws/install/py_srvcli:/home/matteo-melzer/ros2_ws/install/py_pubsub:/home/matteo-melzer/ws_moveit/install/moveit_configs_utils:/home/matteo-melzer/ws_moveit/install/launch_param_builder:/opt/ros/humble LD_LIBRARY_PATH=/home/matteo-melzer/ws_moveit/install/moveit_ros_planning_interface/lib:/home/matteo-melzer/ws_moveit/install/moveit_ros_move_group/lib:/home/matteo-melzer/ws_moveit/install/moveit_ros_warehouse/lib:/home/matteo-melzer/ws_moveit/install/moveit_ros_robot_interaction/lib:/home/matteo-melzer/ws_moveit/install/moveit_planners_ompl/lib:/home/matteo-melzer/ws_moveit/install/moveit_kinematics/lib:/home/matteo-melzer/ws_moveit/install/moveit_ros_planning/lib:/home/matteo-melzer/ws_moveit/install/moveit_simple_controller_manager/lib:/home/matteo-melzer/ws_moveit/install/moveit_ros_occupancy_map_monitor/lib:/home/matteo-melzer/ws_moveit/install/moveit_core/lib:/home/matteo-melzer/ws_moveit/install/srdfdom/lib:/home/matteo-melzer/ws_moveit/install/rosparam_shortcuts/lib:/home/matteo-melzer/ws_moveit/install/rviz_marker_tools/lib:/home/matteo-melzer/ros2_ws/install/tutorial_interfaces/lib:/home/matteo-melzer/ros2_ws/install/turtlesim/lib:/home/matteo-melzer/ws_moveit/install/moveit_task_constructor_msgs/lib:/opt/ros/humble/opt/rviz_ogre_vendor/lib:/opt/ros/humble/lib/x86_64-linux-gnu:/opt/ros/humble/lib PATH=/home/matteo-melzer/ws_moveit/install/moveit_core/bin:${PATH} PYTHONPATH=/home/matteo-melzer/ws_moveit/install/moveit_configs_utils/lib/python3.10/site-packages:/home/matteo-melzer/ws_moveit/install/launch_param_builder/lib/python3.10/site-packages:/home/matteo-melzer/ros2_ws/install/py_srvcli/lib/python3.10/site-packages:/home/matteo-melzer/ros2_ws/install/py_pubsub/lib/python3.10/site-packages:/home/matteo-melzer/ros2_ws/install/tutorial_interfaces/local/lib/python3.10/dist-packages:/home/matteo-melzer/ros2_ws/install/turtlesim/local/lib/python3.10/dist-packages:/home/matteo-melzer/ws_moveit/install/srdfdom/local/lib/python3.10/dist-packages:/home/matteo-melzer/ws_moveit/install/moveit_task_constructor_msgs/local/lib/python3.10/dist-packages:/opt/ros/humble/lib/python3.10/site-packages:/opt/ros/humble/local/lib/python3.10/dist-packages /usr/bin/cmake --install /home/matteo-melzer/ws_moveit/build/moveit_ros_visualization
