[0.032s] Invoking command in '/home/matteo-melzer/ws_moveit/build/moveit_resources_pr2_description': CMAKE_PREFIX_PATH=${CMAKE_PREFIX_PATH}:/home/matteo-melzer/ros2_ws/install/py_srvcli:/home/matteo-melzer/ros2_ws/install/py_pubsub:/home/matteo-melzer/ws_moveit/install/moveit_configs_utils:/home/matteo-melzer/ws_moveit/install/launch_param_builder:/opt/ros/humble /usr/bin/cmake /home/matteo-melzer/ws_moveit/src/moveit_resources/pr2_description -DCMAKE_INSTALL_PREFIX=/home/matteo-melzer/ws_moveit/install/moveit_resources_pr2_description
[0.187s] -- The C compiler identification is GNU 11.4.0
[0.286s] -- The CXX compiler identification is GNU 11.4.0
[0.294s] -- Detecting C compiler ABI info
[0.496s] -- Detecting C compiler ABI info - done
[0.507s] -- Check for working C compiler: /usr/bin/cc - skipped
[0.508s] -- Detecting C compile features
[0.512s] -- Detecting C compile features - done
[0.515s] -- Detecting CXX compiler ABI info
[0.680s] -- Detecting CXX compiler ABI info - done
[0.694s] -- Check for working CXX compiler: /usr/bin/c++ - skipped
[0.696s] -- Detecting CXX compile features
[0.696s] -- Detecting CXX compile features - done
[0.705s] -- Found ament_cmake: 1.3.11 (/opt/ros/humble/share/ament_cmake/cmake)
[1.079s] -- Found Python3: /usr/bin/python3 (found version "3.10.12") found components: Interpreter 
[1.440s] -- Configuring done
[1.448s] -- Generating done
[1.457s] -- Build files have been written to: /home/matteo-melzer/ws_moveit/build/moveit_resources_pr2_description
[1.462s] Invoked command in '/home/matteo-melzer/ws_moveit/build/moveit_resources_pr2_description' returned '0': CMAKE_PREFIX_PATH=${CMAKE_PREFIX_PATH}:/home/matteo-melzer/ros2_ws/install/py_srvcli:/home/matteo-melzer/ros2_ws/install/py_pubsub:/home/matteo-melzer/ws_moveit/install/moveit_configs_utils:/home/matteo-melzer/ws_moveit/install/launch_param_builder:/opt/ros/humble /usr/bin/cmake /home/matteo-melzer/ws_moveit/src/moveit_resources/pr2_description -DCMAKE_INSTALL_PREFIX=/home/matteo-melzer/ws_moveit/install/moveit_resources_pr2_description
[1.469s] Invoking command in '/home/matteo-melzer/ws_moveit/build/moveit_resources_pr2_description': CMAKE_PREFIX_PATH=${CMAKE_PREFIX_PATH}:/home/matteo-melzer/ros2_ws/install/py_srvcli:/home/matteo-melzer/ros2_ws/install/py_pubsub:/home/matteo-melzer/ws_moveit/install/moveit_configs_utils:/home/matteo-melzer/ws_moveit/install/launch_param_builder:/opt/ros/humble /usr/bin/cmake --build /home/matteo-melzer/ws_moveit/build/moveit_resources_pr2_description -- -j2 -l2
[1.528s] Invoked command in '/home/matteo-melzer/ws_moveit/build/moveit_resources_pr2_description' returned '0': CMAKE_PREFIX_PATH=${CMAKE_PREFIX_PATH}:/home/matteo-melzer/ros2_ws/install/py_srvcli:/home/matteo-melzer/ros2_ws/install/py_pubsub:/home/matteo-melzer/ws_moveit/install/moveit_configs_utils:/home/matteo-melzer/ws_moveit/install/launch_param_builder:/opt/ros/humble /usr/bin/cmake --build /home/matteo-melzer/ws_moveit/build/moveit_resources_pr2_description -- -j2 -l2
[1.529s] Invoking command in '/home/matteo-melzer/ws_moveit/build/moveit_resources_pr2_description': CMAKE_PREFIX_PATH=${CMAKE_PREFIX_PATH}:/home/matteo-melzer/ros2_ws/install/py_srvcli:/home/matteo-melzer/ros2_ws/install/py_pubsub:/home/matteo-melzer/ws_moveit/install/moveit_configs_utils:/home/matteo-melzer/ws_moveit/install/launch_param_builder:/opt/ros/humble /usr/bin/cmake --install /home/matteo-melzer/ws_moveit/build/moveit_resources_pr2_description
[1.540s] -- Install configuration: ""
[1.544s] -- Installing: /home/matteo-melzer/ws_moveit/install/moveit_resources_pr2_description/share/ament_index/resource_index/package_run_dependencies/moveit_resources_pr2_description
[1.544s] -- Installing: /home/matteo-melzer/ws_moveit/install/moveit_resources_pr2_description/share/ament_index/resource_index/parent_prefix_path/moveit_resources_pr2_description
[1.544s] -- Installing: /home/matteo-melzer/ws_moveit/install/moveit_resources_pr2_description/share/moveit_resources_pr2_description/environment/ament_prefix_path.sh
[1.544s] -- Installing: /home/matteo-melzer/ws_moveit/install/moveit_resources_pr2_description/share/moveit_resources_pr2_description/environment/ament_prefix_path.dsv
[1.544s] -- Installing: /home/matteo-melzer/ws_moveit/install/moveit_resources_pr2_description/share/moveit_resources_pr2_description/environment/path.sh
[1.544s] -- Installing: /home/matteo-melzer/ws_moveit/install/moveit_resources_pr2_description/share/moveit_resources_pr2_description/environment/path.dsv
[1.544s] -- Installing: /home/matteo-melzer/ws_moveit/install/moveit_resources_pr2_description/share/moveit_resources_pr2_description/local_setup.bash
[1.545s] -- Installing: /home/matteo-melzer/ws_moveit/install/moveit_resources_pr2_description/share/moveit_resources_pr2_description/local_setup.sh
[1.545s] -- Installing: /home/matteo-melzer/ws_moveit/install/moveit_resources_pr2_description/share/moveit_resources_pr2_description/local_setup.zsh
[1.545s] -- Installing: /home/matteo-melzer/ws_moveit/install/moveit_resources_pr2_description/share/moveit_resources_pr2_description/local_setup.dsv
[1.545s] -- Installing: /home/matteo-melzer/ws_moveit/install/moveit_resources_pr2_description/share/moveit_resources_pr2_description/package.dsv
[1.546s] -- Installing: /home/matteo-melzer/ws_moveit/install/moveit_resources_pr2_description/share/ament_index/resource_index/packages/moveit_resources_pr2_description
[1.546s] -- Installing: /home/matteo-melzer/ws_moveit/install/moveit_resources_pr2_description/share/moveit_resources_pr2_description/cmake/moveit_resources_pr2_descriptionConfig.cmake
[1.546s] -- Installing: /home/matteo-melzer/ws_moveit/install/moveit_resources_pr2_description/share/moveit_resources_pr2_description/cmake/moveit_resources_pr2_descriptionConfig-version.cmake
[1.551s] -- Installing: /home/matteo-melzer/ws_moveit/install/moveit_resources_pr2_description/share/moveit_resources_pr2_description/package.xml
[1.551s] -- Installing: /home/matteo-melzer/ws_moveit/install/moveit_resources_pr2_description/share/moveit_resources_pr2_description/srdf
[1.551s] -- Installing: /home/matteo-melzer/ws_moveit/install/moveit_resources_pr2_description/share/moveit_resources_pr2_description/srdf/robot.xml
[1.551s] -- Installing: /home/matteo-melzer/ws_moveit/install/moveit_resources_pr2_description/share/moveit_resources_pr2_description/urdf
[1.552s] -- Installing: /home/matteo-melzer/ws_moveit/install/moveit_resources_pr2_description/share/moveit_resources_pr2_description/urdf/materials
[1.552s] -- Installing: /home/matteo-melzer/ws_moveit/install/moveit_resources_pr2_description/share/moveit_resources_pr2_description/urdf/materials/textures
[1.552s] -- Installing: /home/matteo-melzer/ws_moveit/install/moveit_resources_pr2_description/share/moveit_resources_pr2_description/urdf/materials/textures/pr2_wheel_left.png
[1.552s] -- Installing: /home/matteo-melzer/ws_moveit/install/moveit_resources_pr2_description/share/moveit_resources_pr2_description/urdf/materials/textures/pr2_wheel_right.png
[1.552s] -- Installing: /home/matteo-melzer/ws_moveit/install/moveit_resources_pr2_description/share/moveit_resources_pr2_description/urdf/materials/textures/pr2_caster_texture.png
[1.552s] -- Installing: /home/matteo-melzer/ws_moveit/install/moveit_resources_pr2_description/share/moveit_resources_pr2_description/urdf/robot.xml
[1.552s] -- Installing: /home/matteo-melzer/ws_moveit/install/moveit_resources_pr2_description/share/moveit_resources_pr2_description/urdf/meshes
[1.552s] -- Installing: /home/matteo-melzer/ws_moveit/install/moveit_resources_pr2_description/share/moveit_resources_pr2_description/urdf/meshes/shoulder_v0
[1.552s] -- Installing: /home/matteo-melzer/ws_moveit/install/moveit_resources_pr2_description/share/moveit_resources_pr2_description/urdf/meshes/shoulder_v0/shoulder_lift_normals.tif
[1.552s] -- Installing: /home/matteo-melzer/ws_moveit/install/moveit_resources_pr2_description/share/moveit_resources_pr2_description/urdf/meshes/shoulder_v0/upper_arm_roll_color.tif
[1.552s] -- Installing: /home/matteo-melzer/ws_moveit/install/moveit_resources_pr2_description/share/moveit_resources_pr2_description/urdf/meshes/shoulder_v0/shoulder_pan.dae
[1.555s] -- Installing: /home/matteo-melzer/ws_moveit/install/moveit_resources_pr2_description/share/moveit_resources_pr2_description/urdf/meshes/shoulder_v0/shoulder_lift.stl
[1.556s] -- Installing: /home/matteo-melzer/ws_moveit/install/moveit_resources_pr2_description/share/moveit_resources_pr2_description/urdf/meshes/shoulder_v0/shoulder_lift_color.tif
[1.556s] -- Installing: /home/matteo-melzer/ws_moveit/install/moveit_resources_pr2_description/share/moveit_resources_pr2_description/urdf/meshes/shoulder_v0/shoulder_pan.stl
[1.557s] -- Installing: /home/matteo-melzer/ws_moveit/install/moveit_resources_pr2_description/share/moveit_resources_pr2_description/urdf/meshes/shoulder_v0/shoulder_pan_normals.tif
[1.562s] -- Installing: /home/matteo-melzer/ws_moveit/install/moveit_resources_pr2_description/share/moveit_resources_pr2_description/urdf/meshes/shoulder_v0/shoulder_yaw.stl
[1.562s] -- Installing: /home/matteo-melzer/ws_moveit/install/moveit_resources_pr2_description/share/moveit_resources_pr2_description/urdf/meshes/shoulder_v0/shoulder_lift.dae
[1.562s] -- Installing: /home/matteo-melzer/ws_moveit/install/moveit_resources_pr2_description/share/moveit_resources_pr2_description/urdf/meshes/shoulder_v0/shoulder_pan_color.tif
[1.571s] -- Installing: /home/matteo-melzer/ws_moveit/install/moveit_resources_pr2_description/share/moveit_resources_pr2_description/urdf/meshes/shoulder_v0/upper_arm_roll_L.stl
[1.571s] -- Installing: /home/matteo-melzer/ws_moveit/install/moveit_resources_pr2_description/share/moveit_resources_pr2_description/urdf/meshes/shoulder_v0/upper_arm_roll_normals.tif
[1.576s] -- Installing: /home/matteo-melzer/ws_moveit/install/moveit_resources_pr2_description/share/moveit_resources_pr2_description/urdf/meshes/shoulder_v0/upper_arm_roll.stl
[1.576s] -- Installing: /home/matteo-melzer/ws_moveit/install/moveit_resources_pr2_description/share/moveit_resources_pr2_description/urdf/meshes/shoulder_v0/convex
[1.576s] -- Installing: /home/matteo-melzer/ws_moveit/install/moveit_resources_pr2_description/share/moveit_resources_pr2_description/urdf/meshes/shoulder_v0/convex/upper_arm_roll.xml
[1.576s] -- Installing: /home/matteo-melzer/ws_moveit/install/moveit_resources_pr2_description/share/moveit_resources_pr2_description/urdf/meshes/shoulder_v0/convex/upper_arm_roll_convex.stlb
[1.576s] -- Installing: /home/matteo-melzer/ws_moveit/install/moveit_resources_pr2_description/share/moveit_resources_pr2_description/urdf/meshes/shoulder_v0/convex/shoulder_pan_convex.stla
[1.577s] -- Installing: /home/matteo-melzer/ws_moveit/install/moveit_resources_pr2_description/share/moveit_resources_pr2_description/urdf/meshes/shoulder_v0/convex/shoulder_pan.dae
[1.577s] -- Installing: /home/matteo-melzer/ws_moveit/install/moveit_resources_pr2_description/share/moveit_resources_pr2_description/urdf/meshes/shoulder_v0/convex/shoulder_lift_convex.stla
[1.577s] -- Installing: /home/matteo-melzer/ws_moveit/install/moveit_resources_pr2_description/share/moveit_resources_pr2_description/urdf/meshes/shoulder_v0/convex/shoulder_yaw_convex.stla
[1.579s] -- Installing: /home/matteo-melzer/ws_moveit/install/moveit_resources_pr2_description/share/moveit_resources_pr2_description/urdf/meshes/shoulder_v0/convex/shoulder_pan.xml
[1.579s] -- Installing: /home/matteo-melzer/ws_moveit/install/moveit_resources_pr2_description/share/moveit_resources_pr2_description/urdf/meshes/shoulder_v0/convex/shoulder_yaw_convex.stlb
[1.580s] -- Installing: /home/matteo-melzer/ws_moveit/install/moveit_resources_pr2_description/share/moveit_resources_pr2_description/urdf/meshes/shoulder_v0/convex/shoulder_yaw.dae
[1.580s] -- Installing: /home/matteo-melzer/ws_moveit/install/moveit_resources_pr2_description/share/moveit_resources_pr2_description/urdf/meshes/shoulder_v0/convex/shoulder_yaw.xml
[1.580s] -- Installing: /home/matteo-melzer/ws_moveit/install/moveit_resources_pr2_description/share/moveit_resources_pr2_description/urdf/meshes/shoulder_v0/convex/upper_arm_roll_L_convex.stla
[1.580s] -- Installing: /home/matteo-melzer/ws_moveit/install/moveit_resources_pr2_description/share/moveit_resources_pr2_description/urdf/meshes/shoulder_v0/convex/upper_arm_roll_convex.stla
[1.581s] -- Installing: /home/matteo-melzer/ws_moveit/install/moveit_resources_pr2_description/share/moveit_resources_pr2_description/urdf/meshes/shoulder_v0/convex/shoulder_pan_convex.stlb
[1.581s] -- Installing: /home/matteo-melzer/ws_moveit/install/moveit_resources_pr2_description/share/moveit_resources_pr2_description/urdf/meshes/shoulder_v0/convex/shoulder_lift.dae
[1.582s] -- Installing: /home/matteo-melzer/ws_moveit/install/moveit_resources_pr2_description/share/moveit_resources_pr2_description/urdf/meshes/shoulder_v0/convex/shoulder_lift_convex.stlb
[1.582s] -- Installing: /home/matteo-melzer/ws_moveit/install/moveit_resources_pr2_description/share/moveit_resources_pr2_description/urdf/meshes/shoulder_v0/convex/shoulder_lift.xml
[1.582s] -- Installing: /home/matteo-melzer/ws_moveit/install/moveit_resources_pr2_description/share/moveit_resources_pr2_description/urdf/meshes/shoulder_v0/convex/upper_arm_roll_L.dae
[1.583s] -- Installing: /home/matteo-melzer/ws_moveit/install/moveit_resources_pr2_description/share/moveit_resources_pr2_description/urdf/meshes/shoulder_v0/convex/upper_arm_roll_L_convex.stlb
[1.583s] -- Installing: /home/matteo-melzer/ws_moveit/install/moveit_resources_pr2_description/share/moveit_resources_pr2_description/urdf/meshes/shoulder_v0/convex/upper_arm_roll_L.xml
[1.583s] -- Installing: /home/matteo-melzer/ws_moveit/install/moveit_resources_pr2_description/share/moveit_resources_pr2_description/urdf/meshes/shoulder_v0/convex/upper_arm_roll.dae
[1.584s] -- Installing: /home/matteo-melzer/ws_moveit/install/moveit_resources_pr2_description/share/moveit_resources_pr2_description/urdf/meshes/shoulder_v0/upper_arm_roll.dae
[1.584s] -- Installing: /home/matteo-melzer/ws_moveit/install/moveit_resources_pr2_description/share/moveit_resources_pr2_description/urdf/meshes/sensors
[1.584s] -- Installing: /home/matteo-melzer/ws_moveit/install/moveit_resources_pr2_description/share/moveit_resources_pr2_description/urdf/meshes/sensors/kinect_prosilica_v0
[1.586s] -- Installing: /home/matteo-melzer/ws_moveit/install/moveit_resources_pr2_description/share/moveit_resources_pr2_description/urdf/meshes/sensors/kinect_prosilica_v0/115x100_swept_back--coarse.STL
[1.590s] -- Installing: /home/matteo-melzer/ws_moveit/install/moveit_resources_pr2_description/share/moveit_resources_pr2_description/urdf/meshes/sensors/kinect_prosilica_v0/115x100_swept_fwd_no_sensors--coarse.STL
[1.591s] -- Installing: /home/matteo-melzer/ws_moveit/install/moveit_resources_pr2_description/share/moveit_resources_pr2_description/urdf/meshes/sensors/kinect_prosilica_v0/68-04546_Kinect_Sensor--coarse.STL
[1.592s] -- Installing: /home/matteo-melzer/ws_moveit/install/moveit_resources_pr2_description/share/moveit_resources_pr2_description/urdf/meshes/sensors/kinect_prosilica_v0/115x100_swept_fwd--coarse.STL
[1.597s] -- Installing: /home/matteo-melzer/ws_moveit/install/moveit_resources_pr2_description/share/moveit_resources_pr2_description/urdf/meshes/sensors/kinect_prosilica_v0/115x100_swept_back_no_sensors--coarse.STL
[1.598s] -- Installing: /home/matteo-melzer/ws_moveit/install/moveit_resources_pr2_description/share/moveit_resources_pr2_description/urdf/meshes/sensors/kinect_prosilica_v0/Prosilica_w_Lens--coarse.STL
[1.602s] -- Installing: /home/matteo-melzer/ws_moveit/install/moveit_resources_pr2_description/share/moveit_resources_pr2_description/urdf/meshes/sensors/kinect_v0
[1.603s] -- Installing: /home/matteo-melzer/ws_moveit/install/moveit_resources_pr2_description/share/moveit_resources_pr2_description/urdf/meshes/sensors/kinect_v0/kinect_color.tga
[1.603s] -- Installing: /home/matteo-melzer/ws_moveit/install/moveit_resources_pr2_description/share/moveit_resources_pr2_description/urdf/meshes/sensors/kinect_v0/kinect.dae
[1.603s] -- Installing: /home/matteo-melzer/ws_moveit/install/moveit_resources_pr2_description/share/moveit_resources_pr2_description/urdf/meshes/sensors/kinect_v0/kinect_mount.stl
[1.604s] -- Installing: /home/matteo-melzer/ws_moveit/install/moveit_resources_pr2_description/share/moveit_resources_pr2_description/urdf/meshes/sensors/kinect_v0/kinect.tga
[1.604s] -- Installing: /home/matteo-melzer/ws_moveit/install/moveit_resources_pr2_description/share/moveit_resources_pr2_description/urdf/meshes/base_v0
[1.608s] -- Installing: /home/matteo-melzer/ws_moveit/install/moveit_resources_pr2_description/share/moveit_resources_pr2_description/urdf/meshes/base_v0/wheel.stl
[1.608s] -- Installing: /home/matteo-melzer/ws_moveit/install/moveit_resources_pr2_description/share/moveit_resources_pr2_description/urdf/meshes/base_v0/base.dae
[1.608s] -- Installing: /home/matteo-melzer/ws_moveit/install/moveit_resources_pr2_description/share/moveit_resources_pr2_description/urdf/meshes/base_v0/wheel_normals.tif
[1.609s] -- Installing: /home/matteo-melzer/ws_moveit/install/moveit_resources_pr2_description/share/moveit_resources_pr2_description/urdf/meshes/base_v0/base_L.stl
[1.609s] -- Installing: /home/matteo-melzer/ws_moveit/install/moveit_resources_pr2_description/share/moveit_resources_pr2_description/urdf/meshes/base_v0/wheel_h.dae
[1.614s] -- Installing: /home/matteo-melzer/ws_moveit/install/moveit_resources_pr2_description/share/moveit_resources_pr2_description/urdf/meshes/base_v0/wheel_color.tif
[1.615s] -- Installing: /home/matteo-melzer/ws_moveit/install/moveit_resources_pr2_description/share/moveit_resources_pr2_description/urdf/meshes/base_v0/caster.stl
[1.615s] -- Installing: /home/matteo-melzer/ws_moveit/install/moveit_resources_pr2_description/share/moveit_resources_pr2_description/urdf/meshes/base_v0/base.stl
[1.615s] -- Installing: /home/matteo-melzer/ws_moveit/install/moveit_resources_pr2_description/share/moveit_resources_pr2_description/urdf/meshes/base_v0/wheel_h_color.tif
[1.616s] -- Installing: /home/matteo-melzer/ws_moveit/install/moveit_resources_pr2_description/share/moveit_resources_pr2_description/urdf/meshes/base_v0/pr2_wheel.stl
[1.616s] -- Installing: /home/matteo-melzer/ws_moveit/install/moveit_resources_pr2_description/share/moveit_resources_pr2_description/urdf/meshes/base_v0/base_normals.tif
[1.622s] -- Installing: /home/matteo-melzer/ws_moveit/install/moveit_resources_pr2_description/share/moveit_resources_pr2_description/urdf/meshes/base_v0/wheel.dae
[1.623s] -- Installing: /home/matteo-melzer/ws_moveit/install/moveit_resources_pr2_description/share/moveit_resources_pr2_description/urdf/meshes/base_v0/caster_L.stl
[1.623s] -- Installing: /home/matteo-melzer/ws_moveit/install/moveit_resources_pr2_description/share/moveit_resources_pr2_description/urdf/meshes/base_v0/base_color.tif
[1.623s] -- Installing: /home/matteo-melzer/ws_moveit/install/moveit_resources_pr2_description/share/moveit_resources_pr2_description/urdf/meshes/base_v0/convex
[1.623s] -- Installing: /home/matteo-melzer/ws_moveit/install/moveit_resources_pr2_description/share/moveit_resources_pr2_description/urdf/meshes/base_v0/convex/base_L_convex.stlb
[1.623s] -- Installing: /home/matteo-melzer/ws_moveit/install/moveit_resources_pr2_description/share/moveit_resources_pr2_description/urdf/meshes/base_v0/convex/caster_L.xml
[1.624s] -- Installing: /home/matteo-melzer/ws_moveit/install/moveit_resources_pr2_description/share/moveit_resources_pr2_description/urdf/meshes/base_v0/convex/pr2_wheel_convex.stlb
[1.625s] -- Installing: /home/matteo-melzer/ws_moveit/install/moveit_resources_pr2_description/share/moveit_resources_pr2_description/urdf/meshes/base_v0/convex/base_L.dae
[1.625s] -- Installing: /home/matteo-melzer/ws_moveit/install/moveit_resources_pr2_description/share/moveit_resources_pr2_description/urdf/meshes/base_v0/convex/base.dae
[1.625s] -- Installing: /home/matteo-melzer/ws_moveit/install/moveit_resources_pr2_description/share/moveit_resources_pr2_description/urdf/meshes/base_v0/convex/caster.dae
[1.625s] -- Installing: /home/matteo-melzer/ws_moveit/install/moveit_resources_pr2_description/share/moveit_resources_pr2_description/urdf/meshes/base_v0/convex/caster_L.dae
[1.626s] -- Installing: /home/matteo-melzer/ws_moveit/install/moveit_resources_pr2_description/share/moveit_resources_pr2_description/urdf/meshes/base_v0/convex/base_convex.stla
[1.626s] -- Installing: /home/matteo-melzer/ws_moveit/install/moveit_resources_pr2_description/share/moveit_resources_pr2_description/urdf/meshes/base_v0/convex/caster.xml
[1.626s] -- Installing: /home/matteo-melzer/ws_moveit/install/moveit_resources_pr2_description/share/moveit_resources_pr2_description/urdf/meshes/base_v0/convex/wheel.xml
[1.626s] -- Installing: /home/matteo-melzer/ws_moveit/install/moveit_resources_pr2_description/share/moveit_resources_pr2_description/urdf/meshes/base_v0/convex/wheel_convex.stla
[1.626s] -- Installing: /home/matteo-melzer/ws_moveit/install/moveit_resources_pr2_description/share/moveit_resources_pr2_description/urdf/meshes/base_v0/convex/caster_L_convex.stla
[1.627s] -- Installing: /home/matteo-melzer/ws_moveit/install/moveit_resources_pr2_description/share/moveit_resources_pr2_description/urdf/meshes/base_v0/convex/caster_convex.stla
[1.627s] -- Installing: /home/matteo-melzer/ws_moveit/install/moveit_resources_pr2_description/share/moveit_resources_pr2_description/urdf/meshes/base_v0/convex/wheel.dae
[1.627s] -- Installing: /home/matteo-melzer/ws_moveit/install/moveit_resources_pr2_description/share/moveit_resources_pr2_description/urdf/meshes/base_v0/convex/base_convex.stlb
[1.628s] -- Installing: /home/matteo-melzer/ws_moveit/install/moveit_resources_pr2_description/share/moveit_resources_pr2_description/urdf/meshes/base_v0/convex/base_L_convex.stla
[1.628s] -- Installing: /home/matteo-melzer/ws_moveit/install/moveit_resources_pr2_description/share/moveit_resources_pr2_description/urdf/meshes/base_v0/convex/base_L.xml
[1.628s] -- Installing: /home/matteo-melzer/ws_moveit/install/moveit_resources_pr2_description/share/moveit_resources_pr2_description/urdf/meshes/base_v0/convex/caster_L_convex.stlb
[1.628s] -- Installing: /home/matteo-melzer/ws_moveit/install/moveit_resources_pr2_description/share/moveit_resources_pr2_description/urdf/meshes/base_v0/convex/pr2_wheel.xml
[1.629s] -- Installing: /home/matteo-melzer/ws_moveit/install/moveit_resources_pr2_description/share/moveit_resources_pr2_description/urdf/meshes/base_v0/convex/pr2_wheel_convex.stla
[1.629s] -- Installing: /home/matteo-melzer/ws_moveit/install/moveit_resources_pr2_description/share/moveit_resources_pr2_description/urdf/meshes/base_v0/convex/base.xml
[1.629s] -- Installing: /home/matteo-melzer/ws_moveit/install/moveit_resources_pr2_description/share/moveit_resources_pr2_description/urdf/meshes/base_v0/convex/caster_convex.stlb
[1.629s] -- Installing: /home/matteo-melzer/ws_moveit/install/moveit_resources_pr2_description/share/moveit_resources_pr2_description/urdf/meshes/base_v0/convex/pr2_wheel.dae
[1.630s] -- Installing: /home/matteo-melzer/ws_moveit/install/moveit_resources_pr2_description/share/moveit_resources_pr2_description/urdf/meshes/base_v0/convex/wheel_convex.stlb
[1.630s] -- Installing: /home/matteo-melzer/ws_moveit/install/moveit_resources_pr2_description/share/moveit_resources_pr2_description/urdf/meshes/head_v0
[1.630s] -- Installing: /home/matteo-melzer/ws_moveit/install/moveit_resources_pr2_description/share/moveit_resources_pr2_description/urdf/meshes/head_v0/head_pan_normals.tif
[1.636s] -- Installing: /home/matteo-melzer/ws_moveit/install/moveit_resources_pr2_description/share/moveit_resources_pr2_description/urdf/meshes/head_v0/head_tilt_green.tif
[1.637s] -- Installing: /home/matteo-melzer/ws_moveit/install/moveit_resources_pr2_description/share/moveit_resources_pr2_description/urdf/meshes/head_v0/head_tilt_color_yellow.tif
[1.638s] -- Installing: /home/matteo-melzer/ws_moveit/install/moveit_resources_pr2_description/share/moveit_resources_pr2_description/urdf/meshes/head_v0/head_pan_L.stl
[1.638s] -- Installing: /home/matteo-melzer/ws_moveit/install/moveit_resources_pr2_description/share/moveit_resources_pr2_description/urdf/meshes/head_v0/head_pan.dae
[1.638s] -- Installing: /home/matteo-melzer/ws_moveit/install/moveit_resources_pr2_description/share/moveit_resources_pr2_description/urdf/meshes/head_v0/head_tilt_normals.tif
[1.639s] -- Installing: /home/matteo-melzer/ws_moveit/install/moveit_resources_pr2_description/share/moveit_resources_pr2_description/urdf/meshes/head_v0/head_tilt.dae
[1.640s] -- Installing: /home/matteo-melzer/ws_moveit/install/moveit_resources_pr2_description/share/moveit_resources_pr2_description/urdf/meshes/head_v0/head_tilt_color.tif
[1.647s] -- Installing: /home/matteo-melzer/ws_moveit/install/moveit_resources_pr2_description/share/moveit_resources_pr2_description/urdf/meshes/head_v0/head_tilt_color_red.tif
[1.648s] -- Installing: /home/matteo-melzer/ws_moveit/install/moveit_resources_pr2_description/share/moveit_resources_pr2_description/urdf/meshes/head_v0/head_tilt_L.stl
[1.648s] -- Installing: /home/matteo-melzer/ws_moveit/install/moveit_resources_pr2_description/share/moveit_resources_pr2_description/urdf/meshes/head_v0/head_pan_color.tif
[1.649s] -- Installing: /home/matteo-melzer/ws_moveit/install/moveit_resources_pr2_description/share/moveit_resources_pr2_description/urdf/meshes/head_v0/head_tilt.stl
[1.649s] -- Installing: /home/matteo-melzer/ws_moveit/install/moveit_resources_pr2_description/share/moveit_resources_pr2_description/urdf/meshes/head_v0/convex
[1.649s] -- Installing: /home/matteo-melzer/ws_moveit/install/moveit_resources_pr2_description/share/moveit_resources_pr2_description/urdf/meshes/head_v0/convex/head_tilt.xml
[1.649s] -- Installing: /home/matteo-melzer/ws_moveit/install/moveit_resources_pr2_description/share/moveit_resources_pr2_description/urdf/meshes/head_v0/convex/head_tilt_L.xml
[1.649s] -- Installing: /home/matteo-melzer/ws_moveit/install/moveit_resources_pr2_description/share/moveit_resources_pr2_description/urdf/meshes/head_v0/convex/head_pan_L_convex.stlb
[1.650s] -- Installing: /home/matteo-melzer/ws_moveit/install/moveit_resources_pr2_description/share/moveit_resources_pr2_description/urdf/meshes/head_v0/convex/head_pan.dae
[1.650s] -- Installing: /home/matteo-melzer/ws_moveit/install/moveit_resources_pr2_description/share/moveit_resources_pr2_description/urdf/meshes/head_v0/convex/head_tilt_L.dae
[1.650s] -- Installing: /home/matteo-melzer/ws_moveit/install/moveit_resources_pr2_description/share/moveit_resources_pr2_description/urdf/meshes/head_v0/convex/head_pan_L_convex.stla
[1.650s] -- Installing: /home/matteo-melzer/ws_moveit/install/moveit_resources_pr2_description/share/moveit_resources_pr2_description/urdf/meshes/head_v0/convex/head_tilt_convex.stlb
[1.651s] -- Installing: /home/matteo-melzer/ws_moveit/install/moveit_resources_pr2_description/share/moveit_resources_pr2_description/urdf/meshes/head_v0/convex/head_tilt.dae
[1.651s] -- Installing: /home/matteo-melzer/ws_moveit/install/moveit_resources_pr2_description/share/moveit_resources_pr2_description/urdf/meshes/head_v0/convex/head_pan_convex.stla
[1.651s] -- Installing: /home/matteo-melzer/ws_moveit/install/moveit_resources_pr2_description/share/moveit_resources_pr2_description/urdf/meshes/head_v0/convex/head_tilt_convex.stla
[1.652s] -- Installing: /home/matteo-melzer/ws_moveit/install/moveit_resources_pr2_description/share/moveit_resources_pr2_description/urdf/meshes/head_v0/convex/head_tilt_L_convex.stla
[1.652s] -- Installing: /home/matteo-melzer/ws_moveit/install/moveit_resources_pr2_description/share/moveit_resources_pr2_description/urdf/meshes/head_v0/convex/head_pan_L.dae
[1.652s] -- Installing: /home/matteo-melzer/ws_moveit/install/moveit_resources_pr2_description/share/moveit_resources_pr2_description/urdf/meshes/head_v0/convex/head_pan.xml
[1.652s] -- Installing: /home/matteo-melzer/ws_moveit/install/moveit_resources_pr2_description/share/moveit_resources_pr2_description/urdf/meshes/head_v0/convex/head_pan_L.xml
[1.653s] -- Installing: /home/matteo-melzer/ws_moveit/install/moveit_resources_pr2_description/share/moveit_resources_pr2_description/urdf/meshes/head_v0/convex/head_pan_convex.stlb
[1.653s] -- Installing: /home/matteo-melzer/ws_moveit/install/moveit_resources_pr2_description/share/moveit_resources_pr2_description/urdf/meshes/head_v0/convex/head_tilt_L_convex.stlb
[1.654s] -- Installing: /home/matteo-melzer/ws_moveit/install/moveit_resources_pr2_description/share/moveit_resources_pr2_description/urdf/meshes/head_v0/head_pan.stl
[1.655s] -- Installing: /home/matteo-melzer/ws_moveit/install/moveit_resources_pr2_description/share/moveit_resources_pr2_description/urdf/meshes/gripper_v0
[1.655s] -- Installing: /home/matteo-melzer/ws_moveit/install/moveit_resources_pr2_description/share/moveit_resources_pr2_description/urdf/meshes/gripper_v0/finger_tip_r.stl
[1.655s] -- Installing: /home/matteo-melzer/ws_moveit/install/moveit_resources_pr2_description/share/moveit_resources_pr2_description/urdf/meshes/gripper_v0/upper_finger_r.stl
[1.655s] -- Installing: /home/matteo-melzer/ws_moveit/install/moveit_resources_pr2_description/share/moveit_resources_pr2_description/urdf/meshes/gripper_v0/upper_finger_l.stl
[1.656s] -- Installing: /home/matteo-melzer/ws_moveit/install/moveit_resources_pr2_description/share/moveit_resources_pr2_description/urdf/meshes/gripper_v0/palm_H_Color_100430.tif
[1.656s] -- Installing: /home/matteo-melzer/ws_moveit/install/moveit_resources_pr2_description/share/moveit_resources_pr2_description/urdf/meshes/gripper_v0/finger_tip_pad2_r.stl
[1.656s] -- Installing: /home/matteo-melzer/ws_moveit/install/moveit_resources_pr2_description/share/moveit_resources_pr2_description/urdf/meshes/gripper_v0/l_finger_tip.stl
[1.656s] -- Installing: /home/matteo-melzer/ws_moveit/install/moveit_resources_pr2_description/share/moveit_resources_pr2_description/urdf/meshes/gripper_v0/gripper_palm.dae
[1.656s] -- Installing: /home/matteo-melzer/ws_moveit/install/moveit_resources_pr2_description/share/moveit_resources_pr2_description/urdf/meshes/gripper_v0/gripper_palm_normals.tif
[1.660s] -- Installing: /home/matteo-melzer/ws_moveit/install/moveit_resources_pr2_description/share/moveit_resources_pr2_description/urdf/meshes/gripper_v0/l_float.dae
[1.660s] -- Installing: /home/matteo-melzer/ws_moveit/install/moveit_resources_pr2_description/share/moveit_resources_pr2_description/urdf/meshes/gripper_v0/float_H_UV_100430.dae
[1.663s] -- Installing: /home/matteo-melzer/ws_moveit/install/moveit_resources_pr2_description/share/moveit_resources_pr2_description/urdf/meshes/gripper_v0/float_H_Color_100430.tif
[1.666s] -- Installing: /home/matteo-melzer/ws_moveit/install/moveit_resources_pr2_description/share/moveit_resources_pr2_description/urdf/meshes/gripper_v0/l_float_normals.tif
[1.668s] -- Installing: /home/matteo-melzer/ws_moveit/install/moveit_resources_pr2_description/share/moveit_resources_pr2_description/urdf/meshes/gripper_v0/l_finger_tip_normals.tif
[1.669s] -- Installing: /home/matteo-melzer/ws_moveit/install/moveit_resources_pr2_description/share/moveit_resources_pr2_description/urdf/meshes/gripper_v0/l_float_color.tif
[1.670s] -- Installing: /home/matteo-melzer/ws_moveit/install/moveit_resources_pr2_description/share/moveit_resources_pr2_description/urdf/meshes/gripper_v0/l_finger.stl
[1.670s] -- Installing: /home/matteo-melzer/ws_moveit/install/moveit_resources_pr2_description/share/moveit_resources_pr2_description/urdf/meshes/gripper_v0/finger_tip_H_UV_100430.dae
[1.673s] -- Installing: /home/matteo-melzer/ws_moveit/install/moveit_resources_pr2_description/share/moveit_resources_pr2_description/urdf/meshes/gripper_v0/l_finger.dae
[1.676s] -- Installing: /home/matteo-melzer/ws_moveit/install/moveit_resources_pr2_description/share/moveit_resources_pr2_description/urdf/meshes/gripper_v0/finger_H_UV_100430.dae
[1.679s] -- Installing: /home/matteo-melzer/ws_moveit/install/moveit_resources_pr2_description/share/moveit_resources_pr2_description/urdf/meshes/gripper_v0/l_floating.stl
[1.679s] -- Installing: /home/matteo-melzer/ws_moveit/install/moveit_resources_pr2_description/share/moveit_resources_pr2_description/urdf/meshes/gripper_v0/palm_H_UV_100430.dae
[1.682s] -- Installing: /home/matteo-melzer/ws_moveit/install/moveit_resources_pr2_description/share/moveit_resources_pr2_description/urdf/meshes/gripper_v0/l_finger_tip_color.tif
[1.682s] -- Installing: /home/matteo-melzer/ws_moveit/install/moveit_resources_pr2_description/share/moveit_resources_pr2_description/urdf/meshes/gripper_v0/l_finger_normals.tif
[1.684s] -- Installing: /home/matteo-melzer/ws_moveit/install/moveit_resources_pr2_description/share/moveit_resources_pr2_description/urdf/meshes/gripper_v0/gripper_palm_color.tif
[1.684s] -- Installing: /home/matteo-melzer/ws_moveit/install/moveit_resources_pr2_description/share/moveit_resources_pr2_description/urdf/meshes/gripper_v0/l_finger_color.tif
[1.685s] -- Installing: /home/matteo-melzer/ws_moveit/install/moveit_resources_pr2_description/share/moveit_resources_pr2_description/urdf/meshes/gripper_v0/finger_tip_l.stl
[1.685s] -- Installing: /home/matteo-melzer/ws_moveit/install/moveit_resources_pr2_description/share/moveit_resources_pr2_description/urdf/meshes/gripper_v0/finger_H_Color_100430.tif
[1.685s] -- Installing: /home/matteo-melzer/ws_moveit/install/moveit_resources_pr2_description/share/moveit_resources_pr2_description/urdf/meshes/gripper_v0/l_finger_tip.dae
[1.685s] -- Installing: /home/matteo-melzer/ws_moveit/install/moveit_resources_pr2_description/share/moveit_resources_pr2_description/urdf/meshes/gripper_v0/finger_tip_pad2_l.stl
[1.686s] -- Installing: /home/matteo-melzer/ws_moveit/install/moveit_resources_pr2_description/share/moveit_resources_pr2_description/urdf/meshes/gripper_v0/fingertip_H_Color_100430.tif
[1.690s] -- Installing: /home/matteo-melzer/ws_moveit/install/moveit_resources_pr2_description/share/moveit_resources_pr2_description/urdf/meshes/gripper_v0/convex
[1.690s] -- Installing: /home/matteo-melzer/ws_moveit/install/moveit_resources_pr2_description/share/moveit_resources_pr2_description/urdf/meshes/gripper_v0/convex/l_floating_convex.stlb
[1.691s] -- Installing: /home/matteo-melzer/ws_moveit/install/moveit_resources_pr2_description/share/moveit_resources_pr2_description/urdf/meshes/gripper_v0/convex/finger_tip_r.dae
[1.691s] -- Installing: /home/matteo-melzer/ws_moveit/install/moveit_resources_pr2_description/share/moveit_resources_pr2_description/urdf/meshes/gripper_v0/convex/upper_finger_l.dae
[1.691s] -- Installing: /home/matteo-melzer/ws_moveit/install/moveit_resources_pr2_description/share/moveit_resources_pr2_description/urdf/meshes/gripper_v0/convex/upper_finger_r.xml
[1.691s] -- Installing: /home/matteo-melzer/ws_moveit/install/moveit_resources_pr2_description/share/moveit_resources_pr2_description/urdf/meshes/gripper_v0/convex/finger_tip_pad2_r.xml
[1.691s] -- Installing: /home/matteo-melzer/ws_moveit/install/moveit_resources_pr2_description/share/moveit_resources_pr2_description/urdf/meshes/gripper_v0/convex/l_finger_tip.xml
[1.691s] -- Installing: /home/matteo-melzer/ws_moveit/install/moveit_resources_pr2_description/share/moveit_resources_pr2_description/urdf/meshes/gripper_v0/convex/l_finger_convex.stla
[1.691s] -- Installing: /home/matteo-melzer/ws_moveit/install/moveit_resources_pr2_description/share/moveit_resources_pr2_description/urdf/meshes/gripper_v0/convex/finger_tip_r_convex.stla
[1.691s] -- Installing: /home/matteo-melzer/ws_moveit/install/moveit_resources_pr2_description/share/moveit_resources_pr2_description/urdf/meshes/gripper_v0/convex/l_floating.dae
[1.691s] -- Installing: /home/matteo-melzer/ws_moveit/install/moveit_resources_pr2_description/share/moveit_resources_pr2_description/urdf/meshes/gripper_v0/convex/l_finger.xml
[1.691s] -- Installing: /home/matteo-melzer/ws_moveit/install/moveit_resources_pr2_description/share/moveit_resources_pr2_description/urdf/meshes/gripper_v0/convex/gripper_palm.dae
[1.691s] -- Installing: /home/matteo-melzer/ws_moveit/install/moveit_resources_pr2_description/share/moveit_resources_pr2_description/urdf/meshes/gripper_v0/convex/upper_finger_r_convex.stla
[1.691s] -- Installing: /home/matteo-melzer/ws_moveit/install/moveit_resources_pr2_description/share/moveit_resources_pr2_description/urdf/meshes/gripper_v0/convex/finger_tip_pad2_l.dae
[1.691s] -- Installing: /home/matteo-melzer/ws_moveit/install/moveit_resources_pr2_description/share/moveit_resources_pr2_description/urdf/meshes/gripper_v0/convex/finger_tip_pad2_l.xml
[1.691s] -- Installing: /home/matteo-melzer/ws_moveit/install/moveit_resources_pr2_description/share/moveit_resources_pr2_description/urdf/meshes/gripper_v0/convex/finger_tip_l_convex.stla
[1.691s] -- Installing: /home/matteo-melzer/ws_moveit/install/moveit_resources_pr2_description/share/moveit_resources_pr2_description/urdf/meshes/gripper_v0/convex/l_floating.xml
[1.691s] -- Installing: /home/matteo-melzer/ws_moveit/install/moveit_resources_pr2_description/share/moveit_resources_pr2_description/urdf/meshes/gripper_v0/convex/l_floating_convex.stla
[1.692s] -- Installing: /home/matteo-melzer/ws_moveit/install/moveit_resources_pr2_description/share/moveit_resources_pr2_description/urdf/meshes/gripper_v0/convex/upper_finger_r.dae
[1.692s] -- Installing: /home/matteo-melzer/ws_moveit/install/moveit_resources_pr2_description/share/moveit_resources_pr2_description/urdf/meshes/gripper_v0/convex/upper_finger_r_convex.stlb
[1.692s] -- Installing: /home/matteo-melzer/ws_moveit/install/moveit_resources_pr2_description/share/moveit_resources_pr2_description/urdf/meshes/gripper_v0/convex/gripper_palm.xml
[1.692s] -- Installing: /home/matteo-melzer/ws_moveit/install/moveit_resources_pr2_description/share/moveit_resources_pr2_description/urdf/meshes/gripper_v0/convex/finger_tip_pad2_r_convex.stlb
[1.693s] -- Installing: /home/matteo-melzer/ws_moveit/install/moveit_resources_pr2_description/share/moveit_resources_pr2_description/urdf/meshes/gripper_v0/convex/l_finger_tip_convex.stla
[1.693s] -- Installing: /home/matteo-melzer/ws_moveit/install/moveit_resources_pr2_description/share/moveit_resources_pr2_description/urdf/meshes/gripper_v0/convex/finger_tip_l_convex.stlb
[1.693s] -- Installing: /home/matteo-melzer/ws_moveit/install/moveit_resources_pr2_description/share/moveit_resources_pr2_description/urdf/meshes/gripper_v0/convex/l_finger.dae
[1.693s] -- Installing: /home/matteo-melzer/ws_moveit/install/moveit_resources_pr2_description/share/moveit_resources_pr2_description/urdf/meshes/gripper_v0/convex/upper_finger_l_convex.stlb
[1.693s] -- Installing: /home/matteo-melzer/ws_moveit/install/moveit_resources_pr2_description/share/moveit_resources_pr2_description/urdf/meshes/gripper_v0/convex/l_finger_tip_convex.stlb
[1.693s] -- Installing: /home/matteo-melzer/ws_moveit/install/moveit_resources_pr2_description/share/moveit_resources_pr2_description/urdf/meshes/gripper_v0/convex/gripper_palm_convex.stlb
[1.693s] -- Installing: /home/matteo-melzer/ws_moveit/install/moveit_resources_pr2_description/share/moveit_resources_pr2_description/urdf/meshes/gripper_v0/convex/upper_finger_l.xml
[1.694s] -- Installing: /home/matteo-melzer/ws_moveit/install/moveit_resources_pr2_description/share/moveit_resources_pr2_description/urdf/meshes/gripper_v0/convex/finger_tip_r_convex.stlb
[1.694s] -- Installing: /home/matteo-melzer/ws_moveit/install/moveit_resources_pr2_description/share/moveit_resources_pr2_description/urdf/meshes/gripper_v0/convex/l_finger_tip.dae
[1.694s] -- Installing: /home/matteo-melzer/ws_moveit/install/moveit_resources_pr2_description/share/moveit_resources_pr2_description/urdf/meshes/gripper_v0/convex/finger_tip_pad2_r_convex.stla
[1.694s] -- Installing: /home/matteo-melzer/ws_moveit/install/moveit_resources_pr2_description/share/moveit_resources_pr2_description/urdf/meshes/gripper_v0/convex/finger_tip_l.xml
[1.695s] -- Installing: /home/matteo-melzer/ws_moveit/install/moveit_resources_pr2_description/share/moveit_resources_pr2_description/urdf/meshes/gripper_v0/convex/upper_finger_l_convex.stla
[1.695s] -- Installing: /home/matteo-melzer/ws_moveit/install/moveit_resources_pr2_description/share/moveit_resources_pr2_description/urdf/meshes/gripper_v0/convex/gripper_palm_convex.stla
[1.695s] -- Installing: /home/matteo-melzer/ws_moveit/install/moveit_resources_pr2_description/share/moveit_resources_pr2_description/urdf/meshes/gripper_v0/convex/finger_tip_r.xml
[1.695s] -- Installing: /home/matteo-melzer/ws_moveit/install/moveit_resources_pr2_description/share/moveit_resources_pr2_description/urdf/meshes/gripper_v0/convex/finger_tip_pad2_l_convex.stla
[1.696s] -- Installing: /home/matteo-melzer/ws_moveit/install/moveit_resources_pr2_description/share/moveit_resources_pr2_description/urdf/meshes/gripper_v0/convex/finger_tip_pad2_l_convex.stlb
[1.696s] -- Installing: /home/matteo-melzer/ws_moveit/install/moveit_resources_pr2_description/share/moveit_resources_pr2_description/urdf/meshes/gripper_v0/convex/finger_tip_l.dae
[1.697s] -- Installing: /home/matteo-melzer/ws_moveit/install/moveit_resources_pr2_description/share/moveit_resources_pr2_description/urdf/meshes/gripper_v0/convex/l_finger_convex.stlb
[1.697s] -- Installing: /home/matteo-melzer/ws_moveit/install/moveit_resources_pr2_description/share/moveit_resources_pr2_description/urdf/meshes/gripper_v0/convex/finger_tip_pad2_r.dae
[1.697s] -- Installing: /home/matteo-melzer/ws_moveit/install/moveit_resources_pr2_description/share/moveit_resources_pr2_description/urdf/meshes/gripper_v0/gripper_palm.stl
[1.700s] -- Installing: /home/matteo-melzer/ws_moveit/install/moveit_resources_pr2_description/share/moveit_resources_pr2_description/urdf/meshes/torso_v0
[1.700s] -- Installing: /home/matteo-melzer/ws_moveit/install/moveit_resources_pr2_description/share/moveit_resources_pr2_description/urdf/meshes/torso_v0/torso_lift.dae
[1.700s] -- Installing: /home/matteo-melzer/ws_moveit/install/moveit_resources_pr2_description/share/moveit_resources_pr2_description/urdf/meshes/torso_v0/torso_lift_color.tif
[1.700s] -- Installing: /home/matteo-melzer/ws_moveit/install/moveit_resources_pr2_description/share/moveit_resources_pr2_description/urdf/meshes/torso_v0/torso.stl
[1.700s] -- Installing: /home/matteo-melzer/ws_moveit/install/moveit_resources_pr2_description/share/moveit_resources_pr2_description/urdf/meshes/torso_v0/torso_lift.stl
[1.701s] -- Installing: /home/matteo-melzer/ws_moveit/install/moveit_resources_pr2_description/share/moveit_resources_pr2_description/urdf/meshes/torso_v0/torso_lift_normals.tif
[1.702s] -- Installing: /home/matteo-melzer/ws_moveit/install/moveit_resources_pr2_description/share/moveit_resources_pr2_description/urdf/meshes/torso_v0/torso_lift_L.stl
[1.702s] -- Installing: /home/matteo-melzer/ws_moveit/install/moveit_resources_pr2_description/share/moveit_resources_pr2_description/urdf/meshes/torso_v0/convex
[1.702s] -- Installing: /home/matteo-melzer/ws_moveit/install/moveit_resources_pr2_description/share/moveit_resources_pr2_description/urdf/meshes/torso_v0/convex/torso_convex.stla
[1.702s] -- Installing: /home/matteo-melzer/ws_moveit/install/moveit_resources_pr2_description/share/moveit_resources_pr2_description/urdf/meshes/torso_v0/convex/torso_lift.dae
[1.703s] -- Installing: /home/matteo-melzer/ws_moveit/install/moveit_resources_pr2_description/share/moveit_resources_pr2_description/urdf/meshes/torso_v0/convex/torso_convex.stlb
[1.703s] -- Installing: /home/matteo-melzer/ws_moveit/install/moveit_resources_pr2_description/share/moveit_resources_pr2_description/urdf/meshes/torso_v0/convex/torso.xml
[1.703s] -- Installing: /home/matteo-melzer/ws_moveit/install/moveit_resources_pr2_description/share/moveit_resources_pr2_description/urdf/meshes/torso_v0/convex/torso.dae
[1.703s] -- Installing: /home/matteo-melzer/ws_moveit/install/moveit_resources_pr2_description/share/moveit_resources_pr2_description/urdf/meshes/torso_v0/convex/torso_lift.xml
[1.704s] -- Installing: /home/matteo-melzer/ws_moveit/install/moveit_resources_pr2_description/share/moveit_resources_pr2_description/urdf/meshes/torso_v0/convex/torso_lift_convex.stlb
[1.704s] -- Installing: /home/matteo-melzer/ws_moveit/install/moveit_resources_pr2_description/share/moveit_resources_pr2_description/urdf/meshes/torso_v0/convex/torso_lift_L.dae
[1.704s] -- Installing: /home/matteo-melzer/ws_moveit/install/moveit_resources_pr2_description/share/moveit_resources_pr2_description/urdf/meshes/torso_v0/convex/torso_lift_convex.stla
[1.705s] -- Installing: /home/matteo-melzer/ws_moveit/install/moveit_resources_pr2_description/share/moveit_resources_pr2_description/urdf/meshes/torso_v0/convex/torso_lift_L.xml
[1.705s] -- Installing: /home/matteo-melzer/ws_moveit/install/moveit_resources_pr2_description/share/moveit_resources_pr2_description/urdf/meshes/torso_v0/convex/torso_lift_L_convex.stlb
[1.705s] -- Installing: /home/matteo-melzer/ws_moveit/install/moveit_resources_pr2_description/share/moveit_resources_pr2_description/urdf/meshes/torso_v0/convex/torso_lift_L_convex.stla
[1.705s] -- Installing: /home/matteo-melzer/ws_moveit/install/moveit_resources_pr2_description/share/moveit_resources_pr2_description/urdf/meshes/upper_arm_v0
[1.706s] -- Installing: /home/matteo-melzer/ws_moveit/install/moveit_resources_pr2_description/share/moveit_resources_pr2_description/urdf/meshes/upper_arm_v0/elbow_flex_color.tif
[1.706s] -- Installing: /home/matteo-melzer/ws_moveit/install/moveit_resources_pr2_description/share/moveit_resources_pr2_description/urdf/meshes/upper_arm_v0/upper_arm.stl
[1.707s] -- Installing: /home/matteo-melzer/ws_moveit/install/moveit_resources_pr2_description/share/moveit_resources_pr2_description/urdf/meshes/upper_arm_v0/elbow_flex_normals.tif
[1.711s] -- Installing: /home/matteo-melzer/ws_moveit/install/moveit_resources_pr2_description/share/moveit_resources_pr2_description/urdf/meshes/upper_arm_v0/forearm_roll_L.stl
[1.711s] -- Installing: /home/matteo-melzer/ws_moveit/install/moveit_resources_pr2_description/share/moveit_resources_pr2_description/urdf/meshes/upper_arm_v0/upper_arm_color.tif
[1.712s] -- Installing: /home/matteo-melzer/ws_moveit/install/moveit_resources_pr2_description/share/moveit_resources_pr2_description/urdf/meshes/upper_arm_v0/upper_arm_normals.tif
[1.716s] -- Installing: /home/matteo-melzer/ws_moveit/install/moveit_resources_pr2_description/share/moveit_resources_pr2_description/urdf/meshes/upper_arm_v0/upper_arm.jpg
[1.716s] -- Installing: /home/matteo-melzer/ws_moveit/install/moveit_resources_pr2_description/share/moveit_resources_pr2_description/urdf/meshes/upper_arm_v0/upper_arm.dae
[1.717s] -- Installing: /home/matteo-melzer/ws_moveit/install/moveit_resources_pr2_description/share/moveit_resources_pr2_description/urdf/meshes/upper_arm_v0/elbow_flex.dae
[1.717s] -- Installing: /home/matteo-melzer/ws_moveit/install/moveit_resources_pr2_description/share/moveit_resources_pr2_description/urdf/meshes/upper_arm_v0/elbow_flex.stl
[1.717s] -- Installing: /home/matteo-melzer/ws_moveit/install/moveit_resources_pr2_description/share/moveit_resources_pr2_description/urdf/meshes/upper_arm_v0/forearm_roll.stl
[1.718s] -- Installing: /home/matteo-melzer/ws_moveit/install/moveit_resources_pr2_description/share/moveit_resources_pr2_description/urdf/meshes/upper_arm_v0/convex
[1.718s] -- Installing: /home/matteo-melzer/ws_moveit/install/moveit_resources_pr2_description/share/moveit_resources_pr2_description/urdf/meshes/upper_arm_v0/convex/forearm_roll.dae
[1.718s] -- Installing: /home/matteo-melzer/ws_moveit/install/moveit_resources_pr2_description/share/moveit_resources_pr2_description/urdf/meshes/upper_arm_v0/convex/forearm_roll_L_convex.stla
[1.718s] -- Installing: /home/matteo-melzer/ws_moveit/install/moveit_resources_pr2_description/share/moveit_resources_pr2_description/urdf/meshes/upper_arm_v0/convex/elbow_flex_convex.stlb
[1.719s] -- Installing: /home/matteo-melzer/ws_moveit/install/moveit_resources_pr2_description/share/moveit_resources_pr2_description/urdf/meshes/upper_arm_v0/convex/elbow_flex.xml
[1.719s] -- Installing: /home/matteo-melzer/ws_moveit/install/moveit_resources_pr2_description/share/moveit_resources_pr2_description/urdf/meshes/upper_arm_v0/convex/forearm_roll_convex.stlb
[1.719s] -- Installing: /home/matteo-melzer/ws_moveit/install/moveit_resources_pr2_description/share/moveit_resources_pr2_description/urdf/meshes/upper_arm_v0/convex/upper_arm.xml
[1.719s] -- Installing: /home/matteo-melzer/ws_moveit/install/moveit_resources_pr2_description/share/moveit_resources_pr2_description/urdf/meshes/upper_arm_v0/convex/forearm_roll_L.xml
[1.720s] -- Installing: /home/matteo-melzer/ws_moveit/install/moveit_resources_pr2_description/share/moveit_resources_pr2_description/urdf/meshes/upper_arm_v0/convex/forearm_roll_convex.stla
[1.720s] -- Installing: /home/matteo-melzer/ws_moveit/install/moveit_resources_pr2_description/share/moveit_resources_pr2_description/urdf/meshes/upper_arm_v0/convex/upper_arm_convex.stlb
[1.720s] -- Installing: /home/matteo-melzer/ws_moveit/install/moveit_resources_pr2_description/share/moveit_resources_pr2_description/urdf/meshes/upper_arm_v0/convex/forearm_roll_L.dae
[1.721s] -- Installing: /home/matteo-melzer/ws_moveit/install/moveit_resources_pr2_description/share/moveit_resources_pr2_description/urdf/meshes/upper_arm_v0/convex/upper_arm.dae
[1.721s] -- Installing: /home/matteo-melzer/ws_moveit/install/moveit_resources_pr2_description/share/moveit_resources_pr2_description/urdf/meshes/upper_arm_v0/convex/upper_arm_convex.stla
[1.723s] -- Installing: /home/matteo-melzer/ws_moveit/install/moveit_resources_pr2_description/share/moveit_resources_pr2_description/urdf/meshes/upper_arm_v0/convex/elbow_flex_convex.stla
[1.723s] -- Installing: /home/matteo-melzer/ws_moveit/install/moveit_resources_pr2_description/share/moveit_resources_pr2_description/urdf/meshes/upper_arm_v0/convex/elbow_flex.dae
[1.723s] -- Installing: /home/matteo-melzer/ws_moveit/install/moveit_resources_pr2_description/share/moveit_resources_pr2_description/urdf/meshes/upper_arm_v0/convex/forearm_roll.xml
[1.724s] -- Installing: /home/matteo-melzer/ws_moveit/install/moveit_resources_pr2_description/share/moveit_resources_pr2_description/urdf/meshes/upper_arm_v0/convex/forearm_roll_L_convex.stlb
[1.724s] -- Installing: /home/matteo-melzer/ws_moveit/install/moveit_resources_pr2_description/share/moveit_resources_pr2_description/urdf/meshes/tilting_laser_v0
[1.724s] -- Installing: /home/matteo-melzer/ws_moveit/install/moveit_resources_pr2_description/share/moveit_resources_pr2_description/urdf/meshes/tilting_laser_v0/tilting_hokuyo_L.stl
[1.724s] -- Installing: /home/matteo-melzer/ws_moveit/install/moveit_resources_pr2_description/share/moveit_resources_pr2_description/urdf/meshes/tilting_laser_v0/hok_tilt.stl
[1.724s] -- Installing: /home/matteo-melzer/ws_moveit/install/moveit_resources_pr2_description/share/moveit_resources_pr2_description/urdf/meshes/tilting_laser_v0/tilting_hokuyo_normals.tif
[1.728s] -- Installing: /home/matteo-melzer/ws_moveit/install/moveit_resources_pr2_description/share/moveit_resources_pr2_description/urdf/meshes/tilting_laser_v0/tilting_hokuyo_color.tif
[1.728s] -- Installing: /home/matteo-melzer/ws_moveit/install/moveit_resources_pr2_description/share/moveit_resources_pr2_description/urdf/meshes/tilting_laser_v0/tilting_hokuyo.stl
[1.728s] -- Installing: /home/matteo-melzer/ws_moveit/install/moveit_resources_pr2_description/share/moveit_resources_pr2_description/urdf/meshes/tilting_laser_v0/convex
[1.728s] -- Installing: /home/matteo-melzer/ws_moveit/install/moveit_resources_pr2_description/share/moveit_resources_pr2_description/urdf/meshes/tilting_laser_v0/convex/tilting_hokuyo_convex.stla
[1.729s] -- Installing: /home/matteo-melzer/ws_moveit/install/moveit_resources_pr2_description/share/moveit_resources_pr2_description/urdf/meshes/tilting_laser_v0/convex/tilting_hokuyo_convex.stlb
[1.729s] -- Installing: /home/matteo-melzer/ws_moveit/install/moveit_resources_pr2_description/share/moveit_resources_pr2_description/urdf/meshes/tilting_laser_v0/convex/tilting_hokuyo_L.xml
[1.729s] -- Installing: /home/matteo-melzer/ws_moveit/install/moveit_resources_pr2_description/share/moveit_resources_pr2_description/urdf/meshes/tilting_laser_v0/convex/tilting_hokuyo_L_convex.stla
[1.729s] -- Installing: /home/matteo-melzer/ws_moveit/install/moveit_resources_pr2_description/share/moveit_resources_pr2_description/urdf/meshes/tilting_laser_v0/convex/hok_tilt.xml
[1.730s] -- Installing: /home/matteo-melzer/ws_moveit/install/moveit_resources_pr2_description/share/moveit_resources_pr2_description/urdf/meshes/tilting_laser_v0/convex/tilting_hokuyo_L_convex.stlb
[1.730s] -- Installing: /home/matteo-melzer/ws_moveit/install/moveit_resources_pr2_description/share/moveit_resources_pr2_description/urdf/meshes/tilting_laser_v0/convex/hok_tilt_convex.stlb
[1.730s] -- Installing: /home/matteo-melzer/ws_moveit/install/moveit_resources_pr2_description/share/moveit_resources_pr2_description/urdf/meshes/tilting_laser_v0/convex/tilting_hokuyo.xml
[1.730s] -- Installing: /home/matteo-melzer/ws_moveit/install/moveit_resources_pr2_description/share/moveit_resources_pr2_description/urdf/meshes/tilting_laser_v0/convex/tilting_hokuyo_L.dae
[1.731s] -- Installing: /home/matteo-melzer/ws_moveit/install/moveit_resources_pr2_description/share/moveit_resources_pr2_description/urdf/meshes/tilting_laser_v0/convex/hok_tilt_convex.stla
[1.731s] -- Installing: /home/matteo-melzer/ws_moveit/install/moveit_resources_pr2_description/share/moveit_resources_pr2_description/urdf/meshes/tilting_laser_v0/convex/hok_tilt.dae
[1.733s] -- Installing: /home/matteo-melzer/ws_moveit/install/moveit_resources_pr2_description/share/moveit_resources_pr2_description/urdf/meshes/tilting_laser_v0/convex/tilting_hokuyo.dae
[1.733s] -- Installing: /home/matteo-melzer/ws_moveit/install/moveit_resources_pr2_description/share/moveit_resources_pr2_description/urdf/meshes/tilting_laser_v0/tilting_hokuyo.dae
[1.734s] -- Installing: /home/matteo-melzer/ws_moveit/install/moveit_resources_pr2_description/share/moveit_resources_pr2_description/urdf/meshes/forearm_v0
[1.734s] -- Installing: /home/matteo-melzer/ws_moveit/install/moveit_resources_pr2_description/share/moveit_resources_pr2_description/urdf/meshes/forearm_v0/wrist_normals.tif
[1.736s] -- Installing: /home/matteo-melzer/ws_moveit/install/moveit_resources_pr2_description/share/moveit_resources_pr2_description/urdf/meshes/forearm_v0/wrist_color.tif
[1.736s] -- Installing: /home/matteo-melzer/ws_moveit/install/moveit_resources_pr2_description/share/moveit_resources_pr2_description/urdf/meshes/forearm_v0/forearm_color.tif
[1.741s] -- Installing: /home/matteo-melzer/ws_moveit/install/moveit_resources_pr2_description/share/moveit_resources_pr2_description/urdf/meshes/forearm_v0/wrist_flex.dae
[1.742s] -- Installing: /home/matteo-melzer/ws_moveit/install/moveit_resources_pr2_description/share/moveit_resources_pr2_description/urdf/meshes/forearm_v0/wrist_flex.stl
[1.742s] -- Installing: /home/matteo-melzer/ws_moveit/install/moveit_resources_pr2_description/share/moveit_resources_pr2_description/urdf/meshes/forearm_v0/wrist_roll.stl
[1.743s] -- Installing: /home/matteo-melzer/ws_moveit/install/moveit_resources_pr2_description/share/moveit_resources_pr2_description/urdf/meshes/forearm_v0/wrist_roll_L.stl
[1.744s] -- Installing: /home/matteo-melzer/ws_moveit/install/moveit_resources_pr2_description/share/moveit_resources_pr2_description/urdf/meshes/forearm_v0/forearm.jpg
[1.744s] -- Installing: /home/matteo-melzer/ws_moveit/install/moveit_resources_pr2_description/share/moveit_resources_pr2_description/urdf/meshes/forearm_v0/forearm.dae
[1.745s] -- Installing: /home/matteo-melzer/ws_moveit/install/moveit_resources_pr2_description/share/moveit_resources_pr2_description/urdf/meshes/forearm_v0/convex
[1.745s] -- Installing: /home/matteo-melzer/ws_moveit/install/moveit_resources_pr2_description/share/moveit_resources_pr2_description/urdf/meshes/forearm_v0/convex/wrist_roll.xml
[1.745s] -- Installing: /home/matteo-melzer/ws_moveit/install/moveit_resources_pr2_description/share/moveit_resources_pr2_description/urdf/meshes/forearm_v0/convex/wrist_roll_convex.stlb
[1.746s] -- Installing: /home/matteo-melzer/ws_moveit/install/moveit_resources_pr2_description/share/moveit_resources_pr2_description/urdf/meshes/forearm_v0/convex/wrist_roll_L_convex.stlb
[1.746s] -- Installing: /home/matteo-melzer/ws_moveit/install/moveit_resources_pr2_description/share/moveit_resources_pr2_description/urdf/meshes/forearm_v0/convex/wrist_roll_L.xml
[1.747s] -- Installing: /home/matteo-melzer/ws_moveit/install/moveit_resources_pr2_description/share/moveit_resources_pr2_description/urdf/meshes/forearm_v0/convex/forearm_convex.stlb
[1.747s] -- Installing: /home/matteo-melzer/ws_moveit/install/moveit_resources_pr2_description/share/moveit_resources_pr2_description/urdf/meshes/forearm_v0/convex/wrist_roll_L.dae
[1.747s] -- Installing: /home/matteo-melzer/ws_moveit/install/moveit_resources_pr2_description/share/moveit_resources_pr2_description/urdf/meshes/forearm_v0/convex/wrist_roll.dae
[1.748s] -- Installing: /home/matteo-melzer/ws_moveit/install/moveit_resources_pr2_description/share/moveit_resources_pr2_description/urdf/meshes/forearm_v0/convex/wrist_roll_convex.stla
[1.749s] -- Installing: /home/matteo-melzer/ws_moveit/install/moveit_resources_pr2_description/share/moveit_resources_pr2_description/urdf/meshes/forearm_v0/convex/wrist_flex.xml
[1.750s] -- Installing: /home/matteo-melzer/ws_moveit/install/moveit_resources_pr2_description/share/moveit_resources_pr2_description/urdf/meshes/forearm_v0/convex/wrist_roll_L_convex.stla
[1.750s] -- Installing: /home/matteo-melzer/ws_moveit/install/moveit_resources_pr2_description/share/moveit_resources_pr2_description/urdf/meshes/forearm_v0/convex/wrist_flex_convex.stla
[1.750s] -- Installing: /home/matteo-melzer/ws_moveit/install/moveit_resources_pr2_description/share/moveit_resources_pr2_description/urdf/meshes/forearm_v0/convex/wrist_flex.dae
[1.751s] -- Installing: /home/matteo-melzer/ws_moveit/install/moveit_resources_pr2_description/share/moveit_resources_pr2_description/urdf/meshes/forearm_v0/convex/forearm_convex.stla
[1.751s] -- Installing: /home/matteo-melzer/ws_moveit/install/moveit_resources_pr2_description/share/moveit_resources_pr2_description/urdf/meshes/forearm_v0/convex/forearm.xml
[1.751s] -- Installing: /home/matteo-melzer/ws_moveit/install/moveit_resources_pr2_description/share/moveit_resources_pr2_description/urdf/meshes/forearm_v0/convex/wrist_flex_convex.stlb
[1.751s] -- Installing: /home/matteo-melzer/ws_moveit/install/moveit_resources_pr2_description/share/moveit_resources_pr2_description/urdf/meshes/forearm_v0/convex/forearm.dae
[1.752s] -- Installing: /home/matteo-melzer/ws_moveit/install/moveit_resources_pr2_description/share/moveit_resources_pr2_description/urdf/meshes/forearm_v0/forearm.stl
[1.752s] -- Installing: /home/matteo-melzer/ws_moveit/install/moveit_resources_pr2_description/share/moveit_resources_pr2_description/urdf/meshes/forearm_v0/forearm_normals.tif
[1.755s] -- Installing: /home/matteo-melzer/ws_moveit/install/moveit_resources_pr2_description/share/moveit_resources_pr2_description/kinect.dae
[1.766s] Invoked command in '/home/matteo-melzer/ws_moveit/build/moveit_resources_pr2_description' returned '0': CMAKE_PREFIX_PATH=${CMAKE_PREFIX_PATH}:/home/matteo-melzer/ros2_ws/install/py_srvcli:/home/matteo-melzer/ros2_ws/install/py_pubsub:/home/matteo-melzer/ws_moveit/install/moveit_configs_utils:/home/matteo-melzer/ws_moveit/install/launch_param_builder:/opt/ros/humble /usr/bin/cmake --install /home/matteo-melzer/ws_moveit/build/moveit_resources_pr2_description
