[0.021s] Invoking command in '/home/matteo-melzer/ws_moveit/build/moveit_common': CMAKE_PREFIX_PATH=${CMAKE_PREFIX_PATH}:/home/matteo-melzer/ros2_ws/install/py_srvcli:/home/matteo-melzer/ros2_ws/install/py_pubsub:/home/matteo-melzer/ws_moveit/install/moveit_configs_utils:/home/matteo-melzer/ws_moveit/install/launch_param_builder:/opt/ros/humble /usr/bin/cmake --build /home/matteo-melzer/ws_moveit/build/moveit_common -- -j2 -l2
[0.088s] Invoked command in '/home/matteo-melzer/ws_moveit/build/moveit_common' returned '0': CMAKE_PREFIX_PATH=${CMAKE_PREFIX_PATH}:/home/matteo-melzer/ros2_ws/install/py_srvcli:/home/matteo-melzer/ros2_ws/install/py_pubsub:/home/matteo-melzer/ws_moveit/install/moveit_configs_utils:/home/matteo-melzer/ws_moveit/install/launch_param_builder:/opt/ros/humble /usr/bin/cmake --build /home/matteo-melzer/ws_moveit/build/moveit_common -- -j2 -l2
[0.092s] Invoking command in '/home/matteo-melzer/ws_moveit/build/moveit_common': CMAKE_PREFIX_PATH=${CMAKE_PREFIX_PATH}:/home/matteo-melzer/ros2_ws/install/py_srvcli:/home/matteo-melzer/ros2_ws/install/py_pubsub:/home/matteo-melzer/ws_moveit/install/moveit_configs_utils:/home/matteo-melzer/ws_moveit/install/launch_param_builder:/opt/ros/humble /usr/bin/cmake --install /home/matteo-melzer/ws_moveit/build/moveit_common
[0.103s] -- Install configuration: ""
[0.104s] -- Up-to-date: /home/matteo-melzer/ws_moveit/install/moveit_common/share/ament_index/resource_index/package_run_dependencies/moveit_common
[0.105s] -- Up-to-date: /home/matteo-melzer/ws_moveit/install/moveit_common/share/ament_index/resource_index/parent_prefix_path/moveit_common
[0.106s] -- Up-to-date: /home/matteo-melzer/ws_moveit/install/moveit_common/share/moveit_common/environment/ament_prefix_path.sh
[0.106s] -- Up-to-date: /home/matteo-melzer/ws_moveit/install/moveit_common/share/moveit_common/environment/ament_prefix_path.dsv
[0.107s] -- Up-to-date: /home/matteo-melzer/ws_moveit/install/moveit_common/share/moveit_common/environment/path.sh
[0.108s] -- Up-to-date: /home/matteo-melzer/ws_moveit/install/moveit_common/share/moveit_common/environment/path.dsv
[0.108s] -- Up-to-date: /home/matteo-melzer/ws_moveit/install/moveit_common/share/moveit_common/local_setup.bash
[0.110s] -- Up-to-date: /home/matteo-melzer/ws_moveit/install/moveit_common/share/moveit_common/local_setup.sh
[0.110s] -- Up-to-date: /home/matteo-melzer/ws_moveit/install/moveit_common/share/moveit_common/local_setup.zsh
[0.110s] -- Up-to-date: /home/matteo-melzer/ws_moveit/install/moveit_common/share/moveit_common/local_setup.dsv
[0.110s] -- Up-to-date: /home/matteo-melzer/ws_moveit/install/moveit_common/share/moveit_common/package.dsv
[0.110s] -- Up-to-date: /home/matteo-melzer/ws_moveit/install/moveit_common/share/ament_index/resource_index/packages/moveit_common
[0.110s] -- Up-to-date: /home/matteo-melzer/ws_moveit/install/moveit_common/share/moveit_common/cmake/moveit_common-extras.cmake
[0.110s] -- Up-to-date: /home/matteo-melzer/ws_moveit/install/moveit_common/share/moveit_common/cmake/moveit_commonConfig.cmake
[0.110s] -- Up-to-date: /home/matteo-melzer/ws_moveit/install/moveit_common/share/moveit_common/cmake/moveit_commonConfig-version.cmake
[0.110s] -- Up-to-date: /home/matteo-melzer/ws_moveit/install/moveit_common/share/moveit_common/package.xml
[0.111s] -- Up-to-date: /home/matteo-melzer/ws_moveit/install/moveit_common/share/moveit_common/cmake
[0.111s] -- Up-to-date: /home/matteo-melzer/ws_moveit/install/moveit_common/share/moveit_common/cmake/moveit_package.cmake
[0.111s] Invoked command in '/home/matteo-melzer/ws_moveit/build/moveit_common' returned '0': CMAKE_PREFIX_PATH=${CMAKE_PREFIX_PATH}:/home/matteo-melzer/ros2_ws/install/py_srvcli:/home/matteo-melzer/ros2_ws/install/py_pubsub:/home/matteo-melzer/ws_moveit/install/moveit_configs_utils:/home/matteo-melzer/ws_moveit/install/launch_param_builder:/opt/ros/humble /usr/bin/cmake --install /home/matteo-melzer/ws_moveit/build/moveit_common
