[0.022s] Invoking command in '/home/matteo-melzer/ws_moveit/build/rosparam_shortcuts': CMAKE_PREFIX_PATH=${CMAKE_PREFIX_PATH}:/home/matteo-melzer/ros2_ws/install/py_srvcli:/home/matteo-melzer/ros2_ws/install/py_pubsub:/home/matteo-melzer/ws_moveit/install/moveit_configs_utils:/home/matteo-melzer/ws_moveit/install/launch_param_builder:/opt/ros/humble /usr/bin/cmake /home/matteo-melzer/ws_moveit/src/rosparam_shortcuts -DCMAKE_INSTALL_PREFIX=/home/matteo-melzer/ws_moveit/install/rosparam_shortcuts
[0.141s] -- The C compiler identification is GNU 11.4.0
[0.210s] -- The CXX compiler identification is GNU 11.4.0
[0.223s] -- Detecting C compiler ABI info
[0.340s] -- Detecting C compiler ABI info - done
[0.352s] -- Check for working C compiler: /usr/bin/cc - skipped
[0.352s] -- Detecting C compile features
[0.352s] -- Detecting C compile features - done
[0.359s] -- Detecting CXX compiler ABI info
[0.553s] -- Detecting CXX compiler ABI info - done
[0.573s] -- Check for working CXX compiler: /usr/bin/c++ - skipped
[0.573s] -- Detecting CXX compile features
[0.574s] -- Detecting CXX compile features - done
[0.588s] -- Found ament_cmake: 1.3.11 (/opt/ros/humble/share/ament_cmake/cmake)
[0.790s] -- Found Python3: /usr/bin/python3 (found version "3.10.12") found components: Interpreter 
[0.981s] -- Found eigen3_cmake_module: 0.1.1 (/opt/ros/humble/share/eigen3_cmake_module/cmake)
[0.996s] -- Found Eigen3: TRUE (found version "3.4.0") 
[1.003s] -- Found geometry_msgs: 4.9.0 (/opt/ros/humble/share/geometry_msgs/cmake)
[1.073s] -- Found rosidl_generator_c: 3.1.6 (/opt/ros/humble/share/rosidl_generator_c/cmake)
[1.083s] -- Found rosidl_adapter: 3.1.6 (/opt/ros/humble/share/rosidl_adapter/cmake)
[1.097s] -- Found rosidl_generator_cpp: 3.1.6 (/opt/ros/humble/share/rosidl_generator_cpp/cmake)
[1.127s] -- Using all available rosidl_typesupport_c: rosidl_typesupport_fastrtps_c;rosidl_typesupport_introspection_c
[1.161s] -- Using all available rosidl_typesupport_cpp: rosidl_typesupport_fastrtps_cpp;rosidl_typesupport_introspection_cpp
[1.211s] -- Found rclcpp: 16.0.12 (/opt/ros/humble/share/rclcpp/cmake)
[1.307s] -- Found rmw_implementation_cmake: 6.1.2 (/opt/ros/humble/share/rmw_implementation_cmake/cmake)
[1.324s] -- Found rmw_fastrtps_cpp: 6.2.7 (/opt/ros/humble/share/rmw_fastrtps_cpp/cmake)
[1.574s] -- Found OpenSSL: /usr/lib/x86_64-linux-gnu/libcrypto.so (found version "3.0.2")  
[1.616s] -- Found FastRTPS: /opt/ros/humble/include  
[1.698s] -- Using RMW implementation 'rmw_fastrtps_cpp' as default
[1.724s] -- Looking for pthread.h
[1.850s] -- Looking for pthread.h - found
[1.856s] -- Performing Test CMAKE_HAVE_LIBC_PTHREAD
[1.973s] -- Performing Test CMAKE_HAVE_LIBC_PTHREAD - Success
[1.973s] -- Found Threads: TRUE  
[2.078s] -- Found tf2_eigen: 0.25.13 (/opt/ros/humble/share/tf2_eigen/cmake)
[2.293s] -- Found ament_lint_auto: 0.12.12 (/opt/ros/humble/share/ament_lint_auto/cmake)
[2.307s] -- Found ament_cmake_gtest: 1.3.11 (/opt/ros/humble/share/ament_cmake_gtest/cmake)
[2.318s] -- Found ros_testing: 0.4.0 (/opt/ros/humble/share/ros_testing/cmake)
[2.328s] -- Found launch_testing_ament_cmake: 1.0.9 (/opt/ros/humble/share/launch_testing_ament_cmake/cmake)
[2.335s] -- Found python_cmake_module: 0.10.0 (/opt/ros/humble/share/python_cmake_module/cmake)
[2.377s] -- Found PythonInterp: /usr/bin/python3 (found suitable version "3.10.12", minimum required is "3.6") 
[2.401s] -- Found PythonLibs: /usr/lib/x86_64-linux-gnu/libpython3.10.so (found suitable version "3.10.12", minimum required is "3.5") 
[2.402s] -- Using PYTHON_EXECUTABLE: /usr/bin/python3
[2.402s] -- Using PYTHON_INCLUDE_DIRS: /usr/include/python3.10
[2.402s] -- Using PYTHON_LIBRARIES: /usr/lib/x86_64-linux-gnu/libpython3.10.so
[2.464s] -- Found PythonExtra: .so  
[2.596s] -- Found gtest sources under '/opt/ros/humble/src/gtest_vendor': C++ tests using 'Google Test' will be built
[2.618s] -- Added test 'copyright' to check source files copyright and LICENSE
[2.638s] -- Added test 'lint_cmake' to check CMake code style
[2.638s] -- Added test 'pep257' to check Python code against some of the docstring style conventions in PEP 257
[2.650s] -- Added test 'xmllint' to check XML markup files
[2.662s] -- Configuring done
[2.718s] -- Generating done
[2.735s] -- Build files have been written to: /home/matteo-melzer/ws_moveit/build/rosparam_shortcuts
[2.752s] Invoked command in '/home/matteo-melzer/ws_moveit/build/rosparam_shortcuts' returned '0': CMAKE_PREFIX_PATH=${CMAKE_PREFIX_PATH}:/home/matteo-melzer/ros2_ws/install/py_srvcli:/home/matteo-melzer/ros2_ws/install/py_pubsub:/home/matteo-melzer/ws_moveit/install/moveit_configs_utils:/home/matteo-melzer/ws_moveit/install/launch_param_builder:/opt/ros/humble /usr/bin/cmake /home/matteo-melzer/ws_moveit/src/rosparam_shortcuts -DCMAKE_INSTALL_PREFIX=/home/matteo-melzer/ws_moveit/install/rosparam_shortcuts
[2.756s] Invoking command in '/home/matteo-melzer/ws_moveit/build/rosparam_shortcuts': CMAKE_PREFIX_PATH=${CMAKE_PREFIX_PATH}:/home/matteo-melzer/ros2_ws/install/py_srvcli:/home/matteo-melzer/ros2_ws/install/py_pubsub:/home/matteo-melzer/ws_moveit/install/moveit_configs_utils:/home/matteo-melzer/ws_moveit/install/launch_param_builder:/opt/ros/humble /usr/bin/cmake --build /home/matteo-melzer/ws_moveit/build/rosparam_shortcuts -- -j2 -l2
[2.913s] [  7%] [32mBuilding CXX object CMakeFiles/rosparam_shortcuts.dir/src/node_parameters.cpp.o[0m
[7.586s] [ 15%] [32mBuilding CXX object CMakeFiles/rosparam_shortcuts.dir/src/rosparam_shortcuts.cpp.o[0m
[14.367s] [ 23%] [32m[1mLinking CXX shared library librosparam_shortcuts.so[0m
[14.573s] [ 23%] Built target rosparam_shortcuts
[14.609s] [ 30%] [32mBuilding CXX object gtest/CMakeFiles/gtest_main.dir/src/gtest_main.cc.o[0m
[15.715s] [ 38%] [32m[1mLinking CXX static library libgtest_main.a[0m
[15.775s] [ 38%] Built target gtest_main
[15.819s] [ 46%] [32mBuilding CXX object gtest/CMakeFiles/gtest.dir/src/gtest-all.cc.o[0m
[19.283s] [ 53%] [32m[1mLinking CXX static library libgtest.a[0m
[19.453s] [ 53%] Built target gtest
[19.537s] [ 61%] [32mBuilding CXX object CMakeFiles/rosparam_shortcuts_example.dir/src/example.cpp.o[0m
[24.266s] [ 69%] [32m[1mLinking CXX executable example[0m
[24.718s] [ 69%] Built target rosparam_shortcuts_example
[24.773s] [ 76%] [32mBuilding CXX object CMakeFiles/rosparam_shortcuts_node_parameters_example.dir/src/node_parameters_example.cpp.o[0m
[31.194s] [ 84%] [32m[1mLinking CXX executable node_parameters_example[0m
[31.501s] [ 84%] Built target rosparam_shortcuts_node_parameters_example
[31.546s] [ 92%] [32mBuilding CXX object CMakeFiles/test_node_parameters.dir/test/test_node_parameters.cpp.o[0m
[38.182s] [100%] [32m[1mLinking CXX executable test_node_parameters[0m
[38.399s] [100%] Built target test_node_parameters
[38.418s] Invoked command in '/home/matteo-melzer/ws_moveit/build/rosparam_shortcuts' returned '0': CMAKE_PREFIX_PATH=${CMAKE_PREFIX_PATH}:/home/matteo-melzer/ros2_ws/install/py_srvcli:/home/matteo-melzer/ros2_ws/install/py_pubsub:/home/matteo-melzer/ws_moveit/install/moveit_configs_utils:/home/matteo-melzer/ws_moveit/install/launch_param_builder:/opt/ros/humble /usr/bin/cmake --build /home/matteo-melzer/ws_moveit/build/rosparam_shortcuts -- -j2 -l2
[38.426s] Invoking command in '/home/matteo-melzer/ws_moveit/build/rosparam_shortcuts': CMAKE_PREFIX_PATH=${CMAKE_PREFIX_PATH}:/home/matteo-melzer/ros2_ws/install/py_srvcli:/home/matteo-melzer/ros2_ws/install/py_pubsub:/home/matteo-melzer/ws_moveit/install/moveit_configs_utils:/home/matteo-melzer/ws_moveit/install/launch_param_builder:/opt/ros/humble /usr/bin/cmake --install /home/matteo-melzer/ws_moveit/build/rosparam_shortcuts
[38.433s] -- Install configuration: ""
[38.434s] -- Installing: /home/matteo-melzer/ws_moveit/install/rosparam_shortcuts/lib/librosparam_shortcuts.so
[38.439s] -- Set runtime path of "/home/matteo-melzer/ws_moveit/install/rosparam_shortcuts/lib/librosparam_shortcuts.so" to ""
[38.440s] -- Installing: /home/matteo-melzer/ws_moveit/install/rosparam_shortcuts/lib/rosparam_shortcuts/example
[38.446s] -- Set runtime path of "/home/matteo-melzer/ws_moveit/install/rosparam_shortcuts/lib/rosparam_shortcuts/example" to ""
[38.446s] -- Installing: /home/matteo-melzer/ws_moveit/install/rosparam_shortcuts/lib/rosparam_shortcuts/node_parameters_example
[38.449s] -- Set runtime path of "/home/matteo-melzer/ws_moveit/install/rosparam_shortcuts/lib/rosparam_shortcuts/node_parameters_example" to ""
[38.449s] -- Installing: /home/matteo-melzer/ws_moveit/install/rosparam_shortcuts/include
[38.450s] -- Installing: /home/matteo-melzer/ws_moveit/install/rosparam_shortcuts/include/rosparam_shortcuts
[38.450s] -- Installing: /home/matteo-melzer/ws_moveit/install/rosparam_shortcuts/include/rosparam_shortcuts/node_parameters.h
[38.451s] -- Installing: /home/matteo-melzer/ws_moveit/install/rosparam_shortcuts/include/rosparam_shortcuts/rosparam_shortcuts.h
[38.452s] -- Installing: /home/matteo-melzer/ws_moveit/install/rosparam_shortcuts/share/rosparam_shortcuts/launch
[38.452s] -- Installing: /home/matteo-melzer/ws_moveit/install/rosparam_shortcuts/share/rosparam_shortcuts/launch/example.launch.py
[38.453s] -- Installing: /home/matteo-melzer/ws_moveit/install/rosparam_shortcuts/share/rosparam_shortcuts/config
[38.453s] -- Installing: /home/matteo-melzer/ws_moveit/install/rosparam_shortcuts/share/rosparam_shortcuts/config/example.yaml
[38.455s] -- Installing: /home/matteo-melzer/ws_moveit/install/rosparam_shortcuts/share/rosparam_shortcuts/environment/library_path.sh
[38.459s] -- Installing: /home/matteo-melzer/ws_moveit/install/rosparam_shortcuts/share/rosparam_shortcuts/environment/library_path.dsv
[38.459s] -- Installing: /home/matteo-melzer/ws_moveit/install/rosparam_shortcuts/share/ament_index/resource_index/package_run_dependencies/rosparam_shortcuts
[38.459s] -- Installing: /home/matteo-melzer/ws_moveit/install/rosparam_shortcuts/share/ament_index/resource_index/parent_prefix_path/rosparam_shortcuts
[38.460s] -- Installing: /home/matteo-melzer/ws_moveit/install/rosparam_shortcuts/share/rosparam_shortcuts/environment/ament_prefix_path.sh
[38.461s] -- Installing: /home/matteo-melzer/ws_moveit/install/rosparam_shortcuts/share/rosparam_shortcuts/environment/ament_prefix_path.dsv
[38.465s] -- Installing: /home/matteo-melzer/ws_moveit/install/rosparam_shortcuts/share/rosparam_shortcuts/environment/path.sh
[38.465s] -- Installing: /home/matteo-melzer/ws_moveit/install/rosparam_shortcuts/share/rosparam_shortcuts/environment/path.dsv
[38.465s] -- Installing: /home/matteo-melzer/ws_moveit/install/rosparam_shortcuts/share/rosparam_shortcuts/local_setup.bash
[38.465s] -- Installing: /home/matteo-melzer/ws_moveit/install/rosparam_shortcuts/share/rosparam_shortcuts/local_setup.sh
[38.465s] -- Installing: /home/matteo-melzer/ws_moveit/install/rosparam_shortcuts/share/rosparam_shortcuts/local_setup.zsh
[38.465s] -- Installing: /home/matteo-melzer/ws_moveit/install/rosparam_shortcuts/share/rosparam_shortcuts/local_setup.dsv
[38.467s] -- Installing: /home/matteo-melzer/ws_moveit/install/rosparam_shortcuts/share/rosparam_shortcuts/package.dsv
[38.467s] -- Installing: /home/matteo-melzer/ws_moveit/install/rosparam_shortcuts/share/ament_index/resource_index/packages/rosparam_shortcuts
[38.468s] -- Installing: /home/matteo-melzer/ws_moveit/install/rosparam_shortcuts/share/rosparam_shortcuts/cmake/export_rosparam_shortcutsExport.cmake
[38.468s] -- Installing: /home/matteo-melzer/ws_moveit/install/rosparam_shortcuts/share/rosparam_shortcuts/cmake/export_rosparam_shortcutsExport-noconfig.cmake
[38.469s] -- Installing: /home/matteo-melzer/ws_moveit/install/rosparam_shortcuts/share/rosparam_shortcuts/cmake/ament_cmake_export_targets-extras.cmake
[38.470s] -- Installing: /home/matteo-melzer/ws_moveit/install/rosparam_shortcuts/share/rosparam_shortcuts/cmake/ament_cmake_export_dependencies-extras.cmake
[38.472s] -- Installing: /home/matteo-melzer/ws_moveit/install/rosparam_shortcuts/share/rosparam_shortcuts/cmake/rosparam_shortcutsConfig.cmake
[38.472s] -- Installing: /home/matteo-melzer/ws_moveit/install/rosparam_shortcuts/share/rosparam_shortcuts/cmake/rosparam_shortcutsConfig-version.cmake
[38.472s] -- Installing: /home/matteo-melzer/ws_moveit/install/rosparam_shortcuts/share/rosparam_shortcuts/package.xml
[38.477s] Invoked command in '/home/matteo-melzer/ws_moveit/build/rosparam_shortcuts' returned '0': CMAKE_PREFIX_PATH=${CMAKE_PREFIX_PATH}:/home/matteo-melzer/ros2_ws/install/py_srvcli:/home/matteo-melzer/ros2_ws/install/py_pubsub:/home/matteo-melzer/ws_moveit/install/moveit_configs_utils:/home/matteo-melzer/ws_moveit/install/launch_param_builder:/opt/ros/humble /usr/bin/cmake --install /home/matteo-melzer/ws_moveit/build/rosparam_shortcuts
