[0.039s] Invoking command in '/home/matteo-melzer/ws_moveit/build/moveit_resources_prbt_support': CMAKE_PREFIX_PATH=${CMAKE_PREFIX_PATH}:/home/matteo-melzer/ros2_ws/install/py_srvcli:/home/matteo-melzer/ros2_ws/install/py_pubsub:/home/matteo-melzer/ws_moveit/install/moveit_configs_utils:/home/matteo-melzer/ws_moveit/install/launch_param_builder:/opt/ros/humble /usr/bin/cmake /home/matteo-melzer/ws_moveit/src/moveit2/moveit_planners/test_configs/prbt_support -DCMAKE_INSTALL_PREFIX=/home/matteo-melzer/ws_moveit/install/moveit_resources_prbt_support
[0.295s] -- The C compiler identification is GNU 11.4.0
[0.502s] -- The CXX compiler identification is GNU 11.4.0
[0.523s] -- Detecting C compiler ABI info
[0.903s] -- Detecting C compiler ABI info - done
[0.924s] -- Check for working C compiler: /usr/bin/cc - skipped
[0.924s] -- Detecting C compile features
[0.927s] -- Detecting C compile features - done
[0.938s] -- Detecting CXX compiler ABI info
[1.286s] -- Detecting CXX compiler ABI info - done
[1.309s] -- Check for working CXX compiler: /usr/bin/c++ - skipped
[1.310s] -- Detecting CXX compile features
[1.310s] -- Detecting CXX compile features - done
[1.322s] -- Found ament_cmake: 1.3.11 (/opt/ros/humble/share/ament_cmake/cmake)
[1.949s] -- Found Python3: /usr/bin/python3 (found version "3.10.12") found components: Interpreter 
[2.300s] -- Configuring done
[2.301s] -- Generating done
[2.304s] -- Build files have been written to: /home/matteo-melzer/ws_moveit/build/moveit_resources_prbt_support
[2.310s] Invoked command in '/home/matteo-melzer/ws_moveit/build/moveit_resources_prbt_support' returned '0': CMAKE_PREFIX_PATH=${CMAKE_PREFIX_PATH}:/home/matteo-melzer/ros2_ws/install/py_srvcli:/home/matteo-melzer/ros2_ws/install/py_pubsub:/home/matteo-melzer/ws_moveit/install/moveit_configs_utils:/home/matteo-melzer/ws_moveit/install/launch_param_builder:/opt/ros/humble /usr/bin/cmake /home/matteo-melzer/ws_moveit/src/moveit2/moveit_planners/test_configs/prbt_support -DCMAKE_INSTALL_PREFIX=/home/matteo-melzer/ws_moveit/install/moveit_resources_prbt_support
[2.315s] Invoking command in '/home/matteo-melzer/ws_moveit/build/moveit_resources_prbt_support': CMAKE_PREFIX_PATH=${CMAKE_PREFIX_PATH}:/home/matteo-melzer/ros2_ws/install/py_srvcli:/home/matteo-melzer/ros2_ws/install/py_pubsub:/home/matteo-melzer/ws_moveit/install/moveit_configs_utils:/home/matteo-melzer/ws_moveit/install/launch_param_builder:/opt/ros/humble /usr/bin/cmake --build /home/matteo-melzer/ws_moveit/build/moveit_resources_prbt_support -- -j2 -l2
[2.402s] Invoked command in '/home/matteo-melzer/ws_moveit/build/moveit_resources_prbt_support' returned '0': CMAKE_PREFIX_PATH=${CMAKE_PREFIX_PATH}:/home/matteo-melzer/ros2_ws/install/py_srvcli:/home/matteo-melzer/ros2_ws/install/py_pubsub:/home/matteo-melzer/ws_moveit/install/moveit_configs_utils:/home/matteo-melzer/ws_moveit/install/launch_param_builder:/opt/ros/humble /usr/bin/cmake --build /home/matteo-melzer/ws_moveit/build/moveit_resources_prbt_support -- -j2 -l2
[2.405s] Invoking command in '/home/matteo-melzer/ws_moveit/build/moveit_resources_prbt_support': CMAKE_PREFIX_PATH=${CMAKE_PREFIX_PATH}:/home/matteo-melzer/ros2_ws/install/py_srvcli:/home/matteo-melzer/ros2_ws/install/py_pubsub:/home/matteo-melzer/ws_moveit/install/moveit_configs_utils:/home/matteo-melzer/ws_moveit/install/launch_param_builder:/opt/ros/humble /usr/bin/cmake --install /home/matteo-melzer/ws_moveit/build/moveit_resources_prbt_support
[2.416s] -- Install configuration: ""
[2.416s] -- Installing: /home/matteo-melzer/ws_moveit/install/moveit_resources_prbt_support/share/ament_index/resource_index/package_run_dependencies/moveit_resources_prbt_support
[2.416s] -- Installing: /home/matteo-melzer/ws_moveit/install/moveit_resources_prbt_support/share/ament_index/resource_index/parent_prefix_path/moveit_resources_prbt_support
[2.416s] -- Installing: /home/matteo-melzer/ws_moveit/install/moveit_resources_prbt_support/share/moveit_resources_prbt_support/environment/ament_prefix_path.sh
[2.416s] -- Installing: /home/matteo-melzer/ws_moveit/install/moveit_resources_prbt_support/share/moveit_resources_prbt_support/environment/ament_prefix_path.dsv
[2.416s] -- Installing: /home/matteo-melzer/ws_moveit/install/moveit_resources_prbt_support/share/moveit_resources_prbt_support/environment/path.sh
[2.416s] -- Installing: /home/matteo-melzer/ws_moveit/install/moveit_resources_prbt_support/share/moveit_resources_prbt_support/environment/path.dsv
[2.416s] -- Installing: /home/matteo-melzer/ws_moveit/install/moveit_resources_prbt_support/share/moveit_resources_prbt_support/local_setup.bash
[2.417s] -- Installing: /home/matteo-melzer/ws_moveit/install/moveit_resources_prbt_support/share/moveit_resources_prbt_support/local_setup.sh
[2.417s] -- Installing: /home/matteo-melzer/ws_moveit/install/moveit_resources_prbt_support/share/moveit_resources_prbt_support/local_setup.zsh
[2.419s] -- Installing: /home/matteo-melzer/ws_moveit/install/moveit_resources_prbt_support/share/moveit_resources_prbt_support/local_setup.dsv
[2.419s] -- Installing: /home/matteo-melzer/ws_moveit/install/moveit_resources_prbt_support/share/moveit_resources_prbt_support/package.dsv
[2.419s] -- Installing: /home/matteo-melzer/ws_moveit/install/moveit_resources_prbt_support/share/ament_index/resource_index/packages/moveit_resources_prbt_support
[2.420s] -- Installing: /home/matteo-melzer/ws_moveit/install/moveit_resources_prbt_support/share/moveit_resources_prbt_support/cmake/moveit_resources_prbt_supportConfig.cmake
[2.420s] -- Installing: /home/matteo-melzer/ws_moveit/install/moveit_resources_prbt_support/share/moveit_resources_prbt_support/cmake/moveit_resources_prbt_supportConfig-version.cmake
[2.421s] -- Installing: /home/matteo-melzer/ws_moveit/install/moveit_resources_prbt_support/share/moveit_resources_prbt_support/package.xml
[2.425s] -- Installing: /home/matteo-melzer/ws_moveit/install/moveit_resources_prbt_support/share/moveit_resources_prbt_support/urdf
[2.425s] -- Installing: /home/matteo-melzer/ws_moveit/install/moveit_resources_prbt_support/share/moveit_resources_prbt_support/urdf/prbt_macro.xacro
[2.425s] -- Installing: /home/matteo-melzer/ws_moveit/install/moveit_resources_prbt_support/share/moveit_resources_prbt_support/urdf/simple_gripper_brackets.urdf.xacro
[2.425s] -- Installing: /home/matteo-melzer/ws_moveit/install/moveit_resources_prbt_support/share/moveit_resources_prbt_support/urdf/prbt.ros2_control.xacro
[2.425s] -- Installing: /home/matteo-melzer/ws_moveit/install/moveit_resources_prbt_support/share/moveit_resources_prbt_support/urdf/prbt.xacro
[2.425s] -- Installing: /home/matteo-melzer/ws_moveit/install/moveit_resources_prbt_support/share/moveit_resources_prbt_support/meshes
[2.425s] -- Installing: /home/matteo-melzer/ws_moveit/install/moveit_resources_prbt_support/share/moveit_resources_prbt_support/meshes/link_2.stl
[2.428s] -- Installing: /home/matteo-melzer/ws_moveit/install/moveit_resources_prbt_support/share/moveit_resources_prbt_support/meshes/link_3.stl
[2.428s] -- Installing: /home/matteo-melzer/ws_moveit/install/moveit_resources_prbt_support/share/moveit_resources_prbt_support/meshes/link_3.dae
[2.429s] -- Installing: /home/matteo-melzer/ws_moveit/install/moveit_resources_prbt_support/share/moveit_resources_prbt_support/meshes/link_1.stl
[2.433s] -- Installing: /home/matteo-melzer/ws_moveit/install/moveit_resources_prbt_support/share/moveit_resources_prbt_support/meshes/link_4.dae
[2.433s] -- Installing: /home/matteo-melzer/ws_moveit/install/moveit_resources_prbt_support/share/moveit_resources_prbt_support/meshes/foot.stl
[2.436s] -- Installing: /home/matteo-melzer/ws_moveit/install/moveit_resources_prbt_support/share/moveit_resources_prbt_support/meshes/link_2.dae
[2.449s] -- Installing: /home/matteo-melzer/ws_moveit/install/moveit_resources_prbt_support/share/moveit_resources_prbt_support/meshes/foot.dae
[2.449s] -- Installing: /home/matteo-melzer/ws_moveit/install/moveit_resources_prbt_support/share/moveit_resources_prbt_support/meshes/link_4.stl
[2.450s] -- Installing: /home/matteo-melzer/ws_moveit/install/moveit_resources_prbt_support/share/moveit_resources_prbt_support/meshes/link_5.stl
[2.450s] -- Installing: /home/matteo-melzer/ws_moveit/install/moveit_resources_prbt_support/share/moveit_resources_prbt_support/meshes/flange.stl
[2.450s] -- Installing: /home/matteo-melzer/ws_moveit/install/moveit_resources_prbt_support/share/moveit_resources_prbt_support/meshes/link_1.dae
[2.454s] -- Installing: /home/matteo-melzer/ws_moveit/install/moveit_resources_prbt_support/share/moveit_resources_prbt_support/meshes/link_5.dae
[2.462s] -- Installing: /home/matteo-melzer/ws_moveit/install/moveit_resources_prbt_support/share/moveit_resources_prbt_support/meshes/flange.dae
[2.462s] -- Installing: /home/matteo-melzer/ws_moveit/install/moveit_resources_prbt_support/share/moveit_resources_prbt_support/config
[2.462s] -- Installing: /home/matteo-melzer/ws_moveit/install/moveit_resources_prbt_support/share/moveit_resources_prbt_support/config/prbt_0_1.dcf
[2.462s] -- Installing: /home/matteo-melzer/ws_moveit/install/moveit_resources_prbt_support/share/moveit_resources_prbt_support/config/manipulator_driver.yaml
[2.462s] -- Installing: /home/matteo-melzer/ws_moveit/install/moveit_resources_prbt_support/share/moveit_resources_prbt_support/config/manipulator_controller.yaml
[2.465s] Invoked command in '/home/matteo-melzer/ws_moveit/build/moveit_resources_prbt_support' returned '0': CMAKE_PREFIX_PATH=${CMAKE_PREFIX_PATH}:/home/matteo-melzer/ros2_ws/install/py_srvcli:/home/matteo-melzer/ros2_ws/install/py_pubsub:/home/matteo-melzer/ws_moveit/install/moveit_configs_utils:/home/matteo-melzer/ws_moveit/install/launch_param_builder:/opt/ros/humble /usr/bin/cmake --install /home/matteo-melzer/ws_moveit/build/moveit_resources_prbt_support
