[0.019s] Invoking command in '/home/matteo-melzer/ws_moveit/build/moveit_common': CMAKE_PREFIX_PATH=${CMAKE_PREFIX_PATH}:/home/matteo-melzer/ros2_ws/install/py_srvcli:/home/matteo-melzer/ros2_ws/install/py_pubsub:/home/matteo-melzer/ws_moveit/install/moveit_configs_utils:/home/matteo-melzer/ws_moveit/install/launch_param_builder:/opt/ros/humble /usr/bin/cmake /home/matteo-melzer/ws_moveit/src/moveit2/moveit_common -DCMAKE_BUILD_TYPE=Release -DCMAKE_INSTALL_PREFIX=/home/matteo-melzer/ws_moveit/install/moveit_common
[0.031s] -- Found ament_cmake: 1.3.11 (/opt/ros/humble/share/ament_cmake/cmake)
[0.203s] -- Found ament_lint_auto: 0.12.12 (/opt/ros/humble/share/ament_lint_auto/cmake)
[0.297s] -- Added test 'copyright' to check source files copyright and LICENSE
[0.297s] -- Added test 'lint_cmake' to check CMake code style
[0.297s] -- Added test 'xmllint' to check XML markup files
[0.299s] -- Configuring done
[0.304s] -- Generating done
[0.308s] -- Build files have been written to: /home/matteo-melzer/ws_moveit/build/moveit_common
[0.314s] Invoked command in '/home/matteo-melzer/ws_moveit/build/moveit_common' returned '0': CMAKE_PREFIX_PATH=${CMAKE_PREFIX_PATH}:/home/matteo-melzer/ros2_ws/install/py_srvcli:/home/matteo-melzer/ros2_ws/install/py_pubsub:/home/matteo-melzer/ws_moveit/install/moveit_configs_utils:/home/matteo-melzer/ws_moveit/install/launch_param_builder:/opt/ros/humble /usr/bin/cmake /home/matteo-melzer/ws_moveit/src/moveit2/moveit_common -DCMAKE_BUILD_TYPE=Release -DCMAKE_INSTALL_PREFIX=/home/matteo-melzer/ws_moveit/install/moveit_common
[0.318s] Invoking command in '/home/matteo-melzer/ws_moveit/build/moveit_common': CMAKE_PREFIX_PATH=${CMAKE_PREFIX_PATH}:/home/matteo-melzer/ros2_ws/install/py_srvcli:/home/matteo-melzer/ros2_ws/install/py_pubsub:/home/matteo-melzer/ws_moveit/install/moveit_configs_utils:/home/matteo-melzer/ws_moveit/install/launch_param_builder:/opt/ros/humble /usr/bin/cmake --build /home/matteo-melzer/ws_moveit/build/moveit_common -- -j2 -l2
[0.378s] Invoked command in '/home/matteo-melzer/ws_moveit/build/moveit_common' returned '0': CMAKE_PREFIX_PATH=${CMAKE_PREFIX_PATH}:/home/matteo-melzer/ros2_ws/install/py_srvcli:/home/matteo-melzer/ros2_ws/install/py_pubsub:/home/matteo-melzer/ws_moveit/install/moveit_configs_utils:/home/matteo-melzer/ws_moveit/install/launch_param_builder:/opt/ros/humble /usr/bin/cmake --build /home/matteo-melzer/ws_moveit/build/moveit_common -- -j2 -l2
[0.379s] Invoking command in '/home/matteo-melzer/ws_moveit/build/moveit_common': CMAKE_PREFIX_PATH=${CMAKE_PREFIX_PATH}:/home/matteo-melzer/ros2_ws/install/py_srvcli:/home/matteo-melzer/ros2_ws/install/py_pubsub:/home/matteo-melzer/ws_moveit/install/moveit_configs_utils:/home/matteo-melzer/ws_moveit/install/launch_param_builder:/opt/ros/humble /usr/bin/cmake --install /home/matteo-melzer/ws_moveit/build/moveit_common
[0.394s] -- Install configuration: "Release"
[0.394s] -- Up-to-date: /home/matteo-melzer/ws_moveit/install/moveit_common/share/ament_index/resource_index/package_run_dependencies/moveit_common
[0.395s] -- Up-to-date: /home/matteo-melzer/ws_moveit/install/moveit_common/share/ament_index/resource_index/parent_prefix_path/moveit_common
[0.395s] -- Up-to-date: /home/matteo-melzer/ws_moveit/install/moveit_common/share/moveit_common/environment/ament_prefix_path.sh
[0.395s] -- Installing: /home/matteo-melzer/ws_moveit/install/moveit_common/share/moveit_common/environment/ament_prefix_path.dsv
[0.395s] -- Up-to-date: /home/matteo-melzer/ws_moveit/install/moveit_common/share/moveit_common/environment/path.sh
[0.396s] -- Installing: /home/matteo-melzer/ws_moveit/install/moveit_common/share/moveit_common/environment/path.dsv
[0.396s] -- Up-to-date: /home/matteo-melzer/ws_moveit/install/moveit_common/share/moveit_common/local_setup.bash
[0.396s] -- Up-to-date: /home/matteo-melzer/ws_moveit/install/moveit_common/share/moveit_common/local_setup.sh
[0.396s] -- Up-to-date: /home/matteo-melzer/ws_moveit/install/moveit_common/share/moveit_common/local_setup.zsh
[0.396s] -- Installing: /home/matteo-melzer/ws_moveit/install/moveit_common/share/moveit_common/local_setup.dsv
[0.397s] -- Installing: /home/matteo-melzer/ws_moveit/install/moveit_common/share/moveit_common/package.dsv
[0.397s] -- Up-to-date: /home/matteo-melzer/ws_moveit/install/moveit_common/share/ament_index/resource_index/packages/moveit_common
[0.397s] -- Up-to-date: /home/matteo-melzer/ws_moveit/install/moveit_common/share/moveit_common/cmake/moveit_common-extras.cmake
[0.398s] -- Up-to-date: /home/matteo-melzer/ws_moveit/install/moveit_common/share/moveit_common/cmake/moveit_commonConfig.cmake
[0.398s] -- Up-to-date: /home/matteo-melzer/ws_moveit/install/moveit_common/share/moveit_common/cmake/moveit_commonConfig-version.cmake
[0.399s] -- Up-to-date: /home/matteo-melzer/ws_moveit/install/moveit_common/share/moveit_common/package.xml
[0.399s] -- Up-to-date: /home/matteo-melzer/ws_moveit/install/moveit_common/share/moveit_common/cmake
[0.400s] -- Up-to-date: /home/matteo-melzer/ws_moveit/install/moveit_common/share/moveit_common/cmake/moveit_package.cmake
[0.427s] Invoked command in '/home/matteo-melzer/ws_moveit/build/moveit_common' returned '0': CMAKE_PREFIX_PATH=${CMAKE_PREFIX_PATH}:/home/matteo-melzer/ros2_ws/install/py_srvcli:/home/matteo-melzer/ros2_ws/install/py_pubsub:/home/matteo-melzer/ws_moveit/install/moveit_configs_utils:/home/matteo-melzer/ws_moveit/install/launch_param_builder:/opt/ros/humble /usr/bin/cmake --install /home/matteo-melzer/ws_moveit/build/moveit_common
