[0.000000] (-) TimerEvent: {}
[0.000244] (-) JobUnselected: {'identifier': 'chomp_motion_planner'}
[0.000275] (-) JobUnselected: {'identifier': 'hello_moveit'}
[0.000293] (-) JobUnselected: {'identifier': 'launch_param_builder'}
[0.000307] (-) JobUnselected: {'identifier': 'moveit'}
[0.000321] (-) JobUnselected: {'identifier': 'moveit2_tutorials'}
[0.000334] (-) JobUnselected: {'identifier': 'moveit_chomp_optimizer_adapter'}
[0.000347] (-) JobUnselected: {'identifier': 'moveit_common'}
[0.000360] (-) JobUnselected: {'identifier': 'moveit_configs_utils'}
[0.000371] (-) JobUnselected: {'identifier': 'moveit_core'}
[0.000382] (-) JobUnselected: {'identifier': 'moveit_hybrid_planning'}
[0.000394] (-) JobUnselected: {'identifier': 'moveit_kinematics'}
[0.000405] (-) JobUnselected: {'identifier': 'moveit_planners'}
[0.000416] (-) JobUnselected: {'identifier': 'moveit_planners_chomp'}
[0.000427] (-) JobUnselected: {'identifier': 'moveit_planners_ompl'}
[0.000438] (-) JobUnselected: {'identifier': 'moveit_plugins'}
[0.000448] (-) JobUnselected: {'identifier': 'moveit_resources'}
[0.000459] (-) JobUnselected: {'identifier': 'moveit_resources_fanuc_description'}
[0.000471] (-) JobUnselected: {'identifier': 'moveit_resources_fanuc_moveit_config'}
[0.000482] (-) JobUnselected: {'identifier': 'moveit_resources_panda_description'}
[0.000493] (-) JobUnselected: {'identifier': 'moveit_resources_panda_moveit_config'}
[0.000504] (-) JobUnselected: {'identifier': 'moveit_resources_pr2_description'}
[0.000515] (-) JobUnselected: {'identifier': 'moveit_resources_prbt_ikfast_manipulator_plugin'}
[0.000526] (-) JobUnselected: {'identifier': 'moveit_resources_prbt_moveit_config'}
[0.000537] (-) JobUnselected: {'identifier': 'moveit_resources_prbt_pg70_support'}
[0.000548] (-) JobUnselected: {'identifier': 'moveit_resources_prbt_support'}
[0.000560] (-) JobUnselected: {'identifier': 'moveit_ros'}
[0.000571] (-) JobUnselected: {'identifier': 'moveit_ros_benchmarks'}
[0.000582] (-) JobUnselected: {'identifier': 'moveit_ros_control_interface'}
[0.000593] (-) JobUnselected: {'identifier': 'moveit_ros_move_group'}
[0.000604] (-) JobUnselected: {'identifier': 'moveit_ros_occupancy_map_monitor'}
[0.000616] (-) JobUnselected: {'identifier': 'moveit_ros_perception'}
[0.000626] (-) JobUnselected: {'identifier': 'moveit_ros_planning'}
[0.000637] (-) JobUnselected: {'identifier': 'moveit_ros_planning_interface'}
[0.000648] (-) JobUnselected: {'identifier': 'moveit_ros_robot_interaction'}
[0.000659] (-) JobUnselected: {'identifier': 'moveit_ros_visualization'}
[0.000670] (-) JobUnselected: {'identifier': 'moveit_ros_warehouse'}
[0.000681] (-) JobUnselected: {'identifier': 'moveit_runtime'}
[0.000692] (-) JobUnselected: {'identifier': 'moveit_servo'}
[0.000703] (-) JobUnselected: {'identifier': 'moveit_setup_app_plugins'}
[0.000714] (-) JobUnselected: {'identifier': 'moveit_setup_assistant'}
[0.000725] (-) JobUnselected: {'identifier': 'moveit_setup_controllers'}
[0.000736] (-) JobUnselected: {'identifier': 'moveit_setup_core_plugins'}
[0.000747] (-) JobUnselected: {'identifier': 'moveit_setup_framework'}
[0.000758] (-) JobUnselected: {'identifier': 'moveit_setup_srdf_plugins'}
[0.000769] (-) JobUnselected: {'identifier': 'moveit_simple_controller_manager'}
[0.000780] (-) JobUnselected: {'identifier': 'moveit_task_constructor_capabilities'}
[0.000791] (-) JobUnselected: {'identifier': 'moveit_task_constructor_core'}
[0.000802] (-) JobUnselected: {'identifier': 'moveit_task_constructor_demo'}
[0.000813] (-) JobUnselected: {'identifier': 'moveit_task_constructor_msgs'}
[0.000824] (-) JobUnselected: {'identifier': 'moveit_task_constructor_visualization'}
[0.000835] (-) JobUnselected: {'identifier': 'moveit_visual_tools'}
[0.000845] (-) JobUnselected: {'identifier': 'mtc_tutorial'}
[0.000857] (-) JobUnselected: {'identifier': 'pilz_industrial_motion_planner'}
[0.000868] (-) JobUnselected: {'identifier': 'pilz_industrial_motion_planner_testutils'}
[0.000879] (-) JobUnselected: {'identifier': 'rosparam_shortcuts'}
[0.000890] (-) JobUnselected: {'identifier': 'rviz_marker_tools'}
[0.000912] (-) JobUnselected: {'identifier': 'srdfdom'}
[0.000923] (-) JobUnselected: {'identifier': 'ur10e_moveit_config'}
[0.000934] (-) JobUnselected: {'identifier': 'ur10e_moveit_launch'}
[0.000945] (-) JobUnselected: {'identifier': 'ur_description'}
[0.000956] (-) JobUnselected: {'identifier': 'ur_simulation_gazebo'}
[0.001216] (-) EventReactorShutdown: {}
