[0.059s] Invoking command in '/home/matteo-melzer/ws_moveit/build/moveit_core': CMAKE_PREFIX_PATH=/home/matteo-melzer/ws_moveit/install/moveit_resources_panda_moveit_config:/home/matteo-melzer/ws_moveit/install/srdfdom:/home/matteo-melzer/ws_moveit/install/moveit_resources_pr2_description:/home/matteo-melzer/ws_moveit/install/moveit_resources_panda_description:/home/matteo-melzer/ws_moveit/install/moveit_common:/home/matteo-melzer/ws_moveit/install/ur10e_moveit_config:/home/matteo-melzer/ros2_ws/install/ur_description:/home/matteo-melzer/ros2_ws/install/tutorial_interfaces:/home/matteo-melzer/ros2_ws/install/turtlesim:/home/matteo-melzer/ws_moveit/install/ur_description:/home/matteo-melzer/ws_moveit/install/ur10e_moveit_launch:/home/matteo-melzer/ws_moveit/install/pilz_industrial_motion_planner_testutils:/home/matteo-melzer/ws_moveit/install/moveit_runtime:/home/matteo-melzer/ws_moveit/install/moveit2_tutorials:/home/matteo-melzer/ws_moveit/install/moveit:/home/matteo-melzer/ws_moveit/install/moveit_planners:/home/matteo-melzer/ws_moveit/install/pilz_industrial_motion_planner:/home/matteo-melzer/ws_moveit/install/mtc_tutorial:/home/matteo-melzer/ws_moveit/install/hello_moveit:/home/matteo-melzer/ws_moveit/install/moveit_visual_tools:/home/matteo-melzer/ws_moveit/install/moveit_task_constructor_visualization:/home/matteo-melzer/ws_moveit/install/moveit_task_constructor_demo:/home/matteo-melzer/ws_moveit/install/moveit_task_constructor_capabilities:/home/matteo-melzer/ws_moveit/install/moveit_task_constructor_core:/home/matteo-melzer/ws_moveit/install/moveit_ros_control_interface:/home/matteo-melzer/ws_moveit/install/moveit_plugins:/home/matteo-melzer/ws_moveit/install/moveit_simple_controller_manager:/home/matteo-melzer/ws_moveit/install/moveit_setup_assistant:/home/matteo-melzer/ws_moveit/install/moveit_setup_srdf_plugins:/home/matteo-melzer/ws_moveit/install/moveit_setup_core_plugins:/home/matteo-melzer/ws_moveit/install/moveit_setup_controllers:/home/matteo-melzer/ws_moveit/install/moveit_setup_app_plugins:/home/matteo-melzer/ws_moveit/install/moveit_setup_framework:/home/matteo-melzer/ws_moveit/install/moveit_servo:/home/matteo-melzer/ws_moveit/install/moveit_ros:/home/matteo-melzer/ws_moveit/install/moveit_ros_visualization:/home/matteo-melzer/ws_moveit/install/moveit_hybrid_planning:/home/matteo-melzer/ws_moveit/install/moveit_ros_planning_interface:/home/matteo-melzer/ws_moveit/install/moveit_ros_benchmarks:/home/matteo-melzer/ws_moveit/install/moveit_ros_warehouse:/home/matteo-melzer/ws_moveit/install/moveit_ros_robot_interaction:/home/matteo-melzer/ws_moveit/install/moveit_ros_perception:/home/matteo-melzer/ws_moveit/install/moveit_resources_prbt_pg70_support:/home/matteo-melzer/ws_moveit/install/moveit_resources_prbt_moveit_config:/home/matteo-melzer/ws_moveit/install/moveit_ros_move_group:/home/matteo-melzer/ws_moveit/install/moveit_planners_ompl:/home/matteo-melzer/ws_moveit/install/moveit_ros_planning:/home/matteo-melzer/ws_moveit/install/moveit_ros_occupancy_map_monitor:/home/matteo-melzer/ws_moveit/install/moveit_resources_prbt_ikfast_manipulator_plugin:/home/matteo-melzer/ws_moveit/install/moveit_planners_chomp:/home/matteo-melzer/ws_moveit/install/moveit_kinematics:/home/matteo-melzer/ws_moveit/install/moveit_chomp_optimizer_adapter:/home/matteo-melzer/ws_moveit/install/chomp_motion_planner:/home/matteo-melzer/ws_moveit/install/moveit_core:/home/matteo-melzer/ws_moveit/install/rviz_marker_tools:/home/matteo-melzer/ws_moveit/install/rosparam_shortcuts:/home/matteo-melzer/ws_moveit/install/moveit_task_constructor_msgs:/home/matteo-melzer/ws_moveit/install/moveit_resources_prbt_support:/home/matteo-melzer/ws_moveit/install/moveit_resources:/home/matteo-melzer/ws_moveit/install/moveit_resources_fanuc_moveit_config:/home/matteo-melzer/ws_moveit/install/moveit_resources_fanuc_description:/home/matteo-melzer/ros2_ws/install/py_srvcli:/home/matteo-melzer/ros2_ws/install/py_pubsub:/home/matteo-melzer/ws_moveit/install/moveit_configs_utils:/home/matteo-melzer/ws_moveit/install/launch_param_builder:/opt/ros/humble LD_LIBRARY_PATH=/home/matteo-melzer/ws_moveit/install/srdfdom/lib:/home/matteo-melzer/ros2_ws/install/tutorial_interfaces/lib:/home/matteo-melzer/ros2_ws/install/turtlesim/lib:/home/matteo-melzer/ws_moveit/install/pilz_industrial_motion_planner_testutils/lib:/home/matteo-melzer/ws_moveit/install/pilz_industrial_motion_planner/lib:/home/matteo-melzer/ws_moveit/install/moveit_visual_tools/lib:/home/matteo-melzer/ws_moveit/install/moveit_task_constructor_visualization/lib:/home/matteo-melzer/ws_moveit/install/moveit_task_constructor_demo/lib:/home/matteo-melzer/ws_moveit/install/moveit_task_constructor_capabilities/lib:/home/matteo-melzer/ws_moveit/install/moveit_task_constructor_core/lib:/home/matteo-melzer/ws_moveit/install/moveit_ros_control_interface/lib:/home/matteo-melzer/ws_moveit/install/moveit_simple_controller_manager/lib:/home/matteo-melzer/ws_moveit/install/moveit_setup_assistant/lib:/home/matteo-melzer/ws_moveit/install/moveit_setup_srdf_plugins/lib:/home/matteo-melzer/ws_moveit/install/moveit_setup_core_plugins/lib:/home/matteo-melzer/ws_moveit/install/moveit_setup_controllers/lib:/home/matteo-melzer/ws_moveit/install/moveit_setup_app_plugins/lib:/home/matteo-melzer/ws_moveit/install/moveit_setup_framework/lib:/home/matteo-melzer/ws_moveit/install/moveit_servo/lib:/home/matteo-melzer/ws_moveit/install/moveit_ros_visualization/lib:/home/matteo-melzer/ws_moveit/install/moveit_hybrid_planning/lib:/home/matteo-melzer/ws_moveit/install/moveit_ros_planning_interface/lib:/home/matteo-melzer/ws_moveit/install/moveit_ros_benchmarks/lib:/home/matteo-melzer/ws_moveit/install/moveit_ros_warehouse/lib:/home/matteo-melzer/ws_moveit/install/moveit_ros_robot_interaction/lib:/home/matteo-melzer/ws_moveit/install/moveit_ros_perception/lib:/home/matteo-melzer/ws_moveit/install/moveit_ros_move_group/lib:/home/matteo-melzer/ws_moveit/install/moveit_planners_ompl/lib:/home/matteo-melzer/ws_moveit/install/moveit_ros_planning/lib:/home/matteo-melzer/ws_moveit/install/moveit_ros_occupancy_map_monitor/lib:/home/matteo-melzer/ws_moveit/install/moveit_resources_prbt_ikfast_manipulator_plugin/lib:/home/matteo-melzer/ws_moveit/install/moveit_planners_chomp/lib:/home/matteo-melzer/ws_moveit/install/moveit_kinematics/lib:/home/matteo-melzer/ws_moveit/install/moveit_chomp_optimizer_adapter/lib:/home/matteo-melzer/ws_moveit/install/chomp_motion_planner/lib:/home/matteo-melzer/ws_moveit/install/moveit_core/lib:/home/matteo-melzer/ws_moveit/install/rviz_marker_tools/lib:/home/matteo-melzer/ws_moveit/install/rosparam_shortcuts/lib:/home/matteo-melzer/ws_moveit/install/moveit_task_constructor_msgs/lib:/opt/ros/humble/opt/rviz_ogre_vendor/lib:/opt/ros/humble/lib/x86_64-linux-gnu:/opt/ros/humble/lib /usr/bin/cmake /home/matteo-melzer/ws_moveit/src/moveit2/moveit_core -DCMAKE_BUILD_TYPE=Release -DCMAKE_INSTALL_PREFIX=/home/matteo-melzer/ws_moveit/install/moveit_core
[0.097s] -- Found moveit_common: 2.5.9 (/home/matteo-melzer/ws_moveit/install/moveit_common/share/moveit_common/cmake)
[0.099s] -- Found ament_cmake: 1.3.11 (/opt/ros/humble/share/ament_cmake/cmake)
[0.501s] -- Found angles: 1.15.0 (/opt/ros/humble/share/angles/cmake)
[0.577s] -- Found common_interfaces: 4.9.0 (/opt/ros/humble/share/common_interfaces/cmake)
[0.580s] -- Found eigen_stl_containers: 1.1.0 (/opt/ros/humble/share/eigen_stl_containers/cmake)
[0.591s] -- Found eigen3_cmake_module: 0.1.1 (/opt/ros/humble/share/eigen3_cmake_module/cmake)
[0.607s] -- Found generate_parameter_library: 0.5.0 (/opt/ros/humble/share/generate_parameter_library/cmake)
[0.612s] -- Found parameter_traits: 0.5.0 (/opt/ros/humble/share/parameter_traits/cmake)
[0.669s] -- Found rosidl_generator_c: 3.1.6 (/opt/ros/humble/share/rosidl_generator_c/cmake)
[0.670s] -- Found rosidl_adapter: 3.1.6 (/opt/ros/humble/share/rosidl_adapter/cmake)
[0.681s] -- Found rosidl_generator_cpp: 3.1.6 (/opt/ros/humble/share/rosidl_generator_cpp/cmake)
[0.698s] -- Using all available rosidl_typesupport_c: rosidl_typesupport_fastrtps_c;rosidl_typesupport_introspection_c
[0.727s] -- Using all available rosidl_typesupport_cpp: rosidl_typesupport_fastrtps_cpp;rosidl_typesupport_introspection_cpp
[0.839s] -- Found rmw_implementation_cmake: 6.1.2 (/opt/ros/humble/share/rmw_implementation_cmake/cmake)
[0.851s] -- Found rmw_fastrtps_cpp: 6.2.7 (/opt/ros/humble/share/rmw_fastrtps_cpp/cmake)
[1.089s] -- Using RMW implementation 'rmw_fastrtps_cpp' as default
[1.252s] -- Found rclcpp_lifecycle: 16.0.12 (/opt/ros/humble/share/rclcpp_lifecycle/cmake)
[1.310s] -- Found geometric_shapes: 2.3.2 (/opt/ros/humble/share/geometric_shapes/cmake)
[1.319s] -- Found Boost: /usr/lib/x86_64-linux-gnu/cmake/Boost-1.74.0/BoostConfig.cmake (found version "1.74.0") found components: filesystem 
[1.414s] -- library: /usr/lib/x86_64-linux-gnu/libcurl.so
[1.501s] -- Found kdl_parser: 2.6.4 (/opt/ros/humble/share/kdl_parser/cmake)
[1.514s] -- Ensuring Eigen3 include directory is part of orocos-kdl CMake target
[1.519s] -- Found moveit_msgs: 2.2.1 (/opt/ros/humble/share/moveit_msgs/cmake)
[1.614s] -- Found pluginlib: 5.1.0 (/opt/ros/humble/share/pluginlib/cmake)
[1.647s] -- Found srdfdom: 2.0.8 (/home/matteo-melzer/ws_moveit/install/srdfdom/share/srdfdom/cmake)
[1.663s] -- Found tf2_eigen: 0.25.13 (/opt/ros/humble/share/tf2_eigen/cmake)
[1.835s] -- Found tf2_geometry_msgs: 0.25.13 (/opt/ros/humble/share/tf2_geometry_msgs/cmake)
[1.843s] -- Found tf2_kdl: 0.25.13 (/opt/ros/humble/share/tf2_kdl/cmake)
[1.912s] -- Found Boost: /usr/lib/x86_64-linux-gnu/cmake/Boost-1.74.0/BoostConfig.cmake (found version "1.74.0") found components: chrono date_time filesystem iostreams program_options regex serialization system thread 
[1.912s] --  *** Building MoveIt 2.5.9-Alpha ***
[1.982s] -- Found ament_cmake_gtest: 1.3.11 (/opt/ros/humble/share/ament_cmake_gtest/cmake)
[2.001s] -- Found gtest sources under '/opt/ros/humble/src/gtest_vendor': C++ tests using 'Google Test' will be built
[2.081s] -- Found ament_cmake_gmock: 1.3.11 (/opt/ros/humble/share/ament_cmake_gmock/cmake)
[2.094s] -- Found gmock sources under '/opt/ros/humble/src/gmock_vendor': C++ tests using 'Google Mock' will be built
[2.100s] -- Found ament_cmake_gtest: 1.3.11 (/opt/ros/humble/share/ament_cmake_gtest/cmake)
[2.106s] -- Found gtest sources under '/opt/ros/humble/src/gtest_vendor': C++ tests using 'Google Test' will be built
[2.148s] -- Found ament_cmake_gtest: 1.3.11 (/opt/ros/humble/share/ament_cmake_gtest/cmake)
[2.148s] -- Found gtest sources under '/opt/ros/humble/src/gtest_vendor': C++ tests using 'Google Test' will be built
[2.235s] -- Found ament_cmake_gtest: 1.3.11 (/opt/ros/humble/share/ament_cmake_gtest/cmake)
[2.236s] -- Found gtest sources under '/opt/ros/humble/src/gtest_vendor': C++ tests using 'Google Test' will be built
[2.295s] -- Found ament_lint_auto: 0.12.12 (/opt/ros/humble/share/ament_lint_auto/cmake)
[2.297s] -- Found ament_cmake_gtest: 1.3.11 (/opt/ros/humble/share/ament_cmake_gtest/cmake)
[2.302s] -- Found gtest sources under '/opt/ros/humble/src/gtest_vendor': C++ tests using 'Google Test' will be built
[2.435s] -- Found ament_cmake_gtest: 1.3.11 (/opt/ros/humble/share/ament_cmake_gtest/cmake)
[2.436s] -- Found gtest sources under '/opt/ros/humble/src/gtest_vendor': C++ tests using 'Google Test' will be built
[2.551s] -- Found ament_cmake_gtest: 1.3.11 (/opt/ros/humble/share/ament_cmake_gtest/cmake)
[2.556s] -- Found gtest sources under '/opt/ros/humble/src/gtest_vendor': C++ tests using 'Google Test' will be built
[2.628s] -- Found ament_cmake_gtest: 1.3.11 (/opt/ros/humble/share/ament_cmake_gtest/cmake)
[2.630s] -- Found gmock sources under '/opt/ros/humble/src/gmock_vendor': C++ tests using 'Google Mock' will be built
[2.631s] -- Found gtest sources under '/opt/ros/humble/src/gtest_vendor': C++ tests using 'Google Test' will be built
[2.679s] -- Found gtest sources under '/opt/ros/humble/src/gtest_vendor': C++ tests using 'Google Test' will be built
[2.717s] -- Found gtest sources under '/opt/ros/humble/src/gtest_vendor': C++ tests using 'Google Test' will be built
[2.776s] -- Found ament_cmake_gtest: 1.3.11 (/opt/ros/humble/share/ament_cmake_gtest/cmake)
[2.776s] -- Found gtest sources under '/opt/ros/humble/src/gtest_vendor': C++ tests using 'Google Test' will be built
[2.920s] -- Found gtest sources under '/opt/ros/humble/src/gtest_vendor': C++ tests using 'Google Test' will be built
[2.995s] -- Found gtest sources under '/opt/ros/humble/src/gtest_vendor': C++ tests using 'Google Test' will be built
[3.079s] -- Found gtest sources under '/opt/ros/humble/src/gtest_vendor': C++ tests using 'Google Test' will be built
[3.095s] -- Found ament_lint_auto: 0.12.12 (/opt/ros/humble/share/ament_lint_auto/cmake)
[3.191s] -- Added test 'cppcheck' to perform static code analysis on C / C++ code
[3.194s] -- Configured cppcheck include dirs: /home/matteo-melzer/ws_moveit/src/moveit2/moveit_core/exceptions/include;/home/matteo-melzer/ws_moveit/src/moveit2/moveit_core/collision_detection/include;/home/matteo-melzer/ws_moveit/src/moveit2/moveit_core/collision_detection_fcl/include;/home/matteo-melzer/ws_moveit/src/moveit2/moveit_core/collision_detection_bullet/include;/home/matteo-melzer/ws_moveit/src/moveit2/moveit_core/constraint_samplers/include;/home/matteo-melzer/ws_moveit/src/moveit2/moveit_core/controller_manager/include;/home/matteo-melzer/ws_moveit/src/moveit2/moveit_core/distance_field/include;/home/matteo-melzer/ws_moveit/src/moveit2/moveit_core/collision_distance_field/include;/home/matteo-melzer/ws_moveit/src/moveit2/moveit_core/dynamics_solver/include;/home/matteo-melzer/ws_moveit/src/moveit2/moveit_core/kinematics_base/include;/home/matteo-melzer/ws_moveit/src/moveit2/moveit_core/kinematics_metrics/include;/home/matteo-melzer/ws_moveit/src/moveit2/moveit_core/robot_model/include;/home/matteo-melzer/ws_moveit/src/moveit2/moveit_core/transforms/include;/home/matteo-melzer/ws_moveit/src/moveit2/moveit_core/robot_state/include;/home/matteo-melzer/ws_moveit/src/moveit2/moveit_core/robot_trajectory/include;/home/matteo-melzer/ws_moveit/src/moveit2/moveit_core/kinematic_constraints/include;/home/matteo-melzer/ws_moveit/src/moveit2/moveit_core/macros/include;/home/matteo-melzer/ws_moveit/src/moveit2/moveit_core/online_signal_smoothing/include;/home/matteo-melzer/ws_moveit/src/moveit2/moveit_core/planning_interface/include;/home/matteo-melzer/ws_moveit/src/moveit2/moveit_core/planning_request_adapter/include;/home/matteo-melzer/ws_moveit/src/moveit2/moveit_core/planning_scene/include;/home/matteo-melzer/ws_moveit/src/moveit2/moveit_core/sensor_manager/include;/home/matteo-melzer/ws_moveit/src/moveit2/moveit_core/trajectory_processing/include;/home/matteo-melzer/ws_moveit/src/moveit2/moveit_core/utils/include
[3.194s] -- Configured cppcheck exclude dirs and/or files: 
[3.204s] -- Added test 'pep257' to check Python code against some of the docstring style conventions in PEP 257
[3.212s] -- Added test 'xmllint' to check XML markup files
[3.219s] -- Configuring done
[5.090s] -- Generating done
[5.372s] -- Build files have been written to: /home/matteo-melzer/ws_moveit/build/moveit_core
[5.452s] Invoked command in '/home/matteo-melzer/ws_moveit/build/moveit_core' returned '0': CMAKE_PREFIX_PATH=/home/matteo-melzer/ws_moveit/install/moveit_resources_panda_moveit_config:/home/matteo-melzer/ws_moveit/install/srdfdom:/home/matteo-melzer/ws_moveit/install/moveit_resources_pr2_description:/home/matteo-melzer/ws_moveit/install/moveit_resources_panda_description:/home/matteo-melzer/ws_moveit/install/moveit_common:/home/matteo-melzer/ws_moveit/install/ur10e_moveit_config:/home/matteo-melzer/ros2_ws/install/ur_description:/home/matteo-melzer/ros2_ws/install/tutorial_interfaces:/home/matteo-melzer/ros2_ws/install/turtlesim:/home/matteo-melzer/ws_moveit/install/ur_description:/home/matteo-melzer/ws_moveit/install/ur10e_moveit_launch:/home/matteo-melzer/ws_moveit/install/pilz_industrial_motion_planner_testutils:/home/matteo-melzer/ws_moveit/install/moveit_runtime:/home/matteo-melzer/ws_moveit/install/moveit2_tutorials:/home/matteo-melzer/ws_moveit/install/moveit:/home/matteo-melzer/ws_moveit/install/moveit_planners:/home/matteo-melzer/ws_moveit/install/pilz_industrial_motion_planner:/home/matteo-melzer/ws_moveit/install/mtc_tutorial:/home/matteo-melzer/ws_moveit/install/hello_moveit:/home/matteo-melzer/ws_moveit/install/moveit_visual_tools:/home/matteo-melzer/ws_moveit/install/moveit_task_constructor_visualization:/home/matteo-melzer/ws_moveit/install/moveit_task_constructor_demo:/home/matteo-melzer/ws_moveit/install/moveit_task_constructor_capabilities:/home/matteo-melzer/ws_moveit/install/moveit_task_constructor_core:/home/matteo-melzer/ws_moveit/install/moveit_ros_control_interface:/home/matteo-melzer/ws_moveit/install/moveit_plugins:/home/matteo-melzer/ws_moveit/install/moveit_simple_controller_manager:/home/matteo-melzer/ws_moveit/install/moveit_setup_assistant:/home/matteo-melzer/ws_moveit/install/moveit_setup_srdf_plugins:/home/matteo-melzer/ws_moveit/install/moveit_setup_core_plugins:/home/matteo-melzer/ws_moveit/install/moveit_setup_controllers:/home/matteo-melzer/ws_moveit/install/moveit_setup_app_plugins:/home/matteo-melzer/ws_moveit/install/moveit_setup_framework:/home/matteo-melzer/ws_moveit/install/moveit_servo:/home/matteo-melzer/ws_moveit/install/moveit_ros:/home/matteo-melzer/ws_moveit/install/moveit_ros_visualization:/home/matteo-melzer/ws_moveit/install/moveit_hybrid_planning:/home/matteo-melzer/ws_moveit/install/moveit_ros_planning_interface:/home/matteo-melzer/ws_moveit/install/moveit_ros_benchmarks:/home/matteo-melzer/ws_moveit/install/moveit_ros_warehouse:/home/matteo-melzer/ws_moveit/install/moveit_ros_robot_interaction:/home/matteo-melzer/ws_moveit/install/moveit_ros_perception:/home/matteo-melzer/ws_moveit/install/moveit_resources_prbt_pg70_support:/home/matteo-melzer/ws_moveit/install/moveit_resources_prbt_moveit_config:/home/matteo-melzer/ws_moveit/install/moveit_ros_move_group:/home/matteo-melzer/ws_moveit/install/moveit_planners_ompl:/home/matteo-melzer/ws_moveit/install/moveit_ros_planning:/home/matteo-melzer/ws_moveit/install/moveit_ros_occupancy_map_monitor:/home/matteo-melzer/ws_moveit/install/moveit_resources_prbt_ikfast_manipulator_plugin:/home/matteo-melzer/ws_moveit/install/moveit_planners_chomp:/home/matteo-melzer/ws_moveit/install/moveit_kinematics:/home/matteo-melzer/ws_moveit/install/moveit_chomp_optimizer_adapter:/home/matteo-melzer/ws_moveit/install/chomp_motion_planner:/home/matteo-melzer/ws_moveit/install/moveit_core:/home/matteo-melzer/ws_moveit/install/rviz_marker_tools:/home/matteo-melzer/ws_moveit/install/rosparam_shortcuts:/home/matteo-melzer/ws_moveit/install/moveit_task_constructor_msgs:/home/matteo-melzer/ws_moveit/install/moveit_resources_prbt_support:/home/matteo-melzer/ws_moveit/install/moveit_resources:/home/matteo-melzer/ws_moveit/install/moveit_resources_fanuc_moveit_config:/home/matteo-melzer/ws_moveit/install/moveit_resources_fanuc_description:/home/matteo-melzer/ros2_ws/install/py_srvcli:/home/matteo-melzer/ros2_ws/install/py_pubsub:/home/matteo-melzer/ws_moveit/install/moveit_configs_utils:/home/matteo-melzer/ws_moveit/install/launch_param_builder:/opt/ros/humble LD_LIBRARY_PATH=/home/matteo-melzer/ws_moveit/install/srdfdom/lib:/home/matteo-melzer/ros2_ws/install/tutorial_interfaces/lib:/home/matteo-melzer/ros2_ws/install/turtlesim/lib:/home/matteo-melzer/ws_moveit/install/pilz_industrial_motion_planner_testutils/lib:/home/matteo-melzer/ws_moveit/install/pilz_industrial_motion_planner/lib:/home/matteo-melzer/ws_moveit/install/moveit_visual_tools/lib:/home/matteo-melzer/ws_moveit/install/moveit_task_constructor_visualization/lib:/home/matteo-melzer/ws_moveit/install/moveit_task_constructor_demo/lib:/home/matteo-melzer/ws_moveit/install/moveit_task_constructor_capabilities/lib:/home/matteo-melzer/ws_moveit/install/moveit_task_constructor_core/lib:/home/matteo-melzer/ws_moveit/install/moveit_ros_control_interface/lib:/home/matteo-melzer/ws_moveit/install/moveit_simple_controller_manager/lib:/home/matteo-melzer/ws_moveit/install/moveit_setup_assistant/lib:/home/matteo-melzer/ws_moveit/install/moveit_setup_srdf_plugins/lib:/home/matteo-melzer/ws_moveit/install/moveit_setup_core_plugins/lib:/home/matteo-melzer/ws_moveit/install/moveit_setup_controllers/lib:/home/matteo-melzer/ws_moveit/install/moveit_setup_app_plugins/lib:/home/matteo-melzer/ws_moveit/install/moveit_setup_framework/lib:/home/matteo-melzer/ws_moveit/install/moveit_servo/lib:/home/matteo-melzer/ws_moveit/install/moveit_ros_visualization/lib:/home/matteo-melzer/ws_moveit/install/moveit_hybrid_planning/lib:/home/matteo-melzer/ws_moveit/install/moveit_ros_planning_interface/lib:/home/matteo-melzer/ws_moveit/install/moveit_ros_benchmarks/lib:/home/matteo-melzer/ws_moveit/install/moveit_ros_warehouse/lib:/home/matteo-melzer/ws_moveit/install/moveit_ros_robot_interaction/lib:/home/matteo-melzer/ws_moveit/install/moveit_ros_perception/lib:/home/matteo-melzer/ws_moveit/install/moveit_ros_move_group/lib:/home/matteo-melzer/ws_moveit/install/moveit_planners_ompl/lib:/home/matteo-melzer/ws_moveit/install/moveit_ros_planning/lib:/home/matteo-melzer/ws_moveit/install/moveit_ros_occupancy_map_monitor/lib:/home/matteo-melzer/ws_moveit/install/moveit_resources_prbt_ikfast_manipulator_plugin/lib:/home/matteo-melzer/ws_moveit/install/moveit_planners_chomp/lib:/home/matteo-melzer/ws_moveit/install/moveit_kinematics/lib:/home/matteo-melzer/ws_moveit/install/moveit_chomp_optimizer_adapter/lib:/home/matteo-melzer/ws_moveit/install/chomp_motion_planner/lib:/home/matteo-melzer/ws_moveit/install/moveit_core/lib:/home/matteo-melzer/ws_moveit/install/rviz_marker_tools/lib:/home/matteo-melzer/ws_moveit/install/rosparam_shortcuts/lib:/home/matteo-melzer/ws_moveit/install/moveit_task_constructor_msgs/lib:/opt/ros/humble/opt/rviz_ogre_vendor/lib:/opt/ros/humble/lib/x86_64-linux-gnu:/opt/ros/humble/lib /usr/bin/cmake /home/matteo-melzer/ws_moveit/src/moveit2/moveit_core -DCMAKE_BUILD_TYPE=Release -DCMAKE_INSTALL_PREFIX=/home/matteo-melzer/ws_moveit/install/moveit_core
[5.454s] Invoking command in '/home/matteo-melzer/ws_moveit/build/moveit_core': CMAKE_PREFIX_PATH=/home/matteo-melzer/ws_moveit/install/moveit_resources_panda_moveit_config:/home/matteo-melzer/ws_moveit/install/srdfdom:/home/matteo-melzer/ws_moveit/install/moveit_resources_pr2_description:/home/matteo-melzer/ws_moveit/install/moveit_resources_panda_description:/home/matteo-melzer/ws_moveit/install/moveit_common:/home/matteo-melzer/ws_moveit/install/ur10e_moveit_config:/home/matteo-melzer/ros2_ws/install/ur_description:/home/matteo-melzer/ros2_ws/install/tutorial_interfaces:/home/matteo-melzer/ros2_ws/install/turtlesim:/home/matteo-melzer/ws_moveit/install/ur_description:/home/matteo-melzer/ws_moveit/install/ur10e_moveit_launch:/home/matteo-melzer/ws_moveit/install/pilz_industrial_motion_planner_testutils:/home/matteo-melzer/ws_moveit/install/moveit_runtime:/home/matteo-melzer/ws_moveit/install/moveit2_tutorials:/home/matteo-melzer/ws_moveit/install/moveit:/home/matteo-melzer/ws_moveit/install/moveit_planners:/home/matteo-melzer/ws_moveit/install/pilz_industrial_motion_planner:/home/matteo-melzer/ws_moveit/install/mtc_tutorial:/home/matteo-melzer/ws_moveit/install/hello_moveit:/home/matteo-melzer/ws_moveit/install/moveit_visual_tools:/home/matteo-melzer/ws_moveit/install/moveit_task_constructor_visualization:/home/matteo-melzer/ws_moveit/install/moveit_task_constructor_demo:/home/matteo-melzer/ws_moveit/install/moveit_task_constructor_capabilities:/home/matteo-melzer/ws_moveit/install/moveit_task_constructor_core:/home/matteo-melzer/ws_moveit/install/moveit_ros_control_interface:/home/matteo-melzer/ws_moveit/install/moveit_plugins:/home/matteo-melzer/ws_moveit/install/moveit_simple_controller_manager:/home/matteo-melzer/ws_moveit/install/moveit_setup_assistant:/home/matteo-melzer/ws_moveit/install/moveit_setup_srdf_plugins:/home/matteo-melzer/ws_moveit/install/moveit_setup_core_plugins:/home/matteo-melzer/ws_moveit/install/moveit_setup_controllers:/home/matteo-melzer/ws_moveit/install/moveit_setup_app_plugins:/home/matteo-melzer/ws_moveit/install/moveit_setup_framework:/home/matteo-melzer/ws_moveit/install/moveit_servo:/home/matteo-melzer/ws_moveit/install/moveit_ros:/home/matteo-melzer/ws_moveit/install/moveit_ros_visualization:/home/matteo-melzer/ws_moveit/install/moveit_hybrid_planning:/home/matteo-melzer/ws_moveit/install/moveit_ros_planning_interface:/home/matteo-melzer/ws_moveit/install/moveit_ros_benchmarks:/home/matteo-melzer/ws_moveit/install/moveit_ros_warehouse:/home/matteo-melzer/ws_moveit/install/moveit_ros_robot_interaction:/home/matteo-melzer/ws_moveit/install/moveit_ros_perception:/home/matteo-melzer/ws_moveit/install/moveit_resources_prbt_pg70_support:/home/matteo-melzer/ws_moveit/install/moveit_resources_prbt_moveit_config:/home/matteo-melzer/ws_moveit/install/moveit_ros_move_group:/home/matteo-melzer/ws_moveit/install/moveit_planners_ompl:/home/matteo-melzer/ws_moveit/install/moveit_ros_planning:/home/matteo-melzer/ws_moveit/install/moveit_ros_occupancy_map_monitor:/home/matteo-melzer/ws_moveit/install/moveit_resources_prbt_ikfast_manipulator_plugin:/home/matteo-melzer/ws_moveit/install/moveit_planners_chomp:/home/matteo-melzer/ws_moveit/install/moveit_kinematics:/home/matteo-melzer/ws_moveit/install/moveit_chomp_optimizer_adapter:/home/matteo-melzer/ws_moveit/install/chomp_motion_planner:/home/matteo-melzer/ws_moveit/install/moveit_core:/home/matteo-melzer/ws_moveit/install/rviz_marker_tools:/home/matteo-melzer/ws_moveit/install/rosparam_shortcuts:/home/matteo-melzer/ws_moveit/install/moveit_task_constructor_msgs:/home/matteo-melzer/ws_moveit/install/moveit_resources_prbt_support:/home/matteo-melzer/ws_moveit/install/moveit_resources:/home/matteo-melzer/ws_moveit/install/moveit_resources_fanuc_moveit_config:/home/matteo-melzer/ws_moveit/install/moveit_resources_fanuc_description:/home/matteo-melzer/ros2_ws/install/py_srvcli:/home/matteo-melzer/ros2_ws/install/py_pubsub:/home/matteo-melzer/ws_moveit/install/moveit_configs_utils:/home/matteo-melzer/ws_moveit/install/launch_param_builder:/opt/ros/humble LD_LIBRARY_PATH=/home/matteo-melzer/ws_moveit/install/srdfdom/lib:/home/matteo-melzer/ros2_ws/install/tutorial_interfaces/lib:/home/matteo-melzer/ros2_ws/install/turtlesim/lib:/home/matteo-melzer/ws_moveit/install/pilz_industrial_motion_planner_testutils/lib:/home/matteo-melzer/ws_moveit/install/pilz_industrial_motion_planner/lib:/home/matteo-melzer/ws_moveit/install/moveit_visual_tools/lib:/home/matteo-melzer/ws_moveit/install/moveit_task_constructor_visualization/lib:/home/matteo-melzer/ws_moveit/install/moveit_task_constructor_demo/lib:/home/matteo-melzer/ws_moveit/install/moveit_task_constructor_capabilities/lib:/home/matteo-melzer/ws_moveit/install/moveit_task_constructor_core/lib:/home/matteo-melzer/ws_moveit/install/moveit_ros_control_interface/lib:/home/matteo-melzer/ws_moveit/install/moveit_simple_controller_manager/lib:/home/matteo-melzer/ws_moveit/install/moveit_setup_assistant/lib:/home/matteo-melzer/ws_moveit/install/moveit_setup_srdf_plugins/lib:/home/matteo-melzer/ws_moveit/install/moveit_setup_core_plugins/lib:/home/matteo-melzer/ws_moveit/install/moveit_setup_controllers/lib:/home/matteo-melzer/ws_moveit/install/moveit_setup_app_plugins/lib:/home/matteo-melzer/ws_moveit/install/moveit_setup_framework/lib:/home/matteo-melzer/ws_moveit/install/moveit_servo/lib:/home/matteo-melzer/ws_moveit/install/moveit_ros_visualization/lib:/home/matteo-melzer/ws_moveit/install/moveit_hybrid_planning/lib:/home/matteo-melzer/ws_moveit/install/moveit_ros_planning_interface/lib:/home/matteo-melzer/ws_moveit/install/moveit_ros_benchmarks/lib:/home/matteo-melzer/ws_moveit/install/moveit_ros_warehouse/lib:/home/matteo-melzer/ws_moveit/install/moveit_ros_robot_interaction/lib:/home/matteo-melzer/ws_moveit/install/moveit_ros_perception/lib:/home/matteo-melzer/ws_moveit/install/moveit_ros_move_group/lib:/home/matteo-melzer/ws_moveit/install/moveit_planners_ompl/lib:/home/matteo-melzer/ws_moveit/install/moveit_ros_planning/lib:/home/matteo-melzer/ws_moveit/install/moveit_ros_occupancy_map_monitor/lib:/home/matteo-melzer/ws_moveit/install/moveit_resources_prbt_ikfast_manipulator_plugin/lib:/home/matteo-melzer/ws_moveit/install/moveit_planners_chomp/lib:/home/matteo-melzer/ws_moveit/install/moveit_kinematics/lib:/home/matteo-melzer/ws_moveit/install/moveit_chomp_optimizer_adapter/lib:/home/matteo-melzer/ws_moveit/install/chomp_motion_planner/lib:/home/matteo-melzer/ws_moveit/install/moveit_core/lib:/home/matteo-melzer/ws_moveit/install/rviz_marker_tools/lib:/home/matteo-melzer/ws_moveit/install/rosparam_shortcuts/lib:/home/matteo-melzer/ws_moveit/install/moveit_task_constructor_msgs/lib:/opt/ros/humble/opt/rviz_ogre_vendor/lib:/opt/ros/humble/lib/x86_64-linux-gnu:/opt/ros/humble/lib /usr/bin/cmake --build /home/matteo-melzer/ws_moveit/build/moveit_core -- -j2 -l2
[5.620s] [35m[1mConsolidate compiler generated dependencies of target moveit_exceptions[0m
[5.622s] [35m[1mConsolidate compiler generated dependencies of target moveit_transforms[0m
[5.685s] [  1%] Built target moveit_exceptions
[5.734s] [35m[1mConsolidate compiler generated dependencies of target moveit_kinematics_base[0m
[5.747s] [  2%] Built target moveit_transforms
[5.792s] [35m[1mConsolidate compiler generated dependencies of target moveit_distance_field[0m
[5.799s] [  2%] [32m[1mLinking CXX shared library libmoveit_kinematics_base.so[0m
[5.923s] [  5%] Built target moveit_distance_field
[5.959s] [35m[1mConsolidate compiler generated dependencies of target moveit_utils[0m
[6.026s] [  8%] Built target moveit_utils
[6.069s] [35m[1mConsolidate compiler generated dependencies of target gtest[0m
[6.132s] [  9%] Built target gtest
[6.197s] [35m[1mConsolidate compiler generated dependencies of target gtest_main[0m
[6.245s] [ 10%] Built target moveit_kinematics_base
[6.258s] [ 11%] Built target gtest_main
[6.293s] [35m[1mConsolidate compiler generated dependencies of target gmock[0m
[6.303s] [35m[1mConsolidate compiler generated dependencies of target gmock_main[0m
[6.348s] [ 13%] Built target gmock
[6.355s] [ 14%] Built target gmock_main
[6.404s] [35m[1mConsolidate compiler generated dependencies of target test_voxel_grid[0m
[6.408s] [35m[1mConsolidate compiler generated dependencies of target test_distance_field[0m
[6.500s] [ 16%] Built target test_distance_field
[6.501s] [ 16%] Built target test_voxel_grid
[6.541s] [35m[1mConsolidate compiler generated dependencies of target moveit_smoothing_base[0m
[6.583s] [ 18%] Built target moveit_butterworth_parameters
[6.605s] [ 19%] Built target moveit_smoothing_base
[6.626s] [35m[1mConsolidate compiler generated dependencies of target test_transforms[0m
[6.645s] [35m[1mConsolidate compiler generated dependencies of target moveit_version[0m
[6.683s] [ 20%] Built target moveit_version
[6.684s] [ 21%] Built target test_transforms
[6.734s] [35m[1mConsolidate compiler generated dependencies of target moveit_robot_model[0m
[6.850s] [ 22%] [32m[1mLinking CXX shared library libmoveit_robot_model.so[0m
[7.216s] [ 27%] Built target moveit_robot_model
[7.263s] [35m[1mConsolidate compiler generated dependencies of target moveit_test_utils[0m
[7.278s] [35m[1mConsolidate compiler generated dependencies of target moveit_robot_state[0m
[7.391s] [ 28%] [32m[1mLinking CXX shared library libmoveit_test_utils.so[0m
[7.400s] [ 29%] [32m[1mLinking CXX shared library libmoveit_robot_state.so[0m
[7.811s] [ 30%] Built target moveit_test_utils
[7.828s] [ 32%] Built target moveit_robot_state
[7.854s] [35m[1mConsolidate compiler generated dependencies of target moveit_butterworth_filter[0m
[7.865s] [35m[1mConsolidate compiler generated dependencies of target test_robot_model[0m
[7.913s] [ 32%] [32m[1mLinking CXX executable test_robot_model[0m
[7.940s] [ 32%] [32m[1mLinking CXX shared library libmoveit_butterworth_filter.so[0m
[8.349s] [ 33%] Built target moveit_butterworth_filter
[8.391s] [35m[1mConsolidate compiler generated dependencies of target test_robot_state[0m
[8.454s] [ 34%] [32m[1mLinking CXX executable test_robot_state[0m
[8.521s] [ 35%] Built target test_robot_model
[8.562s] [35m[1mConsolidate compiler generated dependencies of target test_robot_state_benchmark[0m
[8.638s] [ 36%] [32m[1mLinking CXX executable test_robot_state_benchmark[0m
[9.026s] [ 37%] Built target test_robot_state
[9.043s] [ 37%] Built target test_robot_state_benchmark
[9.069s] [35m[1mConsolidate compiler generated dependencies of target test_robot_state_complex[0m
[9.080s] [35m[1mConsolidate compiler generated dependencies of target test_aabb[0m
[9.130s] [ 38%] [32m[1mLinking CXX executable test_aabb[0m
[9.134s] [ 39%] [32m[1mLinking CXX executable test_robot_state_complex[0m
[9.708s] [ 39%] Built target test_robot_state_complex
[9.710s] [ 39%] Built target test_aabb
[9.751s] [35m[1mConsolidate compiler generated dependencies of target test_cartesian_interpolator[0m
[9.779s] [35m[1mConsolidate compiler generated dependencies of target moveit_collision_detection[0m
[9.827s] [ 39%] [32m[1mLinking CXX executable test_cartesian_interpolator[0m
[9.956s] [ 39%] [32m[1mLinking CXX shared library libmoveit_collision_detection.so[0m
[10.382s] [ 44%] Built target moveit_collision_detection
[10.401s] [ 45%] Built target test_cartesian_interpolator
[10.424s] [35m[1mConsolidate compiler generated dependencies of target moveit_robot_trajectory[0m
[10.445s] [35m[1mConsolidate compiler generated dependencies of target moveit_dynamics_solver[0m
[10.486s] [ 45%] [32m[1mLinking CXX shared library libmoveit_robot_trajectory.so[0m
[10.513s] [ 46%] [32m[1mLinking CXX shared library libmoveit_dynamics_solver.so[0m
[10.878s] [ 46%] Built target moveit_dynamics_solver
[10.893s] [ 47%] Built target moveit_robot_trajectory
[10.918s] [35m[1mConsolidate compiler generated dependencies of target moveit_kinematics_metrics[0m
[10.937s] [35m[1mConsolidate compiler generated dependencies of target test_butterworth_filter[0m
[10.987s] [ 47%] [32m[1mLinking CXX shared library libmoveit_kinematics_metrics.so[0m
[11.010s] [ 48%] [32m[1mLinking CXX executable test_butterworth_filter[0m
[11.261s] [ 49%] Built target moveit_kinematics_metrics
[11.297s] [35m[1mConsolidate compiler generated dependencies of target moveit_planning_interface[0m
[11.378s] [ 49%] Built target test_butterworth_filter
[11.381s] [ 49%] [32m[1mLinking CXX shared library libmoveit_planning_interface.so[0m
[11.431s] [35m[1mConsolidate compiler generated dependencies of target test_robot_trajectory[0m
[11.499s] [ 49%] [32m[1mLinking CXX executable test_robot_trajectory[0m
[11.803s] [ 51%] Built target moveit_planning_interface
[11.852s] [35m[1mConsolidate compiler generated dependencies of target test_world[0m
[11.919s] [ 51%] [32m[1mLinking CXX executable test_world[0m
[12.173s] [ 52%] Built target test_robot_trajectory
[12.217s] [35m[1mConsolidate compiler generated dependencies of target test_world_diff[0m
[12.271s] [ 53%] [32m[1mLinking CXX executable test_world_diff[0m
[12.468s] [ 54%] Built target test_world
[12.513s] [35m[1mConsolidate compiler generated dependencies of target test_all_valid[0m
[12.604s] [ 54%] [32m[1mLinking CXX executable test_all_valid[0m
[12.783s] [ 55%] Built target test_world_diff
[12.838s] [35m[1mConsolidate compiler generated dependencies of target moveit_collision_detection_bullet[0m
[12.967s] [ 55%] [32m[1mLinking CXX shared library libmoveit_collision_detection_bullet.so[0m
[12.986s] [ 56%] Built target test_all_valid
[13.014s] [35m[1mConsolidate compiler generated dependencies of target moveit_collision_detection_fcl[0m
[13.072s] [ 57%] [32m[1mLinking CXX shared library libmoveit_collision_detection_fcl.so[0m
[13.343s] [ 62%] Built target moveit_collision_detection_bullet
[13.463s] [ 63%] Built target moveit_collision_detection_fcl
[13.497s] [35m[1mConsolidate compiler generated dependencies of target moveit_trajectory_processing[0m
[13.544s] [ 64%] [32m[1mLinking CXX shared library libmoveit_trajectory_processing.so[0m
[13.748s] [ 66%] Built target moveit_trajectory_processing
[13.769s] [35m[1mConsolidate compiler generated dependencies of target test_bullet_collision_detection[0m
[13.804s] [ 66%] [32m[1mLinking CXX executable test_bullet_collision_detection[0m
[14.093s] [ 67%] Built target test_bullet_collision_detection
[14.115s] [35m[1mConsolidate compiler generated dependencies of target test_bullet_collision_detection_panda[0m
[14.162s] [ 68%] [32m[1mLinking CXX executable test_bullet_collision_detection_panda[0m
[14.449s] [ 69%] Built target test_bullet_collision_detection_panda
[14.472s] [35m[1mConsolidate compiler generated dependencies of target test_bullet_continuous_collision_checking[0m
[14.510s] [ 70%] [32m[1mLinking CXX executable test_bullet_continuous_collision_checking[0m
[14.801s] [ 70%] Built target test_bullet_continuous_collision_checking
[14.828s] [35m[1mConsolidate compiler generated dependencies of target test_fcl_collision_env[0m
[14.863s] [ 71%] [32m[1mLinking CXX executable test_fcl_collision_env[0m
[15.146s] [ 71%] Built target test_fcl_collision_env
[15.169s] [35m[1mConsolidate compiler generated dependencies of target test_fcl_collision_detection[0m
[15.211s] [ 71%] [32m[1mLinking CXX executable test_fcl_collision_detection[0m
[15.499s] [ 72%] Built target test_fcl_collision_detection
[15.521s] [35m[1mConsolidate compiler generated dependencies of target test_fcl_collision_detection_panda[0m
[15.558s] [ 73%] [32m[1mLinking CXX executable test_fcl_collision_detection_panda[0m
[15.936s] [ 74%] Built target test_fcl_collision_detection_panda
[15.956s] [35m[1mConsolidate compiler generated dependencies of target moveit_kinematic_constraints[0m
[16.029s] [ 75%] [32m[1mLinking CXX shared library libmoveit_kinematic_constraints.so[0m
[16.280s] [ 76%] Built target moveit_kinematic_constraints
[16.308s] [35m[1mConsolidate compiler generated dependencies of target test_time_parameterization[0m
[16.361s] [ 77%] [32m[1mLinking CXX executable test_time_parameterization[0m
[16.666s] [ 77%] Built target test_time_parameterization
[16.686s] [35m[1mConsolidate compiler generated dependencies of target test_time_optimal_trajectory_generation[0m
[16.732s] [ 78%] [32m[1mLinking CXX executable test_time_optimal_trajectory_generation[0m
[17.119s] [ 79%] Built target test_time_optimal_trajectory_generation
[17.143s] [35m[1mConsolidate compiler generated dependencies of target test_ruckig_traj_smoothing[0m
[17.186s] [ 79%] [32m[1mLinking CXX executable test_ruckig_traj_smoothing[0m
[17.499s] [ 80%] Built target test_ruckig_traj_smoothing
[17.525s] [35m[1mConsolidate compiler generated dependencies of target moveit_planning_scene[0m
[17.585s] [ 81%] [32m[1mLinking CXX shared library libmoveit_planning_scene.so[0m
[17.990s] [ 82%] Built target moveit_planning_scene
[18.031s] [35m[1mConsolidate compiler generated dependencies of target test_constraints[0m
[18.095s] [ 83%] [32m[1mLinking CXX executable test_constraints[0m
[18.636s] [ 83%] Built target test_constraints
[18.646s] [35m[1mConsolidate compiler generated dependencies of target test_orientation_constraints[0m
[18.697s] [ 83%] [32m[1mLinking CXX executable test_orientation_constraints[0m
[19.160s] [ 84%] Built target test_orientation_constraints
[19.204s] [35m[1mConsolidate compiler generated dependencies of target moveit_planning_request_adapter[0m
[19.256s] [ 84%] [32m[1mLinking CXX shared library libmoveit_planning_request_adapter.so[0m
[19.459s] [ 85%] Built target moveit_planning_request_adapter
[19.481s] [35m[1mConsolidate compiler generated dependencies of target test_planning_scene[0m
[19.535s] [ 85%] [32m[1mLinking CXX executable test_planning_scene[0m
[19.920s] [ 86%] Built target test_planning_scene
[19.949s] [35m[1mConsolidate compiler generated dependencies of target test_collision_objects[0m
[20.000s] [ 86%] [32m[1mLinking CXX executable test_collision_objects[0m
[20.290s] [ 87%] Built target test_collision_objects
[20.315s] [35m[1mConsolidate compiler generated dependencies of target test_multi_threaded[0m
[20.359s] [ 88%] [32m[1mLinking CXX executable test_multi_threaded[0m
[20.658s] [ 88%] Built target test_multi_threaded
[20.677s] [35m[1mConsolidate compiler generated dependencies of target collision_detector_bullet_plugin[0m
[20.723s] [ 89%] [32m[1mLinking CXX shared library libcollision_detector_bullet_plugin.so[0m
[20.961s] [ 89%] Built target collision_detector_bullet_plugin
[20.983s] [35m[1mConsolidate compiler generated dependencies of target collision_detector_fcl_plugin[0m
[21.025s] [ 90%] [32m[1mLinking CXX shared library libcollision_detector_fcl_plugin.so[0m
[21.340s] [ 90%] Built target collision_detector_fcl_plugin
[21.399s] [35m[1mConsolidate compiler generated dependencies of target moveit_collision_distance_field[0m
[21.532s] [ 91%] [32m[1mLinking CXX shared library libmoveit_collision_distance_field.so[0m
[21.981s] [ 93%] Built target moveit_collision_distance_field
[22.028s] [35m[1mConsolidate compiler generated dependencies of target moveit_constraint_samplers[0m
[22.175s] [ 93%] [32m[1mLinking CXX shared library libmoveit_constraint_samplers.so[0m
[22.515s] [ 96%] Built target moveit_constraint_samplers
[22.553s] [35m[1mConsolidate compiler generated dependencies of target test_collision_distance_field[0m
[22.614s] [ 96%] [32m[1mLinking CXX executable test_collision_distance_field[0m
[23.170s] [ 97%] Built target test_collision_distance_field
[23.223s] [35m[1mConsolidate compiler generated dependencies of target test_constraint_samplers[0m
[23.339s] [ 98%] [32m[1mLinking CXX executable test_constraint_samplers[0m
[23.801s] [100%] Built target test_constraint_samplers
[23.829s] Invoked command in '/home/matteo-melzer/ws_moveit/build/moveit_core' returned '0': CMAKE_PREFIX_PATH=/home/matteo-melzer/ws_moveit/install/moveit_resources_panda_moveit_config:/home/matteo-melzer/ws_moveit/install/srdfdom:/home/matteo-melzer/ws_moveit/install/moveit_resources_pr2_description:/home/matteo-melzer/ws_moveit/install/moveit_resources_panda_description:/home/matteo-melzer/ws_moveit/install/moveit_common:/home/matteo-melzer/ws_moveit/install/ur10e_moveit_config:/home/matteo-melzer/ros2_ws/install/ur_description:/home/matteo-melzer/ros2_ws/install/tutorial_interfaces:/home/matteo-melzer/ros2_ws/install/turtlesim:/home/matteo-melzer/ws_moveit/install/ur_description:/home/matteo-melzer/ws_moveit/install/ur10e_moveit_launch:/home/matteo-melzer/ws_moveit/install/pilz_industrial_motion_planner_testutils:/home/matteo-melzer/ws_moveit/install/moveit_runtime:/home/matteo-melzer/ws_moveit/install/moveit2_tutorials:/home/matteo-melzer/ws_moveit/install/moveit:/home/matteo-melzer/ws_moveit/install/moveit_planners:/home/matteo-melzer/ws_moveit/install/pilz_industrial_motion_planner:/home/matteo-melzer/ws_moveit/install/mtc_tutorial:/home/matteo-melzer/ws_moveit/install/hello_moveit:/home/matteo-melzer/ws_moveit/install/moveit_visual_tools:/home/matteo-melzer/ws_moveit/install/moveit_task_constructor_visualization:/home/matteo-melzer/ws_moveit/install/moveit_task_constructor_demo:/home/matteo-melzer/ws_moveit/install/moveit_task_constructor_capabilities:/home/matteo-melzer/ws_moveit/install/moveit_task_constructor_core:/home/matteo-melzer/ws_moveit/install/moveit_ros_control_interface:/home/matteo-melzer/ws_moveit/install/moveit_plugins:/home/matteo-melzer/ws_moveit/install/moveit_simple_controller_manager:/home/matteo-melzer/ws_moveit/install/moveit_setup_assistant:/home/matteo-melzer/ws_moveit/install/moveit_setup_srdf_plugins:/home/matteo-melzer/ws_moveit/install/moveit_setup_core_plugins:/home/matteo-melzer/ws_moveit/install/moveit_setup_controllers:/home/matteo-melzer/ws_moveit/install/moveit_setup_app_plugins:/home/matteo-melzer/ws_moveit/install/moveit_setup_framework:/home/matteo-melzer/ws_moveit/install/moveit_servo:/home/matteo-melzer/ws_moveit/install/moveit_ros:/home/matteo-melzer/ws_moveit/install/moveit_ros_visualization:/home/matteo-melzer/ws_moveit/install/moveit_hybrid_planning:/home/matteo-melzer/ws_moveit/install/moveit_ros_planning_interface:/home/matteo-melzer/ws_moveit/install/moveit_ros_benchmarks:/home/matteo-melzer/ws_moveit/install/moveit_ros_warehouse:/home/matteo-melzer/ws_moveit/install/moveit_ros_robot_interaction:/home/matteo-melzer/ws_moveit/install/moveit_ros_perception:/home/matteo-melzer/ws_moveit/install/moveit_resources_prbt_pg70_support:/home/matteo-melzer/ws_moveit/install/moveit_resources_prbt_moveit_config:/home/matteo-melzer/ws_moveit/install/moveit_ros_move_group:/home/matteo-melzer/ws_moveit/install/moveit_planners_ompl:/home/matteo-melzer/ws_moveit/install/moveit_ros_planning:/home/matteo-melzer/ws_moveit/install/moveit_ros_occupancy_map_monitor:/home/matteo-melzer/ws_moveit/install/moveit_resources_prbt_ikfast_manipulator_plugin:/home/matteo-melzer/ws_moveit/install/moveit_planners_chomp:/home/matteo-melzer/ws_moveit/install/moveit_kinematics:/home/matteo-melzer/ws_moveit/install/moveit_chomp_optimizer_adapter:/home/matteo-melzer/ws_moveit/install/chomp_motion_planner:/home/matteo-melzer/ws_moveit/install/moveit_core:/home/matteo-melzer/ws_moveit/install/rviz_marker_tools:/home/matteo-melzer/ws_moveit/install/rosparam_shortcuts:/home/matteo-melzer/ws_moveit/install/moveit_task_constructor_msgs:/home/matteo-melzer/ws_moveit/install/moveit_resources_prbt_support:/home/matteo-melzer/ws_moveit/install/moveit_resources:/home/matteo-melzer/ws_moveit/install/moveit_resources_fanuc_moveit_config:/home/matteo-melzer/ws_moveit/install/moveit_resources_fanuc_description:/home/matteo-melzer/ros2_ws/install/py_srvcli:/home/matteo-melzer/ros2_ws/install/py_pubsub:/home/matteo-melzer/ws_moveit/install/moveit_configs_utils:/home/matteo-melzer/ws_moveit/install/launch_param_builder:/opt/ros/humble LD_LIBRARY_PATH=/home/matteo-melzer/ws_moveit/install/srdfdom/lib:/home/matteo-melzer/ros2_ws/install/tutorial_interfaces/lib:/home/matteo-melzer/ros2_ws/install/turtlesim/lib:/home/matteo-melzer/ws_moveit/install/pilz_industrial_motion_planner_testutils/lib:/home/matteo-melzer/ws_moveit/install/pilz_industrial_motion_planner/lib:/home/matteo-melzer/ws_moveit/install/moveit_visual_tools/lib:/home/matteo-melzer/ws_moveit/install/moveit_task_constructor_visualization/lib:/home/matteo-melzer/ws_moveit/install/moveit_task_constructor_demo/lib:/home/matteo-melzer/ws_moveit/install/moveit_task_constructor_capabilities/lib:/home/matteo-melzer/ws_moveit/install/moveit_task_constructor_core/lib:/home/matteo-melzer/ws_moveit/install/moveit_ros_control_interface/lib:/home/matteo-melzer/ws_moveit/install/moveit_simple_controller_manager/lib:/home/matteo-melzer/ws_moveit/install/moveit_setup_assistant/lib:/home/matteo-melzer/ws_moveit/install/moveit_setup_srdf_plugins/lib:/home/matteo-melzer/ws_moveit/install/moveit_setup_core_plugins/lib:/home/matteo-melzer/ws_moveit/install/moveit_setup_controllers/lib:/home/matteo-melzer/ws_moveit/install/moveit_setup_app_plugins/lib:/home/matteo-melzer/ws_moveit/install/moveit_setup_framework/lib:/home/matteo-melzer/ws_moveit/install/moveit_servo/lib:/home/matteo-melzer/ws_moveit/install/moveit_ros_visualization/lib:/home/matteo-melzer/ws_moveit/install/moveit_hybrid_planning/lib:/home/matteo-melzer/ws_moveit/install/moveit_ros_planning_interface/lib:/home/matteo-melzer/ws_moveit/install/moveit_ros_benchmarks/lib:/home/matteo-melzer/ws_moveit/install/moveit_ros_warehouse/lib:/home/matteo-melzer/ws_moveit/install/moveit_ros_robot_interaction/lib:/home/matteo-melzer/ws_moveit/install/moveit_ros_perception/lib:/home/matteo-melzer/ws_moveit/install/moveit_ros_move_group/lib:/home/matteo-melzer/ws_moveit/install/moveit_planners_ompl/lib:/home/matteo-melzer/ws_moveit/install/moveit_ros_planning/lib:/home/matteo-melzer/ws_moveit/install/moveit_ros_occupancy_map_monitor/lib:/home/matteo-melzer/ws_moveit/install/moveit_resources_prbt_ikfast_manipulator_plugin/lib:/home/matteo-melzer/ws_moveit/install/moveit_planners_chomp/lib:/home/matteo-melzer/ws_moveit/install/moveit_kinematics/lib:/home/matteo-melzer/ws_moveit/install/moveit_chomp_optimizer_adapter/lib:/home/matteo-melzer/ws_moveit/install/chomp_motion_planner/lib:/home/matteo-melzer/ws_moveit/install/moveit_core/lib:/home/matteo-melzer/ws_moveit/install/rviz_marker_tools/lib:/home/matteo-melzer/ws_moveit/install/rosparam_shortcuts/lib:/home/matteo-melzer/ws_moveit/install/moveit_task_constructor_msgs/lib:/opt/ros/humble/opt/rviz_ogre_vendor/lib:/opt/ros/humble/lib/x86_64-linux-gnu:/opt/ros/humble/lib /usr/bin/cmake --build /home/matteo-melzer/ws_moveit/build/moveit_core -- -j2 -l2
[23.839s] Invoking command in '/home/matteo-melzer/ws_moveit/build/moveit_core': CMAKE_PREFIX_PATH=/home/matteo-melzer/ws_moveit/install/moveit_resources_panda_moveit_config:/home/matteo-melzer/ws_moveit/install/srdfdom:/home/matteo-melzer/ws_moveit/install/moveit_resources_pr2_description:/home/matteo-melzer/ws_moveit/install/moveit_resources_panda_description:/home/matteo-melzer/ws_moveit/install/moveit_common:/home/matteo-melzer/ws_moveit/install/ur10e_moveit_config:/home/matteo-melzer/ros2_ws/install/ur_description:/home/matteo-melzer/ros2_ws/install/tutorial_interfaces:/home/matteo-melzer/ros2_ws/install/turtlesim:/home/matteo-melzer/ws_moveit/install/ur_description:/home/matteo-melzer/ws_moveit/install/ur10e_moveit_launch:/home/matteo-melzer/ws_moveit/install/pilz_industrial_motion_planner_testutils:/home/matteo-melzer/ws_moveit/install/moveit_runtime:/home/matteo-melzer/ws_moveit/install/moveit2_tutorials:/home/matteo-melzer/ws_moveit/install/moveit:/home/matteo-melzer/ws_moveit/install/moveit_planners:/home/matteo-melzer/ws_moveit/install/pilz_industrial_motion_planner:/home/matteo-melzer/ws_moveit/install/mtc_tutorial:/home/matteo-melzer/ws_moveit/install/hello_moveit:/home/matteo-melzer/ws_moveit/install/moveit_visual_tools:/home/matteo-melzer/ws_moveit/install/moveit_task_constructor_visualization:/home/matteo-melzer/ws_moveit/install/moveit_task_constructor_demo:/home/matteo-melzer/ws_moveit/install/moveit_task_constructor_capabilities:/home/matteo-melzer/ws_moveit/install/moveit_task_constructor_core:/home/matteo-melzer/ws_moveit/install/moveit_ros_control_interface:/home/matteo-melzer/ws_moveit/install/moveit_plugins:/home/matteo-melzer/ws_moveit/install/moveit_simple_controller_manager:/home/matteo-melzer/ws_moveit/install/moveit_setup_assistant:/home/matteo-melzer/ws_moveit/install/moveit_setup_srdf_plugins:/home/matteo-melzer/ws_moveit/install/moveit_setup_core_plugins:/home/matteo-melzer/ws_moveit/install/moveit_setup_controllers:/home/matteo-melzer/ws_moveit/install/moveit_setup_app_plugins:/home/matteo-melzer/ws_moveit/install/moveit_setup_framework:/home/matteo-melzer/ws_moveit/install/moveit_servo:/home/matteo-melzer/ws_moveit/install/moveit_ros:/home/matteo-melzer/ws_moveit/install/moveit_ros_visualization:/home/matteo-melzer/ws_moveit/install/moveit_hybrid_planning:/home/matteo-melzer/ws_moveit/install/moveit_ros_planning_interface:/home/matteo-melzer/ws_moveit/install/moveit_ros_benchmarks:/home/matteo-melzer/ws_moveit/install/moveit_ros_warehouse:/home/matteo-melzer/ws_moveit/install/moveit_ros_robot_interaction:/home/matteo-melzer/ws_moveit/install/moveit_ros_perception:/home/matteo-melzer/ws_moveit/install/moveit_resources_prbt_pg70_support:/home/matteo-melzer/ws_moveit/install/moveit_resources_prbt_moveit_config:/home/matteo-melzer/ws_moveit/install/moveit_ros_move_group:/home/matteo-melzer/ws_moveit/install/moveit_planners_ompl:/home/matteo-melzer/ws_moveit/install/moveit_ros_planning:/home/matteo-melzer/ws_moveit/install/moveit_ros_occupancy_map_monitor:/home/matteo-melzer/ws_moveit/install/moveit_resources_prbt_ikfast_manipulator_plugin:/home/matteo-melzer/ws_moveit/install/moveit_planners_chomp:/home/matteo-melzer/ws_moveit/install/moveit_kinematics:/home/matteo-melzer/ws_moveit/install/moveit_chomp_optimizer_adapter:/home/matteo-melzer/ws_moveit/install/chomp_motion_planner:/home/matteo-melzer/ws_moveit/install/moveit_core:/home/matteo-melzer/ws_moveit/install/rviz_marker_tools:/home/matteo-melzer/ws_moveit/install/rosparam_shortcuts:/home/matteo-melzer/ws_moveit/install/moveit_task_constructor_msgs:/home/matteo-melzer/ws_moveit/install/moveit_resources_prbt_support:/home/matteo-melzer/ws_moveit/install/moveit_resources:/home/matteo-melzer/ws_moveit/install/moveit_resources_fanuc_moveit_config:/home/matteo-melzer/ws_moveit/install/moveit_resources_fanuc_description:/home/matteo-melzer/ros2_ws/install/py_srvcli:/home/matteo-melzer/ros2_ws/install/py_pubsub:/home/matteo-melzer/ws_moveit/install/moveit_configs_utils:/home/matteo-melzer/ws_moveit/install/launch_param_builder:/opt/ros/humble LD_LIBRARY_PATH=/home/matteo-melzer/ws_moveit/install/srdfdom/lib:/home/matteo-melzer/ros2_ws/install/tutorial_interfaces/lib:/home/matteo-melzer/ros2_ws/install/turtlesim/lib:/home/matteo-melzer/ws_moveit/install/pilz_industrial_motion_planner_testutils/lib:/home/matteo-melzer/ws_moveit/install/pilz_industrial_motion_planner/lib:/home/matteo-melzer/ws_moveit/install/moveit_visual_tools/lib:/home/matteo-melzer/ws_moveit/install/moveit_task_constructor_visualization/lib:/home/matteo-melzer/ws_moveit/install/moveit_task_constructor_demo/lib:/home/matteo-melzer/ws_moveit/install/moveit_task_constructor_capabilities/lib:/home/matteo-melzer/ws_moveit/install/moveit_task_constructor_core/lib:/home/matteo-melzer/ws_moveit/install/moveit_ros_control_interface/lib:/home/matteo-melzer/ws_moveit/install/moveit_simple_controller_manager/lib:/home/matteo-melzer/ws_moveit/install/moveit_setup_assistant/lib:/home/matteo-melzer/ws_moveit/install/moveit_setup_srdf_plugins/lib:/home/matteo-melzer/ws_moveit/install/moveit_setup_core_plugins/lib:/home/matteo-melzer/ws_moveit/install/moveit_setup_controllers/lib:/home/matteo-melzer/ws_moveit/install/moveit_setup_app_plugins/lib:/home/matteo-melzer/ws_moveit/install/moveit_setup_framework/lib:/home/matteo-melzer/ws_moveit/install/moveit_servo/lib:/home/matteo-melzer/ws_moveit/install/moveit_ros_visualization/lib:/home/matteo-melzer/ws_moveit/install/moveit_hybrid_planning/lib:/home/matteo-melzer/ws_moveit/install/moveit_ros_planning_interface/lib:/home/matteo-melzer/ws_moveit/install/moveit_ros_benchmarks/lib:/home/matteo-melzer/ws_moveit/install/moveit_ros_warehouse/lib:/home/matteo-melzer/ws_moveit/install/moveit_ros_robot_interaction/lib:/home/matteo-melzer/ws_moveit/install/moveit_ros_perception/lib:/home/matteo-melzer/ws_moveit/install/moveit_ros_move_group/lib:/home/matteo-melzer/ws_moveit/install/moveit_planners_ompl/lib:/home/matteo-melzer/ws_moveit/install/moveit_ros_planning/lib:/home/matteo-melzer/ws_moveit/install/moveit_ros_occupancy_map_monitor/lib:/home/matteo-melzer/ws_moveit/install/moveit_resources_prbt_ikfast_manipulator_plugin/lib:/home/matteo-melzer/ws_moveit/install/moveit_planners_chomp/lib:/home/matteo-melzer/ws_moveit/install/moveit_kinematics/lib:/home/matteo-melzer/ws_moveit/install/moveit_chomp_optimizer_adapter/lib:/home/matteo-melzer/ws_moveit/install/chomp_motion_planner/lib:/home/matteo-melzer/ws_moveit/install/moveit_core/lib:/home/matteo-melzer/ws_moveit/install/rviz_marker_tools/lib:/home/matteo-melzer/ws_moveit/install/rosparam_shortcuts/lib:/home/matteo-melzer/ws_moveit/install/moveit_task_constructor_msgs/lib:/opt/ros/humble/opt/rviz_ogre_vendor/lib:/opt/ros/humble/lib/x86_64-linux-gnu:/opt/ros/humble/lib /usr/bin/cmake --install /home/matteo-melzer/ws_moveit/build/moveit_core
[23.850s] -- Install configuration: "Release"
[23.850s] -- Up-to-date: /home/matteo-melzer/ws_moveit/install/moveit_core/include/moveit/version.h
[23.850s] -- Up-to-date: /home/matteo-melzer/ws_moveit/install/moveit_core/include
[23.851s] -- Up-to-date: /home/matteo-melzer/ws_moveit/install/moveit_core/include/moveit
[23.851s] -- Up-to-date: /home/matteo-melzer/ws_moveit/install/moveit_core/include/moveit/collision_distance_field
[23.852s] -- Up-to-date: /home/matteo-melzer/ws_moveit/install/moveit_core/include/moveit/collision_distance_field/collision_common_distance_field.h
[23.852s] -- Up-to-date: /home/matteo-melzer/ws_moveit/install/moveit_core/include/moveit/collision_distance_field/collision_detector_allocator_distance_field.h
[23.852s] -- Up-to-date: /home/matteo-melzer/ws_moveit/install/moveit_core/include/moveit/collision_distance_field/collision_detector_allocator_hybrid.h
[23.853s] -- Up-to-date: /home/matteo-melzer/ws_moveit/install/moveit_core/include/moveit/collision_distance_field/collision_env_distance_field.h
[23.853s] -- Up-to-date: /home/matteo-melzer/ws_moveit/install/moveit_core/include/moveit/collision_distance_field/collision_distance_field_types.h
[23.853s] -- Up-to-date: /home/matteo-melzer/ws_moveit/install/moveit_core/include/moveit/collision_distance_field/collision_env_hybrid.h
[23.853s] -- Up-to-date: /home/matteo-melzer/ws_moveit/install/moveit_core/include/moveit_collision_distance_field_export.h
[23.856s] -- Up-to-date: /home/matteo-melzer/ws_moveit/install/moveit_core/include
[23.856s] -- Up-to-date: /home/matteo-melzer/ws_moveit/install/moveit_core/include/moveit
[23.856s] -- Up-to-date: /home/matteo-melzer/ws_moveit/install/moveit_core/include/moveit/constraint_samplers
[23.856s] -- Up-to-date: /home/matteo-melzer/ws_moveit/install/moveit_core/include/moveit/constraint_samplers/constraint_sampler_manager.h
[23.856s] -- Up-to-date: /home/matteo-melzer/ws_moveit/install/moveit_core/include/moveit/constraint_samplers/constraint_sampler_tools.h
[23.856s] -- Up-to-date: /home/matteo-melzer/ws_moveit/install/moveit_core/include/moveit/constraint_samplers/default_constraint_samplers.h
[23.857s] -- Up-to-date: /home/matteo-melzer/ws_moveit/install/moveit_core/include/moveit/constraint_samplers/constraint_sampler.h
[23.857s] -- Up-to-date: /home/matteo-melzer/ws_moveit/install/moveit_core/include/moveit/constraint_samplers/constraint_sampler_allocator.h
[23.857s] -- Up-to-date: /home/matteo-melzer/ws_moveit/install/moveit_core/include/moveit/constraint_samplers/union_constraint_sampler.h
[23.857s] -- Up-to-date: /home/matteo-melzer/ws_moveit/install/moveit_core/include
[23.857s] -- Up-to-date: /home/matteo-melzer/ws_moveit/install/moveit_core/include/moveit
[23.857s] -- Up-to-date: /home/matteo-melzer/ws_moveit/install/moveit_core/include/moveit/controller_manager
[23.857s] -- Up-to-date: /home/matteo-melzer/ws_moveit/install/moveit_core/include/moveit/controller_manager/controller_manager.h
[23.858s] -- Up-to-date: /home/matteo-melzer/ws_moveit/install/moveit_core/include
[23.862s] -- Up-to-date: /home/matteo-melzer/ws_moveit/install/moveit_core/include/moveit
[23.862s] -- Up-to-date: /home/matteo-melzer/ws_moveit/install/moveit_core/include/moveit/distance_field
[23.862s] -- Up-to-date: /home/matteo-melzer/ws_moveit/install/moveit_core/include/moveit/distance_field/voxel_grid.h
[23.862s] -- Up-to-date: /home/matteo-melzer/ws_moveit/install/moveit_core/include/moveit/distance_field/distance_field.h
[23.862s] -- Up-to-date: /home/matteo-melzer/ws_moveit/install/moveit_core/include/moveit/distance_field/find_internal_points.h
[23.862s] -- Up-to-date: /home/matteo-melzer/ws_moveit/install/moveit_core/include/moveit/distance_field/propagation_distance_field.h
[23.863s] -- Up-to-date: /home/matteo-melzer/ws_moveit/install/moveit_core/include
[23.863s] -- Up-to-date: /home/matteo-melzer/ws_moveit/install/moveit_core/include/moveit
[23.863s] -- Up-to-date: /home/matteo-melzer/ws_moveit/install/moveit_core/include/moveit/dynamics_solver
[23.863s] -- Up-to-date: /home/matteo-melzer/ws_moveit/install/moveit_core/include/moveit/dynamics_solver/dynamics_solver.h
[23.863s] -- Up-to-date: /home/matteo-melzer/ws_moveit/install/moveit_core/include
[23.863s] -- Up-to-date: /home/matteo-melzer/ws_moveit/install/moveit_core/include/moveit
[23.863s] -- Up-to-date: /home/matteo-melzer/ws_moveit/install/moveit_core/include/moveit/exceptions
[23.863s] -- Up-to-date: /home/matteo-melzer/ws_moveit/install/moveit_core/include/moveit/exceptions/exceptions.h
[23.863s] -- Up-to-date: /home/matteo-melzer/ws_moveit/install/moveit_core/include
[23.863s] -- Up-to-date: /home/matteo-melzer/ws_moveit/install/moveit_core/include/moveit
[23.863s] -- Up-to-date: /home/matteo-melzer/ws_moveit/install/moveit_core/include/moveit/kinematics_base
[23.863s] -- Up-to-date: /home/matteo-melzer/ws_moveit/install/moveit_core/include/moveit/kinematics_base/kinematics_base.h
[23.863s] -- Up-to-date: /home/matteo-melzer/ws_moveit/install/moveit_core/include/moveit_kinematics_base_export.h
[23.863s] -- Up-to-date: /home/matteo-melzer/ws_moveit/install/moveit_core/include
[23.863s] -- Up-to-date: /home/matteo-melzer/ws_moveit/install/moveit_core/include/moveit
[23.863s] -- Up-to-date: /home/matteo-melzer/ws_moveit/install/moveit_core/include/moveit/kinematic_constraints
[23.863s] -- Up-to-date: /home/matteo-melzer/ws_moveit/install/moveit_core/include/moveit/kinematic_constraints/utils.h
[23.863s] -- Up-to-date: /home/matteo-melzer/ws_moveit/install/moveit_core/include/moveit/kinematic_constraints/kinematic_constraint.h
[23.863s] -- Up-to-date: /home/matteo-melzer/ws_moveit/install/moveit_core/include
[23.864s] -- Up-to-date: /home/matteo-melzer/ws_moveit/install/moveit_core/include/moveit
[23.864s] -- Up-to-date: /home/matteo-melzer/ws_moveit/install/moveit_core/include/moveit/kinematics_metrics
[23.864s] -- Up-to-date: /home/matteo-melzer/ws_moveit/install/moveit_core/include/moveit/kinematics_metrics/kinematics_metrics.h
[23.864s] -- Up-to-date: /home/matteo-melzer/ws_moveit/install/moveit_core/include
[23.864s] -- Up-to-date: /home/matteo-melzer/ws_moveit/install/moveit_core/include/moveit
[23.864s] -- Up-to-date: /home/matteo-melzer/ws_moveit/install/moveit_core/include/moveit/macros
[23.870s] -- Up-to-date: /home/matteo-melzer/ws_moveit/install/moveit_core/include/moveit/macros/deprecation.h
[23.870s] -- Up-to-date: /home/matteo-melzer/ws_moveit/install/moveit_core/include/moveit/macros/class_forward.h
[23.870s] -- Up-to-date: /home/matteo-melzer/ws_moveit/install/moveit_core/include/moveit/macros/declare_ptr.h
[23.870s] -- Up-to-date: /home/matteo-melzer/ws_moveit/install/moveit_core/include/moveit/macros/console_colors.h
[23.870s] -- Up-to-date: /home/matteo-melzer/ws_moveit/install/moveit_core/include/moveit_core
[23.870s] -- Up-to-date: /home/matteo-melzer/ws_moveit/install/moveit_core/include/moveit_core/moveit_butterworth_parameters.hpp
[23.870s] -- Up-to-date: /home/matteo-melzer/ws_moveit/install/moveit_core/include
[23.870s] -- Up-to-date: /home/matteo-melzer/ws_moveit/install/moveit_core/include/moveit
[23.870s] -- Up-to-date: /home/matteo-melzer/ws_moveit/install/moveit_core/include/moveit/online_signal_smoothing
[23.870s] -- Up-to-date: /home/matteo-melzer/ws_moveit/install/moveit_core/include/moveit/online_signal_smoothing/butterworth_filter.h
[23.870s] -- Up-to-date: /home/matteo-melzer/ws_moveit/install/moveit_core/include/moveit/online_signal_smoothing/smoothing_base_class.h
[23.870s] -- Up-to-date: /home/matteo-melzer/ws_moveit/install/moveit_core/include/moveit_smoothing_base_export.h
[23.870s] -- Up-to-date: /home/matteo-melzer/ws_moveit/install/moveit_core/include/moveit_butterworth_filter_export.h
[23.870s] -- Up-to-date: /home/matteo-melzer/ws_moveit/install/moveit_core/include
[23.871s] -- Up-to-date: /home/matteo-melzer/ws_moveit/install/moveit_core/include/moveit
[23.872s] -- Up-to-date: /home/matteo-melzer/ws_moveit/install/moveit_core/include/moveit/planning_interface
[23.872s] -- Up-to-date: /home/matteo-melzer/ws_moveit/install/moveit_core/include/moveit/planning_interface/planning_request.h
[23.872s] -- Up-to-date: /home/matteo-melzer/ws_moveit/install/moveit_core/include/moveit/planning_interface/planning_interface.h
[23.872s] -- Up-to-date: /home/matteo-melzer/ws_moveit/install/moveit_core/include/moveit/planning_interface/planning_response.h
[23.872s] -- Up-to-date: /home/matteo-melzer/ws_moveit/install/moveit_core/include
[23.872s] -- Up-to-date: /home/matteo-melzer/ws_moveit/install/moveit_core/include/moveit
[23.872s] -- Up-to-date: /home/matteo-melzer/ws_moveit/install/moveit_core/include/moveit/planning_request_adapter
[23.872s] -- Up-to-date: /home/matteo-melzer/ws_moveit/install/moveit_core/include/moveit/planning_request_adapter/planning_request_adapter.h
[23.873s] -- Up-to-date: /home/matteo-melzer/ws_moveit/install/moveit_core/include
[23.873s] -- Up-to-date: /home/matteo-melzer/ws_moveit/install/moveit_core/include/moveit
[23.873s] -- Up-to-date: /home/matteo-melzer/ws_moveit/install/moveit_core/include/moveit/planning_scene
[23.873s] -- Up-to-date: /home/matteo-melzer/ws_moveit/install/moveit_core/include/moveit/planning_scene/planning_scene.h
[23.873s] -- Up-to-date: /home/matteo-melzer/ws_moveit/install/moveit_core/include/moveit_planning_scene_export.h
[23.873s] -- Up-to-date: /home/matteo-melzer/ws_moveit/install/moveit_core/include
[23.873s] -- Up-to-date: /home/matteo-melzer/ws_moveit/install/moveit_core/include/moveit
[23.873s] -- Up-to-date: /home/matteo-melzer/ws_moveit/install/moveit_core/include/moveit/robot_model
[23.873s] -- Up-to-date: /home/matteo-melzer/ws_moveit/install/moveit_core/include/moveit/robot_model/planar_joint_model.h
[23.873s] -- Up-to-date: /home/matteo-melzer/ws_moveit/install/moveit_core/include/moveit/robot_model/link_model.h
[23.873s] -- Up-to-date: /home/matteo-melzer/ws_moveit/install/moveit_core/include/moveit/robot_model/joint_model.h
[23.874s] -- Up-to-date: /home/matteo-melzer/ws_moveit/install/moveit_core/include/moveit/robot_model/revolute_joint_model.h
[23.874s] -- Up-to-date: /home/matteo-melzer/ws_moveit/install/moveit_core/include/moveit/robot_model/prismatic_joint_model.h
[23.874s] -- Up-to-date: /home/matteo-melzer/ws_moveit/install/moveit_core/include/moveit/robot_model/robot_model.h
[23.874s] -- Up-to-date: /home/matteo-melzer/ws_moveit/install/moveit_core/include/moveit/robot_model/aabb.h
[23.874s] -- Up-to-date: /home/matteo-melzer/ws_moveit/install/moveit_core/include/moveit/robot_model/fixed_joint_model.h
[23.874s] -- Up-to-date: /home/matteo-melzer/ws_moveit/install/moveit_core/include/moveit/robot_model/floating_joint_model.h
[23.874s] -- Up-to-date: /home/matteo-melzer/ws_moveit/install/moveit_core/include/moveit/robot_model/joint_model_group.h
[23.874s] -- Up-to-date: /home/matteo-melzer/ws_moveit/install/moveit_core/include
[23.874s] -- Up-to-date: /home/matteo-melzer/ws_moveit/install/moveit_core/include/moveit
[23.874s] -- Up-to-date: /home/matteo-melzer/ws_moveit/install/moveit_core/include/moveit/robot_state
[23.874s] -- Up-to-date: /home/matteo-melzer/ws_moveit/install/moveit_core/include/moveit/robot_state/robot_state.h
[23.874s] -- Up-to-date: /home/matteo-melzer/ws_moveit/install/moveit_core/include/moveit/robot_state/attached_body.h
[23.874s] -- Up-to-date: /home/matteo-melzer/ws_moveit/install/moveit_core/include/moveit/robot_state/conversions.h
[23.874s] -- Up-to-date: /home/matteo-melzer/ws_moveit/install/moveit_core/include/moveit/robot_state/cartesian_interpolator.h
[23.874s] -- Up-to-date: /home/matteo-melzer/ws_moveit/install/moveit_core/include
[23.874s] -- Up-to-date: /home/matteo-melzer/ws_moveit/install/moveit_core/include/moveit
[23.874s] -- Up-to-date: /home/matteo-melzer/ws_moveit/install/moveit_core/include/moveit/robot_trajectory
[23.874s] -- Up-to-date: /home/matteo-melzer/ws_moveit/install/moveit_core/include/moveit/robot_trajectory/robot_trajectory.h
[23.874s] -- Up-to-date: /home/matteo-melzer/ws_moveit/install/moveit_core/include
[23.874s] -- Up-to-date: /home/matteo-melzer/ws_moveit/install/moveit_core/include/moveit
[23.874s] -- Up-to-date: /home/matteo-melzer/ws_moveit/install/moveit_core/include/moveit/sensor_manager
[23.875s] -- Up-to-date: /home/matteo-melzer/ws_moveit/install/moveit_core/include/moveit/sensor_manager/sensor_manager.h
[23.875s] -- Up-to-date: /home/matteo-melzer/ws_moveit/install/moveit_core/include
[23.875s] -- Up-to-date: /home/matteo-melzer/ws_moveit/install/moveit_core/include/moveit
[23.875s] -- Up-to-date: /home/matteo-melzer/ws_moveit/install/moveit_core/include/moveit/trajectory_processing
[23.875s] -- Up-to-date: /home/matteo-melzer/ws_moveit/install/moveit_core/include/moveit/trajectory_processing/ruckig_traj_smoothing.h
[23.875s] -- Up-to-date: /home/matteo-melzer/ws_moveit/install/moveit_core/include/moveit/trajectory_processing/iterative_time_parameterization.h
[23.875s] -- Up-to-date: /home/matteo-melzer/ws_moveit/install/moveit_core/include/moveit/trajectory_processing/trajectory_tools.h
[23.875s] -- Up-to-date: /home/matteo-melzer/ws_moveit/install/moveit_core/include/moveit/trajectory_processing/time_parameterization.h
[23.875s] -- Up-to-date: /home/matteo-melzer/ws_moveit/install/moveit_core/include/moveit/trajectory_processing/iterative_spline_parameterization.h
[23.875s] -- Up-to-date: /home/matteo-melzer/ws_moveit/install/moveit_core/include/moveit/trajectory_processing/time_optimal_trajectory_generation.h
[23.878s] -- Up-to-date: /home/matteo-melzer/ws_moveit/install/moveit_core/include
[23.878s] -- Up-to-date: /home/matteo-melzer/ws_moveit/install/moveit_core/include/moveit
[23.878s] -- Up-to-date: /home/matteo-melzer/ws_moveit/install/moveit_core/include/moveit/transforms
[23.878s] -- Up-to-date: /home/matteo-melzer/ws_moveit/install/moveit_core/include/moveit/transforms/transforms.h
[23.878s] -- Up-to-date: /home/matteo-melzer/ws_moveit/install/moveit_core/include
[23.878s] -- Up-to-date: /home/matteo-melzer/ws_moveit/install/moveit_core/include/moveit
[23.878s] -- Up-to-date: /home/matteo-melzer/ws_moveit/install/moveit_core/include/moveit/utils
[23.878s] -- Up-to-date: /home/matteo-melzer/ws_moveit/install/moveit_core/include/moveit/utils/moveit_error_code.h
[23.878s] -- Up-to-date: /home/matteo-melzer/ws_moveit/install/moveit_core/include/moveit/utils/rclcpp_utils.h
[23.879s] -- Up-to-date: /home/matteo-melzer/ws_moveit/install/moveit_core/include/moveit/utils/message_checks.h
[23.879s] -- Up-to-date: /home/matteo-melzer/ws_moveit/install/moveit_core/include/moveit/utils/lexical_casts.h
[23.879s] -- Up-to-date: /home/matteo-melzer/ws_moveit/install/moveit_core/include/moveit/utils/robot_model_test_utils.h
[23.879s] -- Up-to-date: /home/matteo-melzer/ws_moveit/install/moveit_core/bin/moveit_version
[23.879s] -- Up-to-date: /home/matteo-melzer/ws_moveit/install/moveit_core/include
[23.880s] -- Up-to-date: /home/matteo-melzer/ws_moveit/install/moveit_core/include/moveit
[23.880s] -- Up-to-date: /home/matteo-melzer/ws_moveit/install/moveit_core/include/moveit/collision_detection
[23.880s] -- Up-to-date: /home/matteo-melzer/ws_moveit/install/moveit_core/include/moveit/collision_detection/collision_env.h
[23.880s] -- Up-to-date: /home/matteo-melzer/ws_moveit/install/moveit_core/include/moveit/collision_detection/world_diff.h
[23.880s] -- Up-to-date: /home/matteo-melzer/ws_moveit/install/moveit_core/include/moveit/collision_detection/test_collision_common_panda.h
[23.880s] -- Up-to-date: /home/matteo-melzer/ws_moveit/install/moveit_core/include/moveit/collision_detection/collision_common.h
[23.880s] -- Up-to-date: /home/matteo-melzer/ws_moveit/install/moveit_core/include/moveit/collision_detection/occupancy_map.h
[23.880s] -- Up-to-date: /home/matteo-melzer/ws_moveit/install/moveit_core/include/moveit/collision_detection/allvalid
[23.880s] -- Up-to-date: /home/matteo-melzer/ws_moveit/install/moveit_core/include/moveit/collision_detection/allvalid/collision_env_allvalid.h
[23.880s] -- Up-to-date: /home/matteo-melzer/ws_moveit/install/moveit_core/include/moveit/collision_detection/allvalid/collision_detector_allocator_allvalid.h
[23.880s] -- Up-to-date: /home/matteo-melzer/ws_moveit/install/moveit_core/include/moveit/collision_detection/collision_plugin.h
[23.880s] -- Up-to-date: /home/matteo-melzer/ws_moveit/install/moveit_core/include/moveit/collision_detection/test_collision_common_pr2.h
[23.880s] -- Up-to-date: /home/matteo-melzer/ws_moveit/install/moveit_core/include/moveit/collision_detection/collision_tools.h
[23.880s] -- Up-to-date: /home/matteo-melzer/ws_moveit/install/moveit_core/include/moveit/collision_detection/collision_octomap_filter.h
[23.880s] -- Up-to-date: /home/matteo-melzer/ws_moveit/install/moveit_core/include/moveit/collision_detection/collision_matrix.h
[23.880s] -- Up-to-date: /home/matteo-melzer/ws_moveit/install/moveit_core/include/moveit/collision_detection/collision_plugin_cache.h
[23.880s] -- Up-to-date: /home/matteo-melzer/ws_moveit/install/moveit_core/include/moveit/collision_detection/world.h
[23.880s] -- Up-to-date: /home/matteo-melzer/ws_moveit/install/moveit_core/include/moveit/collision_detection/collision_detector_allocator.h
[23.885s] -- Up-to-date: /home/matteo-melzer/ws_moveit/install/moveit_core/include/moveit_collision_detection_export.h
[23.885s] -- Up-to-date: /home/matteo-melzer/ws_moveit/install/moveit_core/include
[23.885s] -- Up-to-date: /home/matteo-melzer/ws_moveit/install/moveit_core/include/moveit
[23.885s] -- Up-to-date: /home/matteo-melzer/ws_moveit/install/moveit_core/include/moveit/collision_detection_bullet
[23.885s] -- Up-to-date: /home/matteo-melzer/ws_moveit/install/moveit_core/include/moveit/collision_detection_bullet/collision_detector_bullet_plugin_loader.h
[23.885s] -- Up-to-date: /home/matteo-melzer/ws_moveit/install/moveit_core/include/moveit/collision_detection_bullet/bullet_integration
[23.885s] -- Up-to-date: /home/matteo-melzer/ws_moveit/install/moveit_core/include/moveit/collision_detection_bullet/bullet_integration/bullet_discrete_bvh_manager.h
[23.885s] -- Up-to-date: /home/matteo-melzer/ws_moveit/install/moveit_core/include/moveit/collision_detection_bullet/bullet_integration/bullet_utils.h
[23.885s] -- Up-to-date: /home/matteo-melzer/ws_moveit/install/moveit_core/include/moveit/collision_detection_bullet/bullet_integration/bullet_cast_bvh_manager.h
[23.886s] -- Up-to-date: /home/matteo-melzer/ws_moveit/install/moveit_core/include/moveit/collision_detection_bullet/bullet_integration/bullet_bvh_manager.h
[23.886s] -- Up-to-date: /home/matteo-melzer/ws_moveit/install/moveit_core/include/moveit/collision_detection_bullet/bullet_integration/contact_checker_common.h
[23.886s] -- Up-to-date: /home/matteo-melzer/ws_moveit/install/moveit_core/include/moveit/collision_detection_bullet/bullet_integration/ros_bullet_utils.h
[23.886s] -- Up-to-date: /home/matteo-melzer/ws_moveit/install/moveit_core/include/moveit/collision_detection_bullet/bullet_integration/basic_types.h
[23.886s] -- Up-to-date: /home/matteo-melzer/ws_moveit/install/moveit_core/include/moveit/collision_detection_bullet/collision_env_bullet.h
[23.886s] -- Up-to-date: /home/matteo-melzer/ws_moveit/install/moveit_core/include/moveit/collision_detection_bullet/collision_detector_allocator_bullet.h
[23.886s] -- Up-to-date: /home/matteo-melzer/ws_moveit/install/moveit_core/include/moveit_collision_detection_bullet_export.h
[23.886s] -- Up-to-date: /home/matteo-melzer/ws_moveit/install/moveit_core/include
[23.886s] -- Up-to-date: /home/matteo-melzer/ws_moveit/install/moveit_core/include/moveit
[23.886s] -- Up-to-date: /home/matteo-melzer/ws_moveit/install/moveit_core/include/moveit/collision_detection_fcl
[23.886s] -- Up-to-date: /home/matteo-melzer/ws_moveit/install/moveit_core/include/moveit/collision_detection_fcl/collision_detector_fcl_plugin_loader.h
[23.886s] -- Up-to-date: /home/matteo-melzer/ws_moveit/install/moveit_core/include/moveit/collision_detection_fcl/collision_detector_allocator_fcl.h
[23.886s] -- Up-to-date: /home/matteo-melzer/ws_moveit/install/moveit_core/include/moveit/collision_detection_fcl/collision_common.h
[23.886s] -- Up-to-date: /home/matteo-melzer/ws_moveit/install/moveit_core/include/moveit/collision_detection_fcl/fcl_compat.h
[23.886s] -- Up-to-date: /home/matteo-melzer/ws_moveit/install/moveit_core/include/moveit/collision_detection_fcl/collision_env_fcl.h
[23.886s] -- Up-to-date: /home/matteo-melzer/ws_moveit/install/moveit_core/include/moveit_collision_detection_fcl_export.h
[23.886s] -- Installing: /home/matteo-melzer/ws_moveit/install/moveit_core/lib/libcollision_detector_bullet_plugin.so.2.5.9
[23.887s] -- Set runtime path of "/home/matteo-melzer/ws_moveit/install/moveit_core/lib/libcollision_detector_bullet_plugin.so.2.5.9" to ""
[23.887s] -- Up-to-date: /home/matteo-melzer/ws_moveit/install/moveit_core/lib/libcollision_detector_bullet_plugin.so
[23.890s] -- Installing: /home/matteo-melzer/ws_moveit/install/moveit_core/lib/libmoveit_butterworth_filter.so.2.5.9
[23.892s] -- Set runtime path of "/home/matteo-melzer/ws_moveit/install/moveit_core/lib/libmoveit_butterworth_filter.so.2.5.9" to ""
[23.892s] -- Up-to-date: /home/matteo-melzer/ws_moveit/install/moveit_core/lib/libmoveit_butterworth_filter.so
[23.893s] -- Installing: /home/matteo-melzer/ws_moveit/install/moveit_core/lib/libmoveit_collision_distance_field.so.2.5.9
[23.898s] -- Set runtime path of "/home/matteo-melzer/ws_moveit/install/moveit_core/lib/libmoveit_collision_distance_field.so.2.5.9" to ""
[23.898s] -- Up-to-date: /home/matteo-melzer/ws_moveit/install/moveit_core/lib/libmoveit_collision_distance_field.so
[23.898s] -- Installing: /home/matteo-melzer/ws_moveit/install/moveit_core/lib/libmoveit_collision_detection.so.2.5.9
[23.901s] -- Set runtime path of "/home/matteo-melzer/ws_moveit/install/moveit_core/lib/libmoveit_collision_detection.so.2.5.9" to ""
[23.902s] -- Up-to-date: /home/matteo-melzer/ws_moveit/install/moveit_core/lib/libmoveit_collision_detection.so
[23.902s] -- Installing: /home/matteo-melzer/ws_moveit/install/moveit_core/lib/libmoveit_collision_detection_fcl.so.2.5.9
[23.905s] -- Set runtime path of "/home/matteo-melzer/ws_moveit/install/moveit_core/lib/libmoveit_collision_detection_fcl.so.2.5.9" to ""
[23.905s] -- Up-to-date: /home/matteo-melzer/ws_moveit/install/moveit_core/lib/libmoveit_collision_detection_fcl.so
[23.906s] -- Installing: /home/matteo-melzer/ws_moveit/install/moveit_core/lib/libmoveit_collision_detection_bullet.so.2.5.9
[23.909s] -- Set runtime path of "/home/matteo-melzer/ws_moveit/install/moveit_core/lib/libmoveit_collision_detection_bullet.so.2.5.9" to ""
[23.909s] -- Up-to-date: /home/matteo-melzer/ws_moveit/install/moveit_core/lib/libmoveit_collision_detection_bullet.so
[23.911s] -- Installing: /home/matteo-melzer/ws_moveit/install/moveit_core/lib/libmoveit_dynamics_solver.so.2.5.9
[23.911s] -- Set runtime path of "/home/matteo-melzer/ws_moveit/install/moveit_core/lib/libmoveit_dynamics_solver.so.2.5.9" to ""
[23.911s] -- Up-to-date: /home/matteo-melzer/ws_moveit/install/moveit_core/lib/libmoveit_dynamics_solver.so
[23.914s] -- Installing: /home/matteo-melzer/ws_moveit/install/moveit_core/lib/libmoveit_constraint_samplers.so.2.5.9
[23.914s] -- Set runtime path of "/home/matteo-melzer/ws_moveit/install/moveit_core/lib/libmoveit_constraint_samplers.so.2.5.9" to ""
[23.914s] -- Up-to-date: /home/matteo-melzer/ws_moveit/install/moveit_core/lib/libmoveit_constraint_samplers.so
[23.917s] -- Up-to-date: /home/matteo-melzer/ws_moveit/install/moveit_core/lib/libmoveit_distance_field.so.2.5.9
[23.917s] -- Up-to-date: /home/matteo-melzer/ws_moveit/install/moveit_core/lib/libmoveit_distance_field.so
[23.917s] -- Up-to-date: /home/matteo-melzer/ws_moveit/install/moveit_core/lib/libmoveit_exceptions.so.2.5.9
[23.917s] -- Up-to-date: /home/matteo-melzer/ws_moveit/install/moveit_core/lib/libmoveit_exceptions.so
[23.918s] -- Installing: /home/matteo-melzer/ws_moveit/install/moveit_core/lib/libmoveit_kinematics_base.so
[23.920s] -- Set runtime path of "/home/matteo-melzer/ws_moveit/install/moveit_core/lib/libmoveit_kinematics_base.so" to ""
[23.920s] -- Installing: /home/matteo-melzer/ws_moveit/install/moveit_core/lib/libmoveit_kinematic_constraints.so.2.5.9
[23.923s] -- Set runtime path of "/home/matteo-melzer/ws_moveit/install/moveit_core/lib/libmoveit_kinematic_constraints.so.2.5.9" to ""
[23.924s] -- Up-to-date: /home/matteo-melzer/ws_moveit/install/moveit_core/lib/libmoveit_kinematic_constraints.so
[23.924s] -- Installing: /home/matteo-melzer/ws_moveit/install/moveit_core/lib/libmoveit_kinematics_metrics.so.2.5.9
[23.927s] -- Set runtime path of "/home/matteo-melzer/ws_moveit/install/moveit_core/lib/libmoveit_kinematics_metrics.so.2.5.9" to ""
[23.928s] -- Up-to-date: /home/matteo-melzer/ws_moveit/install/moveit_core/lib/libmoveit_kinematics_metrics.so
[23.929s] -- Installing: /home/matteo-melzer/ws_moveit/install/moveit_core/lib/libmoveit_planning_interface.so.2.5.9
[23.930s] -- Set runtime path of "/home/matteo-melzer/ws_moveit/install/moveit_core/lib/libmoveit_planning_interface.so.2.5.9" to ""
[23.931s] -- Up-to-date: /home/matteo-melzer/ws_moveit/install/moveit_core/lib/libmoveit_planning_interface.so
[23.931s] -- Installing: /home/matteo-melzer/ws_moveit/install/moveit_core/lib/libmoveit_planning_scene.so.2.5.9
[23.935s] -- Set runtime path of "/home/matteo-melzer/ws_moveit/install/moveit_core/lib/libmoveit_planning_scene.so.2.5.9" to ""
[23.935s] -- Up-to-date: /home/matteo-melzer/ws_moveit/install/moveit_core/lib/libmoveit_planning_scene.so
[23.939s] -- Installing: /home/matteo-melzer/ws_moveit/install/moveit_core/lib/libmoveit_planning_request_adapter.so.2.5.9
[23.940s] -- Set runtime path of "/home/matteo-melzer/ws_moveit/install/moveit_core/lib/libmoveit_planning_request_adapter.so.2.5.9" to ""
[23.940s] -- Up-to-date: /home/matteo-melzer/ws_moveit/install/moveit_core/lib/libmoveit_planning_request_adapter.so
[23.942s] -- Installing: /home/matteo-melzer/ws_moveit/install/moveit_core/lib/libmoveit_robot_model.so.2.5.9
[23.942s] -- Set runtime path of "/home/matteo-melzer/ws_moveit/install/moveit_core/lib/libmoveit_robot_model.so.2.5.9" to ""
[23.942s] -- Up-to-date: /home/matteo-melzer/ws_moveit/install/moveit_core/lib/libmoveit_robot_model.so
[23.943s] -- Installing: /home/matteo-melzer/ws_moveit/install/moveit_core/lib/libmoveit_robot_state.so.2.5.9
[23.945s] -- Set runtime path of "/home/matteo-melzer/ws_moveit/install/moveit_core/lib/libmoveit_robot_state.so.2.5.9" to ""
[23.946s] -- Up-to-date: /home/matteo-melzer/ws_moveit/install/moveit_core/lib/libmoveit_robot_state.so
[23.946s] -- Installing: /home/matteo-melzer/ws_moveit/install/moveit_core/lib/libmoveit_robot_trajectory.so.2.5.9
[23.947s] -- Set runtime path of "/home/matteo-melzer/ws_moveit/install/moveit_core/lib/libmoveit_robot_trajectory.so.2.5.9" to ""
[23.947s] -- Up-to-date: /home/matteo-melzer/ws_moveit/install/moveit_core/lib/libmoveit_robot_trajectory.so
[23.948s] -- Up-to-date: /home/matteo-melzer/ws_moveit/install/moveit_core/lib/libmoveit_smoothing_base.so.2.5.9
[23.948s] -- Up-to-date: /home/matteo-melzer/ws_moveit/install/moveit_core/lib/libmoveit_smoothing_base.so
[23.950s] -- Installing: /home/matteo-melzer/ws_moveit/install/moveit_core/lib/libmoveit_test_utils.so.2.5.9
[23.951s] -- Set runtime path of "/home/matteo-melzer/ws_moveit/install/moveit_core/lib/libmoveit_test_utils.so.2.5.9" to ""
[23.951s] -- Up-to-date: /home/matteo-melzer/ws_moveit/install/moveit_core/lib/libmoveit_test_utils.so
[23.951s] -- Installing: /home/matteo-melzer/ws_moveit/install/moveit_core/lib/libmoveit_trajectory_processing.so.2.5.9
[23.952s] -- Set runtime path of "/home/matteo-melzer/ws_moveit/install/moveit_core/lib/libmoveit_trajectory_processing.so.2.5.9" to ""
[23.953s] -- Up-to-date: /home/matteo-melzer/ws_moveit/install/moveit_core/lib/libmoveit_trajectory_processing.so
[23.953s] -- Up-to-date: /home/matteo-melzer/ws_moveit/install/moveit_core/lib/libmoveit_transforms.so.2.5.9
[23.953s] -- Up-to-date: /home/matteo-melzer/ws_moveit/install/moveit_core/lib/libmoveit_transforms.so
[23.954s] -- Up-to-date: /home/matteo-melzer/ws_moveit/install/moveit_core/lib/libmoveit_utils.so.2.5.9
[23.954s] -- Up-to-date: /home/matteo-melzer/ws_moveit/install/moveit_core/lib/libmoveit_utils.so
[23.954s] -- Up-to-date: /home/matteo-melzer/ws_moveit/install/moveit_core/share/moveit_core/environment/library_path.sh
[23.954s] -- Installing: /home/matteo-melzer/ws_moveit/install/moveit_core/share/moveit_core/environment/library_path.dsv
[23.954s] -- Up-to-date: /home/matteo-melzer/ws_moveit/install/moveit_core/share/moveit_core/collision_detector_fcl_description.xml
[23.955s] -- Up-to-date: /home/matteo-melzer/ws_moveit/install/moveit_core/share/moveit_core/collision_detector_bullet_description.xml
[23.955s] -- Up-to-date: /home/matteo-melzer/ws_moveit/install/moveit_core/share/moveit_core/filter_plugin_butterworth.xml
[23.955s] -- Up-to-date: /home/matteo-melzer/ws_moveit/install/moveit_core/share/ament_index/resource_index/package_run_dependencies/moveit_core
[23.955s] -- Installing: /home/matteo-melzer/ws_moveit/install/moveit_core/share/ament_index/resource_index/parent_prefix_path/moveit_core
[23.955s] -- Up-to-date: /home/matteo-melzer/ws_moveit/install/moveit_core/share/moveit_core/environment/ament_prefix_path.sh
[23.956s] -- Installing: /home/matteo-melzer/ws_moveit/install/moveit_core/share/moveit_core/environment/ament_prefix_path.dsv
[23.956s] -- Up-to-date: /home/matteo-melzer/ws_moveit/install/moveit_core/share/moveit_core/environment/path.sh
[23.956s] -- Installing: /home/matteo-melzer/ws_moveit/install/moveit_core/share/moveit_core/environment/path.dsv
[23.956s] -- Up-to-date: /home/matteo-melzer/ws_moveit/install/moveit_core/share/moveit_core/local_setup.bash
[23.957s] -- Up-to-date: /home/matteo-melzer/ws_moveit/install/moveit_core/share/moveit_core/local_setup.sh
[23.957s] -- Up-to-date: /home/matteo-melzer/ws_moveit/install/moveit_core/share/moveit_core/local_setup.zsh
[23.957s] -- Installing: /home/matteo-melzer/ws_moveit/install/moveit_core/share/moveit_core/local_setup.dsv
[23.957s] -- Installing: /home/matteo-melzer/ws_moveit/install/moveit_core/share/moveit_core/package.dsv
[23.957s] -- Up-to-date: /home/matteo-melzer/ws_moveit/install/moveit_core/share/ament_index/resource_index/packages/moveit_core
[23.958s] -- Up-to-date: /home/matteo-melzer/ws_moveit/install/moveit_core/share/ament_index/resource_index/moveit_core__pluginlib__plugin/moveit_core
[23.959s] -- Up-to-date: /home/matteo-melzer/ws_moveit/install/moveit_core/share/moveit_core/cmake/export_moveit_coreExport.cmake
[23.959s] -- Up-to-date: /home/matteo-melzer/ws_moveit/install/moveit_core/share/moveit_core/cmake/export_moveit_coreExport-release.cmake
[23.959s] -- Up-to-date: /home/matteo-melzer/ws_moveit/install/moveit_core/share/moveit_core/cmake/ConfigExtras.cmake
[23.959s] -- Up-to-date: /home/matteo-melzer/ws_moveit/install/moveit_core/share/moveit_core/cmake/ament_cmake_export_targets-extras.cmake
[23.959s] -- Up-to-date: /home/matteo-melzer/ws_moveit/install/moveit_core/share/moveit_core/cmake/ament_cmake_export_dependencies-extras.cmake
[23.960s] -- Up-to-date: /home/matteo-melzer/ws_moveit/install/moveit_core/share/moveit_core/cmake/moveit_coreConfig.cmake
[23.960s] -- Up-to-date: /home/matteo-melzer/ws_moveit/install/moveit_core/share/moveit_core/cmake/moveit_coreConfig-version.cmake
[23.961s] -- Up-to-date: /home/matteo-melzer/ws_moveit/install/moveit_core/share/moveit_core/package.xml
[23.966s] Invoked command in '/home/matteo-melzer/ws_moveit/build/moveit_core' returned '0': CMAKE_PREFIX_PATH=/home/matteo-melzer/ws_moveit/install/moveit_resources_panda_moveit_config:/home/matteo-melzer/ws_moveit/install/srdfdom:/home/matteo-melzer/ws_moveit/install/moveit_resources_pr2_description:/home/matteo-melzer/ws_moveit/install/moveit_resources_panda_description:/home/matteo-melzer/ws_moveit/install/moveit_common:/home/matteo-melzer/ws_moveit/install/ur10e_moveit_config:/home/matteo-melzer/ros2_ws/install/ur_description:/home/matteo-melzer/ros2_ws/install/tutorial_interfaces:/home/matteo-melzer/ros2_ws/install/turtlesim:/home/matteo-melzer/ws_moveit/install/ur_description:/home/matteo-melzer/ws_moveit/install/ur10e_moveit_launch:/home/matteo-melzer/ws_moveit/install/pilz_industrial_motion_planner_testutils:/home/matteo-melzer/ws_moveit/install/moveit_runtime:/home/matteo-melzer/ws_moveit/install/moveit2_tutorials:/home/matteo-melzer/ws_moveit/install/moveit:/home/matteo-melzer/ws_moveit/install/moveit_planners:/home/matteo-melzer/ws_moveit/install/pilz_industrial_motion_planner:/home/matteo-melzer/ws_moveit/install/mtc_tutorial:/home/matteo-melzer/ws_moveit/install/hello_moveit:/home/matteo-melzer/ws_moveit/install/moveit_visual_tools:/home/matteo-melzer/ws_moveit/install/moveit_task_constructor_visualization:/home/matteo-melzer/ws_moveit/install/moveit_task_constructor_demo:/home/matteo-melzer/ws_moveit/install/moveit_task_constructor_capabilities:/home/matteo-melzer/ws_moveit/install/moveit_task_constructor_core:/home/matteo-melzer/ws_moveit/install/moveit_ros_control_interface:/home/matteo-melzer/ws_moveit/install/moveit_plugins:/home/matteo-melzer/ws_moveit/install/moveit_simple_controller_manager:/home/matteo-melzer/ws_moveit/install/moveit_setup_assistant:/home/matteo-melzer/ws_moveit/install/moveit_setup_srdf_plugins:/home/matteo-melzer/ws_moveit/install/moveit_setup_core_plugins:/home/matteo-melzer/ws_moveit/install/moveit_setup_controllers:/home/matteo-melzer/ws_moveit/install/moveit_setup_app_plugins:/home/matteo-melzer/ws_moveit/install/moveit_setup_framework:/home/matteo-melzer/ws_moveit/install/moveit_servo:/home/matteo-melzer/ws_moveit/install/moveit_ros:/home/matteo-melzer/ws_moveit/install/moveit_ros_visualization:/home/matteo-melzer/ws_moveit/install/moveit_hybrid_planning:/home/matteo-melzer/ws_moveit/install/moveit_ros_planning_interface:/home/matteo-melzer/ws_moveit/install/moveit_ros_benchmarks:/home/matteo-melzer/ws_moveit/install/moveit_ros_warehouse:/home/matteo-melzer/ws_moveit/install/moveit_ros_robot_interaction:/home/matteo-melzer/ws_moveit/install/moveit_ros_perception:/home/matteo-melzer/ws_moveit/install/moveit_resources_prbt_pg70_support:/home/matteo-melzer/ws_moveit/install/moveit_resources_prbt_moveit_config:/home/matteo-melzer/ws_moveit/install/moveit_ros_move_group:/home/matteo-melzer/ws_moveit/install/moveit_planners_ompl:/home/matteo-melzer/ws_moveit/install/moveit_ros_planning:/home/matteo-melzer/ws_moveit/install/moveit_ros_occupancy_map_monitor:/home/matteo-melzer/ws_moveit/install/moveit_resources_prbt_ikfast_manipulator_plugin:/home/matteo-melzer/ws_moveit/install/moveit_planners_chomp:/home/matteo-melzer/ws_moveit/install/moveit_kinematics:/home/matteo-melzer/ws_moveit/install/moveit_chomp_optimizer_adapter:/home/matteo-melzer/ws_moveit/install/chomp_motion_planner:/home/matteo-melzer/ws_moveit/install/moveit_core:/home/matteo-melzer/ws_moveit/install/rviz_marker_tools:/home/matteo-melzer/ws_moveit/install/rosparam_shortcuts:/home/matteo-melzer/ws_moveit/install/moveit_task_constructor_msgs:/home/matteo-melzer/ws_moveit/install/moveit_resources_prbt_support:/home/matteo-melzer/ws_moveit/install/moveit_resources:/home/matteo-melzer/ws_moveit/install/moveit_resources_fanuc_moveit_config:/home/matteo-melzer/ws_moveit/install/moveit_resources_fanuc_description:/home/matteo-melzer/ros2_ws/install/py_srvcli:/home/matteo-melzer/ros2_ws/install/py_pubsub:/home/matteo-melzer/ws_moveit/install/moveit_configs_utils:/home/matteo-melzer/ws_moveit/install/launch_param_builder:/opt/ros/humble LD_LIBRARY_PATH=/home/matteo-melzer/ws_moveit/install/srdfdom/lib:/home/matteo-melzer/ros2_ws/install/tutorial_interfaces/lib:/home/matteo-melzer/ros2_ws/install/turtlesim/lib:/home/matteo-melzer/ws_moveit/install/pilz_industrial_motion_planner_testutils/lib:/home/matteo-melzer/ws_moveit/install/pilz_industrial_motion_planner/lib:/home/matteo-melzer/ws_moveit/install/moveit_visual_tools/lib:/home/matteo-melzer/ws_moveit/install/moveit_task_constructor_visualization/lib:/home/matteo-melzer/ws_moveit/install/moveit_task_constructor_demo/lib:/home/matteo-melzer/ws_moveit/install/moveit_task_constructor_capabilities/lib:/home/matteo-melzer/ws_moveit/install/moveit_task_constructor_core/lib:/home/matteo-melzer/ws_moveit/install/moveit_ros_control_interface/lib:/home/matteo-melzer/ws_moveit/install/moveit_simple_controller_manager/lib:/home/matteo-melzer/ws_moveit/install/moveit_setup_assistant/lib:/home/matteo-melzer/ws_moveit/install/moveit_setup_srdf_plugins/lib:/home/matteo-melzer/ws_moveit/install/moveit_setup_core_plugins/lib:/home/matteo-melzer/ws_moveit/install/moveit_setup_controllers/lib:/home/matteo-melzer/ws_moveit/install/moveit_setup_app_plugins/lib:/home/matteo-melzer/ws_moveit/install/moveit_setup_framework/lib:/home/matteo-melzer/ws_moveit/install/moveit_servo/lib:/home/matteo-melzer/ws_moveit/install/moveit_ros_visualization/lib:/home/matteo-melzer/ws_moveit/install/moveit_hybrid_planning/lib:/home/matteo-melzer/ws_moveit/install/moveit_ros_planning_interface/lib:/home/matteo-melzer/ws_moveit/install/moveit_ros_benchmarks/lib:/home/matteo-melzer/ws_moveit/install/moveit_ros_warehouse/lib:/home/matteo-melzer/ws_moveit/install/moveit_ros_robot_interaction/lib:/home/matteo-melzer/ws_moveit/install/moveit_ros_perception/lib:/home/matteo-melzer/ws_moveit/install/moveit_ros_move_group/lib:/home/matteo-melzer/ws_moveit/install/moveit_planners_ompl/lib:/home/matteo-melzer/ws_moveit/install/moveit_ros_planning/lib:/home/matteo-melzer/ws_moveit/install/moveit_ros_occupancy_map_monitor/lib:/home/matteo-melzer/ws_moveit/install/moveit_resources_prbt_ikfast_manipulator_plugin/lib:/home/matteo-melzer/ws_moveit/install/moveit_planners_chomp/lib:/home/matteo-melzer/ws_moveit/install/moveit_kinematics/lib:/home/matteo-melzer/ws_moveit/install/moveit_chomp_optimizer_adapter/lib:/home/matteo-melzer/ws_moveit/install/chomp_motion_planner/lib:/home/matteo-melzer/ws_moveit/install/moveit_core/lib:/home/matteo-melzer/ws_moveit/install/rviz_marker_tools/lib:/home/matteo-melzer/ws_moveit/install/rosparam_shortcuts/lib:/home/matteo-melzer/ws_moveit/install/moveit_task_constructor_msgs/lib:/opt/ros/humble/opt/rviz_ogre_vendor/lib:/opt/ros/humble/lib/x86_64-linux-gnu:/opt/ros/humble/lib /usr/bin/cmake --install /home/matteo-melzer/ws_moveit/build/moveit_core
