[0.022s] Invoking command in '/home/matteo-melzer/ws_moveit/build/srdfdom': CMAKE_PREFIX_PATH=${CMAKE_PREFIX_PATH}:/home/matteo-melzer/ros2_ws/install/py_srvcli:/home/matteo-melzer/ros2_ws/install/py_pubsub:/home/matteo-melzer/ws_moveit/install/moveit_configs_utils:/home/matteo-melzer/ws_moveit/install/launch_param_builder:/opt/ros/humble /usr/bin/cmake /home/matteo-melzer/ws_moveit/src/srdfdom -DCMAKE_INSTALL_PREFIX=/home/matteo-melzer/ws_moveit/install/srdfdom
[0.212s] -- The CXX compiler identification is GNU 11.4.0
[0.241s] -- Detecting CXX compiler ABI info
[0.417s] -- Detecting CXX compiler ABI info - done
[0.428s] -- Check for working CXX compiler: /usr/bin/c++ - skipped
[0.429s] -- Detecting CXX compile features
[0.429s] -- Detecting CXX compile features - done
[0.458s] -- Found Boost: /usr/lib/x86_64-linux-gnu/cmake/Boost-1.74.0/BoostConfig.cmake (found version "1.74.0")  
[0.499s] -- Found ament_cmake: 1.3.11 (/opt/ros/humble/share/ament_cmake/cmake)
[0.670s] -- Found Python3: /usr/bin/python3 (found version "3.10.12") found components: Interpreter 
[0.853s] -- Found urdf: 2.6.1 (/opt/ros/humble/share/urdf/cmake)
[0.997s] -- Found TinyXML2 via Config file: TinyXML2_DIR-NOTFOUND
[1.206s] -- Found ament_cmake_gtest: 1.3.11 (/opt/ros/humble/share/ament_cmake_gtest/cmake)
[1.216s] -- Found ament_cmake_pytest: 1.3.11 (/opt/ros/humble/share/ament_cmake_pytest/cmake)
[1.887s] -- Found gtest sources under '/opt/ros/humble/src/gtest_vendor': C++ tests using 'Google Test' will be built
[2.017s] -- The C compiler identification is GNU 11.4.0
[2.031s] -- Detecting C compiler ABI info
[2.148s] -- Detecting C compiler ABI info - done
[2.158s] -- Check for working C compiler: /usr/bin/cc - skipped
[2.158s] -- Detecting C compile features
[2.158s] -- Detecting C compile features - done
[2.165s] -- Looking for C++ include pthread.h
[2.383s] -- Looking for C++ include pthread.h - found
[2.383s] -- Performing Test CMAKE_HAVE_LIBC_PTHREAD
[2.628s] -- Performing Test CMAKE_HAVE_LIBC_PTHREAD - Success
[2.628s] -- Found Threads: TRUE  
[2.638s] -- Found ament_lint_auto: 0.12.12 (/opt/ros/humble/share/ament_lint_auto/cmake)
[2.683s] -- Configuring done
[2.694s] -- Generating done
[2.699s] -- Build files have been written to: /home/matteo-melzer/ws_moveit/build/srdfdom
[2.724s] Invoked command in '/home/matteo-melzer/ws_moveit/build/srdfdom' returned '0': CMAKE_PREFIX_PATH=${CMAKE_PREFIX_PATH}:/home/matteo-melzer/ros2_ws/install/py_srvcli:/home/matteo-melzer/ros2_ws/install/py_pubsub:/home/matteo-melzer/ws_moveit/install/moveit_configs_utils:/home/matteo-melzer/ws_moveit/install/launch_param_builder:/opt/ros/humble /usr/bin/cmake /home/matteo-melzer/ws_moveit/src/srdfdom -DCMAKE_INSTALL_PREFIX=/home/matteo-melzer/ws_moveit/install/srdfdom
[2.729s] Invoking command in '/home/matteo-melzer/ws_moveit/build/srdfdom': CMAKE_PREFIX_PATH=${CMAKE_PREFIX_PATH}:/home/matteo-melzer/ros2_ws/install/py_srvcli:/home/matteo-melzer/ros2_ws/install/py_pubsub:/home/matteo-melzer/ws_moveit/install/moveit_configs_utils:/home/matteo-melzer/ws_moveit/install/launch_param_builder:/opt/ros/humble /usr/bin/cmake --build /home/matteo-melzer/ws_moveit/build/srdfdom -- -j2 -l2
[2.881s] [  0%] Built target ament_cmake_python_copy_srdfdom
[2.929s] [  9%] [32mBuilding CXX object CMakeFiles/srdfdom.dir/src/model.cpp.o[0m
[2.930s] [ 18%] [32mBuilding CXX object gtest/CMakeFiles/gtest.dir/src/gtest-all.cc.o[0m
[8.602s] [ 27%] [32mBuilding CXX object CMakeFiles/srdfdom.dir/src/srdf_writer.cpp.o[0m
[11.786s] [ 36%] [32m[1mLinking CXX static library libgtest.a[0m
[12.047s] [ 36%] Built target gtest
[12.122s] [ 45%] [32mBuilding CXX object gtest/CMakeFiles/gtest_main.dir/src/gtest_main.cc.o[0m
[12.597s] [ 54%] [32m[1mLinking CXX shared library libsrdfdom.so[0m
[13.060s] [ 54%] Built target srdfdom
[13.608s] running egg_info
[13.611s] creating srdfdom.egg-info
[13.611s] writing srdfdom.egg-info/PKG-INFO
[13.612s] writing dependency_links to srdfdom.egg-info/dependency_links.txt
[13.612s] writing top-level names to srdfdom.egg-info/top_level.txt
[13.612s] writing manifest file 'srdfdom.egg-info/SOURCES.txt'
[13.614s] reading manifest file 'srdfdom.egg-info/SOURCES.txt'
[13.615s] writing manifest file 'srdfdom.egg-info/SOURCES.txt'
[13.681s] [ 54%] Built target ament_cmake_python_build_srdfdom_egg
[14.331s] [ 63%] [32m[1mLinking CXX static library libgtest_main.a[0m
[14.448s] [ 63%] Built target gtest_main
[14.503s] [ 72%] [32mBuilding CXX object CMakeFiles/test_cpp_C.dir/test/test_parser.cpp.o[0m
[16.466s] [ 81%] [32m[1mLinking CXX executable test_cpp_C[0m
[16.625s] [ 81%] Built target test_cpp_C
[16.666s] [ 90%] [32mBuilding CXX object CMakeFiles/test_cpp_nl_NL.UTF-8.dir/test/test_parser.cpp.o[0m
[18.354s] [100%] [32m[1mLinking CXX executable test_cpp_nl_NL.UTF-8[0m
[18.505s] [100%] Built target test_cpp_nl_NL.UTF-8
[18.523s] Invoked command in '/home/matteo-melzer/ws_moveit/build/srdfdom' returned '0': CMAKE_PREFIX_PATH=${CMAKE_PREFIX_PATH}:/home/matteo-melzer/ros2_ws/install/py_srvcli:/home/matteo-melzer/ros2_ws/install/py_pubsub:/home/matteo-melzer/ws_moveit/install/moveit_configs_utils:/home/matteo-melzer/ws_moveit/install/launch_param_builder:/opt/ros/humble /usr/bin/cmake --build /home/matteo-melzer/ws_moveit/build/srdfdom -- -j2 -l2
[18.532s] Invoking command in '/home/matteo-melzer/ws_moveit/build/srdfdom': CMAKE_PREFIX_PATH=${CMAKE_PREFIX_PATH}:/home/matteo-melzer/ros2_ws/install/py_srvcli:/home/matteo-melzer/ros2_ws/install/py_pubsub:/home/matteo-melzer/ws_moveit/install/moveit_configs_utils:/home/matteo-melzer/ws_moveit/install/launch_param_builder:/opt/ros/humble /usr/bin/cmake --install /home/matteo-melzer/ws_moveit/build/srdfdom
[18.563s] -- Install configuration: ""
[18.563s] -- Installing: /home/matteo-melzer/ws_moveit/install/srdfdom/lib/libsrdfdom.so.2.0.8
[18.566s] -- Set runtime path of "/home/matteo-melzer/ws_moveit/install/srdfdom/lib/libsrdfdom.so.2.0.8" to ""
[18.567s] -- Installing: /home/matteo-melzer/ws_moveit/install/srdfdom/lib/libsrdfdom.so
[18.567s] -- Installing: /home/matteo-melzer/ws_moveit/install/srdfdom/include/srdfdom
[18.567s] -- Installing: /home/matteo-melzer/ws_moveit/install/srdfdom/include/srdfdom/srdfdom
[18.567s] -- Installing: /home/matteo-melzer/ws_moveit/install/srdfdom/include/srdfdom/srdfdom/model.h
[18.567s] -- Installing: /home/matteo-melzer/ws_moveit/install/srdfdom/include/srdfdom/srdfdom/visibility_control.h
[18.569s] -- Installing: /home/matteo-melzer/ws_moveit/install/srdfdom/include/srdfdom/srdfdom/srdf_writer.h
[18.569s] -- Installing: /home/matteo-melzer/ws_moveit/install/srdfdom/lib/srdfdom/display_srdf
[18.569s] -- Installing: /home/matteo-melzer/ws_moveit/install/srdfdom/share/srdfdom/environment/pythonpath.sh
[18.569s] -- Installing: /home/matteo-melzer/ws_moveit/install/srdfdom/share/srdfdom/environment/pythonpath.dsv
[18.569s] -- Installing: /home/matteo-melzer/ws_moveit/install/srdfdom/local/lib/python3.10/dist-packages/srdfdom-2.0.8-py3.10.egg-info
[18.569s] -- Installing: /home/matteo-melzer/ws_moveit/install/srdfdom/local/lib/python3.10/dist-packages/srdfdom-2.0.8-py3.10.egg-info/dependency_links.txt
[18.569s] -- Installing: /home/matteo-melzer/ws_moveit/install/srdfdom/local/lib/python3.10/dist-packages/srdfdom-2.0.8-py3.10.egg-info/SOURCES.txt
[18.569s] -- Installing: /home/matteo-melzer/ws_moveit/install/srdfdom/local/lib/python3.10/dist-packages/srdfdom-2.0.8-py3.10.egg-info/PKG-INFO
[18.569s] -- Installing: /home/matteo-melzer/ws_moveit/install/srdfdom/local/lib/python3.10/dist-packages/srdfdom-2.0.8-py3.10.egg-info/top_level.txt
[18.569s] -- Installing: /home/matteo-melzer/ws_moveit/install/srdfdom/local/lib/python3.10/dist-packages/srdfdom
[18.570s] -- Installing: /home/matteo-melzer/ws_moveit/install/srdfdom/local/lib/python3.10/dist-packages/srdfdom/__init__.py
[18.570s] -- Installing: /home/matteo-melzer/ws_moveit/install/srdfdom/local/lib/python3.10/dist-packages/srdfdom/srdf.py
[18.630s] Listing '/home/matteo-melzer/ws_moveit/install/srdfdom/local/lib/python3.10/dist-packages/srdfdom'...
[18.630s] Compiling '/home/matteo-melzer/ws_moveit/install/srdfdom/local/lib/python3.10/dist-packages/srdfdom/__init__.py'...
[18.630s] Compiling '/home/matteo-melzer/ws_moveit/install/srdfdom/local/lib/python3.10/dist-packages/srdfdom/srdf.py'...
[18.640s] -- Installing: /home/matteo-melzer/ws_moveit/install/srdfdom/share/srdfdom/environment/library_path.sh
[18.642s] -- Installing: /home/matteo-melzer/ws_moveit/install/srdfdom/share/srdfdom/environment/library_path.dsv
[18.642s] -- Installing: /home/matteo-melzer/ws_moveit/install/srdfdom/share/ament_index/resource_index/package_run_dependencies/srdfdom
[18.642s] -- Installing: /home/matteo-melzer/ws_moveit/install/srdfdom/share/ament_index/resource_index/parent_prefix_path/srdfdom
[18.642s] -- Installing: /home/matteo-melzer/ws_moveit/install/srdfdom/share/srdfdom/environment/ament_prefix_path.sh
[18.642s] -- Installing: /home/matteo-melzer/ws_moveit/install/srdfdom/share/srdfdom/environment/ament_prefix_path.dsv
[18.642s] -- Installing: /home/matteo-melzer/ws_moveit/install/srdfdom/share/srdfdom/environment/path.sh
[18.642s] -- Installing: /home/matteo-melzer/ws_moveit/install/srdfdom/share/srdfdom/environment/path.dsv
[18.643s] -- Installing: /home/matteo-melzer/ws_moveit/install/srdfdom/share/srdfdom/local_setup.bash
[18.643s] -- Installing: /home/matteo-melzer/ws_moveit/install/srdfdom/share/srdfdom/local_setup.sh
[18.644s] -- Installing: /home/matteo-melzer/ws_moveit/install/srdfdom/share/srdfdom/local_setup.zsh
[18.644s] -- Installing: /home/matteo-melzer/ws_moveit/install/srdfdom/share/srdfdom/local_setup.dsv
[18.644s] -- Installing: /home/matteo-melzer/ws_moveit/install/srdfdom/share/srdfdom/package.dsv
[18.644s] -- Installing: /home/matteo-melzer/ws_moveit/install/srdfdom/share/ament_index/resource_index/packages/srdfdom
[18.648s] -- Installing: /home/matteo-melzer/ws_moveit/install/srdfdom/share/srdfdom/cmake/srdfdomTargetsExport.cmake
[18.648s] -- Installing: /home/matteo-melzer/ws_moveit/install/srdfdom/share/srdfdom/cmake/srdfdomTargetsExport-noconfig.cmake
[18.648s] -- Installing: /home/matteo-melzer/ws_moveit/install/srdfdom/share/srdfdom/cmake/ament_cmake_export_targets-extras.cmake
[18.648s] -- Installing: /home/matteo-melzer/ws_moveit/install/srdfdom/share/srdfdom/cmake/ament_cmake_export_dependencies-extras.cmake
[18.648s] -- Installing: /home/matteo-melzer/ws_moveit/install/srdfdom/share/srdfdom/cmake/srdfdomConfig.cmake
[18.648s] -- Installing: /home/matteo-melzer/ws_moveit/install/srdfdom/share/srdfdom/cmake/srdfdomConfig-version.cmake
[18.648s] -- Installing: /home/matteo-melzer/ws_moveit/install/srdfdom/share/srdfdom/package.xml
[18.649s] Invoked command in '/home/matteo-melzer/ws_moveit/build/srdfdom' returned '0': CMAKE_PREFIX_PATH=${CMAKE_PREFIX_PATH}:/home/matteo-melzer/ros2_ws/install/py_srvcli:/home/matteo-melzer/ros2_ws/install/py_pubsub:/home/matteo-melzer/ws_moveit/install/moveit_configs_utils:/home/matteo-melzer/ws_moveit/install/launch_param_builder:/opt/ros/humble /usr/bin/cmake --install /home/matteo-melzer/ws_moveit/build/srdfdom
