[0.054s] Invoking command in '/home/matteo-melzer/ws_moveit/build/ur10e_moveit_launch': CMAKE_PREFIX_PATH=${CMAKE_PREFIX_PATH}:/home/matteo-melzer/ros2_ws/install/py_srvcli:/home/matteo-melzer/ros2_ws/install/py_pubsub:/home/matteo-melzer/ws_moveit/install/moveit_configs_utils:/home/matteo-melzer/ws_moveit/install/launch_param_builder:/opt/ros/humble /usr/bin/cmake --build /home/matteo-melzer/ws_moveit/build/ur10e_moveit_launch -- -j2 -l2
[0.146s] Invoked command in '/home/matteo-melzer/ws_moveit/build/ur10e_moveit_launch' returned '0': CMAKE_PREFIX_PATH=${CMAKE_PREFIX_PATH}:/home/matteo-melzer/ros2_ws/install/py_srvcli:/home/matteo-melzer/ros2_ws/install/py_pubsub:/home/matteo-melzer/ws_moveit/install/moveit_configs_utils:/home/matteo-melzer/ws_moveit/install/launch_param_builder:/opt/ros/humble /usr/bin/cmake --build /home/matteo-melzer/ws_moveit/build/ur10e_moveit_launch -- -j2 -l2
[0.149s] Invoking command in '/home/matteo-melzer/ws_moveit/build/ur10e_moveit_launch': CMAKE_PREFIX_PATH=${CMAKE_PREFIX_PATH}:/home/matteo-melzer/ros2_ws/install/py_srvcli:/home/matteo-melzer/ros2_ws/install/py_pubsub:/home/matteo-melzer/ws_moveit/install/moveit_configs_utils:/home/matteo-melzer/ws_moveit/install/launch_param_builder:/opt/ros/humble /usr/bin/cmake --install /home/matteo-melzer/ws_moveit/build/ur10e_moveit_launch
[0.158s] -- Install configuration: ""
[0.159s] -- Up-to-date: /home/matteo-melzer/ws_moveit/install/ur10e_moveit_launch/share/ament_index/resource_index/package_run_dependencies/ur10e_moveit_launch
[0.159s] -- Up-to-date: /home/matteo-melzer/ws_moveit/install/ur10e_moveit_launch/share/ament_index/resource_index/parent_prefix_path/ur10e_moveit_launch
[0.160s] -- Up-to-date: /home/matteo-melzer/ws_moveit/install/ur10e_moveit_launch/share/ur10e_moveit_launch/environment/ament_prefix_path.sh
[0.160s] -- Up-to-date: /home/matteo-melzer/ws_moveit/install/ur10e_moveit_launch/share/ur10e_moveit_launch/environment/ament_prefix_path.dsv
[0.161s] -- Up-to-date: /home/matteo-melzer/ws_moveit/install/ur10e_moveit_launch/share/ur10e_moveit_launch/environment/path.sh
[0.161s] -- Up-to-date: /home/matteo-melzer/ws_moveit/install/ur10e_moveit_launch/share/ur10e_moveit_launch/environment/path.dsv
[0.161s] -- Up-to-date: /home/matteo-melzer/ws_moveit/install/ur10e_moveit_launch/share/ur10e_moveit_launch/local_setup.bash
[0.164s] -- Up-to-date: /home/matteo-melzer/ws_moveit/install/ur10e_moveit_launch/share/ur10e_moveit_launch/local_setup.sh
[0.164s] -- Up-to-date: /home/matteo-melzer/ws_moveit/install/ur10e_moveit_launch/share/ur10e_moveit_launch/local_setup.zsh
[0.164s] -- Up-to-date: /home/matteo-melzer/ws_moveit/install/ur10e_moveit_launch/share/ur10e_moveit_launch/local_setup.dsv
[0.165s] -- Up-to-date: /home/matteo-melzer/ws_moveit/install/ur10e_moveit_launch/share/ur10e_moveit_launch/package.dsv
[0.165s] -- Up-to-date: /home/matteo-melzer/ws_moveit/install/ur10e_moveit_launch/share/ament_index/resource_index/packages/ur10e_moveit_launch
[0.165s] -- Up-to-date: /home/matteo-melzer/ws_moveit/install/ur10e_moveit_launch/share/ur10e_moveit_launch/cmake/ur10e_moveit_launchConfig.cmake
[0.165s] -- Up-to-date: /home/matteo-melzer/ws_moveit/install/ur10e_moveit_launch/share/ur10e_moveit_launch/cmake/ur10e_moveit_launchConfig-version.cmake
[0.165s] -- Up-to-date: /home/matteo-melzer/ws_moveit/install/ur10e_moveit_launch/share/ur10e_moveit_launch/package.xml
[0.171s] Invoked command in '/home/matteo-melzer/ws_moveit/build/ur10e_moveit_launch' returned '0': CMAKE_PREFIX_PATH=${CMAKE_PREFIX_PATH}:/home/matteo-melzer/ros2_ws/install/py_srvcli:/home/matteo-melzer/ros2_ws/install/py_pubsub:/home/matteo-melzer/ws_moveit/install/moveit_configs_utils:/home/matteo-melzer/ws_moveit/install/launch_param_builder:/opt/ros/humble /usr/bin/cmake --install /home/matteo-melzer/ws_moveit/build/ur10e_moveit_launch
