[0.023s] Invoking command in '/home/matteo-melzer/ws_moveit/build/srdfdom': CMAKE_PREFIX_PATH=${CMAKE_PREFIX_PATH}:/home/matteo-melzer/ros2_ws/install/py_srvcli:/home/matteo-melzer/ros2_ws/install/py_pubsub:/home/matteo-melzer/ws_moveit/install/moveit_configs_utils:/home/matteo-melzer/ws_moveit/install/launch_param_builder:/opt/ros/humble /usr/bin/cmake /home/matteo-melzer/ws_moveit/src/srdfdom -DCMAKE_BUILD_TYPE=Release -DCMAKE_INSTALL_PREFIX=/home/matteo-melzer/ws_moveit/install/srdfdom
[0.042s] -- Found ament_cmake: 1.3.11 (/opt/ros/humble/share/ament_cmake/cmake)
[0.164s] -- Found urdf: 2.6.1 (/opt/ros/humble/share/urdf/cmake)
[0.229s] -- Found TinyXML2 via Config file: TinyXML2_DIR-NOTFOUND
[0.300s] -- Found ament_cmake_gtest: 1.3.11 (/opt/ros/humble/share/ament_cmake_gtest/cmake)
[0.301s] -- Found ament_cmake_pytest: 1.3.11 (/opt/ros/humble/share/ament_cmake_pytest/cmake)
[0.723s] -- Found gtest sources under '/opt/ros/humble/src/gtest_vendor': C++ tests using 'Google Test' will be built
[0.729s] -- Found ament_lint_auto: 0.12.12 (/opt/ros/humble/share/ament_lint_auto/cmake)
[0.765s] -- Configuring done
[0.793s] -- Generating done
[0.800s] -- Build files have been written to: /home/matteo-melzer/ws_moveit/build/srdfdom
[1.023s] Invoked command in '/home/matteo-melzer/ws_moveit/build/srdfdom' returned '0': CMAKE_PREFIX_PATH=${CMAKE_PREFIX_PATH}:/home/matteo-melzer/ros2_ws/install/py_srvcli:/home/matteo-melzer/ros2_ws/install/py_pubsub:/home/matteo-melzer/ws_moveit/install/moveit_configs_utils:/home/matteo-melzer/ws_moveit/install/launch_param_builder:/opt/ros/humble /usr/bin/cmake /home/matteo-melzer/ws_moveit/src/srdfdom -DCMAKE_BUILD_TYPE=Release -DCMAKE_INSTALL_PREFIX=/home/matteo-melzer/ws_moveit/install/srdfdom
[1.025s] Invoking command in '/home/matteo-melzer/ws_moveit/build/srdfdom': CMAKE_PREFIX_PATH=${CMAKE_PREFIX_PATH}:/home/matteo-melzer/ros2_ws/install/py_srvcli:/home/matteo-melzer/ros2_ws/install/py_pubsub:/home/matteo-melzer/ws_moveit/install/moveit_configs_utils:/home/matteo-melzer/ws_moveit/install/launch_param_builder:/opt/ros/humble /usr/bin/cmake --build /home/matteo-melzer/ws_moveit/build/srdfdom -- -j2 -l2
[1.095s] [35m[1mConsolidate compiler generated dependencies of target srdfdom[0m
[1.142s] [  9%] [32mBuilding CXX object CMakeFiles/srdfdom.dir/src/model.cpp.o[0m
[1.151s] [  9%] Built target ament_cmake_python_copy_srdfdom
[1.166s] [35m[1mConsolidate compiler generated dependencies of target gtest_main[0m
[1.187s] [ 18%] [32mBuilding CXX object gtest/CMakeFiles/gtest_main.dir/src/gtest_main.cc.o[0m
[2.383s] [ 27%] [32m[1mLinking CXX static library libgtest_main.a[0m
[2.487s] [ 27%] Built target gtest_main
[2.522s] [35m[1mConsolidate compiler generated dependencies of target gtest[0m
[2.547s] [ 36%] [32mBuilding CXX object gtest/CMakeFiles/gtest.dir/src/gtest-all.cc.o[0m
[5.191s] [ 45%] [32mBuilding CXX object CMakeFiles/srdfdom.dir/src/srdf_writer.cpp.o[0m
[8.273s] [ 54%] [32m[1mLinking CXX shared library libsrdfdom.so[0m
[8.526s] [ 54%] Built target srdfdom
[9.020s] running egg_info
[9.028s] writing srdfdom.egg-info/PKG-INFO
[9.028s] writing dependency_links to srdfdom.egg-info/dependency_links.txt
[9.028s] writing top-level names to srdfdom.egg-info/top_level.txt
[9.028s] reading manifest file 'srdfdom.egg-info/SOURCES.txt'
[9.028s] writing manifest file 'srdfdom.egg-info/SOURCES.txt'
[9.094s] [ 54%] Built target ament_cmake_python_build_srdfdom_egg
[11.770s] [ 63%] [32m[1mLinking CXX static library libgtest.a[0m
[11.889s] [ 63%] Built target gtest
[11.927s] [35m[1mConsolidate compiler generated dependencies of target test_cpp_C[0m
[11.927s] [35m[1mConsolidate compiler generated dependencies of target test_cpp_nl_NL.UTF-8[0m
[11.974s] [ 72%] [32mBuilding CXX object CMakeFiles/test_cpp_C.dir/test/test_parser.cpp.o[0m
[11.977s] [ 81%] [32mBuilding CXX object CMakeFiles/test_cpp_nl_NL.UTF-8.dir/test/test_parser.cpp.o[0m
[16.576s] [ 90%] [32m[1mLinking CXX executable test_cpp_nl_NL.UTF-8[0m
[16.659s] [100%] [32m[1mLinking CXX executable test_cpp_C[0m
[16.801s] [100%] Built target test_cpp_nl_NL.UTF-8
[16.904s] [100%] Built target test_cpp_C
[16.925s] Invoked command in '/home/matteo-melzer/ws_moveit/build/srdfdom' returned '0': CMAKE_PREFIX_PATH=${CMAKE_PREFIX_PATH}:/home/matteo-melzer/ros2_ws/install/py_srvcli:/home/matteo-melzer/ros2_ws/install/py_pubsub:/home/matteo-melzer/ws_moveit/install/moveit_configs_utils:/home/matteo-melzer/ws_moveit/install/launch_param_builder:/opt/ros/humble /usr/bin/cmake --build /home/matteo-melzer/ws_moveit/build/srdfdom -- -j2 -l2
[16.929s] Invoking command in '/home/matteo-melzer/ws_moveit/build/srdfdom': CMAKE_PREFIX_PATH=${CMAKE_PREFIX_PATH}:/home/matteo-melzer/ros2_ws/install/py_srvcli:/home/matteo-melzer/ros2_ws/install/py_pubsub:/home/matteo-melzer/ws_moveit/install/moveit_configs_utils:/home/matteo-melzer/ws_moveit/install/launch_param_builder:/opt/ros/humble /usr/bin/cmake --install /home/matteo-melzer/ws_moveit/build/srdfdom
[16.941s] -- Install configuration: "Release"
[16.942s] -- Installing: /home/matteo-melzer/ws_moveit/install/srdfdom/lib/libsrdfdom.so.2.0.8
[16.942s] -- Set runtime path of "/home/matteo-melzer/ws_moveit/install/srdfdom/lib/libsrdfdom.so.2.0.8" to ""
[16.943s] -- Up-to-date: /home/matteo-melzer/ws_moveit/install/srdfdom/lib/libsrdfdom.so
[16.943s] -- Up-to-date: /home/matteo-melzer/ws_moveit/install/srdfdom/include/srdfdom
[16.943s] -- Up-to-date: /home/matteo-melzer/ws_moveit/install/srdfdom/include/srdfdom/srdfdom
[16.944s] -- Up-to-date: /home/matteo-melzer/ws_moveit/install/srdfdom/include/srdfdom/srdfdom/model.h
[16.944s] -- Up-to-date: /home/matteo-melzer/ws_moveit/install/srdfdom/include/srdfdom/srdfdom/visibility_control.h
[16.944s] -- Up-to-date: /home/matteo-melzer/ws_moveit/install/srdfdom/include/srdfdom/srdfdom/srdf_writer.h
[16.944s] -- Up-to-date: /home/matteo-melzer/ws_moveit/install/srdfdom/lib/srdfdom/display_srdf
[16.945s] -- Up-to-date: /home/matteo-melzer/ws_moveit/install/srdfdom/share/srdfdom/environment/pythonpath.sh
[16.946s] -- Installing: /home/matteo-melzer/ws_moveit/install/srdfdom/share/srdfdom/environment/pythonpath.dsv
[16.946s] -- Up-to-date: /home/matteo-melzer/ws_moveit/install/srdfdom/local/lib/python3.10/dist-packages/srdfdom-2.0.8-py3.10.egg-info
[16.947s] -- Installing: /home/matteo-melzer/ws_moveit/install/srdfdom/local/lib/python3.10/dist-packages/srdfdom-2.0.8-py3.10.egg-info/dependency_links.txt
[16.948s] -- Installing: /home/matteo-melzer/ws_moveit/install/srdfdom/local/lib/python3.10/dist-packages/srdfdom-2.0.8-py3.10.egg-info/SOURCES.txt
[16.948s] -- Installing: /home/matteo-melzer/ws_moveit/install/srdfdom/local/lib/python3.10/dist-packages/srdfdom-2.0.8-py3.10.egg-info/PKG-INFO
[16.948s] -- Installing: /home/matteo-melzer/ws_moveit/install/srdfdom/local/lib/python3.10/dist-packages/srdfdom-2.0.8-py3.10.egg-info/top_level.txt
[16.948s] -- Up-to-date: /home/matteo-melzer/ws_moveit/install/srdfdom/local/lib/python3.10/dist-packages/srdfdom
[16.948s] -- Up-to-date: /home/matteo-melzer/ws_moveit/install/srdfdom/local/lib/python3.10/dist-packages/srdfdom/__init__.py
[16.948s] -- Up-to-date: /home/matteo-melzer/ws_moveit/install/srdfdom/local/lib/python3.10/dist-packages/srdfdom/srdf.py
[16.987s] Listing '/home/matteo-melzer/ws_moveit/install/srdfdom/local/lib/python3.10/dist-packages/srdfdom'...
[16.989s] -- Up-to-date: /home/matteo-melzer/ws_moveit/install/srdfdom/share/srdfdom/environment/library_path.sh
[16.989s] -- Installing: /home/matteo-melzer/ws_moveit/install/srdfdom/share/srdfdom/environment/library_path.dsv
[16.990s] -- Up-to-date: /home/matteo-melzer/ws_moveit/install/srdfdom/share/ament_index/resource_index/package_run_dependencies/srdfdom
[16.990s] -- Up-to-date: /home/matteo-melzer/ws_moveit/install/srdfdom/share/ament_index/resource_index/parent_prefix_path/srdfdom
[16.991s] -- Up-to-date: /home/matteo-melzer/ws_moveit/install/srdfdom/share/srdfdom/environment/ament_prefix_path.sh
[16.991s] -- Installing: /home/matteo-melzer/ws_moveit/install/srdfdom/share/srdfdom/environment/ament_prefix_path.dsv
[16.992s] -- Up-to-date: /home/matteo-melzer/ws_moveit/install/srdfdom/share/srdfdom/environment/path.sh
[16.992s] -- Installing: /home/matteo-melzer/ws_moveit/install/srdfdom/share/srdfdom/environment/path.dsv
[16.994s] -- Up-to-date: /home/matteo-melzer/ws_moveit/install/srdfdom/share/srdfdom/local_setup.bash
[16.994s] -- Up-to-date: /home/matteo-melzer/ws_moveit/install/srdfdom/share/srdfdom/local_setup.sh
[16.994s] -- Up-to-date: /home/matteo-melzer/ws_moveit/install/srdfdom/share/srdfdom/local_setup.zsh
[16.997s] -- Installing: /home/matteo-melzer/ws_moveit/install/srdfdom/share/srdfdom/local_setup.dsv
[16.998s] -- Installing: /home/matteo-melzer/ws_moveit/install/srdfdom/share/srdfdom/package.dsv
[16.998s] -- Up-to-date: /home/matteo-melzer/ws_moveit/install/srdfdom/share/ament_index/resource_index/packages/srdfdom
[16.998s] -- Up-to-date: /home/matteo-melzer/ws_moveit/install/srdfdom/share/srdfdom/cmake/srdfdomTargetsExport.cmake
[16.998s] -- Installing: /home/matteo-melzer/ws_moveit/install/srdfdom/share/srdfdom/cmake/srdfdomTargetsExport-release.cmake
[16.998s] -- Up-to-date: /home/matteo-melzer/ws_moveit/install/srdfdom/share/srdfdom/cmake/ament_cmake_export_targets-extras.cmake
[16.998s] -- Up-to-date: /home/matteo-melzer/ws_moveit/install/srdfdom/share/srdfdom/cmake/ament_cmake_export_dependencies-extras.cmake
[16.998s] -- Up-to-date: /home/matteo-melzer/ws_moveit/install/srdfdom/share/srdfdom/cmake/srdfdomConfig.cmake
[16.998s] -- Up-to-date: /home/matteo-melzer/ws_moveit/install/srdfdom/share/srdfdom/cmake/srdfdomConfig-version.cmake
[16.998s] -- Up-to-date: /home/matteo-melzer/ws_moveit/install/srdfdom/share/srdfdom/package.xml
[17.001s] Invoked command in '/home/matteo-melzer/ws_moveit/build/srdfdom' returned '0': CMAKE_PREFIX_PATH=${CMAKE_PREFIX_PATH}:/home/matteo-melzer/ros2_ws/install/py_srvcli:/home/matteo-melzer/ros2_ws/install/py_pubsub:/home/matteo-melzer/ws_moveit/install/moveit_configs_utils:/home/matteo-melzer/ws_moveit/install/launch_param_builder:/opt/ros/humble /usr/bin/cmake --install /home/matteo-melzer/ws_moveit/build/srdfdom
