-- Found moveit_common: 2.5.9 (/home/matteo-melzer/ws_moveit/install/moveit_common/share/moveit_common/cmake)
-- Found ament_cmake: 1.3.11 (/opt/ros/humble/share/ament_cmake/cmake)
-- Found Boost: /usr/lib/x86_64-linux-gnu/cmake/Boost-1.74.0/BoostConfig.cmake (found version "1.74.0") found components: system filesystem date_time thread 
-- Found control_msgs: 4.8.0 (/opt/ros/humble/share/control_msgs/cmake)
-- Found rosidl_generator_c: 3.1.6 (/opt/ros/humble/share/rosidl_generator_c/cmake)
-- Found rosidl_adapter: 3.1.6 (/opt/ros/humble/share/rosidl_adapter/cmake)
-- Found rosidl_generator_cpp: 3.1.6 (/opt/ros/humble/share/rosidl_generator_cpp/cmake)
-- Using all available rosidl_typesupport_c: rosidl_typesupport_fastrtps_c;rosidl_typesupport_introspection_c
-- Using all available rosidl_typesupport_cpp: rosidl_typesupport_fastrtps_cpp;rosidl_typesupport_introspection_cpp
-- Found moveit_core: 2.5.9 (/home/matteo-melzer/ws_moveit/install/moveit_core/share/moveit_core/cmake)
-- Found Boost: /usr/lib/x86_64-linux-gnu/cmake/Boost-1.74.0/BoostConfig.cmake (found version "1.74.0") found components: chrono date_time filesystem iostreams program_options regex serialization system thread 
-- Found parameter_traits: 0.5.0 (/opt/ros/humble/share/parameter_traits/cmake)
-- Found rmw_implementation_cmake: 6.1.2 (/opt/ros/humble/share/rmw_implementation_cmake/cmake)
-- Found rmw_fastrtps_cpp: 6.2.7 (/opt/ros/humble/share/rmw_fastrtps_cpp/cmake)
-- Using RMW implementation 'rmw_fastrtps_cpp' as default
-- Found rclcpp_lifecycle: 16.0.12 (/opt/ros/humble/share/rclcpp_lifecycle/cmake)
-- Found Boost: /usr/lib/x86_64-linux-gnu/cmake/Boost-1.74.0/BoostConfig.cmake (found version "1.74.0") found components: filesystem 
-- library: /usr/lib/x86_64-linux-gnu/libcurl.so
-- Ensuring Eigen3 include directory is part of orocos-kdl CMake target
-- Found moveit_task_constructor_core: 0.1.3 (/home/matteo-melzer/ws_moveit/install/moveit_task_constructor_core/share/moveit_task_constructor_core/cmake)
-- Found Boost: /usr/lib/x86_64-linux-gnu/cmake/Boost-1.74.0/BoostConfig.cmake (found version "1.74.0") found components: system filesystem date_time program_options thread chrono 
-- Found Boost: /usr/lib/x86_64-linux-gnu/cmake/Boost-1.74.0/BoostConfig.cmake (found version "1.74.0") found components: date_time filesystem program_options system thread 
-- Found Boost: /usr/lib/x86_64-linux-gnu/cmake/Boost-1.74.0/BoostConfig.cmake (found version "1.74.0") found components: thread system filesystem regex date_time program_options 
-- Found Boost: /usr/lib/x86_64-linux-gnu/cmake/Boost-1.74.0/BoostConfig.cmake (found version "1.74.0") found components: system filesystem date_time program_options thread 
-- Found moveit_ros_perception: 2.5.9 (/home/matteo-melzer/ws_moveit/install/moveit_ros_perception/share/moveit_ros_perception/cmake)
-- Found Boost: /usr/lib/x86_64-linux-gnu/cmake/Boost-1.74.0/BoostConfig.cmake (found version "1.74.0") found components: thread 
-- Found moveit_servo: 2.5.9 (/home/matteo-melzer/ws_moveit/install/moveit_servo/share/moveit_servo/cmake)
-- Found interactive_markers: 2.3.2 (/opt/ros/humble/share/interactive_markers/cmake)
-- Found rviz_visual_tools: 4.1.4 (/opt/ros/humble/share/rviz_visual_tools/cmake)
-- Setting assimp_DIR to: '/opt/ros/humble/share/rviz_assimp_vendor/cmake/../../../opt/rviz_assimp_vendor/lib/cmake/assimp-4.1'
-- Setting OGRE_DIR to: '/opt/ros/humble/share/rviz_ogre_vendor/cmake/../../../opt/rviz_ogre_vendor/lib/OGRE/cmake'
-- Found OGRE
--   static     : OFF
--   components : HLMS;MeshLodGenerator;Overlay;Paging;Property;RTShaderSystem;Terrain;Volume
--   plugins    : Plugin_BSPSceneManager;Plugin_OctreeSceneManager;Plugin_PCZSceneManager;Plugin_ParticleFX;RenderSystem_GL;RenderSystem_GL3Plus;Codec_STBI
--   media      : /opt/ros/humble/opt/rviz_ogre_vendor/share/OGRE/Media
-- OGRE_LIBRARIES: OgreHLMS;OgreMeshLodGenerator;OgreOverlay;OgrePaging;OgreProperty;OgreRTShaderSystem;OgreTerrain;OgreVolume;OgreMain
-- OGRE_LIBRARY_DIRS: /opt/ros/humble/opt/rviz_ogre_vendor/lib
-- OGRE_PLUGINS: Plugin_BSPSceneManager;Plugin_OctreeSceneManager;Plugin_PCZSceneManager;Plugin_ParticleFX;RenderSystem_GL;RenderSystem_GL3Plus;Codec_STBI
-- OGRE_PLUGIN_DIR: /opt/ros/humble/opt/rviz_ogre_vendor/lib/OGRE
-- rviz_ogre_vendor::OgreOverlay for IMPORTED_LOCATION_RELEASE: /opt/ros/humble/opt/rviz_ogre_vendor/lib/libOgreOverlay.so
-- rviz_ogre_vendor::OgreOverlay for IMPORTED_LOCATION_DEBUG: /opt/ros/humble/opt/rviz_ogre_vendor/lib/libOgreOverlay.so
-- rviz_ogre_vendor::OgreMain for IMPORTED_LOCATION_RELEASE: /opt/ros/humble/opt/rviz_ogre_vendor/lib/libOgreMain.so
-- rviz_ogre_vendor::OgreMain for IMPORTED_LOCATION_DEBUG: /opt/ros/humble/opt/rviz_ogre_vendor/lib/libOgreMain.so
-- Found moveit_visual_tools: 4.1.2 (/home/matteo-melzer/ws_moveit/install/moveit_visual_tools/share/moveit_visual_tools/cmake)
-- Configuring done
-- Generating done
-- Build files have been written to: /home/matteo-melzer/ws_moveit/build/moveit2_tutorials
[35m[1mConsolidate compiler generated dependencies of target mtc_tutorial[0m
[  3%] [32m[1mLinking CXX executable mtc_tutorial[0m
[  7%] Built target mtc_tutorial
[35m[1mConsolidate compiler generated dependencies of target minimal_mtc_tutorial[0m
[ 11%] [32m[1mLinking CXX executable minimal_mtc_tutorial[0m
[ 15%] Built target minimal_mtc_tutorial
[35m[1mConsolidate compiler generated dependencies of target motion_planning_api_tutorial[0m
[ 19%] [32m[1mLinking CXX executable motion_planning_api_tutorial[0m
[ 23%] Built target motion_planning_api_tutorial
[35m[1mConsolidate compiler generated dependencies of target move_group_interface_tutorial[0m
[ 26%] [32m[1mLinking CXX executable move_group_interface_tutorial[0m
[ 30%] Built target move_group_interface_tutorial
[35m[1mConsolidate compiler generated dependencies of target pilz_move_group[0m
[ 34%] [32m[1mLinking CXX executable pilz_move_group[0m
[ 38%] Built target pilz_move_group
[35m[1mConsolidate compiler generated dependencies of target pilz_mtc[0m
[ 42%] [32m[1mLinking CXX executable pilz_mtc[0m
[ 46%] Built target pilz_mtc
[35m[1mConsolidate compiler generated dependencies of target planning_scene_tutorial[0m
[ 50%] [32m[1mLinking CXX executable planning_scene_tutorial[0m
[ 53%] Built target planning_scene_tutorial
[35m[1mConsolidate compiler generated dependencies of target planning_scene_ros_api_tutorial[0m
[ 57%] [32m[1mLinking CXX executable planning_scene_ros_api_tutorial[0m
[ 61%] Built target planning_scene_ros_api_tutorial
[35m[1mConsolidate compiler generated dependencies of target robot_model_and_robot_state_tutorial[0m
[ 65%] [32m[1mLinking CXX executable robot_model_and_robot_state_tutorial[0m
[ 69%] Built target robot_model_and_robot_state_tutorial
[35m[1mConsolidate compiler generated dependencies of target moveit_cpp_tutorial[0m
[ 73%] [32m[1mLinking CXX executable moveit_cpp_tutorial[0m
[ 76%] Built target moveit_cpp_tutorial
[35m[1mConsolidate compiler generated dependencies of target servo_keyboard_input[0m
[ 80%] [32m[1mLinking CXX executable servo_keyboard_input[0m
[ 84%] Built target servo_keyboard_input
[35m[1mConsolidate compiler generated dependencies of target servo_cpp_interface_demo[0m
[ 88%] [32m[1mLinking CXX executable servo_cpp_interface_demo[0m
[ 92%] Built target servo_cpp_interface_demo
[35m[1mConsolidate compiler generated dependencies of target ompl_constrained_planning[0m
[ 96%] [32m[1mLinking CXX executable ompl_constrained_planning[0m
[100%] Built target ompl_constrained_planning
-- Install configuration: "Release"
-- Up-to-date: /home/matteo-melzer/ws_moveit/install/moveit2_tutorials/share/ament_index/resource_index/package_run_dependencies/moveit2_tutorials
-- Up-to-date: /home/matteo-melzer/ws_moveit/install/moveit2_tutorials/share/ament_index/resource_index/parent_prefix_path/moveit2_tutorials
-- Up-to-date: /home/matteo-melzer/ws_moveit/install/moveit2_tutorials/share/moveit2_tutorials/environment/ament_prefix_path.sh
-- Installing: /home/matteo-melzer/ws_moveit/install/moveit2_tutorials/share/moveit2_tutorials/environment/ament_prefix_path.dsv
-- Up-to-date: /home/matteo-melzer/ws_moveit/install/moveit2_tutorials/share/moveit2_tutorials/environment/path.sh
-- Installing: /home/matteo-melzer/ws_moveit/install/moveit2_tutorials/share/moveit2_tutorials/environment/path.dsv
-- Up-to-date: /home/matteo-melzer/ws_moveit/install/moveit2_tutorials/share/moveit2_tutorials/local_setup.bash
-- Up-to-date: /home/matteo-melzer/ws_moveit/install/moveit2_tutorials/share/moveit2_tutorials/local_setup.sh
-- Up-to-date: /home/matteo-melzer/ws_moveit/install/moveit2_tutorials/share/moveit2_tutorials/local_setup.zsh
-- Installing: /home/matteo-melzer/ws_moveit/install/moveit2_tutorials/share/moveit2_tutorials/local_setup.dsv
-- Installing: /home/matteo-melzer/ws_moveit/install/moveit2_tutorials/share/moveit2_tutorials/package.dsv
-- Up-to-date: /home/matteo-melzer/ws_moveit/install/moveit2_tutorials/share/ament_index/resource_index/packages/moveit2_tutorials
-- Up-to-date: /home/matteo-melzer/ws_moveit/install/moveit2_tutorials/share/moveit2_tutorials/cmake/ament_cmake_export_dependencies-extras.cmake
-- Up-to-date: /home/matteo-melzer/ws_moveit/install/moveit2_tutorials/share/moveit2_tutorials/cmake/ament_cmake_export_include_directories-extras.cmake
-- Up-to-date: /home/matteo-melzer/ws_moveit/install/moveit2_tutorials/share/moveit2_tutorials/cmake/moveit2_tutorialsConfig.cmake
-- Up-to-date: /home/matteo-melzer/ws_moveit/install/moveit2_tutorials/share/moveit2_tutorials/cmake/moveit2_tutorialsConfig-version.cmake
-- Up-to-date: /home/matteo-melzer/ws_moveit/install/moveit2_tutorials/share/moveit2_tutorials/package.xml
-- Up-to-date: /home/matteo-melzer/ws_moveit/install/moveit2_tutorials/share/moveit2_tutorials/launch
-- Up-to-date: /home/matteo-melzer/ws_moveit/install/moveit2_tutorials/share/moveit2_tutorials/launch/panda_hello_moveit.rviz
-- Up-to-date: /home/matteo-melzer/ws_moveit/install/moveit2_tutorials/share/moveit2_tutorials/launch/demo.launch.py
-- Up-to-date: /home/matteo-melzer/ws_moveit/install/moveit2_tutorials/share/moveit2_tutorials/launch/panda_moveit_config_demo.rviz
-- Up-to-date: /home/matteo-melzer/ws_moveit/install/moveit2_tutorials/share/moveit2_tutorials/launch/panda_moveit_config_demo_empty.rviz
-- Installing: /home/matteo-melzer/ws_moveit/install/moveit2_tutorials/lib/moveit2_tutorials/mtc_tutorial
-- Set runtime path of "/home/matteo-melzer/ws_moveit/install/moveit2_tutorials/lib/moveit2_tutorials/mtc_tutorial" to ""
-- Installing: /home/matteo-melzer/ws_moveit/install/moveit2_tutorials/lib/moveit2_tutorials/minimal_mtc_tutorial
-- Set runtime path of "/home/matteo-melzer/ws_moveit/install/moveit2_tutorials/lib/moveit2_tutorials/minimal_mtc_tutorial" to ""
-- Up-to-date: /home/matteo-melzer/ws_moveit/install/moveit2_tutorials/share/moveit2_tutorials/launch
-- Up-to-date: /home/matteo-melzer/ws_moveit/install/moveit2_tutorials/share/moveit2_tutorials/launch/mtc_demo.launch.py
-- Up-to-date: /home/matteo-melzer/ws_moveit/install/moveit2_tutorials/share/moveit2_tutorials/launch/mtc.rviz
-- Up-to-date: /home/matteo-melzer/ws_moveit/install/moveit2_tutorials/share/moveit2_tutorials/launch/mtc_demo_minimal.launch.py
-- Up-to-date: /home/matteo-melzer/ws_moveit/install/moveit2_tutorials/share/moveit2_tutorials/launch/pick_place_demo.launch.py
-- Installing: /home/matteo-melzer/ws_moveit/install/moveit2_tutorials/lib/moveit2_tutorials/motion_planning_api_tutorial
-- Set runtime path of "/home/matteo-melzer/ws_moveit/install/moveit2_tutorials/lib/moveit2_tutorials/motion_planning_api_tutorial" to ""
-- Up-to-date: /home/matteo-melzer/ws_moveit/install/moveit2_tutorials/share/moveit2_tutorials/launch
-- Up-to-date: /home/matteo-melzer/ws_moveit/install/moveit2_tutorials/share/moveit2_tutorials/launch/motion_planning_api_tutorial.launch.py
-- Installing: /home/matteo-melzer/ws_moveit/install/moveit2_tutorials/lib/moveit2_tutorials/move_group_interface_tutorial
-- Set runtime path of "/home/matteo-melzer/ws_moveit/install/moveit2_tutorials/lib/moveit2_tutorials/move_group_interface_tutorial" to ""
-- Up-to-date: /home/matteo-melzer/ws_moveit/install/moveit2_tutorials/share/moveit2_tutorials/launch
-- Up-to-date: /home/matteo-melzer/ws_moveit/install/moveit2_tutorials/share/moveit2_tutorials/launch/move_group.launch.py
-- Up-to-date: /home/matteo-melzer/ws_moveit/install/moveit2_tutorials/share/moveit2_tutorials/launch/move_group.rviz
-- Up-to-date: /home/matteo-melzer/ws_moveit/install/moveit2_tutorials/share/moveit2_tutorials/launch/move_group_interface_tutorial.launch.py
-- Installing: /home/matteo-melzer/ws_moveit/install/moveit2_tutorials/lib/moveit2_tutorials/pilz_move_group
-- Set runtime path of "/home/matteo-melzer/ws_moveit/install/moveit2_tutorials/lib/moveit2_tutorials/pilz_move_group" to ""
-- Installing: /home/matteo-melzer/ws_moveit/install/moveit2_tutorials/lib/moveit2_tutorials/pilz_mtc
-- Set runtime path of "/home/matteo-melzer/ws_moveit/install/moveit2_tutorials/lib/moveit2_tutorials/pilz_mtc" to ""
-- Up-to-date: /home/matteo-melzer/ws_moveit/install/moveit2_tutorials/share/moveit2_tutorials/launch
-- Up-to-date: /home/matteo-melzer/ws_moveit/install/moveit2_tutorials/share/moveit2_tutorials/launch/pilz_mtc.launch.py
-- Installing: /home/matteo-melzer/ws_moveit/install/moveit2_tutorials/lib/moveit2_tutorials/planning_scene_tutorial
-- Set runtime path of "/home/matteo-melzer/ws_moveit/install/moveit2_tutorials/lib/moveit2_tutorials/planning_scene_tutorial" to ""
-- Up-to-date: /home/matteo-melzer/ws_moveit/install/moveit2_tutorials/share/moveit2_tutorials/launch
-- Up-to-date: /home/matteo-melzer/ws_moveit/install/moveit2_tutorials/share/moveit2_tutorials/launch/planning_scene_tutorial.launch.py
-- Installing: /home/matteo-melzer/ws_moveit/install/moveit2_tutorials/lib/moveit2_tutorials/planning_scene_ros_api_tutorial
-- Set runtime path of "/home/matteo-melzer/ws_moveit/install/moveit2_tutorials/lib/moveit2_tutorials/planning_scene_ros_api_tutorial" to ""
-- Up-to-date: /home/matteo-melzer/ws_moveit/install/moveit2_tutorials/share/moveit2_tutorials/launch
-- Up-to-date: /home/matteo-melzer/ws_moveit/install/moveit2_tutorials/share/moveit2_tutorials/launch/planning_scene_ros_api_tutorial.launch.py
-- Installing: /home/matteo-melzer/ws_moveit/install/moveit2_tutorials/lib/moveit2_tutorials/robot_model_and_robot_state_tutorial
-- Set runtime path of "/home/matteo-melzer/ws_moveit/install/moveit2_tutorials/lib/moveit2_tutorials/robot_model_and_robot_state_tutorial" to ""
-- Up-to-date: /home/matteo-melzer/ws_moveit/install/moveit2_tutorials/share/moveit2_tutorials/launch
-- Up-to-date: /home/matteo-melzer/ws_moveit/install/moveit2_tutorials/share/moveit2_tutorials/launch/robot_model_and_robot_state_tutorial.launch.py
-- Installing: /home/matteo-melzer/ws_moveit/install/moveit2_tutorials/lib/moveit2_tutorials/moveit_cpp_tutorial
-- Set runtime path of "/home/matteo-melzer/ws_moveit/install/moveit2_tutorials/lib/moveit2_tutorials/moveit_cpp_tutorial" to ""
-- Up-to-date: /home/matteo-melzer/ws_moveit/install/moveit2_tutorials/share/moveit2_tutorials/launch
-- Up-to-date: /home/matteo-melzer/ws_moveit/install/moveit2_tutorials/share/moveit2_tutorials/launch/moveit_cpp_tutorial.rviz
-- Up-to-date: /home/matteo-melzer/ws_moveit/install/moveit2_tutorials/share/moveit2_tutorials/launch/moveit_cpp_tutorial.launch.py
-- Up-to-date: /home/matteo-melzer/ws_moveit/install/moveit2_tutorials/share/moveit2_tutorials/config
-- Up-to-date: /home/matteo-melzer/ws_moveit/install/moveit2_tutorials/share/moveit2_tutorials/config/moveit_cpp.yaml
-- Installing: /home/matteo-melzer/ws_moveit/install/moveit2_tutorials/lib/moveit2_tutorials/servo_keyboard_input
-- Set runtime path of "/home/matteo-melzer/ws_moveit/install/moveit2_tutorials/lib/moveit2_tutorials/servo_keyboard_input" to ""
-- Installing: /home/matteo-melzer/ws_moveit/install/moveit2_tutorials/lib/moveit2_tutorials/servo_cpp_interface_demo
-- Set runtime path of "/home/matteo-melzer/ws_moveit/install/moveit2_tutorials/lib/moveit2_tutorials/servo_cpp_interface_demo" to ""
-- Up-to-date: /home/matteo-melzer/ws_moveit/install/moveit2_tutorials/share/moveit2_tutorials/launch
-- Up-to-date: /home/matteo-melzer/ws_moveit/install/moveit2_tutorials/share/moveit2_tutorials/launch/servo_cpp_interface_demo.launch.py
-- Up-to-date: /home/matteo-melzer/ws_moveit/install/moveit2_tutorials/share/moveit2_tutorials/config
-- Up-to-date: /home/matteo-melzer/ws_moveit/install/moveit2_tutorials/share/moveit2_tutorials/config/demo_rviz_config.rviz
-- Up-to-date: /home/matteo-melzer/ws_moveit/install/moveit2_tutorials/share/moveit2_tutorials/launch
-- Up-to-date: /home/matteo-melzer/ws_moveit/install/moveit2_tutorials/share/moveit2_tutorials/launch/chomp_demo.launch.py
-- Up-to-date: /home/matteo-melzer/ws_moveit/install/moveit2_tutorials/share/moveit2_tutorials/config
-- Up-to-date: /home/matteo-melzer/ws_moveit/install/moveit2_tutorials/share/moveit2_tutorials/config/moveit_chomp.rviz
-- Installing: /home/matteo-melzer/ws_moveit/install/moveit2_tutorials/lib/moveit2_tutorials/ompl_constrained_planning
-- Set runtime path of "/home/matteo-melzer/ws_moveit/install/moveit2_tutorials/lib/moveit2_tutorials/ompl_constrained_planning" to ""
-- Up-to-date: /home/matteo-melzer/ws_moveit/install/moveit2_tutorials/share/moveit2_tutorials/launch
-- Up-to-date: /home/matteo-melzer/ws_moveit/install/moveit2_tutorials/share/moveit2_tutorials/launch/ompl_constrained_planning.launch.py
-- Up-to-date: /home/matteo-melzer/ws_moveit/install/moveit2_tutorials/share/moveit2_tutorials/launch/ompl_constrained_planning.rviz
