[0.097s] Invoking command in '/home/matteo-melzer/ws_moveit/build/moveit_task_constructor_visualization': AMENT_PREFIX_PATH=/home/matteo-melzer/ws_moveit/install/moveit_task_constructor_core:/home/matteo-melzer/ws_moveit/install/moveit_planners:/home/matteo-melzer/ws_moveit/install/pilz_industrial_motion_planner:/home/matteo-melzer/ws_moveit/install/moveit_ros_visualization:/home/matteo-melzer/ws_moveit/install/moveit_resources_prbt_pg70_support:/home/matteo-melzer/ws_moveit/install/moveit_ros_planning_interface:/home/matteo-melzer/ws_moveit/install/moveit_resources_prbt_moveit_config:/home/matteo-melzer/ws_moveit/install/moveit_ros_move_group:/home/matteo-melzer/ws_moveit/install/moveit_ros_warehouse:/home/matteo-melzer/ws_moveit/install/moveit_ros_robot_interaction:/home/matteo-melzer/ws_moveit/install/moveit_planners_ompl:/home/matteo-melzer/ws_moveit/install/moveit_kinematics:/home/matteo-melzer/ws_moveit/install/moveit_ros_planning:/home/matteo-melzer/ws_moveit/install/moveit_planners_chomp:/home/matteo-melzer/ws_moveit/install/pilz_industrial_motion_planner_testutils:/home/matteo-melzer/ws_moveit/install/moveit_simple_controller_manager:/home/matteo-melzer/ws_moveit/install/moveit_ros_occupancy_map_monitor:/home/matteo-melzer/ws_moveit/install/moveit_resources_prbt_ikfast_manipulator_plugin:/home/matteo-melzer/ws_moveit/install/chomp_motion_planner:/home/matteo-melzer/ws_moveit/install/moveit_core:/home/matteo-melzer/ws_moveit/install/moveit_configs_utils:/home/matteo-melzer/ws_moveit/install/launch_param_builder:/home/matteo-melzer/ws_moveit/install/ur10e_moveit_launch:/home/matteo-melzer/ws_moveit/install/rosparam_shortcuts:/home/matteo-melzer/ws_moveit/install/moveit_resources:/home/matteo-melzer/ws_moveit/install/rviz_marker_tools:/home/matteo-melzer/ros2_ws/install/ur_description:/home/matteo-melzer/ros2_ws/install/py_srvcli:/home/matteo-melzer/ros2_ws/install/py_pubsub:/home/matteo-melzer/ros2_ws/install/tutorial_interfaces:/home/matteo-melzer/ros2_ws/install/turtlesim:/home/matteo-melzer/ws_moveit/install/ur_description:/home/matteo-melzer/ws_moveit/install/srdfdom:/home/matteo-melzer/ws_moveit/install/moveit_task_constructor_msgs:/home/matteo-melzer/ws_moveit/install/moveit_resources_prbt_support:/home/matteo-melzer/ws_moveit/install/moveit_resources_pr2_description:/home/matteo-melzer/ws_moveit/install/moveit_resources_panda_moveit_config:/home/matteo-melzer/ws_moveit/install/moveit_resources_panda_description:/home/matteo-melzer/ws_moveit/install/moveit_resources_fanuc_moveit_config:/home/matteo-melzer/ws_moveit/install/moveit_resources_fanuc_description:/home/matteo-melzer/ws_moveit/install/moveit_common:/opt/ros/humble CMAKE_MODULE_PATH=/home/matteo-melzer/ws_moveit/install/moveit_task_constructor_core/share/moveit_task_constructor_core/cmake CMAKE_PREFIX_PATH=/home/matteo-melzer/ws_moveit/install/moveit_task_constructor_core:/home/matteo-melzer/ws_moveit/install/moveit_planners:/home/matteo-melzer/ws_moveit/install/pilz_industrial_motion_planner:/home/matteo-melzer/ws_moveit/install/moveit_ros_visualization:/home/matteo-melzer/ws_moveit/install/moveit_resources_prbt_pg70_support:/home/matteo-melzer/ws_moveit/install/moveit_ros_planning_interface:/home/matteo-melzer/ws_moveit/install/moveit_resources_prbt_moveit_config:/home/matteo-melzer/ws_moveit/install/moveit_ros_move_group:/home/matteo-melzer/ws_moveit/install/moveit_ros_warehouse:/home/matteo-melzer/ws_moveit/install/moveit_ros_robot_interaction:/home/matteo-melzer/ws_moveit/install/moveit_planners_ompl:/home/matteo-melzer/ws_moveit/install/moveit_kinematics:/home/matteo-melzer/ws_moveit/install/moveit_ros_planning:/home/matteo-melzer/ws_moveit/install/moveit_planners_chomp:/home/matteo-melzer/ws_moveit/install/pilz_industrial_motion_planner_testutils:/home/matteo-melzer/ws_moveit/install/moveit_simple_controller_manager:/home/matteo-melzer/ws_moveit/install/moveit_ros_occupancy_map_monitor:/home/matteo-melzer/ws_moveit/install/moveit_resources_prbt_ikfast_manipulator_plugin:/home/matteo-melzer/ws_moveit/install/chomp_motion_planner:/home/matteo-melzer/ws_moveit/install/moveit_core:/home/matteo-melzer/ws_moveit/install/rviz_marker_tools:/home/matteo-melzer/ws_moveit/install/moveit_resources_panda_moveit_config:/home/matteo-melzer/ws_moveit/install/moveit_resources_fanuc_moveit_config:/home/matteo-melzer/ws_moveit/install/srdfdom:/home/matteo-melzer/ws_moveit/install/moveit_task_constructor_msgs:/home/matteo-melzer/ws_moveit/install/moveit_resources_prbt_support:/home/matteo-melzer/ws_moveit/install/moveit_resources_pr2_description:/home/matteo-melzer/ws_moveit/install/moveit_resources_panda_description:/home/matteo-melzer/ws_moveit/install/moveit_resources_fanuc_description:/home/matteo-melzer/ws_moveit/install/moveit_common:/home/matteo-melzer/ws_moveit/install/ur10e_moveit_launch:/home/matteo-melzer/ws_moveit/install/rosparam_shortcuts:/home/matteo-melzer/ws_moveit/install/moveit_resources:/home/matteo-melzer/ros2_ws/install/ur_description:/home/matteo-melzer/ros2_ws/install/tutorial_interfaces:/home/matteo-melzer/ros2_ws/install/turtlesim:/home/matteo-melzer/ws_moveit/install/ur_description:/home/matteo-melzer/ros2_ws/install/py_srvcli:/home/matteo-melzer/ros2_ws/install/py_pubsub:/home/matteo-melzer/ws_moveit/install/moveit_configs_utils:/home/matteo-melzer/ws_moveit/install/launch_param_builder:/opt/ros/humble LD_LIBRARY_PATH=/home/matteo-melzer/ws_moveit/install/moveit_task_constructor_core/lib:/home/matteo-melzer/ws_moveit/install/pilz_industrial_motion_planner/lib:/home/matteo-melzer/ws_moveit/install/moveit_ros_visualization/lib:/home/matteo-melzer/ws_moveit/install/moveit_ros_planning_interface/lib:/home/matteo-melzer/ws_moveit/install/moveit_ros_move_group/lib:/home/matteo-melzer/ws_moveit/install/moveit_ros_warehouse/lib:/home/matteo-melzer/ws_moveit/install/moveit_ros_robot_interaction/lib:/home/matteo-melzer/ws_moveit/install/moveit_planners_ompl/lib:/home/matteo-melzer/ws_moveit/install/moveit_kinematics/lib:/home/matteo-melzer/ws_moveit/install/moveit_ros_planning/lib:/home/matteo-melzer/ws_moveit/install/moveit_planners_chomp/lib:/home/matteo-melzer/ws_moveit/install/pilz_industrial_motion_planner_testutils/lib:/home/matteo-melzer/ws_moveit/install/moveit_simple_controller_manager/lib:/home/matteo-melzer/ws_moveit/install/moveit_ros_occupancy_map_monitor/lib:/home/matteo-melzer/ws_moveit/install/moveit_resources_prbt_ikfast_manipulator_plugin/lib:/home/matteo-melzer/ws_moveit/install/chomp_motion_planner/lib:/home/matteo-melzer/ws_moveit/install/moveit_core/lib:/home/matteo-melzer/ws_moveit/install/rviz_marker_tools/lib:/home/matteo-melzer/ws_moveit/install/srdfdom/lib:/home/matteo-melzer/ws_moveit/install/moveit_task_constructor_msgs/lib:/home/matteo-melzer/ws_moveit/install/rosparam_shortcuts/lib:/home/matteo-melzer/ros2_ws/install/tutorial_interfaces/lib:/home/matteo-melzer/ros2_ws/install/turtlesim/lib:/opt/ros/humble/opt/rviz_ogre_vendor/lib:/opt/ros/humble/lib/x86_64-linux-gnu:/opt/ros/humble/lib PATH=/home/matteo-melzer/ws_moveit/install/moveit_core/bin:${PATH} PYTHONPATH=/home/matteo-melzer/ws_moveit/install/moveit_task_constructor_core/local/lib/python3.10/dist-packages:/home/matteo-melzer/ws_moveit/install/moveit_configs_utils/lib/python3.10/site-packages:/home/matteo-melzer/ws_moveit/install/launch_param_builder/lib/python3.10/site-packages:/home/matteo-melzer/ros2_ws/install/py_srvcli/lib/python3.10/site-packages:/home/matteo-melzer/ros2_ws/install/py_pubsub/lib/python3.10/site-packages:/home/matteo-melzer/ros2_ws/install/tutorial_interfaces/local/lib/python3.10/dist-packages:/home/matteo-melzer/ros2_ws/install/turtlesim/local/lib/python3.10/dist-packages:/home/matteo-melzer/ws_moveit/install/srdfdom/local/lib/python3.10/dist-packages:/home/matteo-melzer/ws_moveit/install/moveit_task_constructor_msgs/local/lib/python3.10/dist-packages:/opt/ros/humble/lib/python3.10/site-packages:/opt/ros/humble/local/lib/python3.10/dist-packages /usr/bin/cmake /home/matteo-melzer/ws_moveit/src/moveit_task_constructor/visualization -DCMAKE_INSTALL_PREFIX=/home/matteo-melzer/ws_moveit/install/moveit_task_constructor_visualization
[0.234s] -- The C compiler identification is GNU 11.4.0
[0.383s] -- The CXX compiler identification is GNU 11.4.0
[0.398s] -- Detecting C compiler ABI info
[0.614s] -- Detecting C compiler ABI info - done
[0.629s] -- Check for working C compiler: /usr/bin/cc - skipped
[0.629s] -- Detecting C compile features
[0.630s] -- Detecting C compile features - done
[0.636s] -- Detecting CXX compiler ABI info
[0.844s] -- Detecting CXX compiler ABI info - done
[0.858s] -- Check for working CXX compiler: /usr/bin/c++ - skipped
[0.858s] -- Detecting CXX compile features
[0.859s] -- Detecting CXX compile features - done
[0.881s] -- Found ament_cmake: 1.3.11 (/opt/ros/humble/share/ament_cmake/cmake)
[1.091s] -- Found Python3: /usr/bin/python3 (found version "3.10.12") found components: Interpreter 
[1.307s] -- Found Boost: /usr/lib/x86_64-linux-gnu/cmake/Boost-1.74.0/BoostConfig.cmake (found version "1.74.0")  
[1.314s] -- Found moveit_common: 2.5.9 (/home/matteo-melzer/ws_moveit/install/moveit_common/share/moveit_common/cmake)
[1.383s] [0mmoveit_task_constructor_visualization: You did not request a specific build type: Choosing 'Release' for maximum performance[0m
[1.387s] -- Found moveit_core: 2.5.9 (/home/matteo-melzer/ws_moveit/install/moveit_core/share/moveit_core/cmake)
[1.770s] -- Found Boost: /usr/lib/x86_64-linux-gnu/cmake/Boost-1.74.0/BoostConfig.cmake (found version "1.74.0") found components: chrono date_time filesystem iostreams program_options regex serialization system thread 
[1.895s] -- Found parameter_traits: 0.5.0 (/opt/ros/humble/share/parameter_traits/cmake)
[2.015s] -- Found rosidl_generator_c: 3.1.6 (/opt/ros/humble/share/rosidl_generator_c/cmake)
[2.033s] -- Found rosidl_adapter: 3.1.6 (/opt/ros/humble/share/rosidl_adapter/cmake)
[2.056s] -- Found rosidl_generator_cpp: 3.1.6 (/opt/ros/humble/share/rosidl_generator_cpp/cmake)
[2.095s] -- Using all available rosidl_typesupport_c: rosidl_typesupport_fastrtps_c;rosidl_typesupport_introspection_c
[2.133s] -- Using all available rosidl_typesupport_cpp: rosidl_typesupport_fastrtps_cpp;rosidl_typesupport_introspection_cpp
[2.240s] -- Found rmw_implementation_cmake: 6.1.2 (/opt/ros/humble/share/rmw_implementation_cmake/cmake)
[2.250s] -- Found rmw_fastrtps_cpp: 6.2.7 (/opt/ros/humble/share/rmw_fastrtps_cpp/cmake)
[2.429s] -- Found OpenSSL: /usr/lib/x86_64-linux-gnu/libcrypto.so (found version "3.0.2")  
[2.467s] -- Found FastRTPS: /opt/ros/humble/include  
[2.545s] -- Using RMW implementation 'rmw_fastrtps_cpp' as default
[2.577s] -- Found Threads: TRUE  
[2.680s] -- Found rclcpp_lifecycle: 16.0.12 (/opt/ros/humble/share/rclcpp_lifecycle/cmake)
[2.726s] -- Found Boost: /usr/lib/x86_64-linux-gnu/cmake/Boost-1.74.0/BoostConfig.cmake (found version "1.74.0") found components: filesystem 
[2.920s] -- library: /usr/lib/x86_64-linux-gnu/libcurl.so
[3.038s] -- Found Eigen3: TRUE (found version "3.4.0") 
[3.038s] -- Ensuring Eigen3 include directory is part of orocos-kdl CMake target
[3.524s] -- Found moveit_ros_visualization: 2.5.9 (/home/matteo-melzer/ws_moveit/install/moveit_ros_visualization/share/moveit_ros_visualization/cmake)
[3.529s] -- Found Boost: /usr/lib/x86_64-linux-gnu/cmake/Boost-1.74.0/BoostConfig.cmake (found version "1.74.0") found components: thread date_time system filesystem 
[3.550s] -- Found Boost: /usr/lib/x86_64-linux-gnu/cmake/Boost-1.74.0/BoostConfig.cmake (found version "1.74.0") found components: system filesystem date_time program_options thread chrono 
[3.584s] -- Found Boost: /usr/lib/x86_64-linux-gnu/cmake/Boost-1.74.0/BoostConfig.cmake (found version "1.74.0") found components: date_time filesystem program_options system thread 
[3.599s] -- Found Boost: /usr/lib/x86_64-linux-gnu/cmake/Boost-1.74.0/BoostConfig.cmake (found version "1.74.0") found components: thread system filesystem regex date_time program_options 
[3.626s] -- Found Boost: /usr/lib/x86_64-linux-gnu/cmake/Boost-1.74.0/BoostConfig.cmake (found version "1.74.0") found components: system filesystem date_time program_options thread 
[3.711s] -- Setting OGRE_DIR to: '/opt/ros/humble/share/rviz_ogre_vendor/cmake/../../../opt/rviz_ogre_vendor/lib/OGRE/cmake'
[3.712s] -- Found OGRE
[3.712s] --   static     : OFF
[3.712s] --   components : HLMS;MeshLodGenerator;Overlay;Paging;Property;RTShaderSystem;Terrain;Volume
[3.712s] --   plugins    : Plugin_BSPSceneManager;Plugin_OctreeSceneManager;Plugin_PCZSceneManager;Plugin_ParticleFX;RenderSystem_GL;RenderSystem_GL3Plus;Codec_STBI
[3.712s] --   media      : /opt/ros/humble/opt/rviz_ogre_vendor/share/OGRE/Media
[3.713s] -- OGRE_LIBRARIES: OgreHLMS;OgreMeshLodGenerator;OgreOverlay;OgrePaging;OgreProperty;OgreRTShaderSystem;OgreTerrain;OgreVolume;OgreMain
[3.713s] -- OGRE_LIBRARY_DIRS: /opt/ros/humble/opt/rviz_ogre_vendor/lib
[3.713s] -- OGRE_PLUGINS: Plugin_BSPSceneManager;Plugin_OctreeSceneManager;Plugin_PCZSceneManager;Plugin_ParticleFX;RenderSystem_GL;RenderSystem_GL3Plus;Codec_STBI
[3.713s] -- OGRE_PLUGIN_DIR: /opt/ros/humble/opt/rviz_ogre_vendor/lib/OGRE
[3.715s] -- rviz_ogre_vendor::OgreOverlay for IMPORTED_LOCATION_RELEASE: /opt/ros/humble/opt/rviz_ogre_vendor/lib/libOgreOverlay.so
[3.715s] -- rviz_ogre_vendor::OgreOverlay for IMPORTED_LOCATION_DEBUG: /opt/ros/humble/opt/rviz_ogre_vendor/lib/libOgreOverlay.so
[3.715s] -- rviz_ogre_vendor::OgreMain for IMPORTED_LOCATION_RELEASE: /opt/ros/humble/opt/rviz_ogre_vendor/lib/libOgreMain.so
[3.715s] -- rviz_ogre_vendor::OgreMain for IMPORTED_LOCATION_DEBUG: /opt/ros/humble/opt/rviz_ogre_vendor/lib/libOgreMain.so
[3.717s] -- Could not find freeimage library
[3.746s] -- Found ZLIB: /usr/lib/x86_64-linux-gnu/libz.so (found version "1.2.11") 
[3.758s] -- Found OpenGL: /usr/lib/x86_64-linux-gnu/libOpenGL.so   
[3.935s] -- Found X11: /usr/include   
[3.935s] -- Looking for XOpenDisplay in /usr/lib/x86_64-linux-gnu/libX11.so;/usr/lib/x86_64-linux-gnu/libXext.so
[4.087s] -- Looking for XOpenDisplay in /usr/lib/x86_64-linux-gnu/libX11.so;/usr/lib/x86_64-linux-gnu/libXext.so - found
[4.088s] -- Looking for gethostbyname
[4.224s] -- Looking for gethostbyname - found
[4.224s] -- Looking for connect
[4.409s] -- Looking for connect - found
[4.409s] -- Looking for remove
[4.649s] -- Looking for remove - found
[4.649s] -- Looking for shmat
[4.919s] -- Looking for shmat - found
[4.920s] -- Looking for IceConnectionNumber in ICE
[5.263s] -- Looking for IceConnectionNumber in ICE - found
[5.381s] -- Setting assimp_DIR to: '/opt/ros/humble/share/rviz_assimp_vendor/cmake/../../../opt/rviz_assimp_vendor/lib/cmake/assimp-4.1'
[5.711s] -- Found moveit_task_constructor_core: 0.1.3 (/home/matteo-melzer/ws_moveit/install/moveit_task_constructor_core/share/moveit_task_constructor_core/cmake)
[5.925s] -- Found PkgConfig: /usr/bin/pkg-config (found version "0.29.2") 
[5.927s] -- Checking for module 'yaml-0.1'
[5.985s] --   Found yaml-0.1, version 0.2.2
[6.191s] -- Found ament_cmake_gtest: 1.3.11 (/opt/ros/humble/share/ament_cmake_gtest/cmake)
[6.210s] -- Found ament_cmake_gmock: 1.3.11 (/opt/ros/humble/share/ament_cmake_gmock/cmake)
[6.232s] -- Found launch_testing_ament_cmake: 1.0.9 (/opt/ros/humble/share/launch_testing_ament_cmake/cmake)
[6.253s] -- Found python_cmake_module: 0.10.0 (/opt/ros/humble/share/python_cmake_module/cmake)
[6.326s] -- Found PythonInterp: /usr/bin/python3 (found suitable version "3.10.12", minimum required is "3.6") 
[6.352s] -- Found PythonLibs: /usr/lib/x86_64-linux-gnu/libpython3.10.so (found suitable version "3.10.12", minimum required is "3.5") 
[6.352s] -- Using PYTHON_EXECUTABLE: /usr/bin/python3
[6.352s] -- Using PYTHON_INCLUDE_DIRS: /usr/include/python3.10
[6.352s] -- Using PYTHON_LIBRARIES: /usr/lib/x86_64-linux-gnu/libpython3.10.so
[6.404s] -- Found PythonExtra: .so  
[6.430s] -- Found gtest sources under '/opt/ros/humble/src/gtest_vendor': C++ tests using 'Google Test' will be built
[6.474s] -- Found gmock sources under '/opt/ros/humble/src/gmock_vendor': C++ tests using 'Google Mock' will be built
[6.505s] -- Configuring done
[6.972s] -- Generating done
[7.034s] -- Build files have been written to: /home/matteo-melzer/ws_moveit/build/moveit_task_constructor_visualization
[7.066s] Invoked command in '/home/matteo-melzer/ws_moveit/build/moveit_task_constructor_visualization' returned '0': AMENT_PREFIX_PATH=/home/matteo-melzer/ws_moveit/install/moveit_task_constructor_core:/home/matteo-melzer/ws_moveit/install/moveit_planners:/home/matteo-melzer/ws_moveit/install/pilz_industrial_motion_planner:/home/matteo-melzer/ws_moveit/install/moveit_ros_visualization:/home/matteo-melzer/ws_moveit/install/moveit_resources_prbt_pg70_support:/home/matteo-melzer/ws_moveit/install/moveit_ros_planning_interface:/home/matteo-melzer/ws_moveit/install/moveit_resources_prbt_moveit_config:/home/matteo-melzer/ws_moveit/install/moveit_ros_move_group:/home/matteo-melzer/ws_moveit/install/moveit_ros_warehouse:/home/matteo-melzer/ws_moveit/install/moveit_ros_robot_interaction:/home/matteo-melzer/ws_moveit/install/moveit_planners_ompl:/home/matteo-melzer/ws_moveit/install/moveit_kinematics:/home/matteo-melzer/ws_moveit/install/moveit_ros_planning:/home/matteo-melzer/ws_moveit/install/moveit_planners_chomp:/home/matteo-melzer/ws_moveit/install/pilz_industrial_motion_planner_testutils:/home/matteo-melzer/ws_moveit/install/moveit_simple_controller_manager:/home/matteo-melzer/ws_moveit/install/moveit_ros_occupancy_map_monitor:/home/matteo-melzer/ws_moveit/install/moveit_resources_prbt_ikfast_manipulator_plugin:/home/matteo-melzer/ws_moveit/install/chomp_motion_planner:/home/matteo-melzer/ws_moveit/install/moveit_core:/home/matteo-melzer/ws_moveit/install/moveit_configs_utils:/home/matteo-melzer/ws_moveit/install/launch_param_builder:/home/matteo-melzer/ws_moveit/install/ur10e_moveit_launch:/home/matteo-melzer/ws_moveit/install/rosparam_shortcuts:/home/matteo-melzer/ws_moveit/install/moveit_resources:/home/matteo-melzer/ws_moveit/install/rviz_marker_tools:/home/matteo-melzer/ros2_ws/install/ur_description:/home/matteo-melzer/ros2_ws/install/py_srvcli:/home/matteo-melzer/ros2_ws/install/py_pubsub:/home/matteo-melzer/ros2_ws/install/tutorial_interfaces:/home/matteo-melzer/ros2_ws/install/turtlesim:/home/matteo-melzer/ws_moveit/install/ur_description:/home/matteo-melzer/ws_moveit/install/srdfdom:/home/matteo-melzer/ws_moveit/install/moveit_task_constructor_msgs:/home/matteo-melzer/ws_moveit/install/moveit_resources_prbt_support:/home/matteo-melzer/ws_moveit/install/moveit_resources_pr2_description:/home/matteo-melzer/ws_moveit/install/moveit_resources_panda_moveit_config:/home/matteo-melzer/ws_moveit/install/moveit_resources_panda_description:/home/matteo-melzer/ws_moveit/install/moveit_resources_fanuc_moveit_config:/home/matteo-melzer/ws_moveit/install/moveit_resources_fanuc_description:/home/matteo-melzer/ws_moveit/install/moveit_common:/opt/ros/humble CMAKE_MODULE_PATH=/home/matteo-melzer/ws_moveit/install/moveit_task_constructor_core/share/moveit_task_constructor_core/cmake CMAKE_PREFIX_PATH=/home/matteo-melzer/ws_moveit/install/moveit_task_constructor_core:/home/matteo-melzer/ws_moveit/install/moveit_planners:/home/matteo-melzer/ws_moveit/install/pilz_industrial_motion_planner:/home/matteo-melzer/ws_moveit/install/moveit_ros_visualization:/home/matteo-melzer/ws_moveit/install/moveit_resources_prbt_pg70_support:/home/matteo-melzer/ws_moveit/install/moveit_ros_planning_interface:/home/matteo-melzer/ws_moveit/install/moveit_resources_prbt_moveit_config:/home/matteo-melzer/ws_moveit/install/moveit_ros_move_group:/home/matteo-melzer/ws_moveit/install/moveit_ros_warehouse:/home/matteo-melzer/ws_moveit/install/moveit_ros_robot_interaction:/home/matteo-melzer/ws_moveit/install/moveit_planners_ompl:/home/matteo-melzer/ws_moveit/install/moveit_kinematics:/home/matteo-melzer/ws_moveit/install/moveit_ros_planning:/home/matteo-melzer/ws_moveit/install/moveit_planners_chomp:/home/matteo-melzer/ws_moveit/install/pilz_industrial_motion_planner_testutils:/home/matteo-melzer/ws_moveit/install/moveit_simple_controller_manager:/home/matteo-melzer/ws_moveit/install/moveit_ros_occupancy_map_monitor:/home/matteo-melzer/ws_moveit/install/moveit_resources_prbt_ikfast_manipulator_plugin:/home/matteo-melzer/ws_moveit/install/chomp_motion_planner:/home/matteo-melzer/ws_moveit/install/moveit_core:/home/matteo-melzer/ws_moveit/install/rviz_marker_tools:/home/matteo-melzer/ws_moveit/install/moveit_resources_panda_moveit_config:/home/matteo-melzer/ws_moveit/install/moveit_resources_fanuc_moveit_config:/home/matteo-melzer/ws_moveit/install/srdfdom:/home/matteo-melzer/ws_moveit/install/moveit_task_constructor_msgs:/home/matteo-melzer/ws_moveit/install/moveit_resources_prbt_support:/home/matteo-melzer/ws_moveit/install/moveit_resources_pr2_description:/home/matteo-melzer/ws_moveit/install/moveit_resources_panda_description:/home/matteo-melzer/ws_moveit/install/moveit_resources_fanuc_description:/home/matteo-melzer/ws_moveit/install/moveit_common:/home/matteo-melzer/ws_moveit/install/ur10e_moveit_launch:/home/matteo-melzer/ws_moveit/install/rosparam_shortcuts:/home/matteo-melzer/ws_moveit/install/moveit_resources:/home/matteo-melzer/ros2_ws/install/ur_description:/home/matteo-melzer/ros2_ws/install/tutorial_interfaces:/home/matteo-melzer/ros2_ws/install/turtlesim:/home/matteo-melzer/ws_moveit/install/ur_description:/home/matteo-melzer/ros2_ws/install/py_srvcli:/home/matteo-melzer/ros2_ws/install/py_pubsub:/home/matteo-melzer/ws_moveit/install/moveit_configs_utils:/home/matteo-melzer/ws_moveit/install/launch_param_builder:/opt/ros/humble LD_LIBRARY_PATH=/home/matteo-melzer/ws_moveit/install/moveit_task_constructor_core/lib:/home/matteo-melzer/ws_moveit/install/pilz_industrial_motion_planner/lib:/home/matteo-melzer/ws_moveit/install/moveit_ros_visualization/lib:/home/matteo-melzer/ws_moveit/install/moveit_ros_planning_interface/lib:/home/matteo-melzer/ws_moveit/install/moveit_ros_move_group/lib:/home/matteo-melzer/ws_moveit/install/moveit_ros_warehouse/lib:/home/matteo-melzer/ws_moveit/install/moveit_ros_robot_interaction/lib:/home/matteo-melzer/ws_moveit/install/moveit_planners_ompl/lib:/home/matteo-melzer/ws_moveit/install/moveit_kinematics/lib:/home/matteo-melzer/ws_moveit/install/moveit_ros_planning/lib:/home/matteo-melzer/ws_moveit/install/moveit_planners_chomp/lib:/home/matteo-melzer/ws_moveit/install/pilz_industrial_motion_planner_testutils/lib:/home/matteo-melzer/ws_moveit/install/moveit_simple_controller_manager/lib:/home/matteo-melzer/ws_moveit/install/moveit_ros_occupancy_map_monitor/lib:/home/matteo-melzer/ws_moveit/install/moveit_resources_prbt_ikfast_manipulator_plugin/lib:/home/matteo-melzer/ws_moveit/install/chomp_motion_planner/lib:/home/matteo-melzer/ws_moveit/install/moveit_core/lib:/home/matteo-melzer/ws_moveit/install/rviz_marker_tools/lib:/home/matteo-melzer/ws_moveit/install/srdfdom/lib:/home/matteo-melzer/ws_moveit/install/moveit_task_constructor_msgs/lib:/home/matteo-melzer/ws_moveit/install/rosparam_shortcuts/lib:/home/matteo-melzer/ros2_ws/install/tutorial_interfaces/lib:/home/matteo-melzer/ros2_ws/install/turtlesim/lib:/opt/ros/humble/opt/rviz_ogre_vendor/lib:/opt/ros/humble/lib/x86_64-linux-gnu:/opt/ros/humble/lib PATH=/home/matteo-melzer/ws_moveit/install/moveit_core/bin:${PATH} PYTHONPATH=/home/matteo-melzer/ws_moveit/install/moveit_task_constructor_core/local/lib/python3.10/dist-packages:/home/matteo-melzer/ws_moveit/install/moveit_configs_utils/lib/python3.10/site-packages:/home/matteo-melzer/ws_moveit/install/launch_param_builder/lib/python3.10/site-packages:/home/matteo-melzer/ros2_ws/install/py_srvcli/lib/python3.10/site-packages:/home/matteo-melzer/ros2_ws/install/py_pubsub/lib/python3.10/site-packages:/home/matteo-melzer/ros2_ws/install/tutorial_interfaces/local/lib/python3.10/dist-packages:/home/matteo-melzer/ros2_ws/install/turtlesim/local/lib/python3.10/dist-packages:/home/matteo-melzer/ws_moveit/install/srdfdom/local/lib/python3.10/dist-packages:/home/matteo-melzer/ws_moveit/install/moveit_task_constructor_msgs/local/lib/python3.10/dist-packages:/opt/ros/humble/lib/python3.10/site-packages:/opt/ros/humble/local/lib/python3.10/dist-packages /usr/bin/cmake /home/matteo-melzer/ws_moveit/src/moveit_task_constructor/visualization -DCMAKE_INSTALL_PREFIX=/home/matteo-melzer/ws_moveit/install/moveit_task_constructor_visualization
[7.070s] Invoking command in '/home/matteo-melzer/ws_moveit/build/moveit_task_constructor_visualization': AMENT_PREFIX_PATH=/home/matteo-melzer/ws_moveit/install/moveit_task_constructor_core:/home/matteo-melzer/ws_moveit/install/moveit_planners:/home/matteo-melzer/ws_moveit/install/pilz_industrial_motion_planner:/home/matteo-melzer/ws_moveit/install/moveit_ros_visualization:/home/matteo-melzer/ws_moveit/install/moveit_resources_prbt_pg70_support:/home/matteo-melzer/ws_moveit/install/moveit_ros_planning_interface:/home/matteo-melzer/ws_moveit/install/moveit_resources_prbt_moveit_config:/home/matteo-melzer/ws_moveit/install/moveit_ros_move_group:/home/matteo-melzer/ws_moveit/install/moveit_ros_warehouse:/home/matteo-melzer/ws_moveit/install/moveit_ros_robot_interaction:/home/matteo-melzer/ws_moveit/install/moveit_planners_ompl:/home/matteo-melzer/ws_moveit/install/moveit_kinematics:/home/matteo-melzer/ws_moveit/install/moveit_ros_planning:/home/matteo-melzer/ws_moveit/install/moveit_planners_chomp:/home/matteo-melzer/ws_moveit/install/pilz_industrial_motion_planner_testutils:/home/matteo-melzer/ws_moveit/install/moveit_simple_controller_manager:/home/matteo-melzer/ws_moveit/install/moveit_ros_occupancy_map_monitor:/home/matteo-melzer/ws_moveit/install/moveit_resources_prbt_ikfast_manipulator_plugin:/home/matteo-melzer/ws_moveit/install/chomp_motion_planner:/home/matteo-melzer/ws_moveit/install/moveit_core:/home/matteo-melzer/ws_moveit/install/moveit_configs_utils:/home/matteo-melzer/ws_moveit/install/launch_param_builder:/home/matteo-melzer/ws_moveit/install/ur10e_moveit_launch:/home/matteo-melzer/ws_moveit/install/rosparam_shortcuts:/home/matteo-melzer/ws_moveit/install/moveit_resources:/home/matteo-melzer/ws_moveit/install/rviz_marker_tools:/home/matteo-melzer/ros2_ws/install/ur_description:/home/matteo-melzer/ros2_ws/install/py_srvcli:/home/matteo-melzer/ros2_ws/install/py_pubsub:/home/matteo-melzer/ros2_ws/install/tutorial_interfaces:/home/matteo-melzer/ros2_ws/install/turtlesim:/home/matteo-melzer/ws_moveit/install/ur_description:/home/matteo-melzer/ws_moveit/install/srdfdom:/home/matteo-melzer/ws_moveit/install/moveit_task_constructor_msgs:/home/matteo-melzer/ws_moveit/install/moveit_resources_prbt_support:/home/matteo-melzer/ws_moveit/install/moveit_resources_pr2_description:/home/matteo-melzer/ws_moveit/install/moveit_resources_panda_moveit_config:/home/matteo-melzer/ws_moveit/install/moveit_resources_panda_description:/home/matteo-melzer/ws_moveit/install/moveit_resources_fanuc_moveit_config:/home/matteo-melzer/ws_moveit/install/moveit_resources_fanuc_description:/home/matteo-melzer/ws_moveit/install/moveit_common:/opt/ros/humble CMAKE_MODULE_PATH=/home/matteo-melzer/ws_moveit/install/moveit_task_constructor_core/share/moveit_task_constructor_core/cmake CMAKE_PREFIX_PATH=/home/matteo-melzer/ws_moveit/install/moveit_task_constructor_core:/home/matteo-melzer/ws_moveit/install/moveit_planners:/home/matteo-melzer/ws_moveit/install/pilz_industrial_motion_planner:/home/matteo-melzer/ws_moveit/install/moveit_ros_visualization:/home/matteo-melzer/ws_moveit/install/moveit_resources_prbt_pg70_support:/home/matteo-melzer/ws_moveit/install/moveit_ros_planning_interface:/home/matteo-melzer/ws_moveit/install/moveit_resources_prbt_moveit_config:/home/matteo-melzer/ws_moveit/install/moveit_ros_move_group:/home/matteo-melzer/ws_moveit/install/moveit_ros_warehouse:/home/matteo-melzer/ws_moveit/install/moveit_ros_robot_interaction:/home/matteo-melzer/ws_moveit/install/moveit_planners_ompl:/home/matteo-melzer/ws_moveit/install/moveit_kinematics:/home/matteo-melzer/ws_moveit/install/moveit_ros_planning:/home/matteo-melzer/ws_moveit/install/moveit_planners_chomp:/home/matteo-melzer/ws_moveit/install/pilz_industrial_motion_planner_testutils:/home/matteo-melzer/ws_moveit/install/moveit_simple_controller_manager:/home/matteo-melzer/ws_moveit/install/moveit_ros_occupancy_map_monitor:/home/matteo-melzer/ws_moveit/install/moveit_resources_prbt_ikfast_manipulator_plugin:/home/matteo-melzer/ws_moveit/install/chomp_motion_planner:/home/matteo-melzer/ws_moveit/install/moveit_core:/home/matteo-melzer/ws_moveit/install/rviz_marker_tools:/home/matteo-melzer/ws_moveit/install/moveit_resources_panda_moveit_config:/home/matteo-melzer/ws_moveit/install/moveit_resources_fanuc_moveit_config:/home/matteo-melzer/ws_moveit/install/srdfdom:/home/matteo-melzer/ws_moveit/install/moveit_task_constructor_msgs:/home/matteo-melzer/ws_moveit/install/moveit_resources_prbt_support:/home/matteo-melzer/ws_moveit/install/moveit_resources_pr2_description:/home/matteo-melzer/ws_moveit/install/moveit_resources_panda_description:/home/matteo-melzer/ws_moveit/install/moveit_resources_fanuc_description:/home/matteo-melzer/ws_moveit/install/moveit_common:/home/matteo-melzer/ws_moveit/install/ur10e_moveit_launch:/home/matteo-melzer/ws_moveit/install/rosparam_shortcuts:/home/matteo-melzer/ws_moveit/install/moveit_resources:/home/matteo-melzer/ros2_ws/install/ur_description:/home/matteo-melzer/ros2_ws/install/tutorial_interfaces:/home/matteo-melzer/ros2_ws/install/turtlesim:/home/matteo-melzer/ws_moveit/install/ur_description:/home/matteo-melzer/ros2_ws/install/py_srvcli:/home/matteo-melzer/ros2_ws/install/py_pubsub:/home/matteo-melzer/ws_moveit/install/moveit_configs_utils:/home/matteo-melzer/ws_moveit/install/launch_param_builder:/opt/ros/humble LD_LIBRARY_PATH=/home/matteo-melzer/ws_moveit/install/moveit_task_constructor_core/lib:/home/matteo-melzer/ws_moveit/install/pilz_industrial_motion_planner/lib:/home/matteo-melzer/ws_moveit/install/moveit_ros_visualization/lib:/home/matteo-melzer/ws_moveit/install/moveit_ros_planning_interface/lib:/home/matteo-melzer/ws_moveit/install/moveit_ros_move_group/lib:/home/matteo-melzer/ws_moveit/install/moveit_ros_warehouse/lib:/home/matteo-melzer/ws_moveit/install/moveit_ros_robot_interaction/lib:/home/matteo-melzer/ws_moveit/install/moveit_planners_ompl/lib:/home/matteo-melzer/ws_moveit/install/moveit_kinematics/lib:/home/matteo-melzer/ws_moveit/install/moveit_ros_planning/lib:/home/matteo-melzer/ws_moveit/install/moveit_planners_chomp/lib:/home/matteo-melzer/ws_moveit/install/pilz_industrial_motion_planner_testutils/lib:/home/matteo-melzer/ws_moveit/install/moveit_simple_controller_manager/lib:/home/matteo-melzer/ws_moveit/install/moveit_ros_occupancy_map_monitor/lib:/home/matteo-melzer/ws_moveit/install/moveit_resources_prbt_ikfast_manipulator_plugin/lib:/home/matteo-melzer/ws_moveit/install/chomp_motion_planner/lib:/home/matteo-melzer/ws_moveit/install/moveit_core/lib:/home/matteo-melzer/ws_moveit/install/rviz_marker_tools/lib:/home/matteo-melzer/ws_moveit/install/srdfdom/lib:/home/matteo-melzer/ws_moveit/install/moveit_task_constructor_msgs/lib:/home/matteo-melzer/ws_moveit/install/rosparam_shortcuts/lib:/home/matteo-melzer/ros2_ws/install/tutorial_interfaces/lib:/home/matteo-melzer/ros2_ws/install/turtlesim/lib:/opt/ros/humble/opt/rviz_ogre_vendor/lib:/opt/ros/humble/lib/x86_64-linux-gnu:/opt/ros/humble/lib PATH=/home/matteo-melzer/ws_moveit/install/moveit_core/bin:${PATH} PYTHONPATH=/home/matteo-melzer/ws_moveit/install/moveit_task_constructor_core/local/lib/python3.10/dist-packages:/home/matteo-melzer/ws_moveit/install/moveit_configs_utils/lib/python3.10/site-packages:/home/matteo-melzer/ws_moveit/install/launch_param_builder/lib/python3.10/site-packages:/home/matteo-melzer/ros2_ws/install/py_srvcli/lib/python3.10/site-packages:/home/matteo-melzer/ros2_ws/install/py_pubsub/lib/python3.10/site-packages:/home/matteo-melzer/ros2_ws/install/tutorial_interfaces/local/lib/python3.10/dist-packages:/home/matteo-melzer/ros2_ws/install/turtlesim/local/lib/python3.10/dist-packages:/home/matteo-melzer/ws_moveit/install/srdfdom/local/lib/python3.10/dist-packages:/home/matteo-melzer/ws_moveit/install/moveit_task_constructor_msgs/local/lib/python3.10/dist-packages:/opt/ros/humble/lib/python3.10/site-packages:/opt/ros/humble/local/lib/python3.10/dist-packages /usr/bin/cmake --build /home/matteo-melzer/ws_moveit/build/moveit_task_constructor_visualization -- -j2 -l2
[7.167s] [  1%] [34m[1mAutomatic MOC for target moveit_task_visualization_tools[0m
[8.035s] [  1%] Built target moveit_task_visualization_tools_autogen
[8.069s] [  3%] [34m[1mAutomatic MOC for target motion_planning_tasks_utils[0m
[8.372s] [  3%] Built target motion_planning_tasks_utils_autogen
[8.400s] [  4%] [34m[1mAutomatic MOC for target motion_planning_tasks_properties[0m
[8.442s] [  4%] Built target motion_planning_tasks_properties_autogen
[8.499s] [  6%] [34m[1mAutomatic MOC for target gtest_main[0m
[8.576s] [  6%] Built target gtest_main_autogen
[8.625s] [  7%] [34m[1mAutomatic MOC for target gtest[0m
[8.675s] [  7%] Built target gtest_autogen
[8.717s] [  9%] [34m[1mAutomatic MOC for target gmock_main[0m
[8.770s] [  9%] Built target gmock_main_autogen
[8.804s] [ 10%] [34m[1mAutomatic MOC for target gmock[0m
[8.869s] [ 10%] Built target gmock_autogen
[8.913s] [ 12%] [32mBuilding CXX object visualization_tools/CMakeFiles/moveit_task_visualization_tools.dir/moveit_task_visualization_tools_autogen/mocs_compilation.cpp.o[0m
[17.675s] [ 13%] [32mBuilding CXX object visualization_tools/CMakeFiles/moveit_task_visualization_tools.dir/src/display_solution.cpp.o[0m
[27.851s] [ 15%] [32mBuilding CXX object visualization_tools/CMakeFiles/moveit_task_visualization_tools.dir/src/marker_visualization.cpp.o[0m
[39.604s] [ 16%] [32mBuilding CXX object visualization_tools/CMakeFiles/moveit_task_visualization_tools.dir/src/task_solution_panel.cpp.o[0m
[43.049s] [ 18%] [32mBuilding CXX object visualization_tools/CMakeFiles/moveit_task_visualization_tools.dir/src/task_solution_visualization.cpp.o[0m
[58.376s] [ 20%] [32m[1mLinking CXX shared library libmoveit_task_visualization_tools.so[0m
[62.713s] [ 20%] Built target moveit_task_visualization_tools
[62.755s] [ 21%] [32mBuilding CXX object motion_planning_tasks/utils/CMakeFiles/motion_planning_tasks_utils.dir/motion_planning_tasks_utils_autogen/mocs_compilation.cpp.o[0m
[62.805s] [ 23%] [32mBuilding CXX object motion_planning_tasks/utils/CMakeFiles/motion_planning_tasks_utils.dir/flat_merge_proxy_model.cpp.o[0m
[65.055s] [ 24%] [32mBuilding CXX object motion_planning_tasks/utils/CMakeFiles/motion_planning_tasks_utils.dir/tree_merge_proxy_model.cpp.o[0m
[66.671s] [ 26%] [32mBuilding CXX object motion_planning_tasks/utils/CMakeFiles/motion_planning_tasks_utils.dir/icon.cpp.o[0m
[67.898s] [ 27%] [32m[1mLinking CXX shared library libmotion_planning_tasks_utils.so[0m
[68.222s] [ 27%] Built target motion_planning_tasks_utils
[68.260s] [ 29%] [32mBuilding CXX object motion_planning_tasks/properties/CMakeFiles/motion_planning_tasks_properties.dir/motion_planning_tasks_properties_autogen/mocs_compilation.cpp.o[0m
[68.312s] [ 30%] [32mBuilding CXX object motion_planning_tasks/properties/CMakeFiles/motion_planning_tasks_properties.dir/property_factory.cpp.o[0m
[71.761s] [ 32%] [32mBuilding CXX object motion_planning_tasks/properties/CMakeFiles/motion_planning_tasks_properties.dir/property_from_yaml.cpp.o[0m
[73.183s] [ 33%] [32m[1mLinking CXX shared library libmotion_planning_tasks_properties.so[0m
[73.624s] [ 33%] Built target motion_planning_tasks_properties
[73.659s] [ 35%] [32mBuilding CXX object gtest/CMakeFiles/gtest_main.dir/gtest_main_autogen/mocs_compilation.cpp.o[0m
[73.686s] [ 36%] [32mBuilding CXX object gtest/CMakeFiles/gtest_main.dir/src/gtest_main.cc.o[0m
[74.455s] [ 38%] [32m[1mLinking CXX static library libgtest_main.a[0m
[74.510s] [ 38%] Built target gtest_main
[74.546s] [ 40%] [32mBuilding CXX object gtest/CMakeFiles/gtest.dir/gtest_autogen/mocs_compilation.cpp.o[0m
[74.572s] [ 41%] [32mBuilding CXX object gtest/CMakeFiles/gtest.dir/src/gtest-all.cc.o[0m
[80.701s] [ 43%] [32m[1mLinking CXX static library libgtest.a[0m
[80.779s] [ 43%] Built target gtest
[80.824s] [ 44%] [32mBuilding CXX object gmock/CMakeFiles/gmock_main.dir/gmock_main_autogen/mocs_compilation.cpp.o[0m
[80.858s] [ 46%] [32mBuilding CXX object gmock/CMakeFiles/gmock_main.dir/src/gmock_main.cc.o[0m
[81.930s] [ 47%] [32m[1mLinking CXX static library libgmock_main.a[0m
[81.983s] [ 47%] Built target gmock_main
[82.019s] [ 49%] [32mBuilding CXX object gmock/CMakeFiles/gmock.dir/gmock_autogen/mocs_compilation.cpp.o[0m
[82.048s] [ 50%] [32mBuilding CXX object gmock/CMakeFiles/gmock.dir/opt/ros/humble/src/gtest_vendor/src/gtest-all.cc.o[0m
[87.764s] [ 52%] [32mBuilding CXX object gmock/CMakeFiles/gmock.dir/src/gmock-all.cc.o[0m
[90.308s] [ 53%] [32m[1mLinking CXX static library libgmock.a[0m
[90.369s] [ 53%] Built target gmock
[90.404s] [ 55%] [34m[1mAutomatic MOC for target motion_planning_tasks_rviz_plugin[0m
[93.537s] [ 55%] Built target motion_planning_tasks_rviz_plugin_autogen
[93.664s] [ 56%] [34m[1mAutomatic MOC for target moveit_task_constructor_visualization-test-merge-models[0m
[93.775s] [ 56%] Built target moveit_task_constructor_visualization-test-merge-models_autogen
[93.804s] [ 58%] [34m[1mGenerating ui_task_view.h[0m
[93.913s] [ 60%] [34m[1mAutomatic RCC for resources.qrc[0m
[94.028s] [ 61%] [34m[1mGenerating ui_global_settings.h[0m
[94.100s] [ 63%] [34m[1mGenerating ui_task_panel.h[0m
[94.213s] [ 64%] [32mBuilding CXX object motion_planning_tasks/src/CMakeFiles/motion_planning_tasks_rviz_plugin.dir/motion_planning_tasks_rviz_plugin_autogen/mocs_compilation.cpp.o[0m
[106.434s] [ 66%] [32mBuilding CXX object motion_planning_tasks/src/CMakeFiles/motion_planning_tasks_rviz_plugin.dir/factory_model.cpp.o[0m
[107.948s] [ 67%] [32mBuilding CXX object motion_planning_tasks/src/CMakeFiles/motion_planning_tasks_rviz_plugin.dir/icons.cpp.o[0m
[108.746s] [ 69%] [32mBuilding CXX object motion_planning_tasks/src/CMakeFiles/motion_planning_tasks_rviz_plugin.dir/job_queue.cpp.o[0m
[111.296s] [ 70%] [32mBuilding CXX object motion_planning_tasks/src/CMakeFiles/motion_planning_tasks_rviz_plugin.dir/local_task_model.cpp.o[0m
[116.730s] [ 72%] [32mBuilding CXX object motion_planning_tasks/src/CMakeFiles/motion_planning_tasks_rviz_plugin.dir/meta_task_list_model.cpp.o[0m
[124.317s] [ 73%] [32mBuilding CXX object motion_planning_tasks/src/CMakeFiles/motion_planning_tasks_rviz_plugin.dir/plugin_init.cpp.o[0m
[132.470s] [ 75%] [32mBuilding CXX object motion_planning_tasks/src/CMakeFiles/motion_planning_tasks_rviz_plugin.dir/remote_task_model.cpp.o[0m
[144.469s] [ 76%] [32mBuilding CXX object motion_planning_tasks/src/CMakeFiles/motion_planning_tasks_rviz_plugin.dir/task_display.cpp.o[0m
[171.697s] [ 78%] [32mBuilding CXX object motion_planning_tasks/src/CMakeFiles/motion_planning_tasks_rviz_plugin.dir/task_list_model.cpp.o[0m
[182.726s] [ 80%] [32mBuilding CXX object motion_planning_tasks/src/CMakeFiles/motion_planning_tasks_rviz_plugin.dir/task_panel.cpp.o[0m
[195.829s] [ 81%] [32mBuilding CXX object motion_planning_tasks/src/CMakeFiles/motion_planning_tasks_rviz_plugin.dir/motion_planning_tasks_rviz_plugin_autogen/EWIEGA46WW/qrc_resources.cpp.o[0m
[195.895s] [ 83%] [32m[1mLinking CXX shared library libmotion_planning_tasks_rviz_plugin.so[0m
[198.686s] [ 83%] Built target motion_planning_tasks_rviz_plugin
[198.724s] [ 84%] [32mBuilding CXX object motion_planning_tasks/test/CMakeFiles/moveit_task_constructor_visualization-test-merge-models.dir/moveit_task_constructor_visualization-test-merge-models_autogen/mocs_compilation.cpp.o[0m
[198.761s] [ 86%] [32mBuilding CXX object motion_planning_tasks/test/CMakeFiles/moveit_task_constructor_visualization-test-merge-models.dir/test_merge_models.cpp.o[0m
[201.371s] [ 87%] [32m[1mLinking CXX executable moveit_task_constructor_visualization-test-merge-models[0m
[201.705s] [ 87%] Built target moveit_task_constructor_visualization-test-merge-models
[201.737s] [ 89%] [34m[1mAutomatic MOC for target moveit_task_constructor_visualization-test-solution-models[0m
[201.791s] [ 89%] Built target moveit_task_constructor_visualization-test-solution-models_autogen
[201.825s] [ 90%] [34m[1mAutomatic MOC for target moveit_task_constructor_visualization-test-task_model[0m
[201.875s] [ 90%] Built target moveit_task_constructor_visualization-test-task_model_autogen
[201.907s] [ 92%] [32mBuilding CXX object motion_planning_tasks/test/CMakeFiles/moveit_task_constructor_visualization-test-solution-models.dir/moveit_task_constructor_visualization-test-solution-models_autogen/mocs_compilation.cpp.o[0m
[201.948s] [ 93%] [32mBuilding CXX object motion_planning_tasks/test/CMakeFiles/moveit_task_constructor_visualization-test-solution-models.dir/test_solution_models.cpp.o[0m
[208.431s] [ 95%] [32m[1mLinking CXX executable moveit_task_constructor_visualization-test-solution-models[0m
[209.159s] [ 95%] Built target moveit_task_constructor_visualization-test-solution-models
[209.191s] [ 96%] [32mBuilding CXX object motion_planning_tasks/test/CMakeFiles/moveit_task_constructor_visualization-test-task_model.dir/moveit_task_constructor_visualization-test-task_model_autogen/mocs_compilation.cpp.o[0m
[209.224s] [ 98%] [32mBuilding CXX object motion_planning_tasks/test/CMakeFiles/moveit_task_constructor_visualization-test-task_model.dir/test_task_model.cpp.o[0m
[216.792s] [100%] [32m[1mLinking CXX executable moveit_task_constructor_visualization-test-task_model[0m
[217.471s] [100%] Built target moveit_task_constructor_visualization-test-task_model
[217.539s] Invoked command in '/home/matteo-melzer/ws_moveit/build/moveit_task_constructor_visualization' returned '0': AMENT_PREFIX_PATH=/home/matteo-melzer/ws_moveit/install/moveit_task_constructor_core:/home/matteo-melzer/ws_moveit/install/moveit_planners:/home/matteo-melzer/ws_moveit/install/pilz_industrial_motion_planner:/home/matteo-melzer/ws_moveit/install/moveit_ros_visualization:/home/matteo-melzer/ws_moveit/install/moveit_resources_prbt_pg70_support:/home/matteo-melzer/ws_moveit/install/moveit_ros_planning_interface:/home/matteo-melzer/ws_moveit/install/moveit_resources_prbt_moveit_config:/home/matteo-melzer/ws_moveit/install/moveit_ros_move_group:/home/matteo-melzer/ws_moveit/install/moveit_ros_warehouse:/home/matteo-melzer/ws_moveit/install/moveit_ros_robot_interaction:/home/matteo-melzer/ws_moveit/install/moveit_planners_ompl:/home/matteo-melzer/ws_moveit/install/moveit_kinematics:/home/matteo-melzer/ws_moveit/install/moveit_ros_planning:/home/matteo-melzer/ws_moveit/install/moveit_planners_chomp:/home/matteo-melzer/ws_moveit/install/pilz_industrial_motion_planner_testutils:/home/matteo-melzer/ws_moveit/install/moveit_simple_controller_manager:/home/matteo-melzer/ws_moveit/install/moveit_ros_occupancy_map_monitor:/home/matteo-melzer/ws_moveit/install/moveit_resources_prbt_ikfast_manipulator_plugin:/home/matteo-melzer/ws_moveit/install/chomp_motion_planner:/home/matteo-melzer/ws_moveit/install/moveit_core:/home/matteo-melzer/ws_moveit/install/moveit_configs_utils:/home/matteo-melzer/ws_moveit/install/launch_param_builder:/home/matteo-melzer/ws_moveit/install/ur10e_moveit_launch:/home/matteo-melzer/ws_moveit/install/rosparam_shortcuts:/home/matteo-melzer/ws_moveit/install/moveit_resources:/home/matteo-melzer/ws_moveit/install/rviz_marker_tools:/home/matteo-melzer/ros2_ws/install/ur_description:/home/matteo-melzer/ros2_ws/install/py_srvcli:/home/matteo-melzer/ros2_ws/install/py_pubsub:/home/matteo-melzer/ros2_ws/install/tutorial_interfaces:/home/matteo-melzer/ros2_ws/install/turtlesim:/home/matteo-melzer/ws_moveit/install/ur_description:/home/matteo-melzer/ws_moveit/install/srdfdom:/home/matteo-melzer/ws_moveit/install/moveit_task_constructor_msgs:/home/matteo-melzer/ws_moveit/install/moveit_resources_prbt_support:/home/matteo-melzer/ws_moveit/install/moveit_resources_pr2_description:/home/matteo-melzer/ws_moveit/install/moveit_resources_panda_moveit_config:/home/matteo-melzer/ws_moveit/install/moveit_resources_panda_description:/home/matteo-melzer/ws_moveit/install/moveit_resources_fanuc_moveit_config:/home/matteo-melzer/ws_moveit/install/moveit_resources_fanuc_description:/home/matteo-melzer/ws_moveit/install/moveit_common:/opt/ros/humble CMAKE_MODULE_PATH=/home/matteo-melzer/ws_moveit/install/moveit_task_constructor_core/share/moveit_task_constructor_core/cmake CMAKE_PREFIX_PATH=/home/matteo-melzer/ws_moveit/install/moveit_task_constructor_core:/home/matteo-melzer/ws_moveit/install/moveit_planners:/home/matteo-melzer/ws_moveit/install/pilz_industrial_motion_planner:/home/matteo-melzer/ws_moveit/install/moveit_ros_visualization:/home/matteo-melzer/ws_moveit/install/moveit_resources_prbt_pg70_support:/home/matteo-melzer/ws_moveit/install/moveit_ros_planning_interface:/home/matteo-melzer/ws_moveit/install/moveit_resources_prbt_moveit_config:/home/matteo-melzer/ws_moveit/install/moveit_ros_move_group:/home/matteo-melzer/ws_moveit/install/moveit_ros_warehouse:/home/matteo-melzer/ws_moveit/install/moveit_ros_robot_interaction:/home/matteo-melzer/ws_moveit/install/moveit_planners_ompl:/home/matteo-melzer/ws_moveit/install/moveit_kinematics:/home/matteo-melzer/ws_moveit/install/moveit_ros_planning:/home/matteo-melzer/ws_moveit/install/moveit_planners_chomp:/home/matteo-melzer/ws_moveit/install/pilz_industrial_motion_planner_testutils:/home/matteo-melzer/ws_moveit/install/moveit_simple_controller_manager:/home/matteo-melzer/ws_moveit/install/moveit_ros_occupancy_map_monitor:/home/matteo-melzer/ws_moveit/install/moveit_resources_prbt_ikfast_manipulator_plugin:/home/matteo-melzer/ws_moveit/install/chomp_motion_planner:/home/matteo-melzer/ws_moveit/install/moveit_core:/home/matteo-melzer/ws_moveit/install/rviz_marker_tools:/home/matteo-melzer/ws_moveit/install/moveit_resources_panda_moveit_config:/home/matteo-melzer/ws_moveit/install/moveit_resources_fanuc_moveit_config:/home/matteo-melzer/ws_moveit/install/srdfdom:/home/matteo-melzer/ws_moveit/install/moveit_task_constructor_msgs:/home/matteo-melzer/ws_moveit/install/moveit_resources_prbt_support:/home/matteo-melzer/ws_moveit/install/moveit_resources_pr2_description:/home/matteo-melzer/ws_moveit/install/moveit_resources_panda_description:/home/matteo-melzer/ws_moveit/install/moveit_resources_fanuc_description:/home/matteo-melzer/ws_moveit/install/moveit_common:/home/matteo-melzer/ws_moveit/install/ur10e_moveit_launch:/home/matteo-melzer/ws_moveit/install/rosparam_shortcuts:/home/matteo-melzer/ws_moveit/install/moveit_resources:/home/matteo-melzer/ros2_ws/install/ur_description:/home/matteo-melzer/ros2_ws/install/tutorial_interfaces:/home/matteo-melzer/ros2_ws/install/turtlesim:/home/matteo-melzer/ws_moveit/install/ur_description:/home/matteo-melzer/ros2_ws/install/py_srvcli:/home/matteo-melzer/ros2_ws/install/py_pubsub:/home/matteo-melzer/ws_moveit/install/moveit_configs_utils:/home/matteo-melzer/ws_moveit/install/launch_param_builder:/opt/ros/humble LD_LIBRARY_PATH=/home/matteo-melzer/ws_moveit/install/moveit_task_constructor_core/lib:/home/matteo-melzer/ws_moveit/install/pilz_industrial_motion_planner/lib:/home/matteo-melzer/ws_moveit/install/moveit_ros_visualization/lib:/home/matteo-melzer/ws_moveit/install/moveit_ros_planning_interface/lib:/home/matteo-melzer/ws_moveit/install/moveit_ros_move_group/lib:/home/matteo-melzer/ws_moveit/install/moveit_ros_warehouse/lib:/home/matteo-melzer/ws_moveit/install/moveit_ros_robot_interaction/lib:/home/matteo-melzer/ws_moveit/install/moveit_planners_ompl/lib:/home/matteo-melzer/ws_moveit/install/moveit_kinematics/lib:/home/matteo-melzer/ws_moveit/install/moveit_ros_planning/lib:/home/matteo-melzer/ws_moveit/install/moveit_planners_chomp/lib:/home/matteo-melzer/ws_moveit/install/pilz_industrial_motion_planner_testutils/lib:/home/matteo-melzer/ws_moveit/install/moveit_simple_controller_manager/lib:/home/matteo-melzer/ws_moveit/install/moveit_ros_occupancy_map_monitor/lib:/home/matteo-melzer/ws_moveit/install/moveit_resources_prbt_ikfast_manipulator_plugin/lib:/home/matteo-melzer/ws_moveit/install/chomp_motion_planner/lib:/home/matteo-melzer/ws_moveit/install/moveit_core/lib:/home/matteo-melzer/ws_moveit/install/rviz_marker_tools/lib:/home/matteo-melzer/ws_moveit/install/srdfdom/lib:/home/matteo-melzer/ws_moveit/install/moveit_task_constructor_msgs/lib:/home/matteo-melzer/ws_moveit/install/rosparam_shortcuts/lib:/home/matteo-melzer/ros2_ws/install/tutorial_interfaces/lib:/home/matteo-melzer/ros2_ws/install/turtlesim/lib:/opt/ros/humble/opt/rviz_ogre_vendor/lib:/opt/ros/humble/lib/x86_64-linux-gnu:/opt/ros/humble/lib PATH=/home/matteo-melzer/ws_moveit/install/moveit_core/bin:${PATH} PYTHONPATH=/home/matteo-melzer/ws_moveit/install/moveit_task_constructor_core/local/lib/python3.10/dist-packages:/home/matteo-melzer/ws_moveit/install/moveit_configs_utils/lib/python3.10/site-packages:/home/matteo-melzer/ws_moveit/install/launch_param_builder/lib/python3.10/site-packages:/home/matteo-melzer/ros2_ws/install/py_srvcli/lib/python3.10/site-packages:/home/matteo-melzer/ros2_ws/install/py_pubsub/lib/python3.10/site-packages:/home/matteo-melzer/ros2_ws/install/tutorial_interfaces/local/lib/python3.10/dist-packages:/home/matteo-melzer/ros2_ws/install/turtlesim/local/lib/python3.10/dist-packages:/home/matteo-melzer/ws_moveit/install/srdfdom/local/lib/python3.10/dist-packages:/home/matteo-melzer/ws_moveit/install/moveit_task_constructor_msgs/local/lib/python3.10/dist-packages:/opt/ros/humble/lib/python3.10/site-packages:/opt/ros/humble/local/lib/python3.10/dist-packages /usr/bin/cmake --build /home/matteo-melzer/ws_moveit/build/moveit_task_constructor_visualization -- -j2 -l2
[217.548s] Invoking command in '/home/matteo-melzer/ws_moveit/build/moveit_task_constructor_visualization': AMENT_PREFIX_PATH=/home/matteo-melzer/ws_moveit/install/moveit_task_constructor_core:/home/matteo-melzer/ws_moveit/install/moveit_planners:/home/matteo-melzer/ws_moveit/install/pilz_industrial_motion_planner:/home/matteo-melzer/ws_moveit/install/moveit_ros_visualization:/home/matteo-melzer/ws_moveit/install/moveit_resources_prbt_pg70_support:/home/matteo-melzer/ws_moveit/install/moveit_ros_planning_interface:/home/matteo-melzer/ws_moveit/install/moveit_resources_prbt_moveit_config:/home/matteo-melzer/ws_moveit/install/moveit_ros_move_group:/home/matteo-melzer/ws_moveit/install/moveit_ros_warehouse:/home/matteo-melzer/ws_moveit/install/moveit_ros_robot_interaction:/home/matteo-melzer/ws_moveit/install/moveit_planners_ompl:/home/matteo-melzer/ws_moveit/install/moveit_kinematics:/home/matteo-melzer/ws_moveit/install/moveit_ros_planning:/home/matteo-melzer/ws_moveit/install/moveit_planners_chomp:/home/matteo-melzer/ws_moveit/install/pilz_industrial_motion_planner_testutils:/home/matteo-melzer/ws_moveit/install/moveit_simple_controller_manager:/home/matteo-melzer/ws_moveit/install/moveit_ros_occupancy_map_monitor:/home/matteo-melzer/ws_moveit/install/moveit_resources_prbt_ikfast_manipulator_plugin:/home/matteo-melzer/ws_moveit/install/chomp_motion_planner:/home/matteo-melzer/ws_moveit/install/moveit_core:/home/matteo-melzer/ws_moveit/install/moveit_configs_utils:/home/matteo-melzer/ws_moveit/install/launch_param_builder:/home/matteo-melzer/ws_moveit/install/ur10e_moveit_launch:/home/matteo-melzer/ws_moveit/install/rosparam_shortcuts:/home/matteo-melzer/ws_moveit/install/moveit_resources:/home/matteo-melzer/ws_moveit/install/rviz_marker_tools:/home/matteo-melzer/ros2_ws/install/ur_description:/home/matteo-melzer/ros2_ws/install/py_srvcli:/home/matteo-melzer/ros2_ws/install/py_pubsub:/home/matteo-melzer/ros2_ws/install/tutorial_interfaces:/home/matteo-melzer/ros2_ws/install/turtlesim:/home/matteo-melzer/ws_moveit/install/ur_description:/home/matteo-melzer/ws_moveit/install/srdfdom:/home/matteo-melzer/ws_moveit/install/moveit_task_constructor_msgs:/home/matteo-melzer/ws_moveit/install/moveit_resources_prbt_support:/home/matteo-melzer/ws_moveit/install/moveit_resources_pr2_description:/home/matteo-melzer/ws_moveit/install/moveit_resources_panda_moveit_config:/home/matteo-melzer/ws_moveit/install/moveit_resources_panda_description:/home/matteo-melzer/ws_moveit/install/moveit_resources_fanuc_moveit_config:/home/matteo-melzer/ws_moveit/install/moveit_resources_fanuc_description:/home/matteo-melzer/ws_moveit/install/moveit_common:/opt/ros/humble CMAKE_MODULE_PATH=/home/matteo-melzer/ws_moveit/install/moveit_task_constructor_core/share/moveit_task_constructor_core/cmake CMAKE_PREFIX_PATH=/home/matteo-melzer/ws_moveit/install/moveit_task_constructor_core:/home/matteo-melzer/ws_moveit/install/moveit_planners:/home/matteo-melzer/ws_moveit/install/pilz_industrial_motion_planner:/home/matteo-melzer/ws_moveit/install/moveit_ros_visualization:/home/matteo-melzer/ws_moveit/install/moveit_resources_prbt_pg70_support:/home/matteo-melzer/ws_moveit/install/moveit_ros_planning_interface:/home/matteo-melzer/ws_moveit/install/moveit_resources_prbt_moveit_config:/home/matteo-melzer/ws_moveit/install/moveit_ros_move_group:/home/matteo-melzer/ws_moveit/install/moveit_ros_warehouse:/home/matteo-melzer/ws_moveit/install/moveit_ros_robot_interaction:/home/matteo-melzer/ws_moveit/install/moveit_planners_ompl:/home/matteo-melzer/ws_moveit/install/moveit_kinematics:/home/matteo-melzer/ws_moveit/install/moveit_ros_planning:/home/matteo-melzer/ws_moveit/install/moveit_planners_chomp:/home/matteo-melzer/ws_moveit/install/pilz_industrial_motion_planner_testutils:/home/matteo-melzer/ws_moveit/install/moveit_simple_controller_manager:/home/matteo-melzer/ws_moveit/install/moveit_ros_occupancy_map_monitor:/home/matteo-melzer/ws_moveit/install/moveit_resources_prbt_ikfast_manipulator_plugin:/home/matteo-melzer/ws_moveit/install/chomp_motion_planner:/home/matteo-melzer/ws_moveit/install/moveit_core:/home/matteo-melzer/ws_moveit/install/rviz_marker_tools:/home/matteo-melzer/ws_moveit/install/moveit_resources_panda_moveit_config:/home/matteo-melzer/ws_moveit/install/moveit_resources_fanuc_moveit_config:/home/matteo-melzer/ws_moveit/install/srdfdom:/home/matteo-melzer/ws_moveit/install/moveit_task_constructor_msgs:/home/matteo-melzer/ws_moveit/install/moveit_resources_prbt_support:/home/matteo-melzer/ws_moveit/install/moveit_resources_pr2_description:/home/matteo-melzer/ws_moveit/install/moveit_resources_panda_description:/home/matteo-melzer/ws_moveit/install/moveit_resources_fanuc_description:/home/matteo-melzer/ws_moveit/install/moveit_common:/home/matteo-melzer/ws_moveit/install/ur10e_moveit_launch:/home/matteo-melzer/ws_moveit/install/rosparam_shortcuts:/home/matteo-melzer/ws_moveit/install/moveit_resources:/home/matteo-melzer/ros2_ws/install/ur_description:/home/matteo-melzer/ros2_ws/install/tutorial_interfaces:/home/matteo-melzer/ros2_ws/install/turtlesim:/home/matteo-melzer/ws_moveit/install/ur_description:/home/matteo-melzer/ros2_ws/install/py_srvcli:/home/matteo-melzer/ros2_ws/install/py_pubsub:/home/matteo-melzer/ws_moveit/install/moveit_configs_utils:/home/matteo-melzer/ws_moveit/install/launch_param_builder:/opt/ros/humble LD_LIBRARY_PATH=/home/matteo-melzer/ws_moveit/install/moveit_task_constructor_core/lib:/home/matteo-melzer/ws_moveit/install/pilz_industrial_motion_planner/lib:/home/matteo-melzer/ws_moveit/install/moveit_ros_visualization/lib:/home/matteo-melzer/ws_moveit/install/moveit_ros_planning_interface/lib:/home/matteo-melzer/ws_moveit/install/moveit_ros_move_group/lib:/home/matteo-melzer/ws_moveit/install/moveit_ros_warehouse/lib:/home/matteo-melzer/ws_moveit/install/moveit_ros_robot_interaction/lib:/home/matteo-melzer/ws_moveit/install/moveit_planners_ompl/lib:/home/matteo-melzer/ws_moveit/install/moveit_kinematics/lib:/home/matteo-melzer/ws_moveit/install/moveit_ros_planning/lib:/home/matteo-melzer/ws_moveit/install/moveit_planners_chomp/lib:/home/matteo-melzer/ws_moveit/install/pilz_industrial_motion_planner_testutils/lib:/home/matteo-melzer/ws_moveit/install/moveit_simple_controller_manager/lib:/home/matteo-melzer/ws_moveit/install/moveit_ros_occupancy_map_monitor/lib:/home/matteo-melzer/ws_moveit/install/moveit_resources_prbt_ikfast_manipulator_plugin/lib:/home/matteo-melzer/ws_moveit/install/chomp_motion_planner/lib:/home/matteo-melzer/ws_moveit/install/moveit_core/lib:/home/matteo-melzer/ws_moveit/install/rviz_marker_tools/lib:/home/matteo-melzer/ws_moveit/install/srdfdom/lib:/home/matteo-melzer/ws_moveit/install/moveit_task_constructor_msgs/lib:/home/matteo-melzer/ws_moveit/install/rosparam_shortcuts/lib:/home/matteo-melzer/ros2_ws/install/tutorial_interfaces/lib:/home/matteo-melzer/ros2_ws/install/turtlesim/lib:/opt/ros/humble/opt/rviz_ogre_vendor/lib:/opt/ros/humble/lib/x86_64-linux-gnu:/opt/ros/humble/lib PATH=/home/matteo-melzer/ws_moveit/install/moveit_core/bin:${PATH} PYTHONPATH=/home/matteo-melzer/ws_moveit/install/moveit_task_constructor_core/local/lib/python3.10/dist-packages:/home/matteo-melzer/ws_moveit/install/moveit_configs_utils/lib/python3.10/site-packages:/home/matteo-melzer/ws_moveit/install/launch_param_builder/lib/python3.10/site-packages:/home/matteo-melzer/ros2_ws/install/py_srvcli/lib/python3.10/site-packages:/home/matteo-melzer/ros2_ws/install/py_pubsub/lib/python3.10/site-packages:/home/matteo-melzer/ros2_ws/install/tutorial_interfaces/local/lib/python3.10/dist-packages:/home/matteo-melzer/ros2_ws/install/turtlesim/local/lib/python3.10/dist-packages:/home/matteo-melzer/ws_moveit/install/srdfdom/local/lib/python3.10/dist-packages:/home/matteo-melzer/ws_moveit/install/moveit_task_constructor_msgs/local/lib/python3.10/dist-packages:/opt/ros/humble/lib/python3.10/site-packages:/opt/ros/humble/local/lib/python3.10/dist-packages /usr/bin/cmake --install /home/matteo-melzer/ws_moveit/build/moveit_task_constructor_visualization
[217.558s] -- Install configuration: "Release"
[217.559s] -- Installing: /home/matteo-melzer/ws_moveit/install/moveit_task_constructor_visualization/include
[217.560s] -- Installing: /home/matteo-melzer/ws_moveit/install/moveit_task_constructor_visualization/include/moveit
[217.561s] -- Installing: /home/matteo-melzer/ws_moveit/install/moveit_task_constructor_visualization/include/moveit/visualization_tools
[217.561s] -- Installing: /home/matteo-melzer/ws_moveit/install/moveit_task_constructor_visualization/include/moveit/visualization_tools/marker_visualization.h
[217.562s] -- Installing: /home/matteo-melzer/ws_moveit/install/moveit_task_constructor_visualization/include/moveit/visualization_tools/task_solution_panel.h
[217.563s] -- Installing: /home/matteo-melzer/ws_moveit/install/moveit_task_constructor_visualization/include/moveit/visualization_tools/task_solution_visualization.h
[217.565s] -- Installing: /home/matteo-melzer/ws_moveit/install/moveit_task_constructor_visualization/include/moveit/visualization_tools/display_solution.h
[217.565s] -- Installing: /home/matteo-melzer/ws_moveit/install/moveit_task_constructor_visualization/lib/libmoveit_task_visualization_tools.so.0.1.3
[217.567s] -- Set runtime path of "/home/matteo-melzer/ws_moveit/install/moveit_task_constructor_visualization/lib/libmoveit_task_visualization_tools.so.0.1.3" to ""
[217.567s] -- Installing: /home/matteo-melzer/ws_moveit/install/moveit_task_constructor_visualization/lib/libmoveit_task_visualization_tools.so
[217.568s] -- Installing: /home/matteo-melzer/ws_moveit/install/moveit_task_constructor_visualization/lib/libmotion_planning_tasks_utils.so
[217.570s] -- Installing: /home/matteo-melzer/ws_moveit/install/moveit_task_constructor_visualization/lib/libmotion_planning_tasks_properties.so
[217.573s] -- Set runtime path of "/home/matteo-melzer/ws_moveit/install/moveit_task_constructor_visualization/lib/libmotion_planning_tasks_properties.so" to ""
[217.573s] -- Installing: /home/matteo-melzer/ws_moveit/install/moveit_task_constructor_visualization/lib/libmotion_planning_tasks_rviz_plugin.so.0.1.3
[217.588s] -- Set runtime path of "/home/matteo-melzer/ws_moveit/install/moveit_task_constructor_visualization/lib/libmotion_planning_tasks_rviz_plugin.so.0.1.3" to ""
[217.589s] -- Installing: /home/matteo-melzer/ws_moveit/install/moveit_task_constructor_visualization/lib/libmotion_planning_tasks_rviz_plugin.so
[217.590s] -- Installing: /home/matteo-melzer/ws_moveit/install/moveit_task_constructor_visualization/share/icons
[217.591s] -- Installing: /home/matteo-melzer/ws_moveit/install/moveit_task_constructor_visualization/share/icons/classes
[217.591s] -- Installing: /home/matteo-melzer/ws_moveit/install/moveit_task_constructor_visualization/share/icons/classes/Motion Planning Tasks.svg
[217.596s] -- Installing: /home/matteo-melzer/ws_moveit/install/moveit_task_constructor_visualization/share/moveit_task_constructor_visualization/motion_planning_tasks_rviz_plugin_description.xml
[217.597s] -- Installing: /home/matteo-melzer/ws_moveit/install/moveit_task_constructor_visualization/share/moveit_task_constructor_visualization/environment/library_path.sh
[217.599s] -- Installing: /home/matteo-melzer/ws_moveit/install/moveit_task_constructor_visualization/share/moveit_task_constructor_visualization/environment/library_path.dsv
[217.600s] -- Installing: /home/matteo-melzer/ws_moveit/install/moveit_task_constructor_visualization/share/ament_index/resource_index/package_run_dependencies/moveit_task_constructor_visualization
[217.601s] -- Installing: /home/matteo-melzer/ws_moveit/install/moveit_task_constructor_visualization/share/ament_index/resource_index/parent_prefix_path/moveit_task_constructor_visualization
[217.603s] -- Installing: /home/matteo-melzer/ws_moveit/install/moveit_task_constructor_visualization/share/moveit_task_constructor_visualization/environment/ament_prefix_path.sh
[217.604s] -- Installing: /home/matteo-melzer/ws_moveit/install/moveit_task_constructor_visualization/share/moveit_task_constructor_visualization/environment/ament_prefix_path.dsv
[217.604s] -- Installing: /home/matteo-melzer/ws_moveit/install/moveit_task_constructor_visualization/share/moveit_task_constructor_visualization/environment/path.sh
[217.604s] -- Installing: /home/matteo-melzer/ws_moveit/install/moveit_task_constructor_visualization/share/moveit_task_constructor_visualization/environment/path.dsv
[217.607s] -- Installing: /home/matteo-melzer/ws_moveit/install/moveit_task_constructor_visualization/share/moveit_task_constructor_visualization/local_setup.bash
[217.607s] -- Installing: /home/matteo-melzer/ws_moveit/install/moveit_task_constructor_visualization/share/moveit_task_constructor_visualization/local_setup.sh
[217.607s] -- Installing: /home/matteo-melzer/ws_moveit/install/moveit_task_constructor_visualization/share/moveit_task_constructor_visualization/local_setup.zsh
[217.609s] -- Installing: /home/matteo-melzer/ws_moveit/install/moveit_task_constructor_visualization/share/moveit_task_constructor_visualization/local_setup.dsv
[217.610s] -- Installing: /home/matteo-melzer/ws_moveit/install/moveit_task_constructor_visualization/share/moveit_task_constructor_visualization/package.dsv
[217.613s] -- Installing: /home/matteo-melzer/ws_moveit/install/moveit_task_constructor_visualization/share/ament_index/resource_index/packages/moveit_task_constructor_visualization
[217.613s] -- Installing: /home/matteo-melzer/ws_moveit/install/moveit_task_constructor_visualization/share/ament_index/resource_index/rviz_common__pluginlib__plugin/moveit_task_constructor_visualization
[217.614s] -- Installing: /home/matteo-melzer/ws_moveit/install/moveit_task_constructor_visualization/share/moveit_task_constructor_visualization/cmake/ament_cmake_export_include_directories-extras.cmake
[217.616s] -- Installing: /home/matteo-melzer/ws_moveit/install/moveit_task_constructor_visualization/share/moveit_task_constructor_visualization/cmake/ament_cmake_export_libraries-extras.cmake
[217.616s] -- Installing: /home/matteo-melzer/ws_moveit/install/moveit_task_constructor_visualization/share/moveit_task_constructor_visualization/cmake/ament_cmake_export_dependencies-extras.cmake
[217.617s] -- Installing: /home/matteo-melzer/ws_moveit/install/moveit_task_constructor_visualization/share/moveit_task_constructor_visualization/cmake/moveit_task_constructor_visualizationConfig.cmake
[217.618s] -- Installing: /home/matteo-melzer/ws_moveit/install/moveit_task_constructor_visualization/share/moveit_task_constructor_visualization/cmake/moveit_task_constructor_visualizationConfig-version.cmake
[217.619s] -- Installing: /home/matteo-melzer/ws_moveit/install/moveit_task_constructor_visualization/share/moveit_task_constructor_visualization/package.xml
[217.623s] Invoked command in '/home/matteo-melzer/ws_moveit/build/moveit_task_constructor_visualization' returned '0': AMENT_PREFIX_PATH=/home/matteo-melzer/ws_moveit/install/moveit_task_constructor_core:/home/matteo-melzer/ws_moveit/install/moveit_planners:/home/matteo-melzer/ws_moveit/install/pilz_industrial_motion_planner:/home/matteo-melzer/ws_moveit/install/moveit_ros_visualization:/home/matteo-melzer/ws_moveit/install/moveit_resources_prbt_pg70_support:/home/matteo-melzer/ws_moveit/install/moveit_ros_planning_interface:/home/matteo-melzer/ws_moveit/install/moveit_resources_prbt_moveit_config:/home/matteo-melzer/ws_moveit/install/moveit_ros_move_group:/home/matteo-melzer/ws_moveit/install/moveit_ros_warehouse:/home/matteo-melzer/ws_moveit/install/moveit_ros_robot_interaction:/home/matteo-melzer/ws_moveit/install/moveit_planners_ompl:/home/matteo-melzer/ws_moveit/install/moveit_kinematics:/home/matteo-melzer/ws_moveit/install/moveit_ros_planning:/home/matteo-melzer/ws_moveit/install/moveit_planners_chomp:/home/matteo-melzer/ws_moveit/install/pilz_industrial_motion_planner_testutils:/home/matteo-melzer/ws_moveit/install/moveit_simple_controller_manager:/home/matteo-melzer/ws_moveit/install/moveit_ros_occupancy_map_monitor:/home/matteo-melzer/ws_moveit/install/moveit_resources_prbt_ikfast_manipulator_plugin:/home/matteo-melzer/ws_moveit/install/chomp_motion_planner:/home/matteo-melzer/ws_moveit/install/moveit_core:/home/matteo-melzer/ws_moveit/install/moveit_configs_utils:/home/matteo-melzer/ws_moveit/install/launch_param_builder:/home/matteo-melzer/ws_moveit/install/ur10e_moveit_launch:/home/matteo-melzer/ws_moveit/install/rosparam_shortcuts:/home/matteo-melzer/ws_moveit/install/moveit_resources:/home/matteo-melzer/ws_moveit/install/rviz_marker_tools:/home/matteo-melzer/ros2_ws/install/ur_description:/home/matteo-melzer/ros2_ws/install/py_srvcli:/home/matteo-melzer/ros2_ws/install/py_pubsub:/home/matteo-melzer/ros2_ws/install/tutorial_interfaces:/home/matteo-melzer/ros2_ws/install/turtlesim:/home/matteo-melzer/ws_moveit/install/ur_description:/home/matteo-melzer/ws_moveit/install/srdfdom:/home/matteo-melzer/ws_moveit/install/moveit_task_constructor_msgs:/home/matteo-melzer/ws_moveit/install/moveit_resources_prbt_support:/home/matteo-melzer/ws_moveit/install/moveit_resources_pr2_description:/home/matteo-melzer/ws_moveit/install/moveit_resources_panda_moveit_config:/home/matteo-melzer/ws_moveit/install/moveit_resources_panda_description:/home/matteo-melzer/ws_moveit/install/moveit_resources_fanuc_moveit_config:/home/matteo-melzer/ws_moveit/install/moveit_resources_fanuc_description:/home/matteo-melzer/ws_moveit/install/moveit_common:/opt/ros/humble CMAKE_MODULE_PATH=/home/matteo-melzer/ws_moveit/install/moveit_task_constructor_core/share/moveit_task_constructor_core/cmake CMAKE_PREFIX_PATH=/home/matteo-melzer/ws_moveit/install/moveit_task_constructor_core:/home/matteo-melzer/ws_moveit/install/moveit_planners:/home/matteo-melzer/ws_moveit/install/pilz_industrial_motion_planner:/home/matteo-melzer/ws_moveit/install/moveit_ros_visualization:/home/matteo-melzer/ws_moveit/install/moveit_resources_prbt_pg70_support:/home/matteo-melzer/ws_moveit/install/moveit_ros_planning_interface:/home/matteo-melzer/ws_moveit/install/moveit_resources_prbt_moveit_config:/home/matteo-melzer/ws_moveit/install/moveit_ros_move_group:/home/matteo-melzer/ws_moveit/install/moveit_ros_warehouse:/home/matteo-melzer/ws_moveit/install/moveit_ros_robot_interaction:/home/matteo-melzer/ws_moveit/install/moveit_planners_ompl:/home/matteo-melzer/ws_moveit/install/moveit_kinematics:/home/matteo-melzer/ws_moveit/install/moveit_ros_planning:/home/matteo-melzer/ws_moveit/install/moveit_planners_chomp:/home/matteo-melzer/ws_moveit/install/pilz_industrial_motion_planner_testutils:/home/matteo-melzer/ws_moveit/install/moveit_simple_controller_manager:/home/matteo-melzer/ws_moveit/install/moveit_ros_occupancy_map_monitor:/home/matteo-melzer/ws_moveit/install/moveit_resources_prbt_ikfast_manipulator_plugin:/home/matteo-melzer/ws_moveit/install/chomp_motion_planner:/home/matteo-melzer/ws_moveit/install/moveit_core:/home/matteo-melzer/ws_moveit/install/rviz_marker_tools:/home/matteo-melzer/ws_moveit/install/moveit_resources_panda_moveit_config:/home/matteo-melzer/ws_moveit/install/moveit_resources_fanuc_moveit_config:/home/matteo-melzer/ws_moveit/install/srdfdom:/home/matteo-melzer/ws_moveit/install/moveit_task_constructor_msgs:/home/matteo-melzer/ws_moveit/install/moveit_resources_prbt_support:/home/matteo-melzer/ws_moveit/install/moveit_resources_pr2_description:/home/matteo-melzer/ws_moveit/install/moveit_resources_panda_description:/home/matteo-melzer/ws_moveit/install/moveit_resources_fanuc_description:/home/matteo-melzer/ws_moveit/install/moveit_common:/home/matteo-melzer/ws_moveit/install/ur10e_moveit_launch:/home/matteo-melzer/ws_moveit/install/rosparam_shortcuts:/home/matteo-melzer/ws_moveit/install/moveit_resources:/home/matteo-melzer/ros2_ws/install/ur_description:/home/matteo-melzer/ros2_ws/install/tutorial_interfaces:/home/matteo-melzer/ros2_ws/install/turtlesim:/home/matteo-melzer/ws_moveit/install/ur_description:/home/matteo-melzer/ros2_ws/install/py_srvcli:/home/matteo-melzer/ros2_ws/install/py_pubsub:/home/matteo-melzer/ws_moveit/install/moveit_configs_utils:/home/matteo-melzer/ws_moveit/install/launch_param_builder:/opt/ros/humble LD_LIBRARY_PATH=/home/matteo-melzer/ws_moveit/install/moveit_task_constructor_core/lib:/home/matteo-melzer/ws_moveit/install/pilz_industrial_motion_planner/lib:/home/matteo-melzer/ws_moveit/install/moveit_ros_visualization/lib:/home/matteo-melzer/ws_moveit/install/moveit_ros_planning_interface/lib:/home/matteo-melzer/ws_moveit/install/moveit_ros_move_group/lib:/home/matteo-melzer/ws_moveit/install/moveit_ros_warehouse/lib:/home/matteo-melzer/ws_moveit/install/moveit_ros_robot_interaction/lib:/home/matteo-melzer/ws_moveit/install/moveit_planners_ompl/lib:/home/matteo-melzer/ws_moveit/install/moveit_kinematics/lib:/home/matteo-melzer/ws_moveit/install/moveit_ros_planning/lib:/home/matteo-melzer/ws_moveit/install/moveit_planners_chomp/lib:/home/matteo-melzer/ws_moveit/install/pilz_industrial_motion_planner_testutils/lib:/home/matteo-melzer/ws_moveit/install/moveit_simple_controller_manager/lib:/home/matteo-melzer/ws_moveit/install/moveit_ros_occupancy_map_monitor/lib:/home/matteo-melzer/ws_moveit/install/moveit_resources_prbt_ikfast_manipulator_plugin/lib:/home/matteo-melzer/ws_moveit/install/chomp_motion_planner/lib:/home/matteo-melzer/ws_moveit/install/moveit_core/lib:/home/matteo-melzer/ws_moveit/install/rviz_marker_tools/lib:/home/matteo-melzer/ws_moveit/install/srdfdom/lib:/home/matteo-melzer/ws_moveit/install/moveit_task_constructor_msgs/lib:/home/matteo-melzer/ws_moveit/install/rosparam_shortcuts/lib:/home/matteo-melzer/ros2_ws/install/tutorial_interfaces/lib:/home/matteo-melzer/ros2_ws/install/turtlesim/lib:/opt/ros/humble/opt/rviz_ogre_vendor/lib:/opt/ros/humble/lib/x86_64-linux-gnu:/opt/ros/humble/lib PATH=/home/matteo-melzer/ws_moveit/install/moveit_core/bin:${PATH} PYTHONPATH=/home/matteo-melzer/ws_moveit/install/moveit_task_constructor_core/local/lib/python3.10/dist-packages:/home/matteo-melzer/ws_moveit/install/moveit_configs_utils/lib/python3.10/site-packages:/home/matteo-melzer/ws_moveit/install/launch_param_builder/lib/python3.10/site-packages:/home/matteo-melzer/ros2_ws/install/py_srvcli/lib/python3.10/site-packages:/home/matteo-melzer/ros2_ws/install/py_pubsub/lib/python3.10/site-packages:/home/matteo-melzer/ros2_ws/install/tutorial_interfaces/local/lib/python3.10/dist-packages:/home/matteo-melzer/ros2_ws/install/turtlesim/local/lib/python3.10/dist-packages:/home/matteo-melzer/ws_moveit/install/srdfdom/local/lib/python3.10/dist-packages:/home/matteo-melzer/ws_moveit/install/moveit_task_constructor_msgs/local/lib/python3.10/dist-packages:/opt/ros/humble/lib/python3.10/site-packages:/opt/ros/humble/local/lib/python3.10/dist-packages /usr/bin/cmake --install /home/matteo-melzer/ws_moveit/build/moveit_task_constructor_visualization
