[0.023s] Invoking command in '/home/matteo-melzer/ws_moveit/build/rviz_marker_tools': CMAKE_PREFIX_PATH=/home/matteo-melzer/ws_moveit/install/moveit_common:/home/matteo-melzer/ws_moveit/install/ur10e_moveit_launch:/home/matteo-melzer/ws_moveit/install/rosparam_shortcuts:/home/matteo-melzer/ws_moveit/install/moveit_resources:/home/matteo-melzer/ws_moveit/install/rviz_marker_tools:/home/matteo-melzer/ros2_ws/install/ur_description:/home/matteo-melzer/ros2_ws/install/tutorial_interfaces:/home/matteo-melzer/ros2_ws/install/turtlesim:/home/matteo-melzer/ws_moveit/install/ur_description:/home/matteo-melzer/ws_moveit/install/srdfdom:/home/matteo-melzer/ws_moveit/install/moveit_task_constructor_msgs:/home/matteo-melzer/ws_moveit/install/moveit_resources_prbt_support:/home/matteo-melzer/ws_moveit/install/moveit_resources_pr2_description:/home/matteo-melzer/ws_moveit/install/moveit_resources_panda_moveit_config:/home/matteo-melzer/ws_moveit/install/moveit_resources_panda_description:/home/matteo-melzer/ws_moveit/install/moveit_resources_fanuc_moveit_config:/home/matteo-melzer/ws_moveit/install/moveit_resources_fanuc_description:/home/matteo-melzer/ros2_ws/install/py_srvcli:/home/matteo-melzer/ros2_ws/install/py_pubsub:/home/matteo-melzer/ws_moveit/install/moveit_configs_utils:/home/matteo-melzer/ws_moveit/install/launch_param_builder:/opt/ros/humble /usr/bin/cmake --build /home/matteo-melzer/ws_moveit/build/rviz_marker_tools -- -j2 -l2
[0.153s] [35m[1mConsolidate compiler generated dependencies of target rviz_marker_tools[0m
[0.229s] [100%] Built target rviz_marker_tools
[0.261s] Invoked command in '/home/matteo-melzer/ws_moveit/build/rviz_marker_tools' returned '0': CMAKE_PREFIX_PATH=/home/matteo-melzer/ws_moveit/install/moveit_common:/home/matteo-melzer/ws_moveit/install/ur10e_moveit_launch:/home/matteo-melzer/ws_moveit/install/rosparam_shortcuts:/home/matteo-melzer/ws_moveit/install/moveit_resources:/home/matteo-melzer/ws_moveit/install/rviz_marker_tools:/home/matteo-melzer/ros2_ws/install/ur_description:/home/matteo-melzer/ros2_ws/install/tutorial_interfaces:/home/matteo-melzer/ros2_ws/install/turtlesim:/home/matteo-melzer/ws_moveit/install/ur_description:/home/matteo-melzer/ws_moveit/install/srdfdom:/home/matteo-melzer/ws_moveit/install/moveit_task_constructor_msgs:/home/matteo-melzer/ws_moveit/install/moveit_resources_prbt_support:/home/matteo-melzer/ws_moveit/install/moveit_resources_pr2_description:/home/matteo-melzer/ws_moveit/install/moveit_resources_panda_moveit_config:/home/matteo-melzer/ws_moveit/install/moveit_resources_panda_description:/home/matteo-melzer/ws_moveit/install/moveit_resources_fanuc_moveit_config:/home/matteo-melzer/ws_moveit/install/moveit_resources_fanuc_description:/home/matteo-melzer/ros2_ws/install/py_srvcli:/home/matteo-melzer/ros2_ws/install/py_pubsub:/home/matteo-melzer/ws_moveit/install/moveit_configs_utils:/home/matteo-melzer/ws_moveit/install/launch_param_builder:/opt/ros/humble /usr/bin/cmake --build /home/matteo-melzer/ws_moveit/build/rviz_marker_tools -- -j2 -l2
[0.265s] Invoking command in '/home/matteo-melzer/ws_moveit/build/rviz_marker_tools': CMAKE_PREFIX_PATH=/home/matteo-melzer/ws_moveit/install/moveit_common:/home/matteo-melzer/ws_moveit/install/ur10e_moveit_launch:/home/matteo-melzer/ws_moveit/install/rosparam_shortcuts:/home/matteo-melzer/ws_moveit/install/moveit_resources:/home/matteo-melzer/ws_moveit/install/rviz_marker_tools:/home/matteo-melzer/ros2_ws/install/ur_description:/home/matteo-melzer/ros2_ws/install/tutorial_interfaces:/home/matteo-melzer/ros2_ws/install/turtlesim:/home/matteo-melzer/ws_moveit/install/ur_description:/home/matteo-melzer/ws_moveit/install/srdfdom:/home/matteo-melzer/ws_moveit/install/moveit_task_constructor_msgs:/home/matteo-melzer/ws_moveit/install/moveit_resources_prbt_support:/home/matteo-melzer/ws_moveit/install/moveit_resources_pr2_description:/home/matteo-melzer/ws_moveit/install/moveit_resources_panda_moveit_config:/home/matteo-melzer/ws_moveit/install/moveit_resources_panda_description:/home/matteo-melzer/ws_moveit/install/moveit_resources_fanuc_moveit_config:/home/matteo-melzer/ws_moveit/install/moveit_resources_fanuc_description:/home/matteo-melzer/ros2_ws/install/py_srvcli:/home/matteo-melzer/ros2_ws/install/py_pubsub:/home/matteo-melzer/ws_moveit/install/moveit_configs_utils:/home/matteo-melzer/ws_moveit/install/launch_param_builder:/opt/ros/humble /usr/bin/cmake --install /home/matteo-melzer/ws_moveit/build/rviz_marker_tools
[0.282s] -- Install configuration: "Release"
[0.282s] -- Up-to-date: /home/matteo-melzer/ws_moveit/install/rviz_marker_tools/include
[0.283s] -- Up-to-date: /home/matteo-melzer/ws_moveit/install/rviz_marker_tools/include/rviz_marker_tools
[0.283s] -- Up-to-date: /home/matteo-melzer/ws_moveit/install/rviz_marker_tools/include/rviz_marker_tools/marker_creation.h
[0.285s] -- Up-to-date: /home/matteo-melzer/ws_moveit/install/rviz_marker_tools/lib/librviz_marker_tools.so
[0.286s] -- Up-to-date: /home/matteo-melzer/ws_moveit/install/rviz_marker_tools/share/rviz_marker_tools/environment/library_path.sh
[0.286s] -- Up-to-date: /home/matteo-melzer/ws_moveit/install/rviz_marker_tools/share/rviz_marker_tools/environment/library_path.dsv
[0.286s] -- Up-to-date: /home/matteo-melzer/ws_moveit/install/rviz_marker_tools/share/ament_index/resource_index/package_run_dependencies/rviz_marker_tools
[0.286s] -- Up-to-date: /home/matteo-melzer/ws_moveit/install/rviz_marker_tools/share/ament_index/resource_index/parent_prefix_path/rviz_marker_tools
[0.290s] -- Up-to-date: /home/matteo-melzer/ws_moveit/install/rviz_marker_tools/share/rviz_marker_tools/environment/ament_prefix_path.sh
[0.290s] -- Up-to-date: /home/matteo-melzer/ws_moveit/install/rviz_marker_tools/share/rviz_marker_tools/environment/ament_prefix_path.dsv
[0.290s] -- Up-to-date: /home/matteo-melzer/ws_moveit/install/rviz_marker_tools/share/rviz_marker_tools/environment/path.sh
[0.290s] -- Up-to-date: /home/matteo-melzer/ws_moveit/install/rviz_marker_tools/share/rviz_marker_tools/environment/path.dsv
[0.290s] -- Up-to-date: /home/matteo-melzer/ws_moveit/install/rviz_marker_tools/share/rviz_marker_tools/local_setup.bash
[0.290s] -- Up-to-date: /home/matteo-melzer/ws_moveit/install/rviz_marker_tools/share/rviz_marker_tools/local_setup.sh
[0.290s] -- Up-to-date: /home/matteo-melzer/ws_moveit/install/rviz_marker_tools/share/rviz_marker_tools/local_setup.zsh
[0.290s] -- Up-to-date: /home/matteo-melzer/ws_moveit/install/rviz_marker_tools/share/rviz_marker_tools/local_setup.dsv
[0.291s] -- Installing: /home/matteo-melzer/ws_moveit/install/rviz_marker_tools/share/rviz_marker_tools/package.dsv
[0.294s] -- Up-to-date: /home/matteo-melzer/ws_moveit/install/rviz_marker_tools/share/ament_index/resource_index/packages/rviz_marker_tools
[0.294s] -- Up-to-date: /home/matteo-melzer/ws_moveit/install/rviz_marker_tools/share/rviz_marker_tools/cmake/rviz_marker_toolsTargetsExport.cmake
[0.294s] -- Up-to-date: /home/matteo-melzer/ws_moveit/install/rviz_marker_tools/share/rviz_marker_tools/cmake/rviz_marker_toolsTargetsExport-release.cmake
[0.294s] -- Up-to-date: /home/matteo-melzer/ws_moveit/install/rviz_marker_tools/share/rviz_marker_tools/cmake/ament_cmake_export_targets-extras.cmake
[0.294s] -- Up-to-date: /home/matteo-melzer/ws_moveit/install/rviz_marker_tools/share/rviz_marker_tools/cmake/ament_cmake_export_dependencies-extras.cmake
[0.294s] -- Up-to-date: /home/matteo-melzer/ws_moveit/install/rviz_marker_tools/share/rviz_marker_tools/cmake/rviz_marker_toolsConfig.cmake
[0.294s] -- Up-to-date: /home/matteo-melzer/ws_moveit/install/rviz_marker_tools/share/rviz_marker_tools/cmake/rviz_marker_toolsConfig-version.cmake
[0.295s] -- Up-to-date: /home/matteo-melzer/ws_moveit/install/rviz_marker_tools/share/rviz_marker_tools/package.xml
[0.305s] Invoked command in '/home/matteo-melzer/ws_moveit/build/rviz_marker_tools' returned '0': CMAKE_PREFIX_PATH=/home/matteo-melzer/ws_moveit/install/moveit_common:/home/matteo-melzer/ws_moveit/install/ur10e_moveit_launch:/home/matteo-melzer/ws_moveit/install/rosparam_shortcuts:/home/matteo-melzer/ws_moveit/install/moveit_resources:/home/matteo-melzer/ws_moveit/install/rviz_marker_tools:/home/matteo-melzer/ros2_ws/install/ur_description:/home/matteo-melzer/ros2_ws/install/tutorial_interfaces:/home/matteo-melzer/ros2_ws/install/turtlesim:/home/matteo-melzer/ws_moveit/install/ur_description:/home/matteo-melzer/ws_moveit/install/srdfdom:/home/matteo-melzer/ws_moveit/install/moveit_task_constructor_msgs:/home/matteo-melzer/ws_moveit/install/moveit_resources_prbt_support:/home/matteo-melzer/ws_moveit/install/moveit_resources_pr2_description:/home/matteo-melzer/ws_moveit/install/moveit_resources_panda_moveit_config:/home/matteo-melzer/ws_moveit/install/moveit_resources_panda_description:/home/matteo-melzer/ws_moveit/install/moveit_resources_fanuc_moveit_config:/home/matteo-melzer/ws_moveit/install/moveit_resources_fanuc_description:/home/matteo-melzer/ros2_ws/install/py_srvcli:/home/matteo-melzer/ros2_ws/install/py_pubsub:/home/matteo-melzer/ws_moveit/install/moveit_configs_utils:/home/matteo-melzer/ws_moveit/install/launch_param_builder:/opt/ros/humble /usr/bin/cmake --install /home/matteo-melzer/ws_moveit/build/rviz_marker_tools
