[0.019s] Invoking command in '/home/matteo-melzer/ws_moveit/build/srdfdom': CMAKE_PREFIX_PATH=${CMAKE_PREFIX_PATH}:/home/matteo-melzer/ros2_ws/install/py_srvcli:/home/matteo-melzer/ros2_ws/install/py_pubsub:/home/matteo-melzer/ws_moveit/install/moveit_configs_utils:/home/matteo-melzer/ws_moveit/install/launch_param_builder:/opt/ros/humble /usr/bin/cmake --build /home/matteo-melzer/ws_moveit/build/srdfdom -- -j2 -l2
[0.096s] [35m[1mConsolidate compiler generated dependencies of target srdfdom[0m
[0.199s] [  0%] Built target ament_cmake_python_copy_srdfdom
[0.213s] [ 27%] Built target srdfdom
[0.213s] [35m[1mConsolidate compiler generated dependencies of target gtest_main[0m
[0.213s] [35m[1mConsolidate compiler generated dependencies of target gtest[0m
[0.232s] [ 45%] Built target gtest_main
[0.257s] [ 63%] Built target gtest
[0.300s] [35m[1mConsolidate compiler generated dependencies of target test_cpp_C[0m
[0.375s] [ 81%] Built target test_cpp_C
[0.440s] [35m[1mConsolidate compiler generated dependencies of target test_cpp_nl_NL.UTF-8[0m
[0.529s] [100%] Built target test_cpp_nl_NL.UTF-8
[0.945s] running egg_info
[0.947s] writing srdfdom.egg-info/PKG-INFO
[0.949s] writing dependency_links to srdfdom.egg-info/dependency_links.txt
[0.950s] writing top-level names to srdfdom.egg-info/top_level.txt
[0.960s] reading manifest file 'srdfdom.egg-info/SOURCES.txt'
[0.960s] writing manifest file 'srdfdom.egg-info/SOURCES.txt'
[1.004s] [100%] Built target ament_cmake_python_build_srdfdom_egg
[1.069s] Invoked command in '/home/matteo-melzer/ws_moveit/build/srdfdom' returned '0': CMAKE_PREFIX_PATH=${CMAKE_PREFIX_PATH}:/home/matteo-melzer/ros2_ws/install/py_srvcli:/home/matteo-melzer/ros2_ws/install/py_pubsub:/home/matteo-melzer/ws_moveit/install/moveit_configs_utils:/home/matteo-melzer/ws_moveit/install/launch_param_builder:/opt/ros/humble /usr/bin/cmake --build /home/matteo-melzer/ws_moveit/build/srdfdom -- -j2 -l2
[1.074s] Invoking command in '/home/matteo-melzer/ws_moveit/build/srdfdom': CMAKE_PREFIX_PATH=${CMAKE_PREFIX_PATH}:/home/matteo-melzer/ros2_ws/install/py_srvcli:/home/matteo-melzer/ros2_ws/install/py_pubsub:/home/matteo-melzer/ws_moveit/install/moveit_configs_utils:/home/matteo-melzer/ws_moveit/install/launch_param_builder:/opt/ros/humble /usr/bin/cmake --install /home/matteo-melzer/ws_moveit/build/srdfdom
[1.085s] -- Install configuration: ""
[1.086s] -- Up-to-date: /home/matteo-melzer/ws_moveit/install/srdfdom/lib/libsrdfdom.so.2.0.8
[1.087s] -- Up-to-date: /home/matteo-melzer/ws_moveit/install/srdfdom/lib/libsrdfdom.so
[1.087s] -- Up-to-date: /home/matteo-melzer/ws_moveit/install/srdfdom/include/srdfdom
[1.087s] -- Up-to-date: /home/matteo-melzer/ws_moveit/install/srdfdom/include/srdfdom/srdfdom
[1.087s] -- Up-to-date: /home/matteo-melzer/ws_moveit/install/srdfdom/include/srdfdom/srdfdom/model.h
[1.087s] -- Up-to-date: /home/matteo-melzer/ws_moveit/install/srdfdom/include/srdfdom/srdfdom/visibility_control.h
[1.087s] -- Up-to-date: /home/matteo-melzer/ws_moveit/install/srdfdom/include/srdfdom/srdfdom/srdf_writer.h
[1.090s] -- Up-to-date: /home/matteo-melzer/ws_moveit/install/srdfdom/lib/srdfdom/display_srdf
[1.090s] -- Up-to-date: /home/matteo-melzer/ws_moveit/install/srdfdom/share/srdfdom/environment/pythonpath.sh
[1.090s] -- Up-to-date: /home/matteo-melzer/ws_moveit/install/srdfdom/share/srdfdom/environment/pythonpath.dsv
[1.090s] -- Up-to-date: /home/matteo-melzer/ws_moveit/install/srdfdom/local/lib/python3.10/dist-packages/srdfdom-2.0.8-py3.10.egg-info
[1.090s] -- Installing: /home/matteo-melzer/ws_moveit/install/srdfdom/local/lib/python3.10/dist-packages/srdfdom-2.0.8-py3.10.egg-info/dependency_links.txt
[1.090s] -- Installing: /home/matteo-melzer/ws_moveit/install/srdfdom/local/lib/python3.10/dist-packages/srdfdom-2.0.8-py3.10.egg-info/SOURCES.txt
[1.090s] -- Installing: /home/matteo-melzer/ws_moveit/install/srdfdom/local/lib/python3.10/dist-packages/srdfdom-2.0.8-py3.10.egg-info/PKG-INFO
[1.090s] -- Installing: /home/matteo-melzer/ws_moveit/install/srdfdom/local/lib/python3.10/dist-packages/srdfdom-2.0.8-py3.10.egg-info/top_level.txt
[1.090s] -- Up-to-date: /home/matteo-melzer/ws_moveit/install/srdfdom/local/lib/python3.10/dist-packages/srdfdom
[1.090s] -- Up-to-date: /home/matteo-melzer/ws_moveit/install/srdfdom/local/lib/python3.10/dist-packages/srdfdom/__init__.py
[1.090s] -- Up-to-date: /home/matteo-melzer/ws_moveit/install/srdfdom/local/lib/python3.10/dist-packages/srdfdom/srdf.py
[1.126s] Listing '/home/matteo-melzer/ws_moveit/install/srdfdom/local/lib/python3.10/dist-packages/srdfdom'...
[1.132s] -- Up-to-date: /home/matteo-melzer/ws_moveit/install/srdfdom/share/srdfdom/environment/library_path.sh
[1.132s] -- Up-to-date: /home/matteo-melzer/ws_moveit/install/srdfdom/share/srdfdom/environment/library_path.dsv
[1.132s] -- Up-to-date: /home/matteo-melzer/ws_moveit/install/srdfdom/share/ament_index/resource_index/package_run_dependencies/srdfdom
[1.132s] -- Up-to-date: /home/matteo-melzer/ws_moveit/install/srdfdom/share/ament_index/resource_index/parent_prefix_path/srdfdom
[1.132s] -- Up-to-date: /home/matteo-melzer/ws_moveit/install/srdfdom/share/srdfdom/environment/ament_prefix_path.sh
[1.132s] -- Up-to-date: /home/matteo-melzer/ws_moveit/install/srdfdom/share/srdfdom/environment/ament_prefix_path.dsv
[1.133s] -- Up-to-date: /home/matteo-melzer/ws_moveit/install/srdfdom/share/srdfdom/environment/path.sh
[1.133s] -- Up-to-date: /home/matteo-melzer/ws_moveit/install/srdfdom/share/srdfdom/environment/path.dsv
[1.133s] -- Up-to-date: /home/matteo-melzer/ws_moveit/install/srdfdom/share/srdfdom/local_setup.bash
[1.133s] -- Up-to-date: /home/matteo-melzer/ws_moveit/install/srdfdom/share/srdfdom/local_setup.sh
[1.133s] -- Up-to-date: /home/matteo-melzer/ws_moveit/install/srdfdom/share/srdfdom/local_setup.zsh
[1.133s] -- Up-to-date: /home/matteo-melzer/ws_moveit/install/srdfdom/share/srdfdom/local_setup.dsv
[1.134s] -- Installing: /home/matteo-melzer/ws_moveit/install/srdfdom/share/srdfdom/package.dsv
[1.134s] -- Up-to-date: /home/matteo-melzer/ws_moveit/install/srdfdom/share/ament_index/resource_index/packages/srdfdom
[1.135s] -- Up-to-date: /home/matteo-melzer/ws_moveit/install/srdfdom/share/srdfdom/cmake/srdfdomTargetsExport.cmake
[1.135s] -- Up-to-date: /home/matteo-melzer/ws_moveit/install/srdfdom/share/srdfdom/cmake/srdfdomTargetsExport-noconfig.cmake
[1.135s] -- Up-to-date: /home/matteo-melzer/ws_moveit/install/srdfdom/share/srdfdom/cmake/ament_cmake_export_targets-extras.cmake
[1.135s] -- Up-to-date: /home/matteo-melzer/ws_moveit/install/srdfdom/share/srdfdom/cmake/ament_cmake_export_dependencies-extras.cmake
[1.135s] -- Up-to-date: /home/matteo-melzer/ws_moveit/install/srdfdom/share/srdfdom/cmake/srdfdomConfig.cmake
[1.135s] -- Up-to-date: /home/matteo-melzer/ws_moveit/install/srdfdom/share/srdfdom/cmake/srdfdomConfig-version.cmake
[1.135s] -- Up-to-date: /home/matteo-melzer/ws_moveit/install/srdfdom/share/srdfdom/package.xml
[1.140s] Invoked command in '/home/matteo-melzer/ws_moveit/build/srdfdom' returned '0': CMAKE_PREFIX_PATH=${CMAKE_PREFIX_PATH}:/home/matteo-melzer/ros2_ws/install/py_srvcli:/home/matteo-melzer/ros2_ws/install/py_pubsub:/home/matteo-melzer/ws_moveit/install/moveit_configs_utils:/home/matteo-melzer/ws_moveit/install/launch_param_builder:/opt/ros/humble /usr/bin/cmake --install /home/matteo-melzer/ws_moveit/build/srdfdom
