[35m[1mConsolidate compiler generated dependencies of target moveit_exceptions[0m
[35m[1mConsolidate compiler generated dependencies of target moveit_transforms[0m
[  1%] Built target moveit_exceptions
[  2%] Built target moveit_transforms
[35m[1mConsolidate compiler generated dependencies of target moveit_kinematics_base[0m
[35m[1mConsolidate compiler generated dependencies of target moveit_distance_field[0m
[  3%] Built target moveit_kinematics_base
[35m[1mConsolidate compiler generated dependencies of target moveit_utils[0m
[  6%] Built target moveit_distance_field
[  9%] Built target moveit_utils
[35m[1mConsolidate compiler generated dependencies of target gtest_main[0m
[35m[1mConsolidate compiler generated dependencies of target gtest[0m
[ 10%] Built target gtest_main
[35m[1mConsolidate compiler generated dependencies of target gmock[0m
[ 11%] Built target gtest
[35m[1mConsolidate compiler generated dependencies of target gmock_main[0m
[ 13%] Built target gmock
[ 14%] Built target gmock_main
[35m[1mConsolidate compiler generated dependencies of target test_voxel_grid[0m
[35m[1mConsolidate compiler generated dependencies of target test_distance_field[0m
[ 15%] Built target test_voxel_grid
[35m[1mConsolidate compiler generated dependencies of target moveit_smoothing_base[0m
[ 16%] Built target test_distance_field
[ 17%] Built target moveit_smoothing_base
[ 19%] Built target moveit_butterworth_parameters
[ 19%] [32mBuilding CXX object version/CMakeFiles/moveit_version.dir/version.cpp.o[0m
[ 19%] [32mBuilding CXX object transforms/CMakeFiles/test_transforms.dir/test/test_transforms.cpp.o[0m
[ 20%] [32m[1mLinking CXX executable moveit_version[0m
[ 20%] Built target moveit_version
[ 20%] [32mBuilding CXX object robot_model/CMakeFiles/moveit_robot_model.dir/src/aabb.cpp.o[0m
[ 21%] [32mBuilding CXX object robot_model/CMakeFiles/moveit_robot_model.dir/src/fixed_joint_model.cpp.o[0m
[ 22%] [32m[1mLinking CXX executable test_transforms[0m
[ 22%] Built target test_transforms
[ 22%] [32mBuilding CXX object robot_model/CMakeFiles/moveit_robot_model.dir/src/floating_joint_model.cpp.o[0m
[ 23%] [32mBuilding CXX object robot_model/CMakeFiles/moveit_robot_model.dir/src/joint_model.cpp.o[0m
[ 23%] [32mBuilding CXX object robot_model/CMakeFiles/moveit_robot_model.dir/src/joint_model_group.cpp.o[0m
[ 24%] [32mBuilding CXX object robot_model/CMakeFiles/moveit_robot_model.dir/src/link_model.cpp.o[0m
[ 25%] [32mBuilding CXX object robot_model/CMakeFiles/moveit_robot_model.dir/src/planar_joint_model.cpp.o[0m
[ 25%] [32mBuilding CXX object robot_model/CMakeFiles/moveit_robot_model.dir/src/prismatic_joint_model.cpp.o[0m
[ 26%] [32mBuilding CXX object robot_model/CMakeFiles/moveit_robot_model.dir/src/revolute_joint_model.cpp.o[0m
[ 26%] [32mBuilding CXX object robot_model/CMakeFiles/moveit_robot_model.dir/src/robot_model.cpp.o[0m
[ 27%] [32m[1mLinking CXX shared library libmoveit_robot_model.so[0m
[ 27%] Built target moveit_robot_model
[ 29%] [32mBuilding CXX object robot_state/CMakeFiles/moveit_robot_state.dir/src/attached_body.cpp.o[0m
[ 29%] [32mBuilding CXX object utils/CMakeFiles/moveit_test_utils.dir/src/robot_model_test_utils.cpp.o[0m
[ 29%] [32mBuilding CXX object robot_state/CMakeFiles/moveit_robot_state.dir/src/conversions.cpp.o[0m
[ 30%] [32m[1mLinking CXX shared library libmoveit_test_utils.so[0m
[ 30%] Built target moveit_test_utils
[ 31%] [32mBuilding CXX object online_signal_smoothing/CMakeFiles/moveit_butterworth_filter.dir/src/butterworth_filter.cpp.o[0m
[ 32%] [32mBuilding CXX object robot_state/CMakeFiles/moveit_robot_state.dir/src/robot_state.cpp.o[0m
[ 32%] [32m[1mLinking CXX shared library libmoveit_butterworth_filter.so[0m
[ 32%] Built target moveit_butterworth_filter
[ 33%] [32mBuilding CXX object robot_model/CMakeFiles/test_robot_model.dir/test/test.cpp.o[0m
[ 33%] [32m[1mLinking CXX executable test_robot_model[0m
[ 33%] Built target test_robot_model
[ 33%] [32mBuilding CXX object robot_state/CMakeFiles/moveit_robot_state.dir/src/cartesian_interpolator.cpp.o[0m
[ 34%] [32m[1mLinking CXX shared library libmoveit_robot_state.so[0m
[ 34%] Built target moveit_robot_state
[ 34%] [32mBuilding CXX object collision_detection/CMakeFiles/moveit_collision_detection.dir/src/allvalid/collision_env_allvalid.cpp.o[0m
[ 34%] [32mBuilding CXX object online_signal_smoothing/CMakeFiles/test_butterworth_filter.dir/test/test_butterworth_filter.cpp.o[0m
[ 35%] [32mBuilding CXX object collision_detection/CMakeFiles/moveit_collision_detection.dir/src/collision_common.cpp.o[0m
[ 36%] [32m[1mLinking CXX executable test_butterworth_filter[0m
[ 36%] Built target test_butterworth_filter
[ 36%] [32mBuilding CXX object collision_detection/CMakeFiles/moveit_collision_detection.dir/src/collision_matrix.cpp.o[0m
[ 37%] [32mBuilding CXX object collision_detection/CMakeFiles/moveit_collision_detection.dir/src/collision_octomap_filter.cpp.o[0m
[ 38%] [32mBuilding CXX object collision_detection/CMakeFiles/moveit_collision_detection.dir/src/collision_tools.cpp.o[0m
[ 39%] [32mBuilding CXX object robot_trajectory/CMakeFiles/moveit_robot_trajectory.dir/src/robot_trajectory.cpp.o[0m
[ 39%] [32mBuilding CXX object collision_detection/CMakeFiles/moveit_collision_detection.dir/src/world.cpp.o[0m
[ 40%] [32mBuilding CXX object collision_detection/CMakeFiles/moveit_collision_detection.dir/src/world_diff.cpp.o[0m
[ 40%] [32m[1mLinking CXX shared library libmoveit_robot_trajectory.so[0m
[ 40%] Built target moveit_robot_trajectory
[ 40%] [32mBuilding CXX object collision_detection/CMakeFiles/moveit_collision_detection.dir/src/collision_env.cpp.o[0m
[ 41%] [32mBuilding CXX object collision_detection/CMakeFiles/moveit_collision_detection.dir/src/collision_plugin_cache.cpp.o[0m
[ 41%] [32m[1mLinking CXX shared library libmoveit_collision_detection.so[0m
[ 41%] Built target moveit_collision_detection
[ 41%] [32mBuilding CXX object dynamics_solver/CMakeFiles/moveit_dynamics_solver.dir/src/dynamics_solver.cpp.o[0m
[ 42%] [32mBuilding CXX object kinematics_metrics/CMakeFiles/moveit_kinematics_metrics.dir/src/kinematics_metrics.cpp.o[0m
[ 43%] [32m[1mLinking CXX shared library libmoveit_dynamics_solver.so[0m
[ 43%] Built target moveit_dynamics_solver
[ 44%] [32mBuilding CXX object planning_interface/CMakeFiles/moveit_planning_interface.dir/src/planning_interface.cpp.o[0m
[ 45%] [32mBuilding CXX object planning_interface/CMakeFiles/moveit_planning_interface.dir/src/planning_response.cpp.o[0m
[ 45%] [32m[1mLinking CXX shared library libmoveit_planning_interface.so[0m
[ 45%] Built target moveit_planning_interface
[ 46%] [32mBuilding CXX object robot_state/CMakeFiles/test_robot_state.dir/test/robot_state_test.cpp.o[0m
[ 46%] [32m[1mLinking CXX shared library libmoveit_kinematics_metrics.so[0m
[ 46%] Built target moveit_kinematics_metrics
[ 46%] [32mBuilding CXX object robot_state/CMakeFiles/test_robot_state_benchmark.dir/test/robot_state_benchmark.cpp.o[0m
[ 47%] [32m[1mLinking CXX executable test_robot_state_benchmark[0m
[ 47%] Built target test_robot_state_benchmark
[ 48%] [32m[1mLinking CXX executable test_robot_state[0m
[ 48%] Built target test_robot_state
[ 48%] [32mBuilding CXX object robot_state/CMakeFiles/test_robot_state_complex.dir/test/test_kinematic_complex.cpp.o[0m
[ 49%] [32m[1mLinking CXX executable test_robot_state_complex[0m
[ 49%] Built target test_robot_state_complex
[ 49%] [32mBuilding CXX object robot_state/CMakeFiles/test_aabb.dir/test/test_aabb.cpp.o[0m
[ 50%] [32m[1mLinking CXX executable test_aabb[0m
[ 50%] Built target test_aabb
[ 51%] [32mBuilding CXX object robot_state/CMakeFiles/test_cartesian_interpolator.dir/test/test_cartesian_interpolator.cpp.o[0m
[ 51%] [32m[1mLinking CXX executable test_cartesian_interpolator[0m
[ 51%] Built target test_cartesian_interpolator
[ 52%] [32mBuilding CXX object robot_trajectory/CMakeFiles/test_robot_trajectory.dir/test/test_robot_trajectory.cpp.o[0m
[ 52%] [32m[1mLinking CXX executable test_robot_trajectory[0m
[ 52%] Built target test_robot_trajectory
[ 53%] [32mBuilding CXX object collision_detection/CMakeFiles/test_world.dir/test/test_world.cpp.o[0m
[ 53%] [32m[1mLinking CXX executable test_world[0m
[ 53%] Built target test_world
[ 54%] [32mBuilding CXX object collision_detection/CMakeFiles/test_world_diff.dir/test/test_world_diff.cpp.o[0m
[ 55%] [32m[1mLinking CXX executable test_world_diff[0m
[ 55%] Built target test_world_diff
[ 56%] [32mBuilding CXX object collision_detection/CMakeFiles/test_all_valid.dir/test/test_all_valid.cpp.o[0m
[ 56%] [32m[1mLinking CXX executable test_all_valid[0m
[ 56%] Built target test_all_valid
[ 57%] [32mBuilding CXX object collision_detection_bullet/CMakeFiles/moveit_collision_detection_bullet.dir/src/bullet_integration/bullet_utils.cpp.o[0m
[ 58%] [32mBuilding CXX object collision_detection_bullet/CMakeFiles/moveit_collision_detection_bullet.dir/src/bullet_integration/bullet_discrete_bvh_manager.cpp.o[0m
[ 58%] [32mBuilding CXX object collision_detection_bullet/CMakeFiles/moveit_collision_detection_bullet.dir/src/bullet_integration/bullet_cast_bvh_manager.cpp.o[0m
[ 59%] [32mBuilding CXX object collision_detection_bullet/CMakeFiles/moveit_collision_detection_bullet.dir/src/collision_env_bullet.cpp.o[0m
[ 59%] [32mBuilding CXX object collision_detection_bullet/CMakeFiles/moveit_collision_detection_bullet.dir/src/bullet_integration/bullet_bvh_manager.cpp.o[0m
[ 60%] [32mBuilding CXX object collision_detection_bullet/CMakeFiles/moveit_collision_detection_bullet.dir/src/bullet_integration/contact_checker_common.cpp.o[0m
[ 61%] [32mBuilding CXX object collision_detection_bullet/CMakeFiles/moveit_collision_detection_bullet.dir/src/bullet_integration/ros_bullet_utils.cpp.o[0m
[ 61%] [32m[1mLinking CXX shared library libmoveit_collision_detection_bullet.so[0m
[ 61%] Built target moveit_collision_detection_bullet
[ 62%] [32mBuilding CXX object collision_detection_fcl/CMakeFiles/moveit_collision_detection_fcl.dir/src/collision_common.cpp.o[0m
[ 62%] [32mBuilding CXX object collision_detection_fcl/CMakeFiles/moveit_collision_detection_fcl.dir/src/collision_env_fcl.cpp.o[0m
[ 63%] [32m[1mLinking CXX shared library libmoveit_collision_detection_fcl.so[0m
[ 63%] Built target moveit_collision_detection_fcl
[ 63%] [32mBuilding CXX object trajectory_processing/CMakeFiles/moveit_trajectory_processing.dir/src/iterative_time_parameterization.cpp.o[0m
[ 64%] [32mBuilding CXX object trajectory_processing/CMakeFiles/moveit_trajectory_processing.dir/src/iterative_spline_parameterization.cpp.o[0m
[ 64%] [32mBuilding CXX object trajectory_processing/CMakeFiles/moveit_trajectory_processing.dir/src/ruckig_traj_smoothing.cpp.o[0m
[ 65%] [32mBuilding CXX object trajectory_processing/CMakeFiles/moveit_trajectory_processing.dir/src/trajectory_tools.cpp.o[0m
[ 65%] [32mBuilding CXX object trajectory_processing/CMakeFiles/moveit_trajectory_processing.dir/src/time_optimal_trajectory_generation.cpp.o[0m
[ 66%] [32m[1mLinking CXX shared library libmoveit_trajectory_processing.so[0m
[ 66%] Built target moveit_trajectory_processing
[ 67%] [32mBuilding CXX object collision_detection_bullet/CMakeFiles/test_bullet_collision_detection.dir/test/test_bullet_collision_detection_pr2.cpp.o[0m
[ 68%] [32mBuilding CXX object collision_detection_bullet/CMakeFiles/test_bullet_collision_detection_panda.dir/test/test_bullet_collision_detection_panda.cpp.o[0m
[ 68%] [32m[1mLinking CXX executable test_bullet_collision_detection[0m
[ 68%] Built target test_bullet_collision_detection
[ 68%] [32mBuilding CXX object collision_detection_bullet/CMakeFiles/test_bullet_continuous_collision_checking.dir/test/test_bullet_continuous_collision_checking.cpp.o[0m
[ 69%] [32m[1mLinking CXX executable test_bullet_collision_detection_panda[0m
[ 69%] Built target test_bullet_collision_detection_panda
[ 69%] [32mBuilding CXX object collision_detection_fcl/CMakeFiles/test_fcl_collision_env.dir/test/test_fcl_env.cpp.o[0m
[ 70%] [32m[1mLinking CXX executable test_bullet_continuous_collision_checking[0m
[ 70%] Built target test_bullet_continuous_collision_checking
[ 71%] [32m[1mLinking CXX executable test_fcl_collision_env[0m
[ 71%] Built target test_fcl_collision_env
[ 72%] [32mBuilding CXX object collision_detection_fcl/CMakeFiles/test_fcl_collision_detection.dir/test/test_fcl_collision_detection_pr2.cpp.o[0m
[ 72%] [32m[1mLinking CXX executable test_fcl_collision_detection[0m
[ 72%] Built target test_fcl_collision_detection
[ 73%] [32mBuilding CXX object collision_detection_fcl/CMakeFiles/test_fcl_collision_detection_panda.dir/test/test_fcl_collision_detection_panda.cpp.o[0m
[ 74%] [32mBuilding CXX object kinematic_constraints/CMakeFiles/moveit_kinematic_constraints.dir/src/kinematic_constraint.cpp.o[0m
[ 75%] [32m[1mLinking CXX executable test_fcl_collision_detection_panda[0m
[ 75%] Built target test_fcl_collision_detection_panda
[ 75%] [32mBuilding CXX object trajectory_processing/CMakeFiles/test_time_parameterization.dir/test/test_time_parameterization.cpp.o[0m
[ 75%] [32mBuilding CXX object kinematic_constraints/CMakeFiles/moveit_kinematic_constraints.dir/src/utils.cpp.o[0m
[ 76%] [32m[1mLinking CXX executable test_time_parameterization[0m
[ 76%] Built target test_time_parameterization
[ 77%] [32mBuilding CXX object trajectory_processing/CMakeFiles/test_time_optimal_trajectory_generation.dir/test/test_time_optimal_trajectory_generation.cpp.o[0m
[ 78%] [32m[1mLinking CXX shared library libmoveit_kinematic_constraints.so[0m
[ 78%] Built target moveit_kinematic_constraints
[ 79%] [32mBuilding CXX object trajectory_processing/CMakeFiles/test_ruckig_traj_smoothing.dir/test/test_ruckig_traj_smoothing.cpp.o[0m
[ 80%] [32m[1mLinking CXX executable test_time_optimal_trajectory_generation[0m
[ 80%] Built target test_time_optimal_trajectory_generation
[ 81%] [32mBuilding CXX object planning_scene/CMakeFiles/moveit_planning_scene.dir/src/planning_scene.cpp.o[0m
[ 81%] [32m[1mLinking CXX executable test_ruckig_traj_smoothing[0m
[ 81%] Built target test_ruckig_traj_smoothing
[ 81%] [32mBuilding CXX object kinematic_constraints/CMakeFiles/test_constraints.dir/test/test_constraints.cpp.o[0m
[ 82%] [32m[1mLinking CXX executable test_constraints[0m
[ 82%] Built target test_constraints
[ 83%] [32mBuilding CXX object kinematic_constraints/CMakeFiles/test_orientation_constraints.dir/test/test_orientation_constraints.cpp.o[0m
[ 84%] [32m[1mLinking CXX shared library libmoveit_planning_scene.so[0m
[ 84%] Built target moveit_planning_scene
[ 85%] [32mBuilding CXX object collision_distance_field/CMakeFiles/moveit_collision_distance_field.dir/src/collision_distance_field_types.cpp.o[0m
[ 85%] [32m[1mLinking CXX executable test_orientation_constraints[0m
[ 85%] Built target test_orientation_constraints
[ 85%] [32mBuilding CXX object collision_distance_field/CMakeFiles/moveit_collision_distance_field.dir/src/collision_common_distance_field.cpp.o[0m
[ 86%] [32mBuilding CXX object collision_distance_field/CMakeFiles/moveit_collision_distance_field.dir/src/collision_env_distance_field.cpp.o[0m
[ 86%] [32mBuilding CXX object collision_distance_field/CMakeFiles/moveit_collision_distance_field.dir/src/collision_env_hybrid.cpp.o[0m
[ 87%] [32mBuilding CXX object constraint_samplers/CMakeFiles/moveit_constraint_samplers.dir/src/constraint_sampler.cpp.o[0m
[ 87%] [32mBuilding CXX object constraint_samplers/CMakeFiles/moveit_constraint_samplers.dir/src/constraint_sampler_manager.cpp.o[0m
[ 88%] [32m[1mLinking CXX shared library libmoveit_collision_distance_field.so[0m
[ 88%] Built target moveit_collision_distance_field
[ 89%] [32mBuilding CXX object planning_request_adapter/CMakeFiles/moveit_planning_request_adapter.dir/src/planning_request_adapter.cpp.o[0m
[ 90%] [32mBuilding CXX object constraint_samplers/CMakeFiles/moveit_constraint_samplers.dir/src/constraint_sampler_tools.cpp.o[0m
[ 90%] [32m[1mLinking CXX shared library libmoveit_planning_request_adapter.so[0m
[ 90%] Built target moveit_planning_request_adapter
[ 91%] [32mBuilding CXX object planning_scene/CMakeFiles/test_planning_scene.dir/test/test_planning_scene.cpp.o[0m
[ 91%] [32mBuilding CXX object constraint_samplers/CMakeFiles/moveit_constraint_samplers.dir/src/default_constraint_samplers.cpp.o[0m
[ 91%] [32m[1mLinking CXX executable test_planning_scene[0m
[ 91%] Built target test_planning_scene
[ 92%] [32mBuilding CXX object constraint_samplers/CMakeFiles/moveit_constraint_samplers.dir/src/union_constraint_sampler.cpp.o[0m
[ 92%] [32m[1mLinking CXX shared library libmoveit_constraint_samplers.so[0m
[ 92%] Built target moveit_constraint_samplers
[ 93%] [32mBuilding CXX object planning_scene/CMakeFiles/test_collision_objects.dir/test/test_collision_objects.cpp.o[0m
[ 93%] [32mBuilding CXX object planning_scene/CMakeFiles/test_multi_threaded.dir/test/test_multi_threaded.cpp.o[0m
[ 93%] [32m[1mLinking CXX executable test_collision_objects[0m
[ 94%] [32m[1mLinking CXX executable test_multi_threaded[0m
[ 94%] Built target test_collision_objects
[ 94%] Built target test_multi_threaded
[ 94%] [32mBuilding CXX object collision_detection_bullet/CMakeFiles/collision_detector_bullet_plugin.dir/src/collision_detector_bullet_plugin_loader.cpp.o[0m
[ 94%] [32mBuilding CXX object collision_detection_fcl/CMakeFiles/collision_detector_fcl_plugin.dir/src/collision_detector_fcl_plugin_loader.cpp.o[0m
[ 95%] [32m[1mLinking CXX shared library libcollision_detector_bullet_plugin.so[0m
[ 95%] Built target collision_detector_bullet_plugin
[ 96%] [32m[1mLinking CXX shared library libcollision_detector_fcl_plugin.so[0m
[ 96%] Built target collision_detector_fcl_plugin
[ 97%] [32mBuilding CXX object collision_distance_field/CMakeFiles/test_collision_distance_field.dir/test/test_collision_distance_field.cpp.o[0m
[ 97%] [32m[1mLinking CXX executable test_collision_distance_field[0m
[ 97%] Built target test_collision_distance_field
[ 98%] [32mBuilding CXX object constraint_samplers/CMakeFiles/test_constraint_samplers.dir/test/test_constraint_samplers.cpp.o[0m
[ 99%] [32mBuilding CXX object constraint_samplers/CMakeFiles/test_constraint_samplers.dir/test/pr2_arm_kinematics_plugin.cpp.o[0m
[ 99%] [32mBuilding CXX object constraint_samplers/CMakeFiles/test_constraint_samplers.dir/test/pr2_arm_ik.cpp.o[0m
[100%] [32m[1mLinking CXX executable test_constraint_samplers[0m
[100%] Built target test_constraint_samplers
-- Install configuration: "Release"
-- Installing: /home/matteo-melzer/ws_moveit/install/moveit_core/include/moveit/version.h
-- Up-to-date: /home/matteo-melzer/ws_moveit/install/moveit_core/include
-- Up-to-date: /home/matteo-melzer/ws_moveit/install/moveit_core/include/moveit
-- Installing: /home/matteo-melzer/ws_moveit/install/moveit_core/include/moveit/collision_distance_field
-- Installing: /home/matteo-melzer/ws_moveit/install/moveit_core/include/moveit/collision_distance_field/collision_common_distance_field.h
-- Installing: /home/matteo-melzer/ws_moveit/install/moveit_core/include/moveit/collision_distance_field/collision_detector_allocator_distance_field.h
-- Installing: /home/matteo-melzer/ws_moveit/install/moveit_core/include/moveit/collision_distance_field/collision_detector_allocator_hybrid.h
-- Installing: /home/matteo-melzer/ws_moveit/install/moveit_core/include/moveit/collision_distance_field/collision_env_distance_field.h
-- Installing: /home/matteo-melzer/ws_moveit/install/moveit_core/include/moveit/collision_distance_field/collision_distance_field_types.h
-- Installing: /home/matteo-melzer/ws_moveit/install/moveit_core/include/moveit/collision_distance_field/collision_env_hybrid.h
-- Installing: /home/matteo-melzer/ws_moveit/install/moveit_core/include/moveit_collision_distance_field_export.h
-- Up-to-date: /home/matteo-melzer/ws_moveit/install/moveit_core/include
-- Up-to-date: /home/matteo-melzer/ws_moveit/install/moveit_core/include/moveit
-- Installing: /home/matteo-melzer/ws_moveit/install/moveit_core/include/moveit/constraint_samplers
-- Installing: /home/matteo-melzer/ws_moveit/install/moveit_core/include/moveit/constraint_samplers/constraint_sampler_manager.h
-- Installing: /home/matteo-melzer/ws_moveit/install/moveit_core/include/moveit/constraint_samplers/constraint_sampler_tools.h
-- Installing: /home/matteo-melzer/ws_moveit/install/moveit_core/include/moveit/constraint_samplers/default_constraint_samplers.h
-- Installing: /home/matteo-melzer/ws_moveit/install/moveit_core/include/moveit/constraint_samplers/constraint_sampler.h
-- Installing: /home/matteo-melzer/ws_moveit/install/moveit_core/include/moveit/constraint_samplers/constraint_sampler_allocator.h
-- Installing: /home/matteo-melzer/ws_moveit/install/moveit_core/include/moveit/constraint_samplers/union_constraint_sampler.h
-- Up-to-date: /home/matteo-melzer/ws_moveit/install/moveit_core/include
-- Up-to-date: /home/matteo-melzer/ws_moveit/install/moveit_core/include/moveit
-- Installing: /home/matteo-melzer/ws_moveit/install/moveit_core/include/moveit/controller_manager
-- Installing: /home/matteo-melzer/ws_moveit/install/moveit_core/include/moveit/controller_manager/controller_manager.h
-- Up-to-date: /home/matteo-melzer/ws_moveit/install/moveit_core/include
-- Up-to-date: /home/matteo-melzer/ws_moveit/install/moveit_core/include/moveit
-- Installing: /home/matteo-melzer/ws_moveit/install/moveit_core/include/moveit/distance_field
-- Installing: /home/matteo-melzer/ws_moveit/install/moveit_core/include/moveit/distance_field/voxel_grid.h
-- Installing: /home/matteo-melzer/ws_moveit/install/moveit_core/include/moveit/distance_field/distance_field.h
-- Installing: /home/matteo-melzer/ws_moveit/install/moveit_core/include/moveit/distance_field/find_internal_points.h
-- Installing: /home/matteo-melzer/ws_moveit/install/moveit_core/include/moveit/distance_field/propagation_distance_field.h
-- Up-to-date: /home/matteo-melzer/ws_moveit/install/moveit_core/include
-- Up-to-date: /home/matteo-melzer/ws_moveit/install/moveit_core/include/moveit
-- Installing: /home/matteo-melzer/ws_moveit/install/moveit_core/include/moveit/dynamics_solver
-- Installing: /home/matteo-melzer/ws_moveit/install/moveit_core/include/moveit/dynamics_solver/dynamics_solver.h
-- Up-to-date: /home/matteo-melzer/ws_moveit/install/moveit_core/include
-- Up-to-date: /home/matteo-melzer/ws_moveit/install/moveit_core/include/moveit
-- Installing: /home/matteo-melzer/ws_moveit/install/moveit_core/include/moveit/exceptions
-- Installing: /home/matteo-melzer/ws_moveit/install/moveit_core/include/moveit/exceptions/exceptions.h
-- Up-to-date: /home/matteo-melzer/ws_moveit/install/moveit_core/include
-- Up-to-date: /home/matteo-melzer/ws_moveit/install/moveit_core/include/moveit
-- Installing: /home/matteo-melzer/ws_moveit/install/moveit_core/include/moveit/kinematics_base
-- Installing: /home/matteo-melzer/ws_moveit/install/moveit_core/include/moveit/kinematics_base/kinematics_base.h
-- Installing: /home/matteo-melzer/ws_moveit/install/moveit_core/include/moveit_kinematics_base_export.h
-- Up-to-date: /home/matteo-melzer/ws_moveit/install/moveit_core/include
-- Up-to-date: /home/matteo-melzer/ws_moveit/install/moveit_core/include/moveit
-- Installing: /home/matteo-melzer/ws_moveit/install/moveit_core/include/moveit/kinematic_constraints
-- Installing: /home/matteo-melzer/ws_moveit/install/moveit_core/include/moveit/kinematic_constraints/utils.h
-- Installing: /home/matteo-melzer/ws_moveit/install/moveit_core/include/moveit/kinematic_constraints/kinematic_constraint.h
-- Up-to-date: /home/matteo-melzer/ws_moveit/install/moveit_core/include
-- Up-to-date: /home/matteo-melzer/ws_moveit/install/moveit_core/include/moveit
-- Installing: /home/matteo-melzer/ws_moveit/install/moveit_core/include/moveit/kinematics_metrics
-- Installing: /home/matteo-melzer/ws_moveit/install/moveit_core/include/moveit/kinematics_metrics/kinematics_metrics.h
-- Up-to-date: /home/matteo-melzer/ws_moveit/install/moveit_core/include
-- Up-to-date: /home/matteo-melzer/ws_moveit/install/moveit_core/include/moveit
-- Installing: /home/matteo-melzer/ws_moveit/install/moveit_core/include/moveit/macros
-- Installing: /home/matteo-melzer/ws_moveit/install/moveit_core/include/moveit/macros/deprecation.h
-- Installing: /home/matteo-melzer/ws_moveit/install/moveit_core/include/moveit/macros/class_forward.h
-- Installing: /home/matteo-melzer/ws_moveit/install/moveit_core/include/moveit/macros/declare_ptr.h
-- Installing: /home/matteo-melzer/ws_moveit/install/moveit_core/include/moveit/macros/console_colors.h
-- Installing: /home/matteo-melzer/ws_moveit/install/moveit_core/include/moveit_core
-- Installing: /home/matteo-melzer/ws_moveit/install/moveit_core/include/moveit_core/moveit_butterworth_parameters.hpp
-- Up-to-date: /home/matteo-melzer/ws_moveit/install/moveit_core/include
-- Up-to-date: /home/matteo-melzer/ws_moveit/install/moveit_core/include/moveit
-- Installing: /home/matteo-melzer/ws_moveit/install/moveit_core/include/moveit/online_signal_smoothing
-- Installing: /home/matteo-melzer/ws_moveit/install/moveit_core/include/moveit/online_signal_smoothing/butterworth_filter.h
-- Installing: /home/matteo-melzer/ws_moveit/install/moveit_core/include/moveit/online_signal_smoothing/smoothing_base_class.h
-- Installing: /home/matteo-melzer/ws_moveit/install/moveit_core/include/moveit_smoothing_base_export.h
-- Installing: /home/matteo-melzer/ws_moveit/install/moveit_core/include/moveit_butterworth_filter_export.h
-- Up-to-date: /home/matteo-melzer/ws_moveit/install/moveit_core/include
-- Up-to-date: /home/matteo-melzer/ws_moveit/install/moveit_core/include/moveit
-- Installing: /home/matteo-melzer/ws_moveit/install/moveit_core/include/moveit/planning_interface
-- Installing: /home/matteo-melzer/ws_moveit/install/moveit_core/include/moveit/planning_interface/planning_request.h
-- Installing: /home/matteo-melzer/ws_moveit/install/moveit_core/include/moveit/planning_interface/planning_interface.h
-- Installing: /home/matteo-melzer/ws_moveit/install/moveit_core/include/moveit/planning_interface/planning_response.h
-- Up-to-date: /home/matteo-melzer/ws_moveit/install/moveit_core/include
-- Up-to-date: /home/matteo-melzer/ws_moveit/install/moveit_core/include/moveit
-- Installing: /home/matteo-melzer/ws_moveit/install/moveit_core/include/moveit/planning_request_adapter
-- Installing: /home/matteo-melzer/ws_moveit/install/moveit_core/include/moveit/planning_request_adapter/planning_request_adapter.h
-- Up-to-date: /home/matteo-melzer/ws_moveit/install/moveit_core/include
-- Up-to-date: /home/matteo-melzer/ws_moveit/install/moveit_core/include/moveit
-- Installing: /home/matteo-melzer/ws_moveit/install/moveit_core/include/moveit/planning_scene
-- Installing: /home/matteo-melzer/ws_moveit/install/moveit_core/include/moveit/planning_scene/planning_scene.h
-- Installing: /home/matteo-melzer/ws_moveit/install/moveit_core/include/moveit_planning_scene_export.h
-- Up-to-date: /home/matteo-melzer/ws_moveit/install/moveit_core/include
-- Up-to-date: /home/matteo-melzer/ws_moveit/install/moveit_core/include/moveit
-- Installing: /home/matteo-melzer/ws_moveit/install/moveit_core/include/moveit/robot_model
-- Installing: /home/matteo-melzer/ws_moveit/install/moveit_core/include/moveit/robot_model/planar_joint_model.h
-- Installing: /home/matteo-melzer/ws_moveit/install/moveit_core/include/moveit/robot_model/link_model.h
-- Installing: /home/matteo-melzer/ws_moveit/install/moveit_core/include/moveit/robot_model/joint_model.h
-- Installing: /home/matteo-melzer/ws_moveit/install/moveit_core/include/moveit/robot_model/revolute_joint_model.h
-- Installing: /home/matteo-melzer/ws_moveit/install/moveit_core/include/moveit/robot_model/prismatic_joint_model.h
-- Installing: /home/matteo-melzer/ws_moveit/install/moveit_core/include/moveit/robot_model/robot_model.h
-- Installing: /home/matteo-melzer/ws_moveit/install/moveit_core/include/moveit/robot_model/aabb.h
-- Installing: /home/matteo-melzer/ws_moveit/install/moveit_core/include/moveit/robot_model/fixed_joint_model.h
-- Installing: /home/matteo-melzer/ws_moveit/install/moveit_core/include/moveit/robot_model/floating_joint_model.h
-- Installing: /home/matteo-melzer/ws_moveit/install/moveit_core/include/moveit/robot_model/joint_model_group.h
-- Up-to-date: /home/matteo-melzer/ws_moveit/install/moveit_core/include
-- Up-to-date: /home/matteo-melzer/ws_moveit/install/moveit_core/include/moveit
-- Installing: /home/matteo-melzer/ws_moveit/install/moveit_core/include/moveit/robot_state
-- Installing: /home/matteo-melzer/ws_moveit/install/moveit_core/include/moveit/robot_state/robot_state.h
-- Installing: /home/matteo-melzer/ws_moveit/install/moveit_core/include/moveit/robot_state/attached_body.h
-- Installing: /home/matteo-melzer/ws_moveit/install/moveit_core/include/moveit/robot_state/conversions.h
-- Installing: /home/matteo-melzer/ws_moveit/install/moveit_core/include/moveit/robot_state/cartesian_interpolator.h
-- Up-to-date: /home/matteo-melzer/ws_moveit/install/moveit_core/include
-- Up-to-date: /home/matteo-melzer/ws_moveit/install/moveit_core/include/moveit
-- Installing: /home/matteo-melzer/ws_moveit/install/moveit_core/include/moveit/robot_trajectory
-- Installing: /home/matteo-melzer/ws_moveit/install/moveit_core/include/moveit/robot_trajectory/robot_trajectory.h
-- Up-to-date: /home/matteo-melzer/ws_moveit/install/moveit_core/include
-- Up-to-date: /home/matteo-melzer/ws_moveit/install/moveit_core/include/moveit
-- Installing: /home/matteo-melzer/ws_moveit/install/moveit_core/include/moveit/sensor_manager
-- Installing: /home/matteo-melzer/ws_moveit/install/moveit_core/include/moveit/sensor_manager/sensor_manager.h
-- Up-to-date: /home/matteo-melzer/ws_moveit/install/moveit_core/include
-- Up-to-date: /home/matteo-melzer/ws_moveit/install/moveit_core/include/moveit
-- Installing: /home/matteo-melzer/ws_moveit/install/moveit_core/include/moveit/trajectory_processing
-- Installing: /home/matteo-melzer/ws_moveit/install/moveit_core/include/moveit/trajectory_processing/ruckig_traj_smoothing.h
-- Installing: /home/matteo-melzer/ws_moveit/install/moveit_core/include/moveit/trajectory_processing/iterative_time_parameterization.h
-- Installing: /home/matteo-melzer/ws_moveit/install/moveit_core/include/moveit/trajectory_processing/trajectory_tools.h
-- Installing: /home/matteo-melzer/ws_moveit/install/moveit_core/include/moveit/trajectory_processing/time_parameterization.h
-- Installing: /home/matteo-melzer/ws_moveit/install/moveit_core/include/moveit/trajectory_processing/iterative_spline_parameterization.h
-- Installing: /home/matteo-melzer/ws_moveit/install/moveit_core/include/moveit/trajectory_processing/time_optimal_trajectory_generation.h
-- Up-to-date: /home/matteo-melzer/ws_moveit/install/moveit_core/include
-- Up-to-date: /home/matteo-melzer/ws_moveit/install/moveit_core/include/moveit
-- Installing: /home/matteo-melzer/ws_moveit/install/moveit_core/include/moveit/transforms
-- Installing: /home/matteo-melzer/ws_moveit/install/moveit_core/include/moveit/transforms/transforms.h
-- Up-to-date: /home/matteo-melzer/ws_moveit/install/moveit_core/include
-- Up-to-date: /home/matteo-melzer/ws_moveit/install/moveit_core/include/moveit
-- Installing: /home/matteo-melzer/ws_moveit/install/moveit_core/include/moveit/utils
-- Installing: /home/matteo-melzer/ws_moveit/install/moveit_core/include/moveit/utils/moveit_error_code.h
-- Installing: /home/matteo-melzer/ws_moveit/install/moveit_core/include/moveit/utils/rclcpp_utils.h
-- Installing: /home/matteo-melzer/ws_moveit/install/moveit_core/include/moveit/utils/message_checks.h
-- Installing: /home/matteo-melzer/ws_moveit/install/moveit_core/include/moveit/utils/lexical_casts.h
-- Installing: /home/matteo-melzer/ws_moveit/install/moveit_core/include/moveit/utils/robot_model_test_utils.h
-- Installing: /home/matteo-melzer/ws_moveit/install/moveit_core/bin/moveit_version
-- Up-to-date: /home/matteo-melzer/ws_moveit/install/moveit_core/include
-- Up-to-date: /home/matteo-melzer/ws_moveit/install/moveit_core/include/moveit
-- Installing: /home/matteo-melzer/ws_moveit/install/moveit_core/include/moveit/collision_detection
-- Installing: /home/matteo-melzer/ws_moveit/install/moveit_core/include/moveit/collision_detection/collision_env.h
-- Installing: /home/matteo-melzer/ws_moveit/install/moveit_core/include/moveit/collision_detection/world_diff.h
-- Installing: /home/matteo-melzer/ws_moveit/install/moveit_core/include/moveit/collision_detection/test_collision_common_panda.h
-- Installing: /home/matteo-melzer/ws_moveit/install/moveit_core/include/moveit/collision_detection/collision_common.h
-- Installing: /home/matteo-melzer/ws_moveit/install/moveit_core/include/moveit/collision_detection/occupancy_map.h
-- Installing: /home/matteo-melzer/ws_moveit/install/moveit_core/include/moveit/collision_detection/allvalid
-- Installing: /home/matteo-melzer/ws_moveit/install/moveit_core/include/moveit/collision_detection/allvalid/collision_env_allvalid.h
-- Installing: /home/matteo-melzer/ws_moveit/install/moveit_core/include/moveit/collision_detection/allvalid/collision_detector_allocator_allvalid.h
-- Installing: /home/matteo-melzer/ws_moveit/install/moveit_core/include/moveit/collision_detection/collision_plugin.h
-- Installing: /home/matteo-melzer/ws_moveit/install/moveit_core/include/moveit/collision_detection/test_collision_common_pr2.h
-- Installing: /home/matteo-melzer/ws_moveit/install/moveit_core/include/moveit/collision_detection/collision_tools.h
-- Installing: /home/matteo-melzer/ws_moveit/install/moveit_core/include/moveit/collision_detection/collision_octomap_filter.h
-- Installing: /home/matteo-melzer/ws_moveit/install/moveit_core/include/moveit/collision_detection/collision_matrix.h
-- Installing: /home/matteo-melzer/ws_moveit/install/moveit_core/include/moveit/collision_detection/collision_plugin_cache.h
-- Installing: /home/matteo-melzer/ws_moveit/install/moveit_core/include/moveit/collision_detection/world.h
-- Installing: /home/matteo-melzer/ws_moveit/install/moveit_core/include/moveit/collision_detection/collision_detector_allocator.h
-- Installing: /home/matteo-melzer/ws_moveit/install/moveit_core/include/moveit_collision_detection_export.h
-- Up-to-date: /home/matteo-melzer/ws_moveit/install/moveit_core/include
-- Up-to-date: /home/matteo-melzer/ws_moveit/install/moveit_core/include/moveit
-- Installing: /home/matteo-melzer/ws_moveit/install/moveit_core/include/moveit/collision_detection_bullet
-- Installing: /home/matteo-melzer/ws_moveit/install/moveit_core/include/moveit/collision_detection_bullet/collision_detector_bullet_plugin_loader.h
-- Installing: /home/matteo-melzer/ws_moveit/install/moveit_core/include/moveit/collision_detection_bullet/bullet_integration
-- Installing: /home/matteo-melzer/ws_moveit/install/moveit_core/include/moveit/collision_detection_bullet/bullet_integration/bullet_discrete_bvh_manager.h
-- Installing: /home/matteo-melzer/ws_moveit/install/moveit_core/include/moveit/collision_detection_bullet/bullet_integration/bullet_utils.h
-- Installing: /home/matteo-melzer/ws_moveit/install/moveit_core/include/moveit/collision_detection_bullet/bullet_integration/bullet_cast_bvh_manager.h
-- Installing: /home/matteo-melzer/ws_moveit/install/moveit_core/include/moveit/collision_detection_bullet/bullet_integration/bullet_bvh_manager.h
-- Installing: /home/matteo-melzer/ws_moveit/install/moveit_core/include/moveit/collision_detection_bullet/bullet_integration/contact_checker_common.h
-- Installing: /home/matteo-melzer/ws_moveit/install/moveit_core/include/moveit/collision_detection_bullet/bullet_integration/ros_bullet_utils.h
-- Installing: /home/matteo-melzer/ws_moveit/install/moveit_core/include/moveit/collision_detection_bullet/bullet_integration/basic_types.h
-- Installing: /home/matteo-melzer/ws_moveit/install/moveit_core/include/moveit/collision_detection_bullet/collision_env_bullet.h
-- Installing: /home/matteo-melzer/ws_moveit/install/moveit_core/include/moveit/collision_detection_bullet/collision_detector_allocator_bullet.h
-- Installing: /home/matteo-melzer/ws_moveit/install/moveit_core/include/moveit_collision_detection_bullet_export.h
-- Up-to-date: /home/matteo-melzer/ws_moveit/install/moveit_core/include
-- Up-to-date: /home/matteo-melzer/ws_moveit/install/moveit_core/include/moveit
-- Installing: /home/matteo-melzer/ws_moveit/install/moveit_core/include/moveit/collision_detection_fcl
-- Installing: /home/matteo-melzer/ws_moveit/install/moveit_core/include/moveit/collision_detection_fcl/collision_detector_fcl_plugin_loader.h
-- Installing: /home/matteo-melzer/ws_moveit/install/moveit_core/include/moveit/collision_detection_fcl/collision_detector_allocator_fcl.h
-- Installing: /home/matteo-melzer/ws_moveit/install/moveit_core/include/moveit/collision_detection_fcl/collision_common.h
-- Installing: /home/matteo-melzer/ws_moveit/install/moveit_core/include/moveit/collision_detection_fcl/fcl_compat.h
-- Installing: /home/matteo-melzer/ws_moveit/install/moveit_core/include/moveit/collision_detection_fcl/collision_env_fcl.h
-- Installing: /home/matteo-melzer/ws_moveit/install/moveit_core/include/moveit_collision_detection_fcl_export.h
-- Installing: /home/matteo-melzer/ws_moveit/install/moveit_core/lib/libcollision_detector_bullet_plugin.so.2.5.9
-- Set runtime path of "/home/matteo-melzer/ws_moveit/install/moveit_core/lib/libcollision_detector_bullet_plugin.so.2.5.9" to ""
-- Installing: /home/matteo-melzer/ws_moveit/install/moveit_core/lib/libcollision_detector_bullet_plugin.so
-- Installing: /home/matteo-melzer/ws_moveit/install/moveit_core/lib/libmoveit_butterworth_filter.so.2.5.9
-- Set runtime path of "/home/matteo-melzer/ws_moveit/install/moveit_core/lib/libmoveit_butterworth_filter.so.2.5.9" to ""
-- Installing: /home/matteo-melzer/ws_moveit/install/moveit_core/lib/libmoveit_butterworth_filter.so
-- Installing: /home/matteo-melzer/ws_moveit/install/moveit_core/lib/libmoveit_collision_distance_field.so.2.5.9
-- Set runtime path of "/home/matteo-melzer/ws_moveit/install/moveit_core/lib/libmoveit_collision_distance_field.so.2.5.9" to ""
-- Installing: /home/matteo-melzer/ws_moveit/install/moveit_core/lib/libmoveit_collision_distance_field.so
-- Installing: /home/matteo-melzer/ws_moveit/install/moveit_core/lib/libmoveit_collision_detection.so.2.5.9
-- Set runtime path of "/home/matteo-melzer/ws_moveit/install/moveit_core/lib/libmoveit_collision_detection.so.2.5.9" to ""
-- Installing: /home/matteo-melzer/ws_moveit/install/moveit_core/lib/libmoveit_collision_detection.so
-- Installing: /home/matteo-melzer/ws_moveit/install/moveit_core/lib/libmoveit_collision_detection_fcl.so.2.5.9
-- Set runtime path of "/home/matteo-melzer/ws_moveit/install/moveit_core/lib/libmoveit_collision_detection_fcl.so.2.5.9" to ""
-- Installing: /home/matteo-melzer/ws_moveit/install/moveit_core/lib/libmoveit_collision_detection_fcl.so
-- Installing: /home/matteo-melzer/ws_moveit/install/moveit_core/lib/libmoveit_collision_detection_bullet.so.2.5.9
-- Set runtime path of "/home/matteo-melzer/ws_moveit/install/moveit_core/lib/libmoveit_collision_detection_bullet.so.2.5.9" to ""
-- Installing: /home/matteo-melzer/ws_moveit/install/moveit_core/lib/libmoveit_collision_detection_bullet.so
-- Installing: /home/matteo-melzer/ws_moveit/install/moveit_core/lib/libmoveit_dynamics_solver.so.2.5.9
-- Set runtime path of "/home/matteo-melzer/ws_moveit/install/moveit_core/lib/libmoveit_dynamics_solver.so.2.5.9" to ""
-- Installing: /home/matteo-melzer/ws_moveit/install/moveit_core/lib/libmoveit_dynamics_solver.so
-- Installing: /home/matteo-melzer/ws_moveit/install/moveit_core/lib/libmoveit_constraint_samplers.so.2.5.9
-- Set runtime path of "/home/matteo-melzer/ws_moveit/install/moveit_core/lib/libmoveit_constraint_samplers.so.2.5.9" to ""
-- Installing: /home/matteo-melzer/ws_moveit/install/moveit_core/lib/libmoveit_constraint_samplers.so
-- Installing: /home/matteo-melzer/ws_moveit/install/moveit_core/lib/libmoveit_distance_field.so.2.5.9
-- Set runtime path of "/home/matteo-melzer/ws_moveit/install/moveit_core/lib/libmoveit_distance_field.so.2.5.9" to ""
-- Installing: /home/matteo-melzer/ws_moveit/install/moveit_core/lib/libmoveit_distance_field.so
-- Installing: /home/matteo-melzer/ws_moveit/install/moveit_core/lib/libmoveit_exceptions.so.2.5.9
-- Set runtime path of "/home/matteo-melzer/ws_moveit/install/moveit_core/lib/libmoveit_exceptions.so.2.5.9" to ""
-- Installing: /home/matteo-melzer/ws_moveit/install/moveit_core/lib/libmoveit_exceptions.so
-- Installing: /home/matteo-melzer/ws_moveit/install/moveit_core/lib/libmoveit_kinematics_base.so
-- Set runtime path of "/home/matteo-melzer/ws_moveit/install/moveit_core/lib/libmoveit_kinematics_base.so" to ""
-- Installing: /home/matteo-melzer/ws_moveit/install/moveit_core/lib/libmoveit_kinematic_constraints.so.2.5.9
-- Set runtime path of "/home/matteo-melzer/ws_moveit/install/moveit_core/lib/libmoveit_kinematic_constraints.so.2.5.9" to ""
-- Installing: /home/matteo-melzer/ws_moveit/install/moveit_core/lib/libmoveit_kinematic_constraints.so
-- Installing: /home/matteo-melzer/ws_moveit/install/moveit_core/lib/libmoveit_kinematics_metrics.so.2.5.9
-- Set runtime path of "/home/matteo-melzer/ws_moveit/install/moveit_core/lib/libmoveit_kinematics_metrics.so.2.5.9" to ""
-- Installing: /home/matteo-melzer/ws_moveit/install/moveit_core/lib/libmoveit_kinematics_metrics.so
-- Installing: /home/matteo-melzer/ws_moveit/install/moveit_core/lib/libmoveit_planning_interface.so.2.5.9
-- Set runtime path of "/home/matteo-melzer/ws_moveit/install/moveit_core/lib/libmoveit_planning_interface.so.2.5.9" to ""
-- Installing: /home/matteo-melzer/ws_moveit/install/moveit_core/lib/libmoveit_planning_interface.so
-- Installing: /home/matteo-melzer/ws_moveit/install/moveit_core/lib/libmoveit_planning_scene.so.2.5.9
-- Set runtime path of "/home/matteo-melzer/ws_moveit/install/moveit_core/lib/libmoveit_planning_scene.so.2.5.9" to ""
-- Installing: /home/matteo-melzer/ws_moveit/install/moveit_core/lib/libmoveit_planning_scene.so
-- Installing: /home/matteo-melzer/ws_moveit/install/moveit_core/lib/libmoveit_planning_request_adapter.so.2.5.9
-- Set runtime path of "/home/matteo-melzer/ws_moveit/install/moveit_core/lib/libmoveit_planning_request_adapter.so.2.5.9" to ""
-- Installing: /home/matteo-melzer/ws_moveit/install/moveit_core/lib/libmoveit_planning_request_adapter.so
-- Installing: /home/matteo-melzer/ws_moveit/install/moveit_core/lib/libmoveit_robot_model.so.2.5.9
-- Set runtime path of "/home/matteo-melzer/ws_moveit/install/moveit_core/lib/libmoveit_robot_model.so.2.5.9" to ""
-- Installing: /home/matteo-melzer/ws_moveit/install/moveit_core/lib/libmoveit_robot_model.so
-- Installing: /home/matteo-melzer/ws_moveit/install/moveit_core/lib/libmoveit_robot_state.so.2.5.9
-- Set runtime path of "/home/matteo-melzer/ws_moveit/install/moveit_core/lib/libmoveit_robot_state.so.2.5.9" to ""
-- Installing: /home/matteo-melzer/ws_moveit/install/moveit_core/lib/libmoveit_robot_state.so
-- Installing: /home/matteo-melzer/ws_moveit/install/moveit_core/lib/libmoveit_robot_trajectory.so.2.5.9
-- Set runtime path of "/home/matteo-melzer/ws_moveit/install/moveit_core/lib/libmoveit_robot_trajectory.so.2.5.9" to ""
-- Installing: /home/matteo-melzer/ws_moveit/install/moveit_core/lib/libmoveit_robot_trajectory.so
-- Installing: /home/matteo-melzer/ws_moveit/install/moveit_core/lib/libmoveit_smoothing_base.so.2.5.9
-- Set runtime path of "/home/matteo-melzer/ws_moveit/install/moveit_core/lib/libmoveit_smoothing_base.so.2.5.9" to ""
-- Installing: /home/matteo-melzer/ws_moveit/install/moveit_core/lib/libmoveit_smoothing_base.so
-- Installing: /home/matteo-melzer/ws_moveit/install/moveit_core/lib/libmoveit_test_utils.so.2.5.9
-- Set runtime path of "/home/matteo-melzer/ws_moveit/install/moveit_core/lib/libmoveit_test_utils.so.2.5.9" to ""
-- Installing: /home/matteo-melzer/ws_moveit/install/moveit_core/lib/libmoveit_test_utils.so
-- Installing: /home/matteo-melzer/ws_moveit/install/moveit_core/lib/libmoveit_trajectory_processing.so.2.5.9
-- Set runtime path of "/home/matteo-melzer/ws_moveit/install/moveit_core/lib/libmoveit_trajectory_processing.so.2.5.9" to ""
-- Installing: /home/matteo-melzer/ws_moveit/install/moveit_core/lib/libmoveit_trajectory_processing.so
-- Installing: /home/matteo-melzer/ws_moveit/install/moveit_core/lib/libmoveit_transforms.so.2.5.9
-- Set runtime path of "/home/matteo-melzer/ws_moveit/install/moveit_core/lib/libmoveit_transforms.so.2.5.9" to ""
-- Installing: /home/matteo-melzer/ws_moveit/install/moveit_core/lib/libmoveit_transforms.so
-- Installing: /home/matteo-melzer/ws_moveit/install/moveit_core/lib/libmoveit_utils.so.2.5.9
-- Set runtime path of "/home/matteo-melzer/ws_moveit/install/moveit_core/lib/libmoveit_utils.so.2.5.9" to ""
-- Installing: /home/matteo-melzer/ws_moveit/install/moveit_core/lib/libmoveit_utils.so
-- Installing: /home/matteo-melzer/ws_moveit/install/moveit_core/share/moveit_core/environment/library_path.sh
-- Installing: /home/matteo-melzer/ws_moveit/install/moveit_core/share/moveit_core/environment/library_path.dsv
-- Installing: /home/matteo-melzer/ws_moveit/install/moveit_core/share/moveit_core/collision_detector_fcl_description.xml
-- Installing: /home/matteo-melzer/ws_moveit/install/moveit_core/share/moveit_core/collision_detector_bullet_description.xml
-- Installing: /home/matteo-melzer/ws_moveit/install/moveit_core/share/moveit_core/filter_plugin_butterworth.xml
-- Installing: /home/matteo-melzer/ws_moveit/install/moveit_core/share/ament_index/resource_index/package_run_dependencies/moveit_core
-- Installing: /home/matteo-melzer/ws_moveit/install/moveit_core/share/ament_index/resource_index/parent_prefix_path/moveit_core
-- Installing: /home/matteo-melzer/ws_moveit/install/moveit_core/share/moveit_core/environment/ament_prefix_path.sh
-- Installing: /home/matteo-melzer/ws_moveit/install/moveit_core/share/moveit_core/environment/ament_prefix_path.dsv
-- Installing: /home/matteo-melzer/ws_moveit/install/moveit_core/share/moveit_core/environment/path.sh
-- Installing: /home/matteo-melzer/ws_moveit/install/moveit_core/share/moveit_core/environment/path.dsv
-- Installing: /home/matteo-melzer/ws_moveit/install/moveit_core/share/moveit_core/local_setup.bash
-- Installing: /home/matteo-melzer/ws_moveit/install/moveit_core/share/moveit_core/local_setup.sh
-- Installing: /home/matteo-melzer/ws_moveit/install/moveit_core/share/moveit_core/local_setup.zsh
-- Installing: /home/matteo-melzer/ws_moveit/install/moveit_core/share/moveit_core/local_setup.dsv
-- Installing: /home/matteo-melzer/ws_moveit/install/moveit_core/share/moveit_core/package.dsv
-- Installing: /home/matteo-melzer/ws_moveit/install/moveit_core/share/ament_index/resource_index/packages/moveit_core
-- Installing: /home/matteo-melzer/ws_moveit/install/moveit_core/share/ament_index/resource_index/moveit_core__pluginlib__plugin/moveit_core
-- Installing: /home/matteo-melzer/ws_moveit/install/moveit_core/share/moveit_core/cmake/export_moveit_coreExport.cmake
-- Installing: /home/matteo-melzer/ws_moveit/install/moveit_core/share/moveit_core/cmake/export_moveit_coreExport-release.cmake
-- Installing: /home/matteo-melzer/ws_moveit/install/moveit_core/share/moveit_core/cmake/ConfigExtras.cmake
-- Installing: /home/matteo-melzer/ws_moveit/install/moveit_core/share/moveit_core/cmake/ament_cmake_export_targets-extras.cmake
-- Installing: /home/matteo-melzer/ws_moveit/install/moveit_core/share/moveit_core/cmake/ament_cmake_export_dependencies-extras.cmake
-- Installing: /home/matteo-melzer/ws_moveit/install/moveit_core/share/moveit_core/cmake/moveit_coreConfig.cmake
-- Installing: /home/matteo-melzer/ws_moveit/install/moveit_core/share/moveit_core/cmake/moveit_coreConfig-version.cmake
-- Installing: /home/matteo-melzer/ws_moveit/install/moveit_core/share/moveit_core/package.xml
