[0.024s] Invoking command in '/home/matteo-melzer/ws_moveit/build/moveit_core': CMAKE_PREFIX_PATH=/home/matteo-melzer/ws_moveit/install/moveit_resources_panda_moveit_config:/home/matteo-melzer/ws_moveit/install/srdfdom:/home/matteo-melzer/ws_moveit/install/moveit_resources_pr2_description:/home/matteo-melzer/ws_moveit/install/moveit_resources_panda_description:/home/matteo-melzer/ws_moveit/install/moveit_common:/home/matteo-melzer/ws_moveit/install/ur10e_moveit_launch:/home/matteo-melzer/ws_moveit/install/rosparam_shortcuts:/home/matteo-melzer/ws_moveit/install/moveit_resources:/home/matteo-melzer/ws_moveit/install/rviz_marker_tools:/home/matteo-melzer/ros2_ws/install/ur_description:/home/matteo-melzer/ros2_ws/install/tutorial_interfaces:/home/matteo-melzer/ros2_ws/install/turtlesim:/home/matteo-melzer/ws_moveit/install/ur_description:/home/matteo-melzer/ws_moveit/install/moveit_task_constructor_msgs:/home/matteo-melzer/ws_moveit/install/moveit_resources_prbt_support:/home/matteo-melzer/ws_moveit/install/moveit_resources_fanuc_moveit_config:/home/matteo-melzer/ws_moveit/install/moveit_resources_fanuc_description:/home/matteo-melzer/ros2_ws/install/py_srvcli:/home/matteo-melzer/ros2_ws/install/py_pubsub:/home/matteo-melzer/ws_moveit/install/moveit_configs_utils:/home/matteo-melzer/ws_moveit/install/launch_param_builder:/opt/ros/humble LD_LIBRARY_PATH=/home/matteo-melzer/ws_moveit/install/srdfdom/lib:/home/matteo-melzer/ws_moveit/install/rosparam_shortcuts/lib:/home/matteo-melzer/ws_moveit/install/rviz_marker_tools/lib:/home/matteo-melzer/ros2_ws/install/tutorial_interfaces/lib:/home/matteo-melzer/ros2_ws/install/turtlesim/lib:/home/matteo-melzer/ws_moveit/install/moveit_task_constructor_msgs/lib:/opt/ros/humble/opt/rviz_ogre_vendor/lib:/opt/ros/humble/lib/x86_64-linux-gnu:/opt/ros/humble/lib /usr/bin/cmake --build /home/matteo-melzer/ws_moveit/build/moveit_core -- -j2 -l2
[0.235s] [35m[1mConsolidate compiler generated dependencies of target moveit_exceptions[0m
[0.235s] [35m[1mConsolidate compiler generated dependencies of target moveit_transforms[0m
[0.262s] [  1%] Built target moveit_exceptions
[0.285s] [  2%] Built target moveit_transforms
[0.288s] [35m[1mConsolidate compiler generated dependencies of target moveit_kinematics_base[0m
[0.315s] [35m[1mConsolidate compiler generated dependencies of target moveit_distance_field[0m
[0.353s] [  3%] Built target moveit_kinematics_base
[0.378s] [35m[1mConsolidate compiler generated dependencies of target moveit_utils[0m
[0.410s] [  6%] Built target moveit_distance_field
[0.419s] [  9%] Built target moveit_utils
[0.444s] [35m[1mConsolidate compiler generated dependencies of target gtest_main[0m
[0.453s] [35m[1mConsolidate compiler generated dependencies of target gtest[0m
[0.464s] [ 10%] Built target gtest_main
[0.485s] [35m[1mConsolidate compiler generated dependencies of target gmock[0m
[0.489s] [ 11%] Built target gtest
[0.519s] [35m[1mConsolidate compiler generated dependencies of target gmock_main[0m
[0.527s] [ 13%] Built target gmock
[0.543s] [ 14%] Built target gmock_main
[0.549s] [35m[1mConsolidate compiler generated dependencies of target test_voxel_grid[0m
[0.583s] [35m[1mConsolidate compiler generated dependencies of target test_distance_field[0m
[0.613s] [ 15%] Built target test_voxel_grid
[0.632s] [35m[1mConsolidate compiler generated dependencies of target moveit_smoothing_base[0m
[0.646s] [ 16%] Built target test_distance_field
[0.665s] [ 17%] Built target moveit_smoothing_base
[0.678s] [ 19%] Built target moveit_butterworth_parameters
[0.714s] [ 19%] [32mBuilding CXX object version/CMakeFiles/moveit_version.dir/version.cpp.o[0m
[0.715s] [ 19%] [32mBuilding CXX object transforms/CMakeFiles/test_transforms.dir/test/test_transforms.cpp.o[0m
[0.864s] [ 20%] [32m[1mLinking CXX executable moveit_version[0m
[1.033s] [ 20%] Built target moveit_version
[1.098s] [ 20%] [32mBuilding CXX object robot_model/CMakeFiles/moveit_robot_model.dir/src/aabb.cpp.o[0m
[6.380s] [ 21%] [32mBuilding CXX object robot_model/CMakeFiles/moveit_robot_model.dir/src/fixed_joint_model.cpp.o[0m
[7.651s] [ 22%] [32m[1mLinking CXX executable test_transforms[0m
[8.114s] [ 22%] Built target test_transforms
[8.129s] [ 22%] [32mBuilding CXX object robot_model/CMakeFiles/moveit_robot_model.dir/src/floating_joint_model.cpp.o[0m
[9.951s] [ 23%] [32mBuilding CXX object robot_model/CMakeFiles/moveit_robot_model.dir/src/joint_model.cpp.o[0m
[13.180s] [ 23%] [32mBuilding CXX object robot_model/CMakeFiles/moveit_robot_model.dir/src/joint_model_group.cpp.o[0m
[13.629s] [ 24%] [32mBuilding CXX object robot_model/CMakeFiles/moveit_robot_model.dir/src/link_model.cpp.o[0m
[17.502s] [ 25%] [32mBuilding CXX object robot_model/CMakeFiles/moveit_robot_model.dir/src/planar_joint_model.cpp.o[0m
[20.249s] [ 25%] [32mBuilding CXX object robot_model/CMakeFiles/moveit_robot_model.dir/src/prismatic_joint_model.cpp.o[0m
[21.129s] [ 26%] [32mBuilding CXX object robot_model/CMakeFiles/moveit_robot_model.dir/src/revolute_joint_model.cpp.o[0m
[22.290s] [ 26%] [32mBuilding CXX object robot_model/CMakeFiles/moveit_robot_model.dir/src/robot_model.cpp.o[0m
[30.128s] [ 27%] [32m[1mLinking CXX shared library libmoveit_robot_model.so[0m
[30.489s] [ 27%] Built target moveit_robot_model
[30.566s] [ 29%] [32mBuilding CXX object robot_state/CMakeFiles/moveit_robot_state.dir/src/attached_body.cpp.o[0m
[30.570s] [ 29%] [32mBuilding CXX object utils/CMakeFiles/moveit_test_utils.dir/src/robot_model_test_utils.cpp.o[0m
[34.033s] [ 29%] [32mBuilding CXX object robot_state/CMakeFiles/moveit_robot_state.dir/src/conversions.cpp.o[0m
[41.100s] [ 30%] [32m[1mLinking CXX shared library libmoveit_test_utils.so[0m
[41.473s] [ 30%] Built target moveit_test_utils
[41.539s] [ 31%] [32mBuilding CXX object online_signal_smoothing/CMakeFiles/moveit_butterworth_filter.dir/src/butterworth_filter.cpp.o[0m
[45.505s] [ 32%] [32mBuilding CXX object robot_state/CMakeFiles/moveit_robot_state.dir/src/robot_state.cpp.o[0m
[48.141s] [ 32%] [32m[1mLinking CXX shared library libmoveit_butterworth_filter.so[0m
[48.301s] [ 32%] Built target moveit_butterworth_filter
[48.347s] [ 33%] [32mBuilding CXX object robot_model/CMakeFiles/test_robot_model.dir/test/test.cpp.o[0m
[55.262s] [ 33%] [32m[1mLinking CXX executable test_robot_model[0m
[55.581s] [ 33%] Built target test_robot_model
[68.397s] [ 33%] [32mBuilding CXX object robot_state/CMakeFiles/moveit_robot_state.dir/src/cartesian_interpolator.cpp.o[0m
[73.905s] [ 34%] [32m[1mLinking CXX shared library libmoveit_robot_state.so[0m
[74.081s] [ 34%] Built target moveit_robot_state
[74.122s] [ 34%] [32mBuilding CXX object collision_detection/CMakeFiles/moveit_collision_detection.dir/src/allvalid/collision_env_allvalid.cpp.o[0m
[74.122s] [ 34%] [32mBuilding CXX object online_signal_smoothing/CMakeFiles/test_butterworth_filter.dir/test/test_butterworth_filter.cpp.o[0m
[79.208s] [ 35%] [32mBuilding CXX object collision_detection/CMakeFiles/moveit_collision_detection.dir/src/collision_common.cpp.o[0m
[81.078s] [ 36%] [32m[1mLinking CXX executable test_butterworth_filter[0m
[81.287s] [ 36%] Built target test_butterworth_filter
[83.755s] [ 36%] [32mBuilding CXX object collision_detection/CMakeFiles/moveit_collision_detection.dir/src/collision_matrix.cpp.o[0m
[88.963s] [ 37%] [32mBuilding CXX object collision_detection/CMakeFiles/moveit_collision_detection.dir/src/collision_octomap_filter.cpp.o[0m
[93.821s] [ 38%] [32mBuilding CXX object collision_detection/CMakeFiles/moveit_collision_detection.dir/src/collision_tools.cpp.o[0m
[96.790s] [ 39%] [32mBuilding CXX object robot_trajectory/CMakeFiles/moveit_robot_trajectory.dir/src/robot_trajectory.cpp.o[0m
[100.580s] [ 39%] [32mBuilding CXX object collision_detection/CMakeFiles/moveit_collision_detection.dir/src/world.cpp.o[0m
[104.912s] [ 40%] [32mBuilding CXX object collision_detection/CMakeFiles/moveit_collision_detection.dir/src/world_diff.cpp.o[0m
[106.242s] [ 40%] [32m[1mLinking CXX shared library libmoveit_robot_trajectory.so[0m
[106.443s] [ 40%] Built target moveit_robot_trajectory
[107.308s] [ 40%] [32mBuilding CXX object collision_detection/CMakeFiles/moveit_collision_detection.dir/src/collision_env.cpp.o[0m
[112.157s] [ 41%] [32mBuilding CXX object collision_detection/CMakeFiles/moveit_collision_detection.dir/src/collision_plugin_cache.cpp.o[0m
[122.381s] [ 41%] [32m[1mLinking CXX shared library libmoveit_collision_detection.so[0m
[122.616s] [ 41%] Built target moveit_collision_detection
[122.652s] [ 41%] [32mBuilding CXX object dynamics_solver/CMakeFiles/moveit_dynamics_solver.dir/src/dynamics_solver.cpp.o[0m
[126.675s] [ 42%] [32mBuilding CXX object kinematics_metrics/CMakeFiles/moveit_kinematics_metrics.dir/src/kinematics_metrics.cpp.o[0m
[128.644s] [ 43%] [32m[1mLinking CXX shared library libmoveit_dynamics_solver.so[0m
[128.841s] [ 43%] Built target moveit_dynamics_solver
[128.894s] [ 44%] [32mBuilding CXX object planning_interface/CMakeFiles/moveit_planning_interface.dir/src/planning_interface.cpp.o[0m
[138.148s] [ 45%] [32mBuilding CXX object planning_interface/CMakeFiles/moveit_planning_interface.dir/src/planning_response.cpp.o[0m
[145.027s] [ 45%] [32m[1mLinking CXX shared library libmoveit_planning_interface.so[0m
[145.336s] [ 45%] Built target moveit_planning_interface
[145.401s] [ 46%] [32mBuilding CXX object robot_state/CMakeFiles/test_robot_state.dir/test/robot_state_test.cpp.o[0m
[145.625s] [ 46%] [32m[1mLinking CXX shared library libmoveit_kinematics_metrics.so[0m
[145.823s] [ 46%] Built target moveit_kinematics_metrics
[145.855s] [ 46%] [32mBuilding CXX object robot_state/CMakeFiles/test_robot_state_benchmark.dir/test/robot_state_benchmark.cpp.o[0m
[153.142s] [ 47%] [32m[1mLinking CXX executable test_robot_state_benchmark[0m
[153.453s] [ 47%] Built target test_robot_state_benchmark
[155.776s] [ 48%] [32m[1mLinking CXX executable test_robot_state[0m
[156.047s] [ 48%] Built target test_robot_state
[156.080s] [ 48%] [32mBuilding CXX object robot_state/CMakeFiles/test_robot_state_complex.dir/test/test_kinematic_complex.cpp.o[0m
[163.988s] [ 49%] [32m[1mLinking CXX executable test_robot_state_complex[0m
[164.277s] [ 49%] Built target test_robot_state_complex
[164.339s] [ 49%] [32mBuilding CXX object robot_state/CMakeFiles/test_aabb.dir/test/test_aabb.cpp.o[0m
[171.109s] [ 50%] [32m[1mLinking CXX executable test_aabb[0m
[171.478s] [ 50%] Built target test_aabb
[171.534s] [ 51%] [32mBuilding CXX object robot_state/CMakeFiles/test_cartesian_interpolator.dir/test/test_cartesian_interpolator.cpp.o[0m
[177.228s] [ 51%] [32m[1mLinking CXX executable test_cartesian_interpolator[0m
[177.493s] [ 51%] Built target test_cartesian_interpolator
[177.526s] [ 52%] [32mBuilding CXX object robot_trajectory/CMakeFiles/test_robot_trajectory.dir/test/test_robot_trajectory.cpp.o[0m
[184.921s] [ 52%] [32m[1mLinking CXX executable test_robot_trajectory[0m
[185.158s] [ 52%] Built target test_robot_trajectory
[185.189s] [ 53%] [32mBuilding CXX object collision_detection/CMakeFiles/test_world.dir/test/test_world.cpp.o[0m
[189.835s] [ 53%] [32m[1mLinking CXX executable test_world[0m
[190.050s] [ 53%] Built target test_world
[190.080s] [ 54%] [32mBuilding CXX object collision_detection/CMakeFiles/test_world_diff.dir/test/test_world_diff.cpp.o[0m
[193.801s] [ 55%] [32m[1mLinking CXX executable test_world_diff[0m
[194.033s] [ 55%] Built target test_world_diff
[194.066s] [ 56%] [32mBuilding CXX object collision_detection/CMakeFiles/test_all_valid.dir/test/test_all_valid.cpp.o[0m
[199.747s] [ 56%] [32m[1mLinking CXX executable test_all_valid[0m
[199.966s] [ 56%] Built target test_all_valid
[199.996s] [ 57%] [32mBuilding CXX object collision_detection_bullet/CMakeFiles/moveit_collision_detection_bullet.dir/src/bullet_integration/bullet_utils.cpp.o[0m
[206.603s] [ 58%] [32mBuilding CXX object collision_detection_bullet/CMakeFiles/moveit_collision_detection_bullet.dir/src/bullet_integration/bullet_discrete_bvh_manager.cpp.o[0m
[211.122s] [ 58%] [32mBuilding CXX object collision_detection_bullet/CMakeFiles/moveit_collision_detection_bullet.dir/src/bullet_integration/bullet_cast_bvh_manager.cpp.o[0m
[215.712s] [ 59%] [32mBuilding CXX object collision_detection_bullet/CMakeFiles/moveit_collision_detection_bullet.dir/src/collision_env_bullet.cpp.o[0m
[221.792s] [ 59%] [32mBuilding CXX object collision_detection_bullet/CMakeFiles/moveit_collision_detection_bullet.dir/src/bullet_integration/bullet_bvh_manager.cpp.o[0m
[226.159s] [ 60%] [32mBuilding CXX object collision_detection_bullet/CMakeFiles/moveit_collision_detection_bullet.dir/src/bullet_integration/contact_checker_common.cpp.o[0m
[230.671s] [ 61%] [32mBuilding CXX object collision_detection_bullet/CMakeFiles/moveit_collision_detection_bullet.dir/src/bullet_integration/ros_bullet_utils.cpp.o[0m
[235.480s] [ 61%] [32m[1mLinking CXX shared library libmoveit_collision_detection_bullet.so[0m
[235.722s] [ 61%] Built target moveit_collision_detection_bullet
[235.755s] [ 62%] [32mBuilding CXX object collision_detection_fcl/CMakeFiles/moveit_collision_detection_fcl.dir/src/collision_common.cpp.o[0m
[243.549s] [ 62%] [32mBuilding CXX object collision_detection_fcl/CMakeFiles/moveit_collision_detection_fcl.dir/src/collision_env_fcl.cpp.o[0m
[249.899s] [ 63%] [32m[1mLinking CXX shared library libmoveit_collision_detection_fcl.so[0m
[250.066s] [ 63%] Built target moveit_collision_detection_fcl
[250.092s] [ 63%] [32mBuilding CXX object trajectory_processing/CMakeFiles/moveit_trajectory_processing.dir/src/iterative_time_parameterization.cpp.o[0m
[255.705s] [ 64%] [32mBuilding CXX object trajectory_processing/CMakeFiles/moveit_trajectory_processing.dir/src/iterative_spline_parameterization.cpp.o[0m
[261.747s] [ 64%] [32mBuilding CXX object trajectory_processing/CMakeFiles/moveit_trajectory_processing.dir/src/ruckig_traj_smoothing.cpp.o[0m
[268.996s] [ 65%] [32mBuilding CXX object trajectory_processing/CMakeFiles/moveit_trajectory_processing.dir/src/trajectory_tools.cpp.o[0m
[269.651s] [ 65%] [32mBuilding CXX object trajectory_processing/CMakeFiles/moveit_trajectory_processing.dir/src/time_optimal_trajectory_generation.cpp.o[0m
[276.483s] [ 66%] [32m[1mLinking CXX shared library libmoveit_trajectory_processing.so[0m
[276.651s] [ 66%] Built target moveit_trajectory_processing
[276.684s] [ 67%] [32mBuilding CXX object collision_detection_bullet/CMakeFiles/test_bullet_collision_detection.dir/test/test_bullet_collision_detection_pr2.cpp.o[0m
[281.713s] [ 68%] [32mBuilding CXX object collision_detection_bullet/CMakeFiles/test_bullet_collision_detection_panda.dir/test/test_bullet_collision_detection_panda.cpp.o[0m
[285.064s] [ 68%] [32m[1mLinking CXX executable test_bullet_collision_detection[0m
[285.543s] [ 68%] Built target test_bullet_collision_detection
[285.596s] [ 68%] [32mBuilding CXX object collision_detection_bullet/CMakeFiles/test_bullet_continuous_collision_checking.dir/test/test_bullet_continuous_collision_checking.cpp.o[0m
[290.307s] [ 69%] [32m[1mLinking CXX executable test_bullet_collision_detection_panda[0m
[290.673s] [ 69%] Built target test_bullet_collision_detection_panda
[290.704s] [ 69%] [32mBuilding CXX object collision_detection_fcl/CMakeFiles/test_fcl_collision_env.dir/test/test_fcl_env.cpp.o[0m
[297.045s] [ 70%] [32m[1mLinking CXX executable test_bullet_continuous_collision_checking[0m
[297.375s] [ 70%] Built target test_bullet_continuous_collision_checking
[299.551s] [ 71%] [32m[1mLinking CXX executable test_fcl_collision_env[0m
[299.825s] [ 71%] Built target test_fcl_collision_env
[299.858s] [ 72%] [32mBuilding CXX object collision_detection_fcl/CMakeFiles/test_fcl_collision_detection.dir/test/test_fcl_collision_detection_pr2.cpp.o[0m
[308.726s] [ 72%] [32m[1mLinking CXX executable test_fcl_collision_detection[0m
[309.000s] [ 72%] Built target test_fcl_collision_detection
[309.034s] [ 73%] [32mBuilding CXX object collision_detection_fcl/CMakeFiles/test_fcl_collision_detection_panda.dir/test/test_fcl_collision_detection_panda.cpp.o[0m
[312.064s] [ 74%] [32mBuilding CXX object kinematic_constraints/CMakeFiles/moveit_kinematic_constraints.dir/src/kinematic_constraint.cpp.o[0m
[317.423s] [ 75%] [32m[1mLinking CXX executable test_fcl_collision_detection_panda[0m
[317.726s] [ 75%] Built target test_fcl_collision_detection_panda
[321.760s] [ 75%] [32mBuilding CXX object trajectory_processing/CMakeFiles/test_time_parameterization.dir/test/test_time_parameterization.cpp.o[0m
[323.984s] [ 75%] [32mBuilding CXX object kinematic_constraints/CMakeFiles/moveit_kinematic_constraints.dir/src/utils.cpp.o[0m
[328.525s] [ 76%] [32m[1mLinking CXX executable test_time_parameterization[0m
[328.812s] [ 76%] Built target test_time_parameterization
[328.850s] [ 77%] [32mBuilding CXX object trajectory_processing/CMakeFiles/test_time_optimal_trajectory_generation.dir/test/test_time_optimal_trajectory_generation.cpp.o[0m
[333.823s] [ 78%] [32m[1mLinking CXX shared library libmoveit_kinematic_constraints.so[0m
[334.021s] [ 78%] Built target moveit_kinematic_constraints
[334.053s] [ 79%] [32mBuilding CXX object trajectory_processing/CMakeFiles/test_ruckig_traj_smoothing.dir/test/test_ruckig_traj_smoothing.cpp.o[0m
[337.658s] [ 80%] [32m[1mLinking CXX executable test_time_optimal_trajectory_generation[0m
[337.993s] [ 80%] Built target test_time_optimal_trajectory_generation
[338.060s] [ 81%] [32mBuilding CXX object planning_scene/CMakeFiles/moveit_planning_scene.dir/src/planning_scene.cpp.o[0m
[342.016s] [ 81%] [32m[1mLinking CXX executable test_ruckig_traj_smoothing[0m
[342.303s] [ 81%] Built target test_ruckig_traj_smoothing
[342.335s] [ 81%] [32mBuilding CXX object kinematic_constraints/CMakeFiles/test_constraints.dir/test/test_constraints.cpp.o[0m
[353.779s] [ 82%] [32m[1mLinking CXX executable test_constraints[0m
[354.789s] [ 82%] Built target test_constraints
[354.871s] [ 83%] [32mBuilding CXX object kinematic_constraints/CMakeFiles/test_orientation_constraints.dir/test/test_orientation_constraints.cpp.o[0m
[357.250s] [ 84%] [32m[1mLinking CXX shared library libmoveit_planning_scene.so[0m
[357.498s] [ 84%] Built target moveit_planning_scene
[361.542s] [ 85%] [32mBuilding CXX object collision_distance_field/CMakeFiles/moveit_collision_distance_field.dir/src/collision_distance_field_types.cpp.o[0m
[365.781s] [ 85%] [32m[1mLinking CXX executable test_orientation_constraints[0m
[366.128s] [ 85%] Built target test_orientation_constraints
[366.157s] [ 85%] [32mBuilding CXX object collision_distance_field/CMakeFiles/moveit_collision_distance_field.dir/src/collision_common_distance_field.cpp.o[0m
[368.753s] [ 86%] [32mBuilding CXX object collision_distance_field/CMakeFiles/moveit_collision_distance_field.dir/src/collision_env_distance_field.cpp.o[0m
[383.117s] [ 86%] [32mBuilding CXX object collision_distance_field/CMakeFiles/moveit_collision_distance_field.dir/src/collision_env_hybrid.cpp.o[0m
[383.161s] [ 87%] [32mBuilding CXX object constraint_samplers/CMakeFiles/moveit_constraint_samplers.dir/src/constraint_sampler.cpp.o[0m
[389.801s] [ 87%] [32mBuilding CXX object constraint_samplers/CMakeFiles/moveit_constraint_samplers.dir/src/constraint_sampler_manager.cpp.o[0m
[392.288s] [ 88%] [32m[1mLinking CXX shared library libmoveit_collision_distance_field.so[0m
[392.715s] [ 88%] Built target moveit_collision_distance_field
[392.763s] [ 89%] [32mBuilding CXX object planning_request_adapter/CMakeFiles/moveit_planning_request_adapter.dir/src/planning_request_adapter.cpp.o[0m
[398.370s] [ 90%] [32mBuilding CXX object constraint_samplers/CMakeFiles/moveit_constraint_samplers.dir/src/constraint_sampler_tools.cpp.o[0m
[399.755s] [ 90%] [32m[1mLinking CXX shared library libmoveit_planning_request_adapter.so[0m
[399.930s] [ 90%] Built target moveit_planning_request_adapter
[399.960s] [ 91%] [32mBuilding CXX object planning_scene/CMakeFiles/test_planning_scene.dir/test/test_planning_scene.cpp.o[0m
[406.733s] [ 91%] [32mBuilding CXX object constraint_samplers/CMakeFiles/moveit_constraint_samplers.dir/src/default_constraint_samplers.cpp.o[0m
[415.459s] [ 91%] [32m[1mLinking CXX executable test_planning_scene[0m
[415.998s] [ 91%] Built target test_planning_scene
[417.433s] [ 92%] [32mBuilding CXX object constraint_samplers/CMakeFiles/moveit_constraint_samplers.dir/src/union_constraint_sampler.cpp.o[0m
[424.076s] [ 92%] [32m[1mLinking CXX shared library libmoveit_constraint_samplers.so[0m
[424.358s] [ 92%] Built target moveit_constraint_samplers
[424.399s] [ 93%] [32mBuilding CXX object planning_scene/CMakeFiles/test_collision_objects.dir/test/test_collision_objects.cpp.o[0m
[426.425s] [ 93%] [32mBuilding CXX object planning_scene/CMakeFiles/test_multi_threaded.dir/test/test_multi_threaded.cpp.o[0m
[434.170s] [ 93%] [32m[1mLinking CXX executable test_collision_objects[0m
[434.197s] [ 94%] [32m[1mLinking CXX executable test_multi_threaded[0m
[434.493s] [ 94%] Built target test_collision_objects
[434.501s] [ 94%] Built target test_multi_threaded
[434.527s] [ 94%] [32mBuilding CXX object collision_detection_bullet/CMakeFiles/collision_detector_bullet_plugin.dir/src/collision_detector_bullet_plugin_loader.cpp.o[0m
[434.557s] [ 94%] [32mBuilding CXX object collision_detection_fcl/CMakeFiles/collision_detector_fcl_plugin.dir/src/collision_detector_fcl_plugin_loader.cpp.o[0m
[441.856s] [ 95%] [32m[1mLinking CXX shared library libcollision_detector_bullet_plugin.so[0m
[442.012s] [ 95%] Built target collision_detector_bullet_plugin
[442.730s] [ 96%] [32m[1mLinking CXX shared library libcollision_detector_fcl_plugin.so[0m
[442.878s] [ 96%] Built target collision_detector_fcl_plugin
[442.913s] [ 97%] [32mBuilding CXX object collision_distance_field/CMakeFiles/test_collision_distance_field.dir/test/test_collision_distance_field.cpp.o[0m
[452.429s] [ 97%] [32m[1mLinking CXX executable test_collision_distance_field[0m
[452.692s] [ 97%] Built target test_collision_distance_field
[452.720s] [ 98%] [32mBuilding CXX object constraint_samplers/CMakeFiles/test_constraint_samplers.dir/test/test_constraint_samplers.cpp.o[0m
[452.720s] [ 99%] [32mBuilding CXX object constraint_samplers/CMakeFiles/test_constraint_samplers.dir/test/pr2_arm_kinematics_plugin.cpp.o[0m
[466.774s] [ 99%] [32mBuilding CXX object constraint_samplers/CMakeFiles/test_constraint_samplers.dir/test/pr2_arm_ik.cpp.o[0m
[472.196s] [100%] [32m[1mLinking CXX executable test_constraint_samplers[0m
[472.519s] [100%] Built target test_constraint_samplers
[472.635s] Invoked command in '/home/matteo-melzer/ws_moveit/build/moveit_core' returned '0': CMAKE_PREFIX_PATH=/home/matteo-melzer/ws_moveit/install/moveit_resources_panda_moveit_config:/home/matteo-melzer/ws_moveit/install/srdfdom:/home/matteo-melzer/ws_moveit/install/moveit_resources_pr2_description:/home/matteo-melzer/ws_moveit/install/moveit_resources_panda_description:/home/matteo-melzer/ws_moveit/install/moveit_common:/home/matteo-melzer/ws_moveit/install/ur10e_moveit_launch:/home/matteo-melzer/ws_moveit/install/rosparam_shortcuts:/home/matteo-melzer/ws_moveit/install/moveit_resources:/home/matteo-melzer/ws_moveit/install/rviz_marker_tools:/home/matteo-melzer/ros2_ws/install/ur_description:/home/matteo-melzer/ros2_ws/install/tutorial_interfaces:/home/matteo-melzer/ros2_ws/install/turtlesim:/home/matteo-melzer/ws_moveit/install/ur_description:/home/matteo-melzer/ws_moveit/install/moveit_task_constructor_msgs:/home/matteo-melzer/ws_moveit/install/moveit_resources_prbt_support:/home/matteo-melzer/ws_moveit/install/moveit_resources_fanuc_moveit_config:/home/matteo-melzer/ws_moveit/install/moveit_resources_fanuc_description:/home/matteo-melzer/ros2_ws/install/py_srvcli:/home/matteo-melzer/ros2_ws/install/py_pubsub:/home/matteo-melzer/ws_moveit/install/moveit_configs_utils:/home/matteo-melzer/ws_moveit/install/launch_param_builder:/opt/ros/humble LD_LIBRARY_PATH=/home/matteo-melzer/ws_moveit/install/srdfdom/lib:/home/matteo-melzer/ws_moveit/install/rosparam_shortcuts/lib:/home/matteo-melzer/ws_moveit/install/rviz_marker_tools/lib:/home/matteo-melzer/ros2_ws/install/tutorial_interfaces/lib:/home/matteo-melzer/ros2_ws/install/turtlesim/lib:/home/matteo-melzer/ws_moveit/install/moveit_task_constructor_msgs/lib:/opt/ros/humble/opt/rviz_ogre_vendor/lib:/opt/ros/humble/lib/x86_64-linux-gnu:/opt/ros/humble/lib /usr/bin/cmake --build /home/matteo-melzer/ws_moveit/build/moveit_core -- -j2 -l2
[472.711s] Invoking command in '/home/matteo-melzer/ws_moveit/build/moveit_core': CMAKE_PREFIX_PATH=/home/matteo-melzer/ws_moveit/install/moveit_resources_panda_moveit_config:/home/matteo-melzer/ws_moveit/install/srdfdom:/home/matteo-melzer/ws_moveit/install/moveit_resources_pr2_description:/home/matteo-melzer/ws_moveit/install/moveit_resources_panda_description:/home/matteo-melzer/ws_moveit/install/moveit_common:/home/matteo-melzer/ws_moveit/install/ur10e_moveit_launch:/home/matteo-melzer/ws_moveit/install/rosparam_shortcuts:/home/matteo-melzer/ws_moveit/install/moveit_resources:/home/matteo-melzer/ws_moveit/install/rviz_marker_tools:/home/matteo-melzer/ros2_ws/install/ur_description:/home/matteo-melzer/ros2_ws/install/tutorial_interfaces:/home/matteo-melzer/ros2_ws/install/turtlesim:/home/matteo-melzer/ws_moveit/install/ur_description:/home/matteo-melzer/ws_moveit/install/moveit_task_constructor_msgs:/home/matteo-melzer/ws_moveit/install/moveit_resources_prbt_support:/home/matteo-melzer/ws_moveit/install/moveit_resources_fanuc_moveit_config:/home/matteo-melzer/ws_moveit/install/moveit_resources_fanuc_description:/home/matteo-melzer/ros2_ws/install/py_srvcli:/home/matteo-melzer/ros2_ws/install/py_pubsub:/home/matteo-melzer/ws_moveit/install/moveit_configs_utils:/home/matteo-melzer/ws_moveit/install/launch_param_builder:/opt/ros/humble LD_LIBRARY_PATH=/home/matteo-melzer/ws_moveit/install/srdfdom/lib:/home/matteo-melzer/ws_moveit/install/rosparam_shortcuts/lib:/home/matteo-melzer/ws_moveit/install/rviz_marker_tools/lib:/home/matteo-melzer/ros2_ws/install/tutorial_interfaces/lib:/home/matteo-melzer/ros2_ws/install/turtlesim/lib:/home/matteo-melzer/ws_moveit/install/moveit_task_constructor_msgs/lib:/opt/ros/humble/opt/rviz_ogre_vendor/lib:/opt/ros/humble/lib/x86_64-linux-gnu:/opt/ros/humble/lib /usr/bin/cmake --install /home/matteo-melzer/ws_moveit/build/moveit_core
[472.735s] -- Install configuration: "Release"
[472.737s] -- Installing: /home/matteo-melzer/ws_moveit/install/moveit_core/include/moveit/version.h
[472.740s] -- Up-to-date: /home/matteo-melzer/ws_moveit/install/moveit_core/include
[472.741s] -- Up-to-date: /home/matteo-melzer/ws_moveit/install/moveit_core/include/moveit
[472.741s] -- Installing: /home/matteo-melzer/ws_moveit/install/moveit_core/include/moveit/collision_distance_field
[472.744s] -- Installing: /home/matteo-melzer/ws_moveit/install/moveit_core/include/moveit/collision_distance_field/collision_common_distance_field.h
[472.745s] -- Installing: /home/matteo-melzer/ws_moveit/install/moveit_core/include/moveit/collision_distance_field/collision_detector_allocator_distance_field.h
[472.745s] -- Installing: /home/matteo-melzer/ws_moveit/install/moveit_core/include/moveit/collision_distance_field/collision_detector_allocator_hybrid.h
[472.745s] -- Installing: /home/matteo-melzer/ws_moveit/install/moveit_core/include/moveit/collision_distance_field/collision_env_distance_field.h
[472.745s] -- Installing: /home/matteo-melzer/ws_moveit/install/moveit_core/include/moveit/collision_distance_field/collision_distance_field_types.h
[472.745s] -- Installing: /home/matteo-melzer/ws_moveit/install/moveit_core/include/moveit/collision_distance_field/collision_env_hybrid.h
[472.745s] -- Installing: /home/matteo-melzer/ws_moveit/install/moveit_core/include/moveit_collision_distance_field_export.h
[472.748s] -- Up-to-date: /home/matteo-melzer/ws_moveit/install/moveit_core/include
[472.748s] -- Up-to-date: /home/matteo-melzer/ws_moveit/install/moveit_core/include/moveit
[472.748s] -- Installing: /home/matteo-melzer/ws_moveit/install/moveit_core/include/moveit/constraint_samplers
[472.749s] -- Installing: /home/matteo-melzer/ws_moveit/install/moveit_core/include/moveit/constraint_samplers/constraint_sampler_manager.h
[472.749s] -- Installing: /home/matteo-melzer/ws_moveit/install/moveit_core/include/moveit/constraint_samplers/constraint_sampler_tools.h
[472.749s] -- Installing: /home/matteo-melzer/ws_moveit/install/moveit_core/include/moveit/constraint_samplers/default_constraint_samplers.h
[472.749s] -- Installing: /home/matteo-melzer/ws_moveit/install/moveit_core/include/moveit/constraint_samplers/constraint_sampler.h
[472.749s] -- Installing: /home/matteo-melzer/ws_moveit/install/moveit_core/include/moveit/constraint_samplers/constraint_sampler_allocator.h
[472.751s] -- Installing: /home/matteo-melzer/ws_moveit/install/moveit_core/include/moveit/constraint_samplers/union_constraint_sampler.h
[472.753s] -- Up-to-date: /home/matteo-melzer/ws_moveit/install/moveit_core/include
[472.753s] -- Up-to-date: /home/matteo-melzer/ws_moveit/install/moveit_core/include/moveit
[472.754s] -- Installing: /home/matteo-melzer/ws_moveit/install/moveit_core/include/moveit/controller_manager
[472.754s] -- Installing: /home/matteo-melzer/ws_moveit/install/moveit_core/include/moveit/controller_manager/controller_manager.h
[472.755s] -- Up-to-date: /home/matteo-melzer/ws_moveit/install/moveit_core/include
[472.755s] -- Up-to-date: /home/matteo-melzer/ws_moveit/install/moveit_core/include/moveit
[472.755s] -- Installing: /home/matteo-melzer/ws_moveit/install/moveit_core/include/moveit/distance_field
[472.756s] -- Installing: /home/matteo-melzer/ws_moveit/install/moveit_core/include/moveit/distance_field/voxel_grid.h
[472.756s] -- Installing: /home/matteo-melzer/ws_moveit/install/moveit_core/include/moveit/distance_field/distance_field.h
[472.757s] -- Installing: /home/matteo-melzer/ws_moveit/install/moveit_core/include/moveit/distance_field/find_internal_points.h
[472.757s] -- Installing: /home/matteo-melzer/ws_moveit/install/moveit_core/include/moveit/distance_field/propagation_distance_field.h
[472.758s] -- Up-to-date: /home/matteo-melzer/ws_moveit/install/moveit_core/include
[472.758s] -- Up-to-date: /home/matteo-melzer/ws_moveit/install/moveit_core/include/moveit
[472.759s] -- Installing: /home/matteo-melzer/ws_moveit/install/moveit_core/include/moveit/dynamics_solver
[472.759s] -- Installing: /home/matteo-melzer/ws_moveit/install/moveit_core/include/moveit/dynamics_solver/dynamics_solver.h
[472.760s] -- Up-to-date: /home/matteo-melzer/ws_moveit/install/moveit_core/include
[472.761s] -- Up-to-date: /home/matteo-melzer/ws_moveit/install/moveit_core/include/moveit
[472.761s] -- Installing: /home/matteo-melzer/ws_moveit/install/moveit_core/include/moveit/exceptions
[472.761s] -- Installing: /home/matteo-melzer/ws_moveit/install/moveit_core/include/moveit/exceptions/exceptions.h
[472.762s] -- Up-to-date: /home/matteo-melzer/ws_moveit/install/moveit_core/include
[472.762s] -- Up-to-date: /home/matteo-melzer/ws_moveit/install/moveit_core/include/moveit
[472.762s] -- Installing: /home/matteo-melzer/ws_moveit/install/moveit_core/include/moveit/kinematics_base
[472.763s] -- Installing: /home/matteo-melzer/ws_moveit/install/moveit_core/include/moveit/kinematics_base/kinematics_base.h
[472.763s] -- Installing: /home/matteo-melzer/ws_moveit/install/moveit_core/include/moveit_kinematics_base_export.h
[472.765s] -- Up-to-date: /home/matteo-melzer/ws_moveit/install/moveit_core/include
[472.765s] -- Up-to-date: /home/matteo-melzer/ws_moveit/install/moveit_core/include/moveit
[472.765s] -- Installing: /home/matteo-melzer/ws_moveit/install/moveit_core/include/moveit/kinematic_constraints
[472.765s] -- Installing: /home/matteo-melzer/ws_moveit/install/moveit_core/include/moveit/kinematic_constraints/utils.h
[472.767s] -- Installing: /home/matteo-melzer/ws_moveit/install/moveit_core/include/moveit/kinematic_constraints/kinematic_constraint.h
[472.768s] -- Up-to-date: /home/matteo-melzer/ws_moveit/install/moveit_core/include
[472.768s] -- Up-to-date: /home/matteo-melzer/ws_moveit/install/moveit_core/include/moveit
[472.768s] -- Installing: /home/matteo-melzer/ws_moveit/install/moveit_core/include/moveit/kinematics_metrics
[472.769s] -- Installing: /home/matteo-melzer/ws_moveit/install/moveit_core/include/moveit/kinematics_metrics/kinematics_metrics.h
[472.772s] -- Up-to-date: /home/matteo-melzer/ws_moveit/install/moveit_core/include
[472.772s] -- Up-to-date: /home/matteo-melzer/ws_moveit/install/moveit_core/include/moveit
[472.772s] -- Installing: /home/matteo-melzer/ws_moveit/install/moveit_core/include/moveit/macros
[472.772s] -- Installing: /home/matteo-melzer/ws_moveit/install/moveit_core/include/moveit/macros/deprecation.h
[472.775s] -- Installing: /home/matteo-melzer/ws_moveit/install/moveit_core/include/moveit/macros/class_forward.h
[472.775s] -- Installing: /home/matteo-melzer/ws_moveit/install/moveit_core/include/moveit/macros/declare_ptr.h
[472.775s] -- Installing: /home/matteo-melzer/ws_moveit/install/moveit_core/include/moveit/macros/console_colors.h
[472.776s] -- Installing: /home/matteo-melzer/ws_moveit/install/moveit_core/include/moveit_core
[472.778s] -- Installing: /home/matteo-melzer/ws_moveit/install/moveit_core/include/moveit_core/moveit_butterworth_parameters.hpp
[472.778s] -- Up-to-date: /home/matteo-melzer/ws_moveit/install/moveit_core/include
[472.778s] -- Up-to-date: /home/matteo-melzer/ws_moveit/install/moveit_core/include/moveit
[472.779s] -- Installing: /home/matteo-melzer/ws_moveit/install/moveit_core/include/moveit/online_signal_smoothing
[472.779s] -- Installing: /home/matteo-melzer/ws_moveit/install/moveit_core/include/moveit/online_signal_smoothing/butterworth_filter.h
[472.779s] -- Installing: /home/matteo-melzer/ws_moveit/install/moveit_core/include/moveit/online_signal_smoothing/smoothing_base_class.h
[472.780s] -- Installing: /home/matteo-melzer/ws_moveit/install/moveit_core/include/moveit_smoothing_base_export.h
[472.780s] -- Installing: /home/matteo-melzer/ws_moveit/install/moveit_core/include/moveit_butterworth_filter_export.h
[472.782s] -- Up-to-date: /home/matteo-melzer/ws_moveit/install/moveit_core/include
[472.783s] -- Up-to-date: /home/matteo-melzer/ws_moveit/install/moveit_core/include/moveit
[472.783s] -- Installing: /home/matteo-melzer/ws_moveit/install/moveit_core/include/moveit/planning_interface
[472.783s] -- Installing: /home/matteo-melzer/ws_moveit/install/moveit_core/include/moveit/planning_interface/planning_request.h
[472.784s] -- Installing: /home/matteo-melzer/ws_moveit/install/moveit_core/include/moveit/planning_interface/planning_interface.h
[472.784s] -- Installing: /home/matteo-melzer/ws_moveit/install/moveit_core/include/moveit/planning_interface/planning_response.h
[472.785s] -- Up-to-date: /home/matteo-melzer/ws_moveit/install/moveit_core/include
[472.785s] -- Up-to-date: /home/matteo-melzer/ws_moveit/install/moveit_core/include/moveit
[472.785s] -- Installing: /home/matteo-melzer/ws_moveit/install/moveit_core/include/moveit/planning_request_adapter
[472.785s] -- Installing: /home/matteo-melzer/ws_moveit/install/moveit_core/include/moveit/planning_request_adapter/planning_request_adapter.h
[472.786s] -- Up-to-date: /home/matteo-melzer/ws_moveit/install/moveit_core/include
[472.786s] -- Up-to-date: /home/matteo-melzer/ws_moveit/install/moveit_core/include/moveit
[472.787s] -- Installing: /home/matteo-melzer/ws_moveit/install/moveit_core/include/moveit/planning_scene
[472.787s] -- Installing: /home/matteo-melzer/ws_moveit/install/moveit_core/include/moveit/planning_scene/planning_scene.h
[472.787s] -- Installing: /home/matteo-melzer/ws_moveit/install/moveit_core/include/moveit_planning_scene_export.h
[472.788s] -- Up-to-date: /home/matteo-melzer/ws_moveit/install/moveit_core/include
[472.789s] -- Up-to-date: /home/matteo-melzer/ws_moveit/install/moveit_core/include/moveit
[472.789s] -- Installing: /home/matteo-melzer/ws_moveit/install/moveit_core/include/moveit/robot_model
[472.789s] -- Installing: /home/matteo-melzer/ws_moveit/install/moveit_core/include/moveit/robot_model/planar_joint_model.h
[472.789s] -- Installing: /home/matteo-melzer/ws_moveit/install/moveit_core/include/moveit/robot_model/link_model.h
[472.789s] -- Installing: /home/matteo-melzer/ws_moveit/install/moveit_core/include/moveit/robot_model/joint_model.h
[472.789s] -- Installing: /home/matteo-melzer/ws_moveit/install/moveit_core/include/moveit/robot_model/revolute_joint_model.h
[472.789s] -- Installing: /home/matteo-melzer/ws_moveit/install/moveit_core/include/moveit/robot_model/prismatic_joint_model.h
[472.789s] -- Installing: /home/matteo-melzer/ws_moveit/install/moveit_core/include/moveit/robot_model/robot_model.h
[472.789s] -- Installing: /home/matteo-melzer/ws_moveit/install/moveit_core/include/moveit/robot_model/aabb.h
[472.790s] -- Installing: /home/matteo-melzer/ws_moveit/install/moveit_core/include/moveit/robot_model/fixed_joint_model.h
[472.791s] -- Installing: /home/matteo-melzer/ws_moveit/install/moveit_core/include/moveit/robot_model/floating_joint_model.h
[472.791s] -- Installing: /home/matteo-melzer/ws_moveit/install/moveit_core/include/moveit/robot_model/joint_model_group.h
[472.792s] -- Up-to-date: /home/matteo-melzer/ws_moveit/install/moveit_core/include
[472.792s] -- Up-to-date: /home/matteo-melzer/ws_moveit/install/moveit_core/include/moveit
[472.792s] -- Installing: /home/matteo-melzer/ws_moveit/install/moveit_core/include/moveit/robot_state
[472.792s] -- Installing: /home/matteo-melzer/ws_moveit/install/moveit_core/include/moveit/robot_state/robot_state.h
[472.793s] -- Installing: /home/matteo-melzer/ws_moveit/install/moveit_core/include/moveit/robot_state/attached_body.h
[472.793s] -- Installing: /home/matteo-melzer/ws_moveit/install/moveit_core/include/moveit/robot_state/conversions.h
[472.793s] -- Installing: /home/matteo-melzer/ws_moveit/install/moveit_core/include/moveit/robot_state/cartesian_interpolator.h
[472.793s] -- Up-to-date: /home/matteo-melzer/ws_moveit/install/moveit_core/include
[472.793s] -- Up-to-date: /home/matteo-melzer/ws_moveit/install/moveit_core/include/moveit
[472.794s] -- Installing: /home/matteo-melzer/ws_moveit/install/moveit_core/include/moveit/robot_trajectory
[472.794s] -- Installing: /home/matteo-melzer/ws_moveit/install/moveit_core/include/moveit/robot_trajectory/robot_trajectory.h
[472.795s] -- Up-to-date: /home/matteo-melzer/ws_moveit/install/moveit_core/include
[472.795s] -- Up-to-date: /home/matteo-melzer/ws_moveit/install/moveit_core/include/moveit
[472.795s] -- Installing: /home/matteo-melzer/ws_moveit/install/moveit_core/include/moveit/sensor_manager
[472.796s] -- Installing: /home/matteo-melzer/ws_moveit/install/moveit_core/include/moveit/sensor_manager/sensor_manager.h
[472.797s] -- Up-to-date: /home/matteo-melzer/ws_moveit/install/moveit_core/include
[472.797s] -- Up-to-date: /home/matteo-melzer/ws_moveit/install/moveit_core/include/moveit
[472.797s] -- Installing: /home/matteo-melzer/ws_moveit/install/moveit_core/include/moveit/trajectory_processing
[472.798s] -- Installing: /home/matteo-melzer/ws_moveit/install/moveit_core/include/moveit/trajectory_processing/ruckig_traj_smoothing.h
[472.799s] -- Installing: /home/matteo-melzer/ws_moveit/install/moveit_core/include/moveit/trajectory_processing/iterative_time_parameterization.h
[472.799s] -- Installing: /home/matteo-melzer/ws_moveit/install/moveit_core/include/moveit/trajectory_processing/trajectory_tools.h
[472.800s] -- Installing: /home/matteo-melzer/ws_moveit/install/moveit_core/include/moveit/trajectory_processing/time_parameterization.h
[472.800s] -- Installing: /home/matteo-melzer/ws_moveit/install/moveit_core/include/moveit/trajectory_processing/iterative_spline_parameterization.h
[472.802s] -- Installing: /home/matteo-melzer/ws_moveit/install/moveit_core/include/moveit/trajectory_processing/time_optimal_trajectory_generation.h
[472.804s] -- Up-to-date: /home/matteo-melzer/ws_moveit/install/moveit_core/include
[472.804s] -- Up-to-date: /home/matteo-melzer/ws_moveit/install/moveit_core/include/moveit
[472.804s] -- Installing: /home/matteo-melzer/ws_moveit/install/moveit_core/include/moveit/transforms
[472.804s] -- Installing: /home/matteo-melzer/ws_moveit/install/moveit_core/include/moveit/transforms/transforms.h
[472.805s] -- Up-to-date: /home/matteo-melzer/ws_moveit/install/moveit_core/include
[472.805s] -- Up-to-date: /home/matteo-melzer/ws_moveit/install/moveit_core/include/moveit
[472.805s] -- Installing: /home/matteo-melzer/ws_moveit/install/moveit_core/include/moveit/utils
[472.805s] -- Installing: /home/matteo-melzer/ws_moveit/install/moveit_core/include/moveit/utils/moveit_error_code.h
[472.806s] -- Installing: /home/matteo-melzer/ws_moveit/install/moveit_core/include/moveit/utils/rclcpp_utils.h
[472.809s] -- Installing: /home/matteo-melzer/ws_moveit/install/moveit_core/include/moveit/utils/message_checks.h
[472.809s] -- Installing: /home/matteo-melzer/ws_moveit/install/moveit_core/include/moveit/utils/lexical_casts.h
[472.809s] -- Installing: /home/matteo-melzer/ws_moveit/install/moveit_core/include/moveit/utils/robot_model_test_utils.h
[472.810s] -- Installing: /home/matteo-melzer/ws_moveit/install/moveit_core/bin/moveit_version
[472.812s] -- Up-to-date: /home/matteo-melzer/ws_moveit/install/moveit_core/include
[472.812s] -- Up-to-date: /home/matteo-melzer/ws_moveit/install/moveit_core/include/moveit
[472.813s] -- Installing: /home/matteo-melzer/ws_moveit/install/moveit_core/include/moveit/collision_detection
[472.813s] -- Installing: /home/matteo-melzer/ws_moveit/install/moveit_core/include/moveit/collision_detection/collision_env.h
[472.814s] -- Installing: /home/matteo-melzer/ws_moveit/install/moveit_core/include/moveit/collision_detection/world_diff.h
[472.814s] -- Installing: /home/matteo-melzer/ws_moveit/install/moveit_core/include/moveit/collision_detection/test_collision_common_panda.h
[472.815s] -- Installing: /home/matteo-melzer/ws_moveit/install/moveit_core/include/moveit/collision_detection/collision_common.h
[472.816s] -- Installing: /home/matteo-melzer/ws_moveit/install/moveit_core/include/moveit/collision_detection/occupancy_map.h
[472.818s] -- Installing: /home/matteo-melzer/ws_moveit/install/moveit_core/include/moveit/collision_detection/allvalid
[472.821s] -- Installing: /home/matteo-melzer/ws_moveit/install/moveit_core/include/moveit/collision_detection/allvalid/collision_env_allvalid.h
[472.821s] -- Installing: /home/matteo-melzer/ws_moveit/install/moveit_core/include/moveit/collision_detection/allvalid/collision_detector_allocator_allvalid.h
[472.822s] -- Installing: /home/matteo-melzer/ws_moveit/install/moveit_core/include/moveit/collision_detection/collision_plugin.h
[472.822s] -- Installing: /home/matteo-melzer/ws_moveit/install/moveit_core/include/moveit/collision_detection/test_collision_common_pr2.h
[472.823s] -- Installing: /home/matteo-melzer/ws_moveit/install/moveit_core/include/moveit/collision_detection/collision_tools.h
[472.823s] -- Installing: /home/matteo-melzer/ws_moveit/install/moveit_core/include/moveit/collision_detection/collision_octomap_filter.h
[472.826s] -- Installing: /home/matteo-melzer/ws_moveit/install/moveit_core/include/moveit/collision_detection/collision_matrix.h
[472.826s] -- Installing: /home/matteo-melzer/ws_moveit/install/moveit_core/include/moveit/collision_detection/collision_plugin_cache.h
[472.827s] -- Installing: /home/matteo-melzer/ws_moveit/install/moveit_core/include/moveit/collision_detection/world.h
[472.827s] -- Installing: /home/matteo-melzer/ws_moveit/install/moveit_core/include/moveit/collision_detection/collision_detector_allocator.h
[472.827s] -- Installing: /home/matteo-melzer/ws_moveit/install/moveit_core/include/moveit_collision_detection_export.h
[472.828s] -- Up-to-date: /home/matteo-melzer/ws_moveit/install/moveit_core/include
[472.828s] -- Up-to-date: /home/matteo-melzer/ws_moveit/install/moveit_core/include/moveit
[472.828s] -- Installing: /home/matteo-melzer/ws_moveit/install/moveit_core/include/moveit/collision_detection_bullet
[472.828s] -- Installing: /home/matteo-melzer/ws_moveit/install/moveit_core/include/moveit/collision_detection_bullet/collision_detector_bullet_plugin_loader.h
[472.828s] -- Installing: /home/matteo-melzer/ws_moveit/install/moveit_core/include/moveit/collision_detection_bullet/bullet_integration
[472.828s] -- Installing: /home/matteo-melzer/ws_moveit/install/moveit_core/include/moveit/collision_detection_bullet/bullet_integration/bullet_discrete_bvh_manager.h
[472.829s] -- Installing: /home/matteo-melzer/ws_moveit/install/moveit_core/include/moveit/collision_detection_bullet/bullet_integration/bullet_utils.h
[472.829s] -- Installing: /home/matteo-melzer/ws_moveit/install/moveit_core/include/moveit/collision_detection_bullet/bullet_integration/bullet_cast_bvh_manager.h
[472.829s] -- Installing: /home/matteo-melzer/ws_moveit/install/moveit_core/include/moveit/collision_detection_bullet/bullet_integration/bullet_bvh_manager.h
[472.830s] -- Installing: /home/matteo-melzer/ws_moveit/install/moveit_core/include/moveit/collision_detection_bullet/bullet_integration/contact_checker_common.h
[472.831s] -- Installing: /home/matteo-melzer/ws_moveit/install/moveit_core/include/moveit/collision_detection_bullet/bullet_integration/ros_bullet_utils.h
[472.831s] -- Installing: /home/matteo-melzer/ws_moveit/install/moveit_core/include/moveit/collision_detection_bullet/bullet_integration/basic_types.h
[472.832s] -- Installing: /home/matteo-melzer/ws_moveit/install/moveit_core/include/moveit/collision_detection_bullet/collision_env_bullet.h
[472.833s] -- Installing: /home/matteo-melzer/ws_moveit/install/moveit_core/include/moveit/collision_detection_bullet/collision_detector_allocator_bullet.h
[472.834s] -- Installing: /home/matteo-melzer/ws_moveit/install/moveit_core/include/moveit_collision_detection_bullet_export.h
[472.835s] -- Up-to-date: /home/matteo-melzer/ws_moveit/install/moveit_core/include
[472.836s] -- Up-to-date: /home/matteo-melzer/ws_moveit/install/moveit_core/include/moveit
[472.838s] -- Installing: /home/matteo-melzer/ws_moveit/install/moveit_core/include/moveit/collision_detection_fcl
[472.839s] -- Installing: /home/matteo-melzer/ws_moveit/install/moveit_core/include/moveit/collision_detection_fcl/collision_detector_fcl_plugin_loader.h
[472.839s] -- Installing: /home/matteo-melzer/ws_moveit/install/moveit_core/include/moveit/collision_detection_fcl/collision_detector_allocator_fcl.h
[472.839s] -- Installing: /home/matteo-melzer/ws_moveit/install/moveit_core/include/moveit/collision_detection_fcl/collision_common.h
[472.839s] -- Installing: /home/matteo-melzer/ws_moveit/install/moveit_core/include/moveit/collision_detection_fcl/fcl_compat.h
[472.841s] -- Installing: /home/matteo-melzer/ws_moveit/install/moveit_core/include/moveit/collision_detection_fcl/collision_env_fcl.h
[472.841s] -- Installing: /home/matteo-melzer/ws_moveit/install/moveit_core/include/moveit_collision_detection_fcl_export.h
[472.842s] -- Installing: /home/matteo-melzer/ws_moveit/install/moveit_core/lib/libcollision_detector_bullet_plugin.so.2.5.9
[472.843s] -- Set runtime path of "/home/matteo-melzer/ws_moveit/install/moveit_core/lib/libcollision_detector_bullet_plugin.so.2.5.9" to ""
[472.843s] -- Installing: /home/matteo-melzer/ws_moveit/install/moveit_core/lib/libcollision_detector_bullet_plugin.so
[472.845s] -- Installing: /home/matteo-melzer/ws_moveit/install/moveit_core/lib/libmoveit_butterworth_filter.so.2.5.9
[472.846s] -- Set runtime path of "/home/matteo-melzer/ws_moveit/install/moveit_core/lib/libmoveit_butterworth_filter.so.2.5.9" to ""
[472.846s] -- Installing: /home/matteo-melzer/ws_moveit/install/moveit_core/lib/libmoveit_butterworth_filter.so
[472.847s] -- Installing: /home/matteo-melzer/ws_moveit/install/moveit_core/lib/libmoveit_collision_distance_field.so.2.5.9
[472.850s] -- Set runtime path of "/home/matteo-melzer/ws_moveit/install/moveit_core/lib/libmoveit_collision_distance_field.so.2.5.9" to ""
[472.850s] -- Installing: /home/matteo-melzer/ws_moveit/install/moveit_core/lib/libmoveit_collision_distance_field.so
[472.853s] -- Installing: /home/matteo-melzer/ws_moveit/install/moveit_core/lib/libmoveit_collision_detection.so.2.5.9
[472.856s] -- Set runtime path of "/home/matteo-melzer/ws_moveit/install/moveit_core/lib/libmoveit_collision_detection.so.2.5.9" to ""
[472.856s] -- Installing: /home/matteo-melzer/ws_moveit/install/moveit_core/lib/libmoveit_collision_detection.so
[472.856s] -- Installing: /home/matteo-melzer/ws_moveit/install/moveit_core/lib/libmoveit_collision_detection_fcl.so.2.5.9
[472.856s] -- Set runtime path of "/home/matteo-melzer/ws_moveit/install/moveit_core/lib/libmoveit_collision_detection_fcl.so.2.5.9" to ""
[472.857s] -- Installing: /home/matteo-melzer/ws_moveit/install/moveit_core/lib/libmoveit_collision_detection_fcl.so
[472.857s] -- Installing: /home/matteo-melzer/ws_moveit/install/moveit_core/lib/libmoveit_collision_detection_bullet.so.2.5.9
[472.860s] -- Set runtime path of "/home/matteo-melzer/ws_moveit/install/moveit_core/lib/libmoveit_collision_detection_bullet.so.2.5.9" to ""
[472.860s] -- Installing: /home/matteo-melzer/ws_moveit/install/moveit_core/lib/libmoveit_collision_detection_bullet.so
[472.860s] -- Installing: /home/matteo-melzer/ws_moveit/install/moveit_core/lib/libmoveit_dynamics_solver.so.2.5.9
[472.861s] -- Set runtime path of "/home/matteo-melzer/ws_moveit/install/moveit_core/lib/libmoveit_dynamics_solver.so.2.5.9" to ""
[472.862s] -- Installing: /home/matteo-melzer/ws_moveit/install/moveit_core/lib/libmoveit_dynamics_solver.so
[472.862s] -- Installing: /home/matteo-melzer/ws_moveit/install/moveit_core/lib/libmoveit_constraint_samplers.so.2.5.9
[472.864s] -- Set runtime path of "/home/matteo-melzer/ws_moveit/install/moveit_core/lib/libmoveit_constraint_samplers.so.2.5.9" to ""
[472.864s] -- Installing: /home/matteo-melzer/ws_moveit/install/moveit_core/lib/libmoveit_constraint_samplers.so
[472.865s] -- Installing: /home/matteo-melzer/ws_moveit/install/moveit_core/lib/libmoveit_distance_field.so.2.5.9
[472.868s] -- Set runtime path of "/home/matteo-melzer/ws_moveit/install/moveit_core/lib/libmoveit_distance_field.so.2.5.9" to ""
[472.868s] -- Installing: /home/matteo-melzer/ws_moveit/install/moveit_core/lib/libmoveit_distance_field.so
[472.868s] -- Installing: /home/matteo-melzer/ws_moveit/install/moveit_core/lib/libmoveit_exceptions.so.2.5.9
[472.871s] -- Set runtime path of "/home/matteo-melzer/ws_moveit/install/moveit_core/lib/libmoveit_exceptions.so.2.5.9" to ""
[472.871s] -- Installing: /home/matteo-melzer/ws_moveit/install/moveit_core/lib/libmoveit_exceptions.so
[472.872s] -- Installing: /home/matteo-melzer/ws_moveit/install/moveit_core/lib/libmoveit_kinematics_base.so
[472.872s] -- Set runtime path of "/home/matteo-melzer/ws_moveit/install/moveit_core/lib/libmoveit_kinematics_base.so" to ""
[472.872s] -- Installing: /home/matteo-melzer/ws_moveit/install/moveit_core/lib/libmoveit_kinematic_constraints.so.2.5.9
[472.874s] -- Set runtime path of "/home/matteo-melzer/ws_moveit/install/moveit_core/lib/libmoveit_kinematic_constraints.so.2.5.9" to ""
[472.875s] -- Installing: /home/matteo-melzer/ws_moveit/install/moveit_core/lib/libmoveit_kinematic_constraints.so
[472.875s] -- Installing: /home/matteo-melzer/ws_moveit/install/moveit_core/lib/libmoveit_kinematics_metrics.so.2.5.9
[472.875s] -- Set runtime path of "/home/matteo-melzer/ws_moveit/install/moveit_core/lib/libmoveit_kinematics_metrics.so.2.5.9" to ""
[472.875s] -- Installing: /home/matteo-melzer/ws_moveit/install/moveit_core/lib/libmoveit_kinematics_metrics.so
[472.876s] -- Installing: /home/matteo-melzer/ws_moveit/install/moveit_core/lib/libmoveit_planning_interface.so.2.5.9
[472.877s] -- Set runtime path of "/home/matteo-melzer/ws_moveit/install/moveit_core/lib/libmoveit_planning_interface.so.2.5.9" to ""
[472.877s] -- Installing: /home/matteo-melzer/ws_moveit/install/moveit_core/lib/libmoveit_planning_interface.so
[472.877s] -- Installing: /home/matteo-melzer/ws_moveit/install/moveit_core/lib/libmoveit_planning_scene.so.2.5.9
[472.879s] -- Set runtime path of "/home/matteo-melzer/ws_moveit/install/moveit_core/lib/libmoveit_planning_scene.so.2.5.9" to ""
[472.879s] -- Installing: /home/matteo-melzer/ws_moveit/install/moveit_core/lib/libmoveit_planning_scene.so
[472.880s] -- Installing: /home/matteo-melzer/ws_moveit/install/moveit_core/lib/libmoveit_planning_request_adapter.so.2.5.9
[472.881s] -- Set runtime path of "/home/matteo-melzer/ws_moveit/install/moveit_core/lib/libmoveit_planning_request_adapter.so.2.5.9" to ""
[472.881s] -- Installing: /home/matteo-melzer/ws_moveit/install/moveit_core/lib/libmoveit_planning_request_adapter.so
[472.881s] -- Installing: /home/matteo-melzer/ws_moveit/install/moveit_core/lib/libmoveit_robot_model.so.2.5.9
[472.883s] -- Set runtime path of "/home/matteo-melzer/ws_moveit/install/moveit_core/lib/libmoveit_robot_model.so.2.5.9" to ""
[472.883s] -- Installing: /home/matteo-melzer/ws_moveit/install/moveit_core/lib/libmoveit_robot_model.so
[472.883s] -- Installing: /home/matteo-melzer/ws_moveit/install/moveit_core/lib/libmoveit_robot_state.so.2.5.9
[472.886s] -- Set runtime path of "/home/matteo-melzer/ws_moveit/install/moveit_core/lib/libmoveit_robot_state.so.2.5.9" to ""
[472.887s] -- Installing: /home/matteo-melzer/ws_moveit/install/moveit_core/lib/libmoveit_robot_state.so
[472.887s] -- Installing: /home/matteo-melzer/ws_moveit/install/moveit_core/lib/libmoveit_robot_trajectory.so.2.5.9
[472.887s] -- Set runtime path of "/home/matteo-melzer/ws_moveit/install/moveit_core/lib/libmoveit_robot_trajectory.so.2.5.9" to ""
[472.887s] -- Installing: /home/matteo-melzer/ws_moveit/install/moveit_core/lib/libmoveit_robot_trajectory.so
[472.887s] -- Installing: /home/matteo-melzer/ws_moveit/install/moveit_core/lib/libmoveit_smoothing_base.so.2.5.9
[472.888s] -- Set runtime path of "/home/matteo-melzer/ws_moveit/install/moveit_core/lib/libmoveit_smoothing_base.so.2.5.9" to ""
[472.888s] -- Installing: /home/matteo-melzer/ws_moveit/install/moveit_core/lib/libmoveit_smoothing_base.so
[472.889s] -- Installing: /home/matteo-melzer/ws_moveit/install/moveit_core/lib/libmoveit_test_utils.so.2.5.9
[472.890s] -- Set runtime path of "/home/matteo-melzer/ws_moveit/install/moveit_core/lib/libmoveit_test_utils.so.2.5.9" to ""
[472.890s] -- Installing: /home/matteo-melzer/ws_moveit/install/moveit_core/lib/libmoveit_test_utils.so
[472.890s] -- Installing: /home/matteo-melzer/ws_moveit/install/moveit_core/lib/libmoveit_trajectory_processing.so.2.5.9
[472.892s] -- Set runtime path of "/home/matteo-melzer/ws_moveit/install/moveit_core/lib/libmoveit_trajectory_processing.so.2.5.9" to ""
[472.892s] -- Installing: /home/matteo-melzer/ws_moveit/install/moveit_core/lib/libmoveit_trajectory_processing.so
[472.892s] -- Installing: /home/matteo-melzer/ws_moveit/install/moveit_core/lib/libmoveit_transforms.so.2.5.9
[472.893s] -- Set runtime path of "/home/matteo-melzer/ws_moveit/install/moveit_core/lib/libmoveit_transforms.so.2.5.9" to ""
[472.893s] -- Installing: /home/matteo-melzer/ws_moveit/install/moveit_core/lib/libmoveit_transforms.so
[472.894s] -- Installing: /home/matteo-melzer/ws_moveit/install/moveit_core/lib/libmoveit_utils.so.2.5.9
[472.895s] -- Set runtime path of "/home/matteo-melzer/ws_moveit/install/moveit_core/lib/libmoveit_utils.so.2.5.9" to ""
[472.895s] -- Installing: /home/matteo-melzer/ws_moveit/install/moveit_core/lib/libmoveit_utils.so
[472.899s] -- Installing: /home/matteo-melzer/ws_moveit/install/moveit_core/share/moveit_core/environment/library_path.sh
[472.900s] -- Installing: /home/matteo-melzer/ws_moveit/install/moveit_core/share/moveit_core/environment/library_path.dsv
[472.901s] -- Installing: /home/matteo-melzer/ws_moveit/install/moveit_core/share/moveit_core/collision_detector_fcl_description.xml
[472.901s] -- Installing: /home/matteo-melzer/ws_moveit/install/moveit_core/share/moveit_core/collision_detector_bullet_description.xml
[472.902s] -- Installing: /home/matteo-melzer/ws_moveit/install/moveit_core/share/moveit_core/filter_plugin_butterworth.xml
[472.906s] -- Installing: /home/matteo-melzer/ws_moveit/install/moveit_core/share/ament_index/resource_index/package_run_dependencies/moveit_core
[472.906s] -- Installing: /home/matteo-melzer/ws_moveit/install/moveit_core/share/ament_index/resource_index/parent_prefix_path/moveit_core
[472.908s] -- Installing: /home/matteo-melzer/ws_moveit/install/moveit_core/share/moveit_core/environment/ament_prefix_path.sh
[472.908s] -- Installing: /home/matteo-melzer/ws_moveit/install/moveit_core/share/moveit_core/environment/ament_prefix_path.dsv
[472.909s] -- Installing: /home/matteo-melzer/ws_moveit/install/moveit_core/share/moveit_core/environment/path.sh
[472.909s] -- Installing: /home/matteo-melzer/ws_moveit/install/moveit_core/share/moveit_core/environment/path.dsv
[472.910s] -- Installing: /home/matteo-melzer/ws_moveit/install/moveit_core/share/moveit_core/local_setup.bash
[472.911s] -- Installing: /home/matteo-melzer/ws_moveit/install/moveit_core/share/moveit_core/local_setup.sh
[472.912s] -- Installing: /home/matteo-melzer/ws_moveit/install/moveit_core/share/moveit_core/local_setup.zsh
[472.912s] -- Installing: /home/matteo-melzer/ws_moveit/install/moveit_core/share/moveit_core/local_setup.dsv
[472.913s] -- Installing: /home/matteo-melzer/ws_moveit/install/moveit_core/share/moveit_core/package.dsv
[472.914s] -- Installing: /home/matteo-melzer/ws_moveit/install/moveit_core/share/ament_index/resource_index/packages/moveit_core
[472.914s] -- Installing: /home/matteo-melzer/ws_moveit/install/moveit_core/share/ament_index/resource_index/moveit_core__pluginlib__plugin/moveit_core
[472.918s] -- Installing: /home/matteo-melzer/ws_moveit/install/moveit_core/share/moveit_core/cmake/export_moveit_coreExport.cmake
[472.918s] -- Installing: /home/matteo-melzer/ws_moveit/install/moveit_core/share/moveit_core/cmake/export_moveit_coreExport-release.cmake
[472.918s] -- Installing: /home/matteo-melzer/ws_moveit/install/moveit_core/share/moveit_core/cmake/ConfigExtras.cmake
[472.919s] -- Installing: /home/matteo-melzer/ws_moveit/install/moveit_core/share/moveit_core/cmake/ament_cmake_export_targets-extras.cmake
[472.920s] -- Installing: /home/matteo-melzer/ws_moveit/install/moveit_core/share/moveit_core/cmake/ament_cmake_export_dependencies-extras.cmake
[472.921s] -- Installing: /home/matteo-melzer/ws_moveit/install/moveit_core/share/moveit_core/cmake/moveit_coreConfig.cmake
[472.921s] -- Installing: /home/matteo-melzer/ws_moveit/install/moveit_core/share/moveit_core/cmake/moveit_coreConfig-version.cmake
[472.922s] -- Installing: /home/matteo-melzer/ws_moveit/install/moveit_core/share/moveit_core/package.xml
[472.934s] Invoked command in '/home/matteo-melzer/ws_moveit/build/moveit_core' returned '0': CMAKE_PREFIX_PATH=/home/matteo-melzer/ws_moveit/install/moveit_resources_panda_moveit_config:/home/matteo-melzer/ws_moveit/install/srdfdom:/home/matteo-melzer/ws_moveit/install/moveit_resources_pr2_description:/home/matteo-melzer/ws_moveit/install/moveit_resources_panda_description:/home/matteo-melzer/ws_moveit/install/moveit_common:/home/matteo-melzer/ws_moveit/install/ur10e_moveit_launch:/home/matteo-melzer/ws_moveit/install/rosparam_shortcuts:/home/matteo-melzer/ws_moveit/install/moveit_resources:/home/matteo-melzer/ws_moveit/install/rviz_marker_tools:/home/matteo-melzer/ros2_ws/install/ur_description:/home/matteo-melzer/ros2_ws/install/tutorial_interfaces:/home/matteo-melzer/ros2_ws/install/turtlesim:/home/matteo-melzer/ws_moveit/install/ur_description:/home/matteo-melzer/ws_moveit/install/moveit_task_constructor_msgs:/home/matteo-melzer/ws_moveit/install/moveit_resources_prbt_support:/home/matteo-melzer/ws_moveit/install/moveit_resources_fanuc_moveit_config:/home/matteo-melzer/ws_moveit/install/moveit_resources_fanuc_description:/home/matteo-melzer/ros2_ws/install/py_srvcli:/home/matteo-melzer/ros2_ws/install/py_pubsub:/home/matteo-melzer/ws_moveit/install/moveit_configs_utils:/home/matteo-melzer/ws_moveit/install/launch_param_builder:/opt/ros/humble LD_LIBRARY_PATH=/home/matteo-melzer/ws_moveit/install/srdfdom/lib:/home/matteo-melzer/ws_moveit/install/rosparam_shortcuts/lib:/home/matteo-melzer/ws_moveit/install/rviz_marker_tools/lib:/home/matteo-melzer/ros2_ws/install/tutorial_interfaces/lib:/home/matteo-melzer/ros2_ws/install/turtlesim/lib:/home/matteo-melzer/ws_moveit/install/moveit_task_constructor_msgs/lib:/opt/ros/humble/opt/rviz_ogre_vendor/lib:/opt/ros/humble/lib/x86_64-linux-gnu:/opt/ros/humble/lib /usr/bin/cmake --install /home/matteo-melzer/ws_moveit/build/moveit_core
