[0.281s] Invoking command in '/home/matteo-melzer/ws_moveit/build/moveit_setup_srdf_plugins': AMENT_PREFIX_PATH=/home/matteo-melzer/ws_moveit/install/moveit_setup_framework:/home/matteo-melzer/ws_moveit/install/moveit_ros_visualization:/home/matteo-melzer/ws_moveit/install/moveit_ros_planning_interface:/home/matteo-melzer/ws_moveit/install/moveit_ros_move_group:/home/matteo-melzer/ws_moveit/install/moveit_ros_warehouse:/home/matteo-melzer/ws_moveit/install/moveit_ros_robot_interaction:/home/matteo-melzer/ws_moveit/install/moveit_planners_ompl:/home/matteo-melzer/ws_moveit/install/moveit_kinematics:/home/matteo-melzer/ws_moveit/install/moveit_ros_planning:/home/matteo-melzer/ws_moveit/install/moveit_simple_controller_manager:/home/matteo-melzer/ws_moveit/install/moveit_ros_occupancy_map_monitor:/home/matteo-melzer/ws_moveit/install/moveit_core:/home/matteo-melzer/ws_moveit/install/moveit_configs_utils:/home/matteo-melzer/ws_moveit/install/launch_param_builder:/home/matteo-melzer/ws_moveit/install/ur10e_moveit_launch:/home/matteo-melzer/ws_moveit/install/rosparam_shortcuts:/home/matteo-melzer/ws_moveit/install/moveit_resources:/home/matteo-melzer/ws_moveit/install/rviz_marker_tools:/home/matteo-melzer/ros2_ws/install/ur_description:/home/matteo-melzer/ros2_ws/install/py_srvcli:/home/matteo-melzer/ros2_ws/install/py_pubsub:/home/matteo-melzer/ros2_ws/install/tutorial_interfaces:/home/matteo-melzer/ros2_ws/install/turtlesim:/home/matteo-melzer/ws_moveit/install/ur_description:/home/matteo-melzer/ws_moveit/install/srdfdom:/home/matteo-melzer/ws_moveit/install/moveit_task_constructor_msgs:/home/matteo-melzer/ws_moveit/install/moveit_resources_prbt_support:/home/matteo-melzer/ws_moveit/install/moveit_resources_pr2_description:/home/matteo-melzer/ws_moveit/install/moveit_resources_panda_moveit_config:/home/matteo-melzer/ws_moveit/install/moveit_resources_panda_description:/home/matteo-melzer/ws_moveit/install/moveit_resources_fanuc_moveit_config:/home/matteo-melzer/ws_moveit/install/moveit_resources_fanuc_description:/home/matteo-melzer/ws_moveit/install/moveit_common:/opt/ros/humble CMAKE_PREFIX_PATH=/home/matteo-melzer/ws_moveit/install/moveit_setup_framework:/home/matteo-melzer/ws_moveit/install/moveit_ros_visualization:/home/matteo-melzer/ws_moveit/install/moveit_ros_planning_interface:/home/matteo-melzer/ws_moveit/install/moveit_ros_move_group:/home/matteo-melzer/ws_moveit/install/moveit_ros_warehouse:/home/matteo-melzer/ws_moveit/install/moveit_ros_robot_interaction:/home/matteo-melzer/ws_moveit/install/moveit_planners_ompl:/home/matteo-melzer/ws_moveit/install/moveit_kinematics:/home/matteo-melzer/ws_moveit/install/moveit_ros_planning:/home/matteo-melzer/ws_moveit/install/moveit_simple_controller_manager:/home/matteo-melzer/ws_moveit/install/moveit_ros_occupancy_map_monitor:/home/matteo-melzer/ws_moveit/install/moveit_core:/home/matteo-melzer/ws_moveit/install/moveit_resources_panda_moveit_config:/home/matteo-melzer/ws_moveit/install/moveit_resources_fanuc_moveit_config:/home/matteo-melzer/ws_moveit/install/srdfdom:/home/matteo-melzer/ws_moveit/install/moveit_resources_pr2_description:/home/matteo-melzer/ws_moveit/install/moveit_resources_panda_description:/home/matteo-melzer/ws_moveit/install/moveit_resources_fanuc_description:/home/matteo-melzer/ws_moveit/install/moveit_common:/home/matteo-melzer/ws_moveit/install/ur10e_moveit_launch:/home/matteo-melzer/ws_moveit/install/rosparam_shortcuts:/home/matteo-melzer/ws_moveit/install/moveit_resources:/home/matteo-melzer/ws_moveit/install/rviz_marker_tools:/home/matteo-melzer/ros2_ws/install/ur_description:/home/matteo-melzer/ros2_ws/install/tutorial_interfaces:/home/matteo-melzer/ros2_ws/install/turtlesim:/home/matteo-melzer/ws_moveit/install/ur_description:/home/matteo-melzer/ws_moveit/install/moveit_task_constructor_msgs:/home/matteo-melzer/ws_moveit/install/moveit_resources_prbt_support:/home/matteo-melzer/ros2_ws/install/py_srvcli:/home/matteo-melzer/ros2_ws/install/py_pubsub:/home/matteo-melzer/ws_moveit/install/moveit_configs_utils:/home/matteo-melzer/ws_moveit/install/launch_param_builder:/opt/ros/humble LD_LIBRARY_PATH=/home/matteo-melzer/ws_moveit/install/moveit_setup_framework/lib:/home/matteo-melzer/ws_moveit/install/moveit_ros_visualization/lib:/home/matteo-melzer/ws_moveit/install/moveit_ros_planning_interface/lib:/home/matteo-melzer/ws_moveit/install/moveit_ros_move_group/lib:/home/matteo-melzer/ws_moveit/install/moveit_ros_warehouse/lib:/home/matteo-melzer/ws_moveit/install/moveit_ros_robot_interaction/lib:/home/matteo-melzer/ws_moveit/install/moveit_planners_ompl/lib:/home/matteo-melzer/ws_moveit/install/moveit_kinematics/lib:/home/matteo-melzer/ws_moveit/install/moveit_ros_planning/lib:/home/matteo-melzer/ws_moveit/install/moveit_simple_controller_manager/lib:/home/matteo-melzer/ws_moveit/install/moveit_ros_occupancy_map_monitor/lib:/home/matteo-melzer/ws_moveit/install/moveit_core/lib:/home/matteo-melzer/ws_moveit/install/srdfdom/lib:/home/matteo-melzer/ws_moveit/install/rosparam_shortcuts/lib:/home/matteo-melzer/ws_moveit/install/rviz_marker_tools/lib:/home/matteo-melzer/ros2_ws/install/tutorial_interfaces/lib:/home/matteo-melzer/ros2_ws/install/turtlesim/lib:/home/matteo-melzer/ws_moveit/install/moveit_task_constructor_msgs/lib:/opt/ros/humble/opt/rviz_ogre_vendor/lib:/opt/ros/humble/lib/x86_64-linux-gnu:/opt/ros/humble/lib PATH=/home/matteo-melzer/ws_moveit/install/moveit_core/bin:${PATH} PYTHONPATH=/home/matteo-melzer/ws_moveit/install/moveit_configs_utils/lib/python3.10/site-packages:/home/matteo-melzer/ws_moveit/install/launch_param_builder/lib/python3.10/site-packages:/home/matteo-melzer/ros2_ws/install/py_srvcli/lib/python3.10/site-packages:/home/matteo-melzer/ros2_ws/install/py_pubsub/lib/python3.10/site-packages:/home/matteo-melzer/ros2_ws/install/tutorial_interfaces/local/lib/python3.10/dist-packages:/home/matteo-melzer/ros2_ws/install/turtlesim/local/lib/python3.10/dist-packages:/home/matteo-melzer/ws_moveit/install/srdfdom/local/lib/python3.10/dist-packages:/home/matteo-melzer/ws_moveit/install/moveit_task_constructor_msgs/local/lib/python3.10/dist-packages:/opt/ros/humble/lib/python3.10/site-packages:/opt/ros/humble/local/lib/python3.10/dist-packages /usr/bin/cmake /home/matteo-melzer/ws_moveit/src/moveit2/moveit_setup_assistant/moveit_setup_srdf_plugins -DCMAKE_INSTALL_PREFIX=/home/matteo-melzer/ws_moveit/install/moveit_setup_srdf_plugins
[0.392s] -- The C compiler identification is GNU 11.4.0
[0.456s] -- The CXX compiler identification is GNU 11.4.0
[0.470s] -- Detecting C compiler ABI info
[0.573s] -- Detecting C compiler ABI info - done
[0.582s] -- Check for working C compiler: /usr/bin/cc - skipped
[0.582s] -- Detecting C compile features
[0.586s] -- Detecting C compile features - done
[0.586s] -- Detecting CXX compiler ABI info
[0.731s] -- Detecting CXX compiler ABI info - done
[0.754s] -- Check for working CXX compiler: /usr/bin/c++ - skipped
[0.754s] -- Detecting CXX compile features
[0.754s] -- Detecting CXX compile features - done
[0.764s] -- Found moveit_common: 2.5.9 (/home/matteo-melzer/ws_moveit/install/moveit_common/share/moveit_common/cmake)
[0.800s] -- Found ament_cmake: 1.3.11 (/opt/ros/humble/share/ament_cmake/cmake)
[1.247s] -- Found Python3: /usr/bin/python3 (found version "3.10.12") found components: Interpreter 
[1.688s] [0mmoveit_setup_srdf_plugins: You did not request a specific build type: Choosing 'Release' for maximum performance[0m
[1.698s] -- Found ament_cmake_ros: 0.10.0 (/opt/ros/humble/share/ament_cmake_ros/cmake)
[1.738s] -- Found moveit_setup_framework: 2.5.9 (/home/matteo-melzer/ws_moveit/install/moveit_setup_framework/share/moveit_setup_framework/cmake)
[1.917s] -- Found rosidl_generator_c: 3.1.6 (/opt/ros/humble/share/rosidl_generator_c/cmake)
[1.950s] -- Found rosidl_adapter: 3.1.6 (/opt/ros/humble/share/rosidl_adapter/cmake)
[1.967s] -- Found rosidl_generator_cpp: 3.1.6 (/opt/ros/humble/share/rosidl_generator_cpp/cmake)
[2.005s] -- Using all available rosidl_typesupport_c: rosidl_typesupport_fastrtps_c;rosidl_typesupport_introspection_c
[2.038s] -- Using all available rosidl_typesupport_cpp: rosidl_typesupport_fastrtps_cpp;rosidl_typesupport_introspection_cpp
[2.137s] -- Found rmw_implementation_cmake: 6.1.2 (/opt/ros/humble/share/rmw_implementation_cmake/cmake)
[2.146s] -- Found rmw_fastrtps_cpp: 6.2.7 (/opt/ros/humble/share/rmw_fastrtps_cpp/cmake)
[2.340s] -- Found OpenSSL: /usr/lib/x86_64-linux-gnu/libcrypto.so (found version "3.0.2")  
[2.380s] -- Found FastRTPS: /opt/ros/humble/include  
[2.431s] -- Using RMW implementation 'rmw_fastrtps_cpp' as default
[2.458s] -- Looking for pthread.h
[2.582s] -- Looking for pthread.h - found
[2.582s] -- Performing Test CMAKE_HAVE_LIBC_PTHREAD
[2.736s] -- Performing Test CMAKE_HAVE_LIBC_PTHREAD - Success
[2.741s] -- Found Threads: TRUE  
[2.962s] -- Found Boost: /usr/lib/x86_64-linux-gnu/cmake/Boost-1.74.0/BoostConfig.cmake (found version "1.74.0") found components: chrono date_time filesystem iostreams program_options regex serialization system thread 
[3.055s] -- Found parameter_traits: 0.5.0 (/opt/ros/humble/share/parameter_traits/cmake)
[3.088s] -- Found rclcpp_lifecycle: 16.0.12 (/opt/ros/humble/share/rclcpp_lifecycle/cmake)
[3.143s] -- Found Boost: /usr/lib/x86_64-linux-gnu/cmake/Boost-1.74.0/BoostConfig.cmake (found version "1.74.0") found components: filesystem 
[3.328s] -- library: /usr/lib/x86_64-linux-gnu/libcurl.so
[3.427s] -- Found Eigen3: TRUE (found version "3.4.0") 
[3.427s] -- Ensuring Eigen3 include directory is part of orocos-kdl CMake target
[3.833s] -- Found Boost: /usr/lib/x86_64-linux-gnu/cmake/Boost-1.74.0/BoostConfig.cmake (found version "1.74.0") found components: system filesystem date_time program_options thread chrono 
[3.864s] -- Found Boost: /usr/lib/x86_64-linux-gnu/cmake/Boost-1.74.0/BoostConfig.cmake (found version "1.74.0") found components: thread date_time system filesystem 
[3.882s] -- Found Boost: /usr/lib/x86_64-linux-gnu/cmake/Boost-1.74.0/BoostConfig.cmake (found version "1.74.0") found components: date_time filesystem program_options system thread 
[3.900s] -- Found Boost: /usr/lib/x86_64-linux-gnu/cmake/Boost-1.74.0/BoostConfig.cmake (found version "1.74.0") found components: thread system filesystem regex date_time program_options 
[3.932s] -- Found Boost: /usr/lib/x86_64-linux-gnu/cmake/Boost-1.74.0/BoostConfig.cmake (found version "1.74.0") found components: system filesystem date_time program_options thread 
[4.011s] -- Setting OGRE_DIR to: '/opt/ros/humble/share/rviz_ogre_vendor/cmake/../../../opt/rviz_ogre_vendor/lib/OGRE/cmake'
[4.012s] -- Found OGRE
[4.013s] --   static     : OFF
[4.014s] --   components : HLMS;MeshLodGenerator;Overlay;Paging;Property;RTShaderSystem;Terrain;Volume
[4.014s] --   plugins    : Plugin_BSPSceneManager;Plugin_OctreeSceneManager;Plugin_PCZSceneManager;Plugin_ParticleFX;RenderSystem_GL;RenderSystem_GL3Plus;Codec_STBI
[4.014s] --   media      : /opt/ros/humble/opt/rviz_ogre_vendor/share/OGRE/Media
[4.015s] -- OGRE_LIBRARIES: OgreHLMS;OgreMeshLodGenerator;OgreOverlay;OgrePaging;OgreProperty;OgreRTShaderSystem;OgreTerrain;OgreVolume;OgreMain
[4.015s] -- OGRE_LIBRARY_DIRS: /opt/ros/humble/opt/rviz_ogre_vendor/lib
[4.015s] -- OGRE_PLUGINS: Plugin_BSPSceneManager;Plugin_OctreeSceneManager;Plugin_PCZSceneManager;Plugin_ParticleFX;RenderSystem_GL;RenderSystem_GL3Plus;Codec_STBI
[4.016s] -- OGRE_PLUGIN_DIR: /opt/ros/humble/opt/rviz_ogre_vendor/lib/OGRE
[4.016s] -- rviz_ogre_vendor::OgreOverlay for IMPORTED_LOCATION_RELEASE: /opt/ros/humble/opt/rviz_ogre_vendor/lib/libOgreOverlay.so
[4.016s] -- rviz_ogre_vendor::OgreOverlay for IMPORTED_LOCATION_DEBUG: /opt/ros/humble/opt/rviz_ogre_vendor/lib/libOgreOverlay.so
[4.016s] -- rviz_ogre_vendor::OgreMain for IMPORTED_LOCATION_RELEASE: /opt/ros/humble/opt/rviz_ogre_vendor/lib/libOgreMain.so
[4.016s] -- rviz_ogre_vendor::OgreMain for IMPORTED_LOCATION_DEBUG: /opt/ros/humble/opt/rviz_ogre_vendor/lib/libOgreMain.so
[4.016s] -- Could not find freeimage library
[4.043s] -- Found ZLIB: /usr/lib/x86_64-linux-gnu/libz.so (found version "1.2.11") 
[4.050s] -- Found OpenGL: /usr/lib/x86_64-linux-gnu/libOpenGL.so   
[4.200s] -- Found X11: /usr/include   
[4.200s] -- Looking for XOpenDisplay in /usr/lib/x86_64-linux-gnu/libX11.so;/usr/lib/x86_64-linux-gnu/libXext.so
[4.320s] -- Looking for XOpenDisplay in /usr/lib/x86_64-linux-gnu/libX11.so;/usr/lib/x86_64-linux-gnu/libXext.so - found
[4.322s] -- Looking for gethostbyname
[4.439s] -- Looking for gethostbyname - found
[4.439s] -- Looking for connect
[4.544s] -- Looking for connect - found
[4.544s] -- Looking for remove
[4.648s] -- Looking for remove - found
[4.648s] -- Looking for shmat
[4.774s] -- Looking for shmat - found
[4.774s] -- Looking for IceConnectionNumber in ICE
[4.885s] -- Looking for IceConnectionNumber in ICE - found
[4.922s] -- Setting assimp_DIR to: '/opt/ros/humble/share/rviz_assimp_vendor/cmake/../../../opt/rviz_assimp_vendor/lib/cmake/assimp-4.1'
[5.082s] -- Found ament_lint_auto: 0.12.12 (/opt/ros/humble/share/ament_lint_auto/cmake)
[5.127s] -- Found gtest sources under '/opt/ros/humble/src/gtest_vendor': C++ tests using 'Google Test' will be built
[5.144s] -- Added test 'lint_cmake' to check CMake code style
[5.147s] -- Added test 'xmllint' to check XML markup files
[5.159s] -- Configuring done
[5.286s] -- Generating done
[5.307s] -- Build files have been written to: /home/matteo-melzer/ws_moveit/build/moveit_setup_srdf_plugins
[5.337s] Invoked command in '/home/matteo-melzer/ws_moveit/build/moveit_setup_srdf_plugins' returned '0': AMENT_PREFIX_PATH=/home/matteo-melzer/ws_moveit/install/moveit_setup_framework:/home/matteo-melzer/ws_moveit/install/moveit_ros_visualization:/home/matteo-melzer/ws_moveit/install/moveit_ros_planning_interface:/home/matteo-melzer/ws_moveit/install/moveit_ros_move_group:/home/matteo-melzer/ws_moveit/install/moveit_ros_warehouse:/home/matteo-melzer/ws_moveit/install/moveit_ros_robot_interaction:/home/matteo-melzer/ws_moveit/install/moveit_planners_ompl:/home/matteo-melzer/ws_moveit/install/moveit_kinematics:/home/matteo-melzer/ws_moveit/install/moveit_ros_planning:/home/matteo-melzer/ws_moveit/install/moveit_simple_controller_manager:/home/matteo-melzer/ws_moveit/install/moveit_ros_occupancy_map_monitor:/home/matteo-melzer/ws_moveit/install/moveit_core:/home/matteo-melzer/ws_moveit/install/moveit_configs_utils:/home/matteo-melzer/ws_moveit/install/launch_param_builder:/home/matteo-melzer/ws_moveit/install/ur10e_moveit_launch:/home/matteo-melzer/ws_moveit/install/rosparam_shortcuts:/home/matteo-melzer/ws_moveit/install/moveit_resources:/home/matteo-melzer/ws_moveit/install/rviz_marker_tools:/home/matteo-melzer/ros2_ws/install/ur_description:/home/matteo-melzer/ros2_ws/install/py_srvcli:/home/matteo-melzer/ros2_ws/install/py_pubsub:/home/matteo-melzer/ros2_ws/install/tutorial_interfaces:/home/matteo-melzer/ros2_ws/install/turtlesim:/home/matteo-melzer/ws_moveit/install/ur_description:/home/matteo-melzer/ws_moveit/install/srdfdom:/home/matteo-melzer/ws_moveit/install/moveit_task_constructor_msgs:/home/matteo-melzer/ws_moveit/install/moveit_resources_prbt_support:/home/matteo-melzer/ws_moveit/install/moveit_resources_pr2_description:/home/matteo-melzer/ws_moveit/install/moveit_resources_panda_moveit_config:/home/matteo-melzer/ws_moveit/install/moveit_resources_panda_description:/home/matteo-melzer/ws_moveit/install/moveit_resources_fanuc_moveit_config:/home/matteo-melzer/ws_moveit/install/moveit_resources_fanuc_description:/home/matteo-melzer/ws_moveit/install/moveit_common:/opt/ros/humble CMAKE_PREFIX_PATH=/home/matteo-melzer/ws_moveit/install/moveit_setup_framework:/home/matteo-melzer/ws_moveit/install/moveit_ros_visualization:/home/matteo-melzer/ws_moveit/install/moveit_ros_planning_interface:/home/matteo-melzer/ws_moveit/install/moveit_ros_move_group:/home/matteo-melzer/ws_moveit/install/moveit_ros_warehouse:/home/matteo-melzer/ws_moveit/install/moveit_ros_robot_interaction:/home/matteo-melzer/ws_moveit/install/moveit_planners_ompl:/home/matteo-melzer/ws_moveit/install/moveit_kinematics:/home/matteo-melzer/ws_moveit/install/moveit_ros_planning:/home/matteo-melzer/ws_moveit/install/moveit_simple_controller_manager:/home/matteo-melzer/ws_moveit/install/moveit_ros_occupancy_map_monitor:/home/matteo-melzer/ws_moveit/install/moveit_core:/home/matteo-melzer/ws_moveit/install/moveit_resources_panda_moveit_config:/home/matteo-melzer/ws_moveit/install/moveit_resources_fanuc_moveit_config:/home/matteo-melzer/ws_moveit/install/srdfdom:/home/matteo-melzer/ws_moveit/install/moveit_resources_pr2_description:/home/matteo-melzer/ws_moveit/install/moveit_resources_panda_description:/home/matteo-melzer/ws_moveit/install/moveit_resources_fanuc_description:/home/matteo-melzer/ws_moveit/install/moveit_common:/home/matteo-melzer/ws_moveit/install/ur10e_moveit_launch:/home/matteo-melzer/ws_moveit/install/rosparam_shortcuts:/home/matteo-melzer/ws_moveit/install/moveit_resources:/home/matteo-melzer/ws_moveit/install/rviz_marker_tools:/home/matteo-melzer/ros2_ws/install/ur_description:/home/matteo-melzer/ros2_ws/install/tutorial_interfaces:/home/matteo-melzer/ros2_ws/install/turtlesim:/home/matteo-melzer/ws_moveit/install/ur_description:/home/matteo-melzer/ws_moveit/install/moveit_task_constructor_msgs:/home/matteo-melzer/ws_moveit/install/moveit_resources_prbt_support:/home/matteo-melzer/ros2_ws/install/py_srvcli:/home/matteo-melzer/ros2_ws/install/py_pubsub:/home/matteo-melzer/ws_moveit/install/moveit_configs_utils:/home/matteo-melzer/ws_moveit/install/launch_param_builder:/opt/ros/humble LD_LIBRARY_PATH=/home/matteo-melzer/ws_moveit/install/moveit_setup_framework/lib:/home/matteo-melzer/ws_moveit/install/moveit_ros_visualization/lib:/home/matteo-melzer/ws_moveit/install/moveit_ros_planning_interface/lib:/home/matteo-melzer/ws_moveit/install/moveit_ros_move_group/lib:/home/matteo-melzer/ws_moveit/install/moveit_ros_warehouse/lib:/home/matteo-melzer/ws_moveit/install/moveit_ros_robot_interaction/lib:/home/matteo-melzer/ws_moveit/install/moveit_planners_ompl/lib:/home/matteo-melzer/ws_moveit/install/moveit_kinematics/lib:/home/matteo-melzer/ws_moveit/install/moveit_ros_planning/lib:/home/matteo-melzer/ws_moveit/install/moveit_simple_controller_manager/lib:/home/matteo-melzer/ws_moveit/install/moveit_ros_occupancy_map_monitor/lib:/home/matteo-melzer/ws_moveit/install/moveit_core/lib:/home/matteo-melzer/ws_moveit/install/srdfdom/lib:/home/matteo-melzer/ws_moveit/install/rosparam_shortcuts/lib:/home/matteo-melzer/ws_moveit/install/rviz_marker_tools/lib:/home/matteo-melzer/ros2_ws/install/tutorial_interfaces/lib:/home/matteo-melzer/ros2_ws/install/turtlesim/lib:/home/matteo-melzer/ws_moveit/install/moveit_task_constructor_msgs/lib:/opt/ros/humble/opt/rviz_ogre_vendor/lib:/opt/ros/humble/lib/x86_64-linux-gnu:/opt/ros/humble/lib PATH=/home/matteo-melzer/ws_moveit/install/moveit_core/bin:${PATH} PYTHONPATH=/home/matteo-melzer/ws_moveit/install/moveit_configs_utils/lib/python3.10/site-packages:/home/matteo-melzer/ws_moveit/install/launch_param_builder/lib/python3.10/site-packages:/home/matteo-melzer/ros2_ws/install/py_srvcli/lib/python3.10/site-packages:/home/matteo-melzer/ros2_ws/install/py_pubsub/lib/python3.10/site-packages:/home/matteo-melzer/ros2_ws/install/tutorial_interfaces/local/lib/python3.10/dist-packages:/home/matteo-melzer/ros2_ws/install/turtlesim/local/lib/python3.10/dist-packages:/home/matteo-melzer/ws_moveit/install/srdfdom/local/lib/python3.10/dist-packages:/home/matteo-melzer/ws_moveit/install/moveit_task_constructor_msgs/local/lib/python3.10/dist-packages:/opt/ros/humble/lib/python3.10/site-packages:/opt/ros/humble/local/lib/python3.10/dist-packages /usr/bin/cmake /home/matteo-melzer/ws_moveit/src/moveit2/moveit_setup_assistant/moveit_setup_srdf_plugins -DCMAKE_INSTALL_PREFIX=/home/matteo-melzer/ws_moveit/install/moveit_setup_srdf_plugins
[5.344s] Invoking command in '/home/matteo-melzer/ws_moveit/build/moveit_setup_srdf_plugins': AMENT_PREFIX_PATH=/home/matteo-melzer/ws_moveit/install/moveit_setup_framework:/home/matteo-melzer/ws_moveit/install/moveit_ros_visualization:/home/matteo-melzer/ws_moveit/install/moveit_ros_planning_interface:/home/matteo-melzer/ws_moveit/install/moveit_ros_move_group:/home/matteo-melzer/ws_moveit/install/moveit_ros_warehouse:/home/matteo-melzer/ws_moveit/install/moveit_ros_robot_interaction:/home/matteo-melzer/ws_moveit/install/moveit_planners_ompl:/home/matteo-melzer/ws_moveit/install/moveit_kinematics:/home/matteo-melzer/ws_moveit/install/moveit_ros_planning:/home/matteo-melzer/ws_moveit/install/moveit_simple_controller_manager:/home/matteo-melzer/ws_moveit/install/moveit_ros_occupancy_map_monitor:/home/matteo-melzer/ws_moveit/install/moveit_core:/home/matteo-melzer/ws_moveit/install/moveit_configs_utils:/home/matteo-melzer/ws_moveit/install/launch_param_builder:/home/matteo-melzer/ws_moveit/install/ur10e_moveit_launch:/home/matteo-melzer/ws_moveit/install/rosparam_shortcuts:/home/matteo-melzer/ws_moveit/install/moveit_resources:/home/matteo-melzer/ws_moveit/install/rviz_marker_tools:/home/matteo-melzer/ros2_ws/install/ur_description:/home/matteo-melzer/ros2_ws/install/py_srvcli:/home/matteo-melzer/ros2_ws/install/py_pubsub:/home/matteo-melzer/ros2_ws/install/tutorial_interfaces:/home/matteo-melzer/ros2_ws/install/turtlesim:/home/matteo-melzer/ws_moveit/install/ur_description:/home/matteo-melzer/ws_moveit/install/srdfdom:/home/matteo-melzer/ws_moveit/install/moveit_task_constructor_msgs:/home/matteo-melzer/ws_moveit/install/moveit_resources_prbt_support:/home/matteo-melzer/ws_moveit/install/moveit_resources_pr2_description:/home/matteo-melzer/ws_moveit/install/moveit_resources_panda_moveit_config:/home/matteo-melzer/ws_moveit/install/moveit_resources_panda_description:/home/matteo-melzer/ws_moveit/install/moveit_resources_fanuc_moveit_config:/home/matteo-melzer/ws_moveit/install/moveit_resources_fanuc_description:/home/matteo-melzer/ws_moveit/install/moveit_common:/opt/ros/humble CMAKE_PREFIX_PATH=/home/matteo-melzer/ws_moveit/install/moveit_setup_framework:/home/matteo-melzer/ws_moveit/install/moveit_ros_visualization:/home/matteo-melzer/ws_moveit/install/moveit_ros_planning_interface:/home/matteo-melzer/ws_moveit/install/moveit_ros_move_group:/home/matteo-melzer/ws_moveit/install/moveit_ros_warehouse:/home/matteo-melzer/ws_moveit/install/moveit_ros_robot_interaction:/home/matteo-melzer/ws_moveit/install/moveit_planners_ompl:/home/matteo-melzer/ws_moveit/install/moveit_kinematics:/home/matteo-melzer/ws_moveit/install/moveit_ros_planning:/home/matteo-melzer/ws_moveit/install/moveit_simple_controller_manager:/home/matteo-melzer/ws_moveit/install/moveit_ros_occupancy_map_monitor:/home/matteo-melzer/ws_moveit/install/moveit_core:/home/matteo-melzer/ws_moveit/install/moveit_resources_panda_moveit_config:/home/matteo-melzer/ws_moveit/install/moveit_resources_fanuc_moveit_config:/home/matteo-melzer/ws_moveit/install/srdfdom:/home/matteo-melzer/ws_moveit/install/moveit_resources_pr2_description:/home/matteo-melzer/ws_moveit/install/moveit_resources_panda_description:/home/matteo-melzer/ws_moveit/install/moveit_resources_fanuc_description:/home/matteo-melzer/ws_moveit/install/moveit_common:/home/matteo-melzer/ws_moveit/install/ur10e_moveit_launch:/home/matteo-melzer/ws_moveit/install/rosparam_shortcuts:/home/matteo-melzer/ws_moveit/install/moveit_resources:/home/matteo-melzer/ws_moveit/install/rviz_marker_tools:/home/matteo-melzer/ros2_ws/install/ur_description:/home/matteo-melzer/ros2_ws/install/tutorial_interfaces:/home/matteo-melzer/ros2_ws/install/turtlesim:/home/matteo-melzer/ws_moveit/install/ur_description:/home/matteo-melzer/ws_moveit/install/moveit_task_constructor_msgs:/home/matteo-melzer/ws_moveit/install/moveit_resources_prbt_support:/home/matteo-melzer/ros2_ws/install/py_srvcli:/home/matteo-melzer/ros2_ws/install/py_pubsub:/home/matteo-melzer/ws_moveit/install/moveit_configs_utils:/home/matteo-melzer/ws_moveit/install/launch_param_builder:/opt/ros/humble LD_LIBRARY_PATH=/home/matteo-melzer/ws_moveit/install/moveit_setup_framework/lib:/home/matteo-melzer/ws_moveit/install/moveit_ros_visualization/lib:/home/matteo-melzer/ws_moveit/install/moveit_ros_planning_interface/lib:/home/matteo-melzer/ws_moveit/install/moveit_ros_move_group/lib:/home/matteo-melzer/ws_moveit/install/moveit_ros_warehouse/lib:/home/matteo-melzer/ws_moveit/install/moveit_ros_robot_interaction/lib:/home/matteo-melzer/ws_moveit/install/moveit_planners_ompl/lib:/home/matteo-melzer/ws_moveit/install/moveit_kinematics/lib:/home/matteo-melzer/ws_moveit/install/moveit_ros_planning/lib:/home/matteo-melzer/ws_moveit/install/moveit_simple_controller_manager/lib:/home/matteo-melzer/ws_moveit/install/moveit_ros_occupancy_map_monitor/lib:/home/matteo-melzer/ws_moveit/install/moveit_core/lib:/home/matteo-melzer/ws_moveit/install/srdfdom/lib:/home/matteo-melzer/ws_moveit/install/rosparam_shortcuts/lib:/home/matteo-melzer/ws_moveit/install/rviz_marker_tools/lib:/home/matteo-melzer/ros2_ws/install/tutorial_interfaces/lib:/home/matteo-melzer/ros2_ws/install/turtlesim/lib:/home/matteo-melzer/ws_moveit/install/moveit_task_constructor_msgs/lib:/opt/ros/humble/opt/rviz_ogre_vendor/lib:/opt/ros/humble/lib/x86_64-linux-gnu:/opt/ros/humble/lib PATH=/home/matteo-melzer/ws_moveit/install/moveit_core/bin:${PATH} PYTHONPATH=/home/matteo-melzer/ws_moveit/install/moveit_configs_utils/lib/python3.10/site-packages:/home/matteo-melzer/ws_moveit/install/launch_param_builder/lib/python3.10/site-packages:/home/matteo-melzer/ros2_ws/install/py_srvcli/lib/python3.10/site-packages:/home/matteo-melzer/ros2_ws/install/py_pubsub/lib/python3.10/site-packages:/home/matteo-melzer/ros2_ws/install/tutorial_interfaces/local/lib/python3.10/dist-packages:/home/matteo-melzer/ros2_ws/install/turtlesim/local/lib/python3.10/dist-packages:/home/matteo-melzer/ws_moveit/install/srdfdom/local/lib/python3.10/dist-packages:/home/matteo-melzer/ws_moveit/install/moveit_task_constructor_msgs/local/lib/python3.10/dist-packages:/opt/ros/humble/lib/python3.10/site-packages:/opt/ros/humble/local/lib/python3.10/dist-packages /usr/bin/cmake --build /home/matteo-melzer/ws_moveit/build/moveit_setup_srdf_plugins -- -j2 -l2
[5.407s] [  2%] [34m[1mGenerating include/moveit_setup_srdf_plugins/moc_virtual_joints_widget.cpp[0m
[5.431s] [  4%] [34m[1mGenerating include/moveit_setup_srdf_plugins/moc_collision_linear_model.cpp[0m
[5.450s] [  6%] [34m[1mGenerating include/moveit_setup_srdf_plugins/moc_collision_matrix_model.cpp[0m
[5.474s] [  8%] [34m[1mGenerating include/moveit_setup_srdf_plugins/moc_default_collisions_widget.cpp[0m
[5.495s] [ 10%] [34m[1mGenerating include/moveit_setup_srdf_plugins/moc_end_effectors_widget.cpp[0m
[5.513s] [ 12%] [34m[1mGenerating include/moveit_setup_srdf_plugins/moc_group_edit_widget.cpp[0m
[5.530s] [ 14%] [34m[1mGenerating include/moveit_setup_srdf_plugins/moc_kinematic_chain_widget.cpp[0m
[5.547s] [ 16%] [34m[1mGenerating include/moveit_setup_srdf_plugins/moc_passive_joints_widget.cpp[0m
[5.576s] [ 18%] [34m[1mGenerating include/moveit_setup_srdf_plugins/moc_planning_groups_widget.cpp[0m
[5.627s] [ 20%] [34m[1mGenerating include/moveit_setup_srdf_plugins/moc_robot_poses_widget.cpp[0m
[5.691s] [ 22%] [34m[1mGenerating include/moveit_setup_srdf_plugins/moc_rotated_header_view.cpp[0m
[5.713s] /home/matteo-melzer/ws_moveit/src/moveit2/moveit_setup_assistant/moveit_setup_srdf_plugins/include/moveit_setup_srdf_plugins/rotated_header_view.hpp:0: Note: No relevant classes found. No output generated.
[5.812s] [ 25%] [32mBuilding CXX object CMakeFiles/moveit_setup_srdf_plugins.dir/src/collision_linear_model.cpp.o[0m
[8.069s] [ 27%] [32mBuilding CXX object CMakeFiles/moveit_setup_srdf_plugins.dir/src/collision_matrix_model.cpp.o[0m
[11.881s] [ 29%] [32mBuilding CXX object CMakeFiles/moveit_setup_srdf_plugins.dir/src/compute_default_collisions.cpp.o[0m
[26.087s] [ 31%] [32mBuilding CXX object CMakeFiles/moveit_setup_srdf_plugins.dir/src/default_collisions.cpp.o[0m
[35.750s] [ 33%] [32mBuilding CXX object CMakeFiles/moveit_setup_srdf_plugins.dir/src/default_collisions_widget.cpp.o[0m
[51.149s] [ 35%] [32mBuilding CXX object CMakeFiles/moveit_setup_srdf_plugins.dir/src/end_effectors.cpp.o[0m
[60.288s] [ 37%] [32mBuilding CXX object CMakeFiles/moveit_setup_srdf_plugins.dir/src/end_effectors_widget.cpp.o[0m
[74.728s] [ 39%] [32mBuilding CXX object CMakeFiles/moveit_setup_srdf_plugins.dir/src/group_edit_widget.cpp.o[0m
[85.334s] [ 41%] [32mBuilding CXX object CMakeFiles/moveit_setup_srdf_plugins.dir/src/group_meta_config.cpp.o[0m
[89.597s] [ 43%] [32mBuilding CXX object CMakeFiles/moveit_setup_srdf_plugins.dir/src/kinematic_chain_widget.cpp.o[0m
[105.770s] [ 45%] [32mBuilding CXX object CMakeFiles/moveit_setup_srdf_plugins.dir/src/passive_joints.cpp.o[0m
[114.924s] [ 47%] [32mBuilding CXX object CMakeFiles/moveit_setup_srdf_plugins.dir/src/passive_joints_widget.cpp.o[0m
[126.621s] [ 50%] [32mBuilding CXX object CMakeFiles/moveit_setup_srdf_plugins.dir/src/planning_groups.cpp.o[0m
[140.831s] [ 52%] [32mBuilding CXX object CMakeFiles/moveit_setup_srdf_plugins.dir/src/planning_groups_widget.cpp.o[0m
[155.326s] [ 54%] [32mBuilding CXX object CMakeFiles/moveit_setup_srdf_plugins.dir/src/robot_poses.cpp.o[0m
[165.583s] [ 56%] [32mBuilding CXX object CMakeFiles/moveit_setup_srdf_plugins.dir/src/robot_poses_widget.cpp.o[0m
[181.834s] [ 58%] [32mBuilding CXX object CMakeFiles/moveit_setup_srdf_plugins.dir/src/rotated_header_view.cpp.o[0m
[183.307s] [ 60%] [32mBuilding CXX object CMakeFiles/moveit_setup_srdf_plugins.dir/src/virtual_joints.cpp.o[0m
[191.781s] [ 62%] [32mBuilding CXX object CMakeFiles/moveit_setup_srdf_plugins.dir/src/virtual_joints_widget.cpp.o[0m
[205.574s] [ 64%] [32mBuilding CXX object CMakeFiles/moveit_setup_srdf_plugins.dir/include/moveit_setup_srdf_plugins/moc_collision_linear_model.cpp.o[0m
[206.686s] [ 66%] [32mBuilding CXX object CMakeFiles/moveit_setup_srdf_plugins.dir/include/moveit_setup_srdf_plugins/moc_collision_matrix_model.cpp.o[0m
[207.711s] [ 68%] [32mBuilding CXX object CMakeFiles/moveit_setup_srdf_plugins.dir/include/moveit_setup_srdf_plugins/moc_default_collisions_widget.cpp.o[0m
[223.699s] [ 70%] [32mBuilding CXX object CMakeFiles/moveit_setup_srdf_plugins.dir/include/moveit_setup_srdf_plugins/moc_end_effectors_widget.cpp.o[0m
[238.274s] [ 72%] [32mBuilding CXX object CMakeFiles/moveit_setup_srdf_plugins.dir/include/moveit_setup_srdf_plugins/moc_group_edit_widget.cpp.o[0m
[248.286s] [ 75%] [32mBuilding CXX object CMakeFiles/moveit_setup_srdf_plugins.dir/include/moveit_setup_srdf_plugins/moc_kinematic_chain_widget.cpp.o[0m
[260.211s] [ 77%] [32mBuilding CXX object CMakeFiles/moveit_setup_srdf_plugins.dir/include/moveit_setup_srdf_plugins/moc_passive_joints_widget.cpp.o[0m
[273.265s] [ 79%] [32mBuilding CXX object CMakeFiles/moveit_setup_srdf_plugins.dir/include/moveit_setup_srdf_plugins/moc_planning_groups_widget.cpp.o[0m
[287.474s] [ 81%] [32mBuilding CXX object CMakeFiles/moveit_setup_srdf_plugins.dir/include/moveit_setup_srdf_plugins/moc_robot_poses_widget.cpp.o[0m
[301.422s] [ 83%] [32mBuilding CXX object CMakeFiles/moveit_setup_srdf_plugins.dir/include/moveit_setup_srdf_plugins/moc_rotated_header_view.cpp.o[0m
[301.455s] [ 85%] [32mBuilding CXX object CMakeFiles/moveit_setup_srdf_plugins.dir/include/moveit_setup_srdf_plugins/moc_virtual_joints_widget.cpp.o[0m
[313.668s] [ 87%] [32m[1mLinking CXX shared library libmoveit_setup_srdf_plugins.so[0m
[314.418s] [ 87%] Built target moveit_setup_srdf_plugins
[314.455s] [ 89%] [32mBuilding CXX object gtest/CMakeFiles/gtest_main.dir/src/gtest_main.cc.o[0m
[315.312s] [ 91%] [32m[1mLinking CXX static library libgtest_main.a[0m
[315.366s] [ 91%] Built target gtest_main
[315.399s] [ 93%] [32mBuilding CXX object gtest/CMakeFiles/gtest.dir/src/gtest-all.cc.o[0m
[321.720s] [ 95%] [32m[1mLinking CXX static library libgtest.a[0m
[321.783s] [ 95%] Built target gtest
[321.814s] [ 97%] [32mBuilding CXX object CMakeFiles/test_srdf.dir/test/test_srdf.cpp.o[0m
[335.283s] [100%] [32m[1mLinking CXX executable test_srdf[0m
[335.982s] [100%] Built target test_srdf
[336.057s] Invoked command in '/home/matteo-melzer/ws_moveit/build/moveit_setup_srdf_plugins' returned '0': AMENT_PREFIX_PATH=/home/matteo-melzer/ws_moveit/install/moveit_setup_framework:/home/matteo-melzer/ws_moveit/install/moveit_ros_visualization:/home/matteo-melzer/ws_moveit/install/moveit_ros_planning_interface:/home/matteo-melzer/ws_moveit/install/moveit_ros_move_group:/home/matteo-melzer/ws_moveit/install/moveit_ros_warehouse:/home/matteo-melzer/ws_moveit/install/moveit_ros_robot_interaction:/home/matteo-melzer/ws_moveit/install/moveit_planners_ompl:/home/matteo-melzer/ws_moveit/install/moveit_kinematics:/home/matteo-melzer/ws_moveit/install/moveit_ros_planning:/home/matteo-melzer/ws_moveit/install/moveit_simple_controller_manager:/home/matteo-melzer/ws_moveit/install/moveit_ros_occupancy_map_monitor:/home/matteo-melzer/ws_moveit/install/moveit_core:/home/matteo-melzer/ws_moveit/install/moveit_configs_utils:/home/matteo-melzer/ws_moveit/install/launch_param_builder:/home/matteo-melzer/ws_moveit/install/ur10e_moveit_launch:/home/matteo-melzer/ws_moveit/install/rosparam_shortcuts:/home/matteo-melzer/ws_moveit/install/moveit_resources:/home/matteo-melzer/ws_moveit/install/rviz_marker_tools:/home/matteo-melzer/ros2_ws/install/ur_description:/home/matteo-melzer/ros2_ws/install/py_srvcli:/home/matteo-melzer/ros2_ws/install/py_pubsub:/home/matteo-melzer/ros2_ws/install/tutorial_interfaces:/home/matteo-melzer/ros2_ws/install/turtlesim:/home/matteo-melzer/ws_moveit/install/ur_description:/home/matteo-melzer/ws_moveit/install/srdfdom:/home/matteo-melzer/ws_moveit/install/moveit_task_constructor_msgs:/home/matteo-melzer/ws_moveit/install/moveit_resources_prbt_support:/home/matteo-melzer/ws_moveit/install/moveit_resources_pr2_description:/home/matteo-melzer/ws_moveit/install/moveit_resources_panda_moveit_config:/home/matteo-melzer/ws_moveit/install/moveit_resources_panda_description:/home/matteo-melzer/ws_moveit/install/moveit_resources_fanuc_moveit_config:/home/matteo-melzer/ws_moveit/install/moveit_resources_fanuc_description:/home/matteo-melzer/ws_moveit/install/moveit_common:/opt/ros/humble CMAKE_PREFIX_PATH=/home/matteo-melzer/ws_moveit/install/moveit_setup_framework:/home/matteo-melzer/ws_moveit/install/moveit_ros_visualization:/home/matteo-melzer/ws_moveit/install/moveit_ros_planning_interface:/home/matteo-melzer/ws_moveit/install/moveit_ros_move_group:/home/matteo-melzer/ws_moveit/install/moveit_ros_warehouse:/home/matteo-melzer/ws_moveit/install/moveit_ros_robot_interaction:/home/matteo-melzer/ws_moveit/install/moveit_planners_ompl:/home/matteo-melzer/ws_moveit/install/moveit_kinematics:/home/matteo-melzer/ws_moveit/install/moveit_ros_planning:/home/matteo-melzer/ws_moveit/install/moveit_simple_controller_manager:/home/matteo-melzer/ws_moveit/install/moveit_ros_occupancy_map_monitor:/home/matteo-melzer/ws_moveit/install/moveit_core:/home/matteo-melzer/ws_moveit/install/moveit_resources_panda_moveit_config:/home/matteo-melzer/ws_moveit/install/moveit_resources_fanuc_moveit_config:/home/matteo-melzer/ws_moveit/install/srdfdom:/home/matteo-melzer/ws_moveit/install/moveit_resources_pr2_description:/home/matteo-melzer/ws_moveit/install/moveit_resources_panda_description:/home/matteo-melzer/ws_moveit/install/moveit_resources_fanuc_description:/home/matteo-melzer/ws_moveit/install/moveit_common:/home/matteo-melzer/ws_moveit/install/ur10e_moveit_launch:/home/matteo-melzer/ws_moveit/install/rosparam_shortcuts:/home/matteo-melzer/ws_moveit/install/moveit_resources:/home/matteo-melzer/ws_moveit/install/rviz_marker_tools:/home/matteo-melzer/ros2_ws/install/ur_description:/home/matteo-melzer/ros2_ws/install/tutorial_interfaces:/home/matteo-melzer/ros2_ws/install/turtlesim:/home/matteo-melzer/ws_moveit/install/ur_description:/home/matteo-melzer/ws_moveit/install/moveit_task_constructor_msgs:/home/matteo-melzer/ws_moveit/install/moveit_resources_prbt_support:/home/matteo-melzer/ros2_ws/install/py_srvcli:/home/matteo-melzer/ros2_ws/install/py_pubsub:/home/matteo-melzer/ws_moveit/install/moveit_configs_utils:/home/matteo-melzer/ws_moveit/install/launch_param_builder:/opt/ros/humble LD_LIBRARY_PATH=/home/matteo-melzer/ws_moveit/install/moveit_setup_framework/lib:/home/matteo-melzer/ws_moveit/install/moveit_ros_visualization/lib:/home/matteo-melzer/ws_moveit/install/moveit_ros_planning_interface/lib:/home/matteo-melzer/ws_moveit/install/moveit_ros_move_group/lib:/home/matteo-melzer/ws_moveit/install/moveit_ros_warehouse/lib:/home/matteo-melzer/ws_moveit/install/moveit_ros_robot_interaction/lib:/home/matteo-melzer/ws_moveit/install/moveit_planners_ompl/lib:/home/matteo-melzer/ws_moveit/install/moveit_kinematics/lib:/home/matteo-melzer/ws_moveit/install/moveit_ros_planning/lib:/home/matteo-melzer/ws_moveit/install/moveit_simple_controller_manager/lib:/home/matteo-melzer/ws_moveit/install/moveit_ros_occupancy_map_monitor/lib:/home/matteo-melzer/ws_moveit/install/moveit_core/lib:/home/matteo-melzer/ws_moveit/install/srdfdom/lib:/home/matteo-melzer/ws_moveit/install/rosparam_shortcuts/lib:/home/matteo-melzer/ws_moveit/install/rviz_marker_tools/lib:/home/matteo-melzer/ros2_ws/install/tutorial_interfaces/lib:/home/matteo-melzer/ros2_ws/install/turtlesim/lib:/home/matteo-melzer/ws_moveit/install/moveit_task_constructor_msgs/lib:/opt/ros/humble/opt/rviz_ogre_vendor/lib:/opt/ros/humble/lib/x86_64-linux-gnu:/opt/ros/humble/lib PATH=/home/matteo-melzer/ws_moveit/install/moveit_core/bin:${PATH} PYTHONPATH=/home/matteo-melzer/ws_moveit/install/moveit_configs_utils/lib/python3.10/site-packages:/home/matteo-melzer/ws_moveit/install/launch_param_builder/lib/python3.10/site-packages:/home/matteo-melzer/ros2_ws/install/py_srvcli/lib/python3.10/site-packages:/home/matteo-melzer/ros2_ws/install/py_pubsub/lib/python3.10/site-packages:/home/matteo-melzer/ros2_ws/install/tutorial_interfaces/local/lib/python3.10/dist-packages:/home/matteo-melzer/ros2_ws/install/turtlesim/local/lib/python3.10/dist-packages:/home/matteo-melzer/ws_moveit/install/srdfdom/local/lib/python3.10/dist-packages:/home/matteo-melzer/ws_moveit/install/moveit_task_constructor_msgs/local/lib/python3.10/dist-packages:/opt/ros/humble/lib/python3.10/site-packages:/opt/ros/humble/local/lib/python3.10/dist-packages /usr/bin/cmake --build /home/matteo-melzer/ws_moveit/build/moveit_setup_srdf_plugins -- -j2 -l2
[336.064s] Invoking command in '/home/matteo-melzer/ws_moveit/build/moveit_setup_srdf_plugins': AMENT_PREFIX_PATH=/home/matteo-melzer/ws_moveit/install/moveit_setup_framework:/home/matteo-melzer/ws_moveit/install/moveit_ros_visualization:/home/matteo-melzer/ws_moveit/install/moveit_ros_planning_interface:/home/matteo-melzer/ws_moveit/install/moveit_ros_move_group:/home/matteo-melzer/ws_moveit/install/moveit_ros_warehouse:/home/matteo-melzer/ws_moveit/install/moveit_ros_robot_interaction:/home/matteo-melzer/ws_moveit/install/moveit_planners_ompl:/home/matteo-melzer/ws_moveit/install/moveit_kinematics:/home/matteo-melzer/ws_moveit/install/moveit_ros_planning:/home/matteo-melzer/ws_moveit/install/moveit_simple_controller_manager:/home/matteo-melzer/ws_moveit/install/moveit_ros_occupancy_map_monitor:/home/matteo-melzer/ws_moveit/install/moveit_core:/home/matteo-melzer/ws_moveit/install/moveit_configs_utils:/home/matteo-melzer/ws_moveit/install/launch_param_builder:/home/matteo-melzer/ws_moveit/install/ur10e_moveit_launch:/home/matteo-melzer/ws_moveit/install/rosparam_shortcuts:/home/matteo-melzer/ws_moveit/install/moveit_resources:/home/matteo-melzer/ws_moveit/install/rviz_marker_tools:/home/matteo-melzer/ros2_ws/install/ur_description:/home/matteo-melzer/ros2_ws/install/py_srvcli:/home/matteo-melzer/ros2_ws/install/py_pubsub:/home/matteo-melzer/ros2_ws/install/tutorial_interfaces:/home/matteo-melzer/ros2_ws/install/turtlesim:/home/matteo-melzer/ws_moveit/install/ur_description:/home/matteo-melzer/ws_moveit/install/srdfdom:/home/matteo-melzer/ws_moveit/install/moveit_task_constructor_msgs:/home/matteo-melzer/ws_moveit/install/moveit_resources_prbt_support:/home/matteo-melzer/ws_moveit/install/moveit_resources_pr2_description:/home/matteo-melzer/ws_moveit/install/moveit_resources_panda_moveit_config:/home/matteo-melzer/ws_moveit/install/moveit_resources_panda_description:/home/matteo-melzer/ws_moveit/install/moveit_resources_fanuc_moveit_config:/home/matteo-melzer/ws_moveit/install/moveit_resources_fanuc_description:/home/matteo-melzer/ws_moveit/install/moveit_common:/opt/ros/humble CMAKE_PREFIX_PATH=/home/matteo-melzer/ws_moveit/install/moveit_setup_framework:/home/matteo-melzer/ws_moveit/install/moveit_ros_visualization:/home/matteo-melzer/ws_moveit/install/moveit_ros_planning_interface:/home/matteo-melzer/ws_moveit/install/moveit_ros_move_group:/home/matteo-melzer/ws_moveit/install/moveit_ros_warehouse:/home/matteo-melzer/ws_moveit/install/moveit_ros_robot_interaction:/home/matteo-melzer/ws_moveit/install/moveit_planners_ompl:/home/matteo-melzer/ws_moveit/install/moveit_kinematics:/home/matteo-melzer/ws_moveit/install/moveit_ros_planning:/home/matteo-melzer/ws_moveit/install/moveit_simple_controller_manager:/home/matteo-melzer/ws_moveit/install/moveit_ros_occupancy_map_monitor:/home/matteo-melzer/ws_moveit/install/moveit_core:/home/matteo-melzer/ws_moveit/install/moveit_resources_panda_moveit_config:/home/matteo-melzer/ws_moveit/install/moveit_resources_fanuc_moveit_config:/home/matteo-melzer/ws_moveit/install/srdfdom:/home/matteo-melzer/ws_moveit/install/moveit_resources_pr2_description:/home/matteo-melzer/ws_moveit/install/moveit_resources_panda_description:/home/matteo-melzer/ws_moveit/install/moveit_resources_fanuc_description:/home/matteo-melzer/ws_moveit/install/moveit_common:/home/matteo-melzer/ws_moveit/install/ur10e_moveit_launch:/home/matteo-melzer/ws_moveit/install/rosparam_shortcuts:/home/matteo-melzer/ws_moveit/install/moveit_resources:/home/matteo-melzer/ws_moveit/install/rviz_marker_tools:/home/matteo-melzer/ros2_ws/install/ur_description:/home/matteo-melzer/ros2_ws/install/tutorial_interfaces:/home/matteo-melzer/ros2_ws/install/turtlesim:/home/matteo-melzer/ws_moveit/install/ur_description:/home/matteo-melzer/ws_moveit/install/moveit_task_constructor_msgs:/home/matteo-melzer/ws_moveit/install/moveit_resources_prbt_support:/home/matteo-melzer/ros2_ws/install/py_srvcli:/home/matteo-melzer/ros2_ws/install/py_pubsub:/home/matteo-melzer/ws_moveit/install/moveit_configs_utils:/home/matteo-melzer/ws_moveit/install/launch_param_builder:/opt/ros/humble LD_LIBRARY_PATH=/home/matteo-melzer/ws_moveit/install/moveit_setup_framework/lib:/home/matteo-melzer/ws_moveit/install/moveit_ros_visualization/lib:/home/matteo-melzer/ws_moveit/install/moveit_ros_planning_interface/lib:/home/matteo-melzer/ws_moveit/install/moveit_ros_move_group/lib:/home/matteo-melzer/ws_moveit/install/moveit_ros_warehouse/lib:/home/matteo-melzer/ws_moveit/install/moveit_ros_robot_interaction/lib:/home/matteo-melzer/ws_moveit/install/moveit_planners_ompl/lib:/home/matteo-melzer/ws_moveit/install/moveit_kinematics/lib:/home/matteo-melzer/ws_moveit/install/moveit_ros_planning/lib:/home/matteo-melzer/ws_moveit/install/moveit_simple_controller_manager/lib:/home/matteo-melzer/ws_moveit/install/moveit_ros_occupancy_map_monitor/lib:/home/matteo-melzer/ws_moveit/install/moveit_core/lib:/home/matteo-melzer/ws_moveit/install/srdfdom/lib:/home/matteo-melzer/ws_moveit/install/rosparam_shortcuts/lib:/home/matteo-melzer/ws_moveit/install/rviz_marker_tools/lib:/home/matteo-melzer/ros2_ws/install/tutorial_interfaces/lib:/home/matteo-melzer/ros2_ws/install/turtlesim/lib:/home/matteo-melzer/ws_moveit/install/moveit_task_constructor_msgs/lib:/opt/ros/humble/opt/rviz_ogre_vendor/lib:/opt/ros/humble/lib/x86_64-linux-gnu:/opt/ros/humble/lib PATH=/home/matteo-melzer/ws_moveit/install/moveit_core/bin:${PATH} PYTHONPATH=/home/matteo-melzer/ws_moveit/install/moveit_configs_utils/lib/python3.10/site-packages:/home/matteo-melzer/ws_moveit/install/launch_param_builder/lib/python3.10/site-packages:/home/matteo-melzer/ros2_ws/install/py_srvcli/lib/python3.10/site-packages:/home/matteo-melzer/ros2_ws/install/py_pubsub/lib/python3.10/site-packages:/home/matteo-melzer/ros2_ws/install/tutorial_interfaces/local/lib/python3.10/dist-packages:/home/matteo-melzer/ros2_ws/install/turtlesim/local/lib/python3.10/dist-packages:/home/matteo-melzer/ws_moveit/install/srdfdom/local/lib/python3.10/dist-packages:/home/matteo-melzer/ws_moveit/install/moveit_task_constructor_msgs/local/lib/python3.10/dist-packages:/opt/ros/humble/lib/python3.10/site-packages:/opt/ros/humble/local/lib/python3.10/dist-packages /usr/bin/cmake --install /home/matteo-melzer/ws_moveit/build/moveit_setup_srdf_plugins
[336.077s] -- Install configuration: "Release"
[336.078s] -- Installing: /home/matteo-melzer/ws_moveit/install/moveit_setup_srdf_plugins/lib/libmoveit_setup_srdf_plugins.so
[336.081s] -- Set runtime path of "/home/matteo-melzer/ws_moveit/install/moveit_setup_srdf_plugins/lib/libmoveit_setup_srdf_plugins.so" to ""
[336.082s] -- Installing: /home/matteo-melzer/ws_moveit/install/moveit_setup_srdf_plugins/share/moveit_setup_srdf_plugins/moveit_setup_framework_plugins.xml
[336.083s] -- Installing: /home/matteo-melzer/ws_moveit/install/moveit_setup_srdf_plugins/include
[336.084s] -- Installing: /home/matteo-melzer/ws_moveit/install/moveit_setup_srdf_plugins/include/moveit_setup_srdf_plugins
[336.084s] -- Installing: /home/matteo-melzer/ws_moveit/install/moveit_setup_srdf_plugins/include/moveit_setup_srdf_plugins/srdf_step.hpp
[336.088s] -- Installing: /home/matteo-melzer/ws_moveit/install/moveit_setup_srdf_plugins/include/moveit_setup_srdf_plugins/passive_joints_widget.hpp
[336.090s] -- Installing: /home/matteo-melzer/ws_moveit/install/moveit_setup_srdf_plugins/include/moveit_setup_srdf_plugins/virtual_joints.hpp
[336.090s] -- Installing: /home/matteo-melzer/ws_moveit/install/moveit_setup_srdf_plugins/include/moveit_setup_srdf_plugins/robot_poses.hpp
[336.090s] -- Installing: /home/matteo-melzer/ws_moveit/install/moveit_setup_srdf_plugins/include/moveit_setup_srdf_plugins/rotated_header_view.hpp
[336.091s] -- Installing: /home/matteo-melzer/ws_moveit/install/moveit_setup_srdf_plugins/include/moveit_setup_srdf_plugins/default_collisions_widget.hpp
[336.092s] -- Installing: /home/matteo-melzer/ws_moveit/install/moveit_setup_srdf_plugins/include/moveit_setup_srdf_plugins/planning_groups_widget.hpp
[336.094s] -- Installing: /home/matteo-melzer/ws_moveit/install/moveit_setup_srdf_plugins/include/moveit_setup_srdf_plugins/kinematic_chain_widget.hpp
[336.095s] -- Installing: /home/matteo-melzer/ws_moveit/install/moveit_setup_srdf_plugins/include/moveit_setup_srdf_plugins/collision_matrix_model.hpp
[336.096s] -- Installing: /home/matteo-melzer/ws_moveit/install/moveit_setup_srdf_plugins/include/moveit_setup_srdf_plugins/group_meta_config.hpp
[336.098s] -- Installing: /home/matteo-melzer/ws_moveit/install/moveit_setup_srdf_plugins/include/moveit_setup_srdf_plugins/default_collisions.hpp
[336.099s] -- Installing: /home/matteo-melzer/ws_moveit/install/moveit_setup_srdf_plugins/include/moveit_setup_srdf_plugins/virtual_joints_widget.hpp
[336.100s] -- Installing: /home/matteo-melzer/ws_moveit/install/moveit_setup_srdf_plugins/include/moveit_setup_srdf_plugins/planning_groups.hpp
[336.100s] -- Installing: /home/matteo-melzer/ws_moveit/install/moveit_setup_srdf_plugins/include/moveit_setup_srdf_plugins/compute_default_collisions.hpp
[336.103s] -- Installing: /home/matteo-melzer/ws_moveit/install/moveit_setup_srdf_plugins/include/moveit_setup_srdf_plugins/end_effectors_widget.hpp
[336.103s] -- Installing: /home/matteo-melzer/ws_moveit/install/moveit_setup_srdf_plugins/include/moveit_setup_srdf_plugins/collision_linear_model.hpp
[336.105s] -- Installing: /home/matteo-melzer/ws_moveit/install/moveit_setup_srdf_plugins/include/moveit_setup_srdf_plugins/group_edit_widget.hpp
[336.105s] -- Installing: /home/matteo-melzer/ws_moveit/install/moveit_setup_srdf_plugins/include/moveit_setup_srdf_plugins/end_effectors.hpp
[336.107s] -- Installing: /home/matteo-melzer/ws_moveit/install/moveit_setup_srdf_plugins/include/moveit_setup_srdf_plugins/robot_poses_widget.hpp
[336.107s] -- Installing: /home/matteo-melzer/ws_moveit/install/moveit_setup_srdf_plugins/include/moveit_setup_srdf_plugins/passive_joints.hpp
[336.109s] -- Installing: /home/matteo-melzer/ws_moveit/install/moveit_setup_srdf_plugins/share/moveit_setup_srdf_plugins/environment/library_path.sh
[336.109s] -- Installing: /home/matteo-melzer/ws_moveit/install/moveit_setup_srdf_plugins/share/moveit_setup_srdf_plugins/environment/library_path.dsv
[336.110s] -- Up-to-date: /home/matteo-melzer/ws_moveit/install/moveit_setup_srdf_plugins/share/moveit_setup_srdf_plugins/moveit_setup_framework_plugins.xml
[336.111s] -- Installing: /home/matteo-melzer/ws_moveit/install/moveit_setup_srdf_plugins/share/ament_index/resource_index/package_run_dependencies/moveit_setup_srdf_plugins
[336.112s] -- Installing: /home/matteo-melzer/ws_moveit/install/moveit_setup_srdf_plugins/share/ament_index/resource_index/parent_prefix_path/moveit_setup_srdf_plugins
[336.113s] -- Installing: /home/matteo-melzer/ws_moveit/install/moveit_setup_srdf_plugins/share/moveit_setup_srdf_plugins/environment/ament_prefix_path.sh
[336.113s] -- Installing: /home/matteo-melzer/ws_moveit/install/moveit_setup_srdf_plugins/share/moveit_setup_srdf_plugins/environment/ament_prefix_path.dsv
[336.114s] -- Installing: /home/matteo-melzer/ws_moveit/install/moveit_setup_srdf_plugins/share/moveit_setup_srdf_plugins/environment/path.sh
[336.114s] -- Installing: /home/matteo-melzer/ws_moveit/install/moveit_setup_srdf_plugins/share/moveit_setup_srdf_plugins/environment/path.dsv
[336.115s] -- Installing: /home/matteo-melzer/ws_moveit/install/moveit_setup_srdf_plugins/share/moveit_setup_srdf_plugins/local_setup.bash
[336.116s] -- Installing: /home/matteo-melzer/ws_moveit/install/moveit_setup_srdf_plugins/share/moveit_setup_srdf_plugins/local_setup.sh
[336.117s] -- Installing: /home/matteo-melzer/ws_moveit/install/moveit_setup_srdf_plugins/share/moveit_setup_srdf_plugins/local_setup.zsh
[336.117s] -- Installing: /home/matteo-melzer/ws_moveit/install/moveit_setup_srdf_plugins/share/moveit_setup_srdf_plugins/local_setup.dsv
[336.118s] -- Installing: /home/matteo-melzer/ws_moveit/install/moveit_setup_srdf_plugins/share/moveit_setup_srdf_plugins/package.dsv
[336.118s] -- Installing: /home/matteo-melzer/ws_moveit/install/moveit_setup_srdf_plugins/share/ament_index/resource_index/packages/moveit_setup_srdf_plugins
[336.119s] -- Installing: /home/matteo-melzer/ws_moveit/install/moveit_setup_srdf_plugins/share/ament_index/resource_index/moveit_setup_framework__pluginlib__plugin/moveit_setup_srdf_plugins
[336.120s] -- Installing: /home/matteo-melzer/ws_moveit/install/moveit_setup_srdf_plugins/share/moveit_setup_srdf_plugins/cmake/export_moveit_setup_srdf_pluginsExport.cmake
[336.121s] -- Installing: /home/matteo-melzer/ws_moveit/install/moveit_setup_srdf_plugins/share/moveit_setup_srdf_plugins/cmake/export_moveit_setup_srdf_pluginsExport-release.cmake
[336.122s] -- Installing: /home/matteo-melzer/ws_moveit/install/moveit_setup_srdf_plugins/share/moveit_setup_srdf_plugins/cmake/ament_cmake_export_include_directories-extras.cmake
[336.122s] -- Installing: /home/matteo-melzer/ws_moveit/install/moveit_setup_srdf_plugins/share/moveit_setup_srdf_plugins/cmake/ament_cmake_export_libraries-extras.cmake
[336.123s] -- Installing: /home/matteo-melzer/ws_moveit/install/moveit_setup_srdf_plugins/share/moveit_setup_srdf_plugins/cmake/ament_cmake_export_targets-extras.cmake
[336.124s] -- Installing: /home/matteo-melzer/ws_moveit/install/moveit_setup_srdf_plugins/share/moveit_setup_srdf_plugins/cmake/moveit_setup_srdf_pluginsConfig.cmake
[336.124s] -- Installing: /home/matteo-melzer/ws_moveit/install/moveit_setup_srdf_plugins/share/moveit_setup_srdf_plugins/cmake/moveit_setup_srdf_pluginsConfig-version.cmake
[336.125s] -- Installing: /home/matteo-melzer/ws_moveit/install/moveit_setup_srdf_plugins/share/moveit_setup_srdf_plugins/package.xml
[336.130s] Invoked command in '/home/matteo-melzer/ws_moveit/build/moveit_setup_srdf_plugins' returned '0': AMENT_PREFIX_PATH=/home/matteo-melzer/ws_moveit/install/moveit_setup_framework:/home/matteo-melzer/ws_moveit/install/moveit_ros_visualization:/home/matteo-melzer/ws_moveit/install/moveit_ros_planning_interface:/home/matteo-melzer/ws_moveit/install/moveit_ros_move_group:/home/matteo-melzer/ws_moveit/install/moveit_ros_warehouse:/home/matteo-melzer/ws_moveit/install/moveit_ros_robot_interaction:/home/matteo-melzer/ws_moveit/install/moveit_planners_ompl:/home/matteo-melzer/ws_moveit/install/moveit_kinematics:/home/matteo-melzer/ws_moveit/install/moveit_ros_planning:/home/matteo-melzer/ws_moveit/install/moveit_simple_controller_manager:/home/matteo-melzer/ws_moveit/install/moveit_ros_occupancy_map_monitor:/home/matteo-melzer/ws_moveit/install/moveit_core:/home/matteo-melzer/ws_moveit/install/moveit_configs_utils:/home/matteo-melzer/ws_moveit/install/launch_param_builder:/home/matteo-melzer/ws_moveit/install/ur10e_moveit_launch:/home/matteo-melzer/ws_moveit/install/rosparam_shortcuts:/home/matteo-melzer/ws_moveit/install/moveit_resources:/home/matteo-melzer/ws_moveit/install/rviz_marker_tools:/home/matteo-melzer/ros2_ws/install/ur_description:/home/matteo-melzer/ros2_ws/install/py_srvcli:/home/matteo-melzer/ros2_ws/install/py_pubsub:/home/matteo-melzer/ros2_ws/install/tutorial_interfaces:/home/matteo-melzer/ros2_ws/install/turtlesim:/home/matteo-melzer/ws_moveit/install/ur_description:/home/matteo-melzer/ws_moveit/install/srdfdom:/home/matteo-melzer/ws_moveit/install/moveit_task_constructor_msgs:/home/matteo-melzer/ws_moveit/install/moveit_resources_prbt_support:/home/matteo-melzer/ws_moveit/install/moveit_resources_pr2_description:/home/matteo-melzer/ws_moveit/install/moveit_resources_panda_moveit_config:/home/matteo-melzer/ws_moveit/install/moveit_resources_panda_description:/home/matteo-melzer/ws_moveit/install/moveit_resources_fanuc_moveit_config:/home/matteo-melzer/ws_moveit/install/moveit_resources_fanuc_description:/home/matteo-melzer/ws_moveit/install/moveit_common:/opt/ros/humble CMAKE_PREFIX_PATH=/home/matteo-melzer/ws_moveit/install/moveit_setup_framework:/home/matteo-melzer/ws_moveit/install/moveit_ros_visualization:/home/matteo-melzer/ws_moveit/install/moveit_ros_planning_interface:/home/matteo-melzer/ws_moveit/install/moveit_ros_move_group:/home/matteo-melzer/ws_moveit/install/moveit_ros_warehouse:/home/matteo-melzer/ws_moveit/install/moveit_ros_robot_interaction:/home/matteo-melzer/ws_moveit/install/moveit_planners_ompl:/home/matteo-melzer/ws_moveit/install/moveit_kinematics:/home/matteo-melzer/ws_moveit/install/moveit_ros_planning:/home/matteo-melzer/ws_moveit/install/moveit_simple_controller_manager:/home/matteo-melzer/ws_moveit/install/moveit_ros_occupancy_map_monitor:/home/matteo-melzer/ws_moveit/install/moveit_core:/home/matteo-melzer/ws_moveit/install/moveit_resources_panda_moveit_config:/home/matteo-melzer/ws_moveit/install/moveit_resources_fanuc_moveit_config:/home/matteo-melzer/ws_moveit/install/srdfdom:/home/matteo-melzer/ws_moveit/install/moveit_resources_pr2_description:/home/matteo-melzer/ws_moveit/install/moveit_resources_panda_description:/home/matteo-melzer/ws_moveit/install/moveit_resources_fanuc_description:/home/matteo-melzer/ws_moveit/install/moveit_common:/home/matteo-melzer/ws_moveit/install/ur10e_moveit_launch:/home/matteo-melzer/ws_moveit/install/rosparam_shortcuts:/home/matteo-melzer/ws_moveit/install/moveit_resources:/home/matteo-melzer/ws_moveit/install/rviz_marker_tools:/home/matteo-melzer/ros2_ws/install/ur_description:/home/matteo-melzer/ros2_ws/install/tutorial_interfaces:/home/matteo-melzer/ros2_ws/install/turtlesim:/home/matteo-melzer/ws_moveit/install/ur_description:/home/matteo-melzer/ws_moveit/install/moveit_task_constructor_msgs:/home/matteo-melzer/ws_moveit/install/moveit_resources_prbt_support:/home/matteo-melzer/ros2_ws/install/py_srvcli:/home/matteo-melzer/ros2_ws/install/py_pubsub:/home/matteo-melzer/ws_moveit/install/moveit_configs_utils:/home/matteo-melzer/ws_moveit/install/launch_param_builder:/opt/ros/humble LD_LIBRARY_PATH=/home/matteo-melzer/ws_moveit/install/moveit_setup_framework/lib:/home/matteo-melzer/ws_moveit/install/moveit_ros_visualization/lib:/home/matteo-melzer/ws_moveit/install/moveit_ros_planning_interface/lib:/home/matteo-melzer/ws_moveit/install/moveit_ros_move_group/lib:/home/matteo-melzer/ws_moveit/install/moveit_ros_warehouse/lib:/home/matteo-melzer/ws_moveit/install/moveit_ros_robot_interaction/lib:/home/matteo-melzer/ws_moveit/install/moveit_planners_ompl/lib:/home/matteo-melzer/ws_moveit/install/moveit_kinematics/lib:/home/matteo-melzer/ws_moveit/install/moveit_ros_planning/lib:/home/matteo-melzer/ws_moveit/install/moveit_simple_controller_manager/lib:/home/matteo-melzer/ws_moveit/install/moveit_ros_occupancy_map_monitor/lib:/home/matteo-melzer/ws_moveit/install/moveit_core/lib:/home/matteo-melzer/ws_moveit/install/srdfdom/lib:/home/matteo-melzer/ws_moveit/install/rosparam_shortcuts/lib:/home/matteo-melzer/ws_moveit/install/rviz_marker_tools/lib:/home/matteo-melzer/ros2_ws/install/tutorial_interfaces/lib:/home/matteo-melzer/ros2_ws/install/turtlesim/lib:/home/matteo-melzer/ws_moveit/install/moveit_task_constructor_msgs/lib:/opt/ros/humble/opt/rviz_ogre_vendor/lib:/opt/ros/humble/lib/x86_64-linux-gnu:/opt/ros/humble/lib PATH=/home/matteo-melzer/ws_moveit/install/moveit_core/bin:${PATH} PYTHONPATH=/home/matteo-melzer/ws_moveit/install/moveit_configs_utils/lib/python3.10/site-packages:/home/matteo-melzer/ws_moveit/install/launch_param_builder/lib/python3.10/site-packages:/home/matteo-melzer/ros2_ws/install/py_srvcli/lib/python3.10/site-packages:/home/matteo-melzer/ros2_ws/install/py_pubsub/lib/python3.10/site-packages:/home/matteo-melzer/ros2_ws/install/tutorial_interfaces/local/lib/python3.10/dist-packages:/home/matteo-melzer/ros2_ws/install/turtlesim/local/lib/python3.10/dist-packages:/home/matteo-melzer/ws_moveit/install/srdfdom/local/lib/python3.10/dist-packages:/home/matteo-melzer/ws_moveit/install/moveit_task_constructor_msgs/local/lib/python3.10/dist-packages:/opt/ros/humble/lib/python3.10/site-packages:/opt/ros/humble/local/lib/python3.10/dist-packages /usr/bin/cmake --install /home/matteo-melzer/ws_moveit/build/moveit_setup_srdf_plugins
