[0.000000] (-) TimerEvent: {}
[0.000602] (-) JobUnselected: {'identifier': 'chomp_motion_planner'}
[0.000739] (-) JobUnselected: {'identifier': 'hello_moveit'}
[0.000807] (-) JobUnselected: {'identifier': 'launch_param_builder'}
[0.000874] (-) JobUnselected: {'identifier': 'moveit'}
[0.000933] (-) JobUnselected: {'identifier': 'moveit2_tutorials'}
[0.000995] (-) JobUnselected: {'identifier': 'moveit_chomp_optimizer_adapter'}
[0.001012] (-) JobUnselected: {'identifier': 'moveit_common'}
[0.001024] (-) JobUnselected: {'identifier': 'moveit_configs_utils'}
[0.001034] (-) JobUnselected: {'identifier': 'moveit_core'}
[0.001044] (-) JobUnselected: {'identifier': 'moveit_hybrid_planning'}
[0.001054] (-) JobUnselected: {'identifier': 'moveit_kinematics'}
[0.001064] (-) JobUnselected: {'identifier': 'moveit_planners'}
[0.001073] (-) JobUnselected: {'identifier': 'moveit_planners_chomp'}
[0.001081] (-) JobUnselected: {'identifier': 'moveit_planners_ompl'}
[0.001090] (-) JobUnselected: {'identifier': 'moveit_plugins'}
[0.001100] (-) JobUnselected: {'identifier': 'moveit_resources'}
[0.001109] (-) JobUnselected: {'identifier': 'moveit_resources_fanuc_description'}
[0.001118] (-) JobUnselected: {'identifier': 'moveit_resources_fanuc_moveit_config'}
[0.001127] (-) JobUnselected: {'identifier': 'moveit_resources_panda_description'}
[0.001136] (-) JobUnselected: {'identifier': 'moveit_resources_panda_moveit_config'}
[0.001145] (-) JobUnselected: {'identifier': 'moveit_resources_pr2_description'}
[0.001154] (-) JobUnselected: {'identifier': 'moveit_resources_prbt_ikfast_manipulator_plugin'}
[0.001162] (-) JobUnselected: {'identifier': 'moveit_resources_prbt_moveit_config'}
[0.001171] (-) JobUnselected: {'identifier': 'moveit_resources_prbt_pg70_support'}
[0.001180] (-) JobUnselected: {'identifier': 'moveit_resources_prbt_support'}
[0.001188] (-) JobUnselected: {'identifier': 'moveit_ros'}
[0.001197] (-) JobUnselected: {'identifier': 'moveit_ros_benchmarks'}
[0.001205] (-) JobUnselected: {'identifier': 'moveit_ros_control_interface'}
[0.001214] (-) JobUnselected: {'identifier': 'moveit_ros_move_group'}
[0.001222] (-) JobUnselected: {'identifier': 'moveit_ros_occupancy_map_monitor'}
[0.001231] (-) JobUnselected: {'identifier': 'moveit_ros_perception'}
[0.001239] (-) JobUnselected: {'identifier': 'moveit_ros_planning'}
[0.001248] (-) JobUnselected: {'identifier': 'moveit_ros_planning_interface'}
[0.001256] (-) JobUnselected: {'identifier': 'moveit_ros_robot_interaction'}
[0.001265] (-) JobUnselected: {'identifier': 'moveit_ros_visualization'}
[0.001273] (-) JobUnselected: {'identifier': 'moveit_ros_warehouse'}
[0.001282] (-) JobUnselected: {'identifier': 'moveit_runtime'}
[0.001290] (-) JobUnselected: {'identifier': 'moveit_servo'}
[0.001299] (-) JobUnselected: {'identifier': 'moveit_setup_app_plugins'}
[0.001308] (-) JobUnselected: {'identifier': 'moveit_setup_assistant'}
[0.001317] (-) JobUnselected: {'identifier': 'moveit_setup_controllers'}
[0.001325] (-) JobUnselected: {'identifier': 'moveit_setup_core_plugins'}
[0.001334] (-) JobUnselected: {'identifier': 'moveit_setup_framework'}
[0.001342] (-) JobUnselected: {'identifier': 'moveit_setup_srdf_plugins'}
[0.001351] (-) JobUnselected: {'identifier': 'moveit_simple_controller_manager'}
[0.001359] (-) JobUnselected: {'identifier': 'moveit_task_constructor_capabilities'}
[0.001368] (-) JobUnselected: {'identifier': 'moveit_task_constructor_core'}
[0.001376] (-) JobUnselected: {'identifier': 'moveit_task_constructor_demo'}
[0.001385] (-) JobUnselected: {'identifier': 'moveit_task_constructor_msgs'}
[0.001393] (-) JobUnselected: {'identifier': 'moveit_task_constructor_visualization'}
[0.001402] (-) JobUnselected: {'identifier': 'moveit_visual_tools'}
[0.001410] (-) JobUnselected: {'identifier': 'mtc_tutorial'}
[0.001419] (-) JobUnselected: {'identifier': 'pilz_industrial_motion_planner'}
[0.001428] (-) JobUnselected: {'identifier': 'pilz_industrial_motion_planner_testutils'}
[0.001437] (-) JobUnselected: {'identifier': 'rosparam_shortcuts'}
[0.001446] (-) JobUnselected: {'identifier': 'rviz_marker_tools'}
[0.001466] (-) JobUnselected: {'identifier': 'srdfdom'}
[0.001477] (-) JobUnselected: {'identifier': 'ur10e_moveit_config'}
[0.001487] (-) JobUnselected: {'identifier': 'ur10e_moveit_launch'}
[0.001496] (-) JobUnselected: {'identifier': 'ur_description'}
[0.001504] (-) JobUnselected: {'identifier': 'ur_simulation_gazebo'}
[0.001514] (-) EventReactorShutdown: {}
