[0.053s] Invoking command in '/home/matteo-melzer/ws_moveit/build/moveit_core': CMAKE_PREFIX_PATH=/home/matteo-melzer/ws_moveit/install/moveit_resources_panda_moveit_config:/home/matteo-melzer/ws_moveit/install/srdfdom:/home/matteo-melzer/ws_moveit/install/moveit_resources_pr2_description:/home/matteo-melzer/ws_moveit/install/moveit_resources_panda_description:/home/matteo-melzer/ws_moveit/install/moveit_common:/home/matteo-melzer/ros2_ws/install/ur_description:/home/matteo-melzer/ros2_ws/install/tutorial_interfaces:/home/matteo-melzer/ros2_ws/install/turtlesim:/home/matteo-melzer/ws_moveit/install/ur10e_moveit_config:/home/matteo-melzer/ws_moveit/install/ur_description:/home/matteo-melzer/ws_moveit/install/ur10e_moveit_launch:/home/matteo-melzer/ws_moveit/install/pilz_industrial_motion_planner_testutils:/home/matteo-melzer/ws_moveit/install/moveit_runtime:/home/matteo-melzer/ws_moveit/install/moveit2_tutorials:/home/matteo-melzer/ws_moveit/install/moveit:/home/matteo-melzer/ws_moveit/install/moveit_planners:/home/matteo-melzer/ws_moveit/install/pilz_industrial_motion_planner:/home/matteo-melzer/ws_moveit/install/mtc_tutorial:/home/matteo-melzer/ws_moveit/install/hello_moveit:/home/matteo-melzer/ws_moveit/install/moveit_visual_tools:/home/matteo-melzer/ws_moveit/install/moveit_task_constructor_visualization:/home/matteo-melzer/ws_moveit/install/moveit_task_constructor_demo:/home/matteo-melzer/ws_moveit/install/moveit_task_constructor_capabilities:/home/matteo-melzer/ws_moveit/install/moveit_task_constructor_core:/home/matteo-melzer/ws_moveit/install/moveit_ros_control_interface:/home/matteo-melzer/ws_moveit/install/moveit_plugins:/home/matteo-melzer/ws_moveit/install/moveit_simple_controller_manager:/home/matteo-melzer/ws_moveit/install/moveit_setup_assistant:/home/matteo-melzer/ws_moveit/install/moveit_setup_srdf_plugins:/home/matteo-melzer/ws_moveit/install/moveit_setup_core_plugins:/home/matteo-melzer/ws_moveit/install/moveit_setup_controllers:/home/matteo-melzer/ws_moveit/install/moveit_setup_app_plugins:/home/matteo-melzer/ws_moveit/install/moveit_setup_framework:/home/matteo-melzer/ws_moveit/install/moveit_servo:/home/matteo-melzer/ws_moveit/install/moveit_ros:/home/matteo-melzer/ws_moveit/install/moveit_ros_visualization:/home/matteo-melzer/ws_moveit/install/moveit_hybrid_planning:/home/matteo-melzer/ws_moveit/install/moveit_ros_planning_interface:/home/matteo-melzer/ws_moveit/install/moveit_ros_benchmarks:/home/matteo-melzer/ws_moveit/install/moveit_ros_warehouse:/home/matteo-melzer/ws_moveit/install/moveit_ros_robot_interaction:/home/matteo-melzer/ws_moveit/install/moveit_ros_perception:/home/matteo-melzer/ws_moveit/install/moveit_resources_prbt_pg70_support:/home/matteo-melzer/ws_moveit/install/moveit_resources_prbt_moveit_config:/home/matteo-melzer/ws_moveit/install/moveit_ros_move_group:/home/matteo-melzer/ws_moveit/install/moveit_planners_ompl:/home/matteo-melzer/ws_moveit/install/moveit_ros_planning:/home/matteo-melzer/ws_moveit/install/moveit_ros_occupancy_map_monitor:/home/matteo-melzer/ws_moveit/install/moveit_resources_prbt_ikfast_manipulator_plugin:/home/matteo-melzer/ws_moveit/install/moveit_planners_chomp:/home/matteo-melzer/ws_moveit/install/moveit_kinematics:/home/matteo-melzer/ws_moveit/install/moveit_chomp_optimizer_adapter:/home/matteo-melzer/ws_moveit/install/chomp_motion_planner:/home/matteo-melzer/ws_moveit/install/moveit_core:/home/matteo-melzer/ws_moveit/install/rviz_marker_tools:/home/matteo-melzer/ws_moveit/install/rosparam_shortcuts:/home/matteo-melzer/ws_moveit/install/moveit_task_constructor_msgs:/home/matteo-melzer/ws_moveit/install/moveit_resources_prbt_support:/home/matteo-melzer/ws_moveit/install/moveit_resources:/home/matteo-melzer/ws_moveit/install/moveit_resources_fanuc_moveit_config:/home/matteo-melzer/ws_moveit/install/moveit_resources_fanuc_description:/home/matteo-melzer/ros2_ws/install/py_srvcli:/home/matteo-melzer/ros2_ws/install/py_pubsub:/home/matteo-melzer/ws_moveit/install/moveit_configs_utils:/home/matteo-melzer/ws_moveit/install/launch_param_builder:/opt/ros/humble LD_LIBRARY_PATH=/home/matteo-melzer/ws_moveit/install/srdfdom/lib:/home/matteo-melzer/ros2_ws/install/tutorial_interfaces/lib:/home/matteo-melzer/ros2_ws/install/turtlesim/lib:/home/matteo-melzer/ws_moveit/install/pilz_industrial_motion_planner_testutils/lib:/home/matteo-melzer/ws_moveit/install/pilz_industrial_motion_planner/lib:/home/matteo-melzer/ws_moveit/install/moveit_visual_tools/lib:/home/matteo-melzer/ws_moveit/install/moveit_task_constructor_visualization/lib:/home/matteo-melzer/ws_moveit/install/moveit_task_constructor_demo/lib:/home/matteo-melzer/ws_moveit/install/moveit_task_constructor_capabilities/lib:/home/matteo-melzer/ws_moveit/install/moveit_task_constructor_core/lib:/home/matteo-melzer/ws_moveit/install/moveit_ros_control_interface/lib:/home/matteo-melzer/ws_moveit/install/moveit_simple_controller_manager/lib:/home/matteo-melzer/ws_moveit/install/moveit_setup_assistant/lib:/home/matteo-melzer/ws_moveit/install/moveit_setup_srdf_plugins/lib:/home/matteo-melzer/ws_moveit/install/moveit_setup_core_plugins/lib:/home/matteo-melzer/ws_moveit/install/moveit_setup_controllers/lib:/home/matteo-melzer/ws_moveit/install/moveit_setup_app_plugins/lib:/home/matteo-melzer/ws_moveit/install/moveit_setup_framework/lib:/home/matteo-melzer/ws_moveit/install/moveit_servo/lib:/home/matteo-melzer/ws_moveit/install/moveit_ros_visualization/lib:/home/matteo-melzer/ws_moveit/install/moveit_hybrid_planning/lib:/home/matteo-melzer/ws_moveit/install/moveit_ros_planning_interface/lib:/home/matteo-melzer/ws_moveit/install/moveit_ros_benchmarks/lib:/home/matteo-melzer/ws_moveit/install/moveit_ros_warehouse/lib:/home/matteo-melzer/ws_moveit/install/moveit_ros_robot_interaction/lib:/home/matteo-melzer/ws_moveit/install/moveit_ros_perception/lib:/home/matteo-melzer/ws_moveit/install/moveit_ros_move_group/lib:/home/matteo-melzer/ws_moveit/install/moveit_planners_ompl/lib:/home/matteo-melzer/ws_moveit/install/moveit_ros_planning/lib:/home/matteo-melzer/ws_moveit/install/moveit_ros_occupancy_map_monitor/lib:/home/matteo-melzer/ws_moveit/install/moveit_resources_prbt_ikfast_manipulator_plugin/lib:/home/matteo-melzer/ws_moveit/install/moveit_planners_chomp/lib:/home/matteo-melzer/ws_moveit/install/moveit_kinematics/lib:/home/matteo-melzer/ws_moveit/install/moveit_chomp_optimizer_adapter/lib:/home/matteo-melzer/ws_moveit/install/chomp_motion_planner/lib:/home/matteo-melzer/ws_moveit/install/moveit_core/lib:/home/matteo-melzer/ws_moveit/install/rviz_marker_tools/lib:/home/matteo-melzer/ws_moveit/install/rosparam_shortcuts/lib:/home/matteo-melzer/ws_moveit/install/moveit_task_constructor_msgs/lib:/usr/lib/x86_64-linux-gnu/gazebo-11/plugins:/opt/ros/humble/opt/rviz_ogre_vendor/lib:/opt/ros/humble/lib/x86_64-linux-gnu:/opt/ros/humble/lib /usr/bin/cmake /home/matteo-melzer/ws_moveit/src/moveit2/moveit_core -DCMAKE_BUILD_TYPE=Release -DCMAKE_INSTALL_PREFIX=/home/matteo-melzer/ws_moveit/install/moveit_core
[0.085s] -- Found moveit_common: 2.5.9 (/home/matteo-melzer/ws_moveit/install/moveit_common/share/moveit_common/cmake)
[0.085s] -- Found ament_cmake: 1.3.11 (/opt/ros/humble/share/ament_cmake/cmake)
[0.369s] -- Found angles: 1.15.0 (/opt/ros/humble/share/angles/cmake)
[0.421s] -- Found common_interfaces: 4.9.0 (/opt/ros/humble/share/common_interfaces/cmake)
[0.422s] -- Found eigen_stl_containers: 1.1.0 (/opt/ros/humble/share/eigen_stl_containers/cmake)
[0.422s] -- Found eigen3_cmake_module: 0.1.1 (/opt/ros/humble/share/eigen3_cmake_module/cmake)
[0.424s] -- Found generate_parameter_library: 0.5.0 (/opt/ros/humble/share/generate_parameter_library/cmake)
[0.425s] -- Found parameter_traits: 0.5.0 (/opt/ros/humble/share/parameter_traits/cmake)
[0.450s] -- Found rosidl_generator_c: 3.1.6 (/opt/ros/humble/share/rosidl_generator_c/cmake)
[0.454s] -- Found rosidl_adapter: 3.1.6 (/opt/ros/humble/share/rosidl_adapter/cmake)
[0.463s] -- Found rosidl_generator_cpp: 3.1.6 (/opt/ros/humble/share/rosidl_generator_cpp/cmake)
[0.482s] -- Using all available rosidl_typesupport_c: rosidl_typesupport_fastrtps_c;rosidl_typesupport_introspection_c
[0.526s] -- Using all available rosidl_typesupport_cpp: rosidl_typesupport_fastrtps_cpp;rosidl_typesupport_introspection_cpp
[0.560s] -- Found rmw_implementation_cmake: 6.1.2 (/opt/ros/humble/share/rmw_implementation_cmake/cmake)
[0.560s] -- Found rmw_fastrtps_cpp: 6.2.7 (/opt/ros/humble/share/rmw_fastrtps_cpp/cmake)
[0.765s] -- Using RMW implementation 'rmw_fastrtps_cpp' as default
[0.862s] -- Found rclcpp_lifecycle: 16.0.12 (/opt/ros/humble/share/rclcpp_lifecycle/cmake)
[0.887s] -- Found geometric_shapes: 2.3.2 (/opt/ros/humble/share/geometric_shapes/cmake)
[0.898s] -- Found Boost: /usr/lib/x86_64-linux-gnu/cmake/Boost-1.74.0/BoostConfig.cmake (found version "1.74.0") found components: filesystem 
[0.984s] -- library: /usr/lib/x86_64-linux-gnu/libcurl.so
[1.025s] -- Found kdl_parser: 2.6.4 (/opt/ros/humble/share/kdl_parser/cmake)
[1.031s] -- Ensuring Eigen3 include directory is part of orocos-kdl CMake target
[1.032s] -- Found moveit_msgs: 2.2.1 (/opt/ros/humble/share/moveit_msgs/cmake)
[1.166s] -- Found pluginlib: 5.1.0 (/opt/ros/humble/share/pluginlib/cmake)
[1.191s] -- Found srdfdom: 2.0.8 (/home/matteo-melzer/ws_moveit/install/srdfdom/share/srdfdom/cmake)
[1.196s] -- Found tf2_eigen: 0.25.13 (/opt/ros/humble/share/tf2_eigen/cmake)
[1.243s] -- Found tf2_geometry_msgs: 0.25.13 (/opt/ros/humble/share/tf2_geometry_msgs/cmake)
[1.247s] -- Found tf2_kdl: 0.25.13 (/opt/ros/humble/share/tf2_kdl/cmake)
[1.264s] -- Found Boost: /usr/lib/x86_64-linux-gnu/cmake/Boost-1.74.0/BoostConfig.cmake (found version "1.74.0") found components: chrono date_time filesystem iostreams program_options regex serialization system thread 
[1.265s] --  *** Building MoveIt 2.5.9-Alpha ***
[1.284s] -- Found ament_cmake_gtest: 1.3.11 (/opt/ros/humble/share/ament_cmake_gtest/cmake)
[1.284s] -- Found gtest sources under '/opt/ros/humble/src/gtest_vendor': C++ tests using 'Google Test' will be built
[1.311s] -- Found ament_cmake_gmock: 1.3.11 (/opt/ros/humble/share/ament_cmake_gmock/cmake)
[1.314s] -- Found gmock sources under '/opt/ros/humble/src/gmock_vendor': C++ tests using 'Google Mock' will be built
[1.323s] -- Found ament_cmake_gtest: 1.3.11 (/opt/ros/humble/share/ament_cmake_gtest/cmake)
[1.329s] -- Found gtest sources under '/opt/ros/humble/src/gtest_vendor': C++ tests using 'Google Test' will be built
[1.381s] -- Found ament_cmake_gtest: 1.3.11 (/opt/ros/humble/share/ament_cmake_gtest/cmake)
[1.382s] -- Found gtest sources under '/opt/ros/humble/src/gtest_vendor': C++ tests using 'Google Test' will be built
[1.468s] -- Found ament_cmake_gtest: 1.3.11 (/opt/ros/humble/share/ament_cmake_gtest/cmake)
[1.470s] -- Found gtest sources under '/opt/ros/humble/src/gtest_vendor': C++ tests using 'Google Test' will be built
[1.510s] -- Found ament_lint_auto: 0.12.12 (/opt/ros/humble/share/ament_lint_auto/cmake)
[1.511s] -- Found ament_cmake_gtest: 1.3.11 (/opt/ros/humble/share/ament_cmake_gtest/cmake)
[1.511s] -- Found gtest sources under '/opt/ros/humble/src/gtest_vendor': C++ tests using 'Google Test' will be built
[1.589s] -- Found ament_cmake_gtest: 1.3.11 (/opt/ros/humble/share/ament_cmake_gtest/cmake)
[1.589s] -- Found gtest sources under '/opt/ros/humble/src/gtest_vendor': C++ tests using 'Google Test' will be built
[1.645s] -- Found ament_cmake_gtest: 1.3.11 (/opt/ros/humble/share/ament_cmake_gtest/cmake)
[1.645s] -- Found gtest sources under '/opt/ros/humble/src/gtest_vendor': C++ tests using 'Google Test' will be built
[1.663s] -- Found ament_cmake_gtest: 1.3.11 (/opt/ros/humble/share/ament_cmake_gtest/cmake)
[1.663s] -- Found gmock sources under '/opt/ros/humble/src/gmock_vendor': C++ tests using 'Google Mock' will be built
[1.663s] -- Found gtest sources under '/opt/ros/humble/src/gtest_vendor': C++ tests using 'Google Test' will be built
[1.676s] -- Found gtest sources under '/opt/ros/humble/src/gtest_vendor': C++ tests using 'Google Test' will be built
[1.693s] -- Found gtest sources under '/opt/ros/humble/src/gtest_vendor': C++ tests using 'Google Test' will be built
[1.729s] -- Found ament_cmake_gtest: 1.3.11 (/opt/ros/humble/share/ament_cmake_gtest/cmake)
[1.730s] -- Found gtest sources under '/opt/ros/humble/src/gtest_vendor': C++ tests using 'Google Test' will be built
[1.811s] -- Found gtest sources under '/opt/ros/humble/src/gtest_vendor': C++ tests using 'Google Test' will be built
[1.849s] -- Found gtest sources under '/opt/ros/humble/src/gtest_vendor': C++ tests using 'Google Test' will be built
[1.881s] -- Found gtest sources under '/opt/ros/humble/src/gtest_vendor': C++ tests using 'Google Test' will be built
[1.886s] -- Found ament_lint_auto: 0.12.12 (/opt/ros/humble/share/ament_lint_auto/cmake)
[1.961s] -- Added test 'cppcheck' to perform static code analysis on C / C++ code
[1.964s] -- Configured cppcheck include dirs: /home/matteo-melzer/ws_moveit/src/moveit2/moveit_core/exceptions/include;/home/matteo-melzer/ws_moveit/src/moveit2/moveit_core/collision_detection/include;/home/matteo-melzer/ws_moveit/src/moveit2/moveit_core/collision_detection_fcl/include;/home/matteo-melzer/ws_moveit/src/moveit2/moveit_core/collision_detection_bullet/include;/home/matteo-melzer/ws_moveit/src/moveit2/moveit_core/constraint_samplers/include;/home/matteo-melzer/ws_moveit/src/moveit2/moveit_core/controller_manager/include;/home/matteo-melzer/ws_moveit/src/moveit2/moveit_core/distance_field/include;/home/matteo-melzer/ws_moveit/src/moveit2/moveit_core/collision_distance_field/include;/home/matteo-melzer/ws_moveit/src/moveit2/moveit_core/dynamics_solver/include;/home/matteo-melzer/ws_moveit/src/moveit2/moveit_core/kinematics_base/include;/home/matteo-melzer/ws_moveit/src/moveit2/moveit_core/kinematics_metrics/include;/home/matteo-melzer/ws_moveit/src/moveit2/moveit_core/robot_model/include;/home/matteo-melzer/ws_moveit/src/moveit2/moveit_core/transforms/include;/home/matteo-melzer/ws_moveit/src/moveit2/moveit_core/robot_state/include;/home/matteo-melzer/ws_moveit/src/moveit2/moveit_core/robot_trajectory/include;/home/matteo-melzer/ws_moveit/src/moveit2/moveit_core/kinematic_constraints/include;/home/matteo-melzer/ws_moveit/src/moveit2/moveit_core/macros/include;/home/matteo-melzer/ws_moveit/src/moveit2/moveit_core/online_signal_smoothing/include;/home/matteo-melzer/ws_moveit/src/moveit2/moveit_core/planning_interface/include;/home/matteo-melzer/ws_moveit/src/moveit2/moveit_core/planning_request_adapter/include;/home/matteo-melzer/ws_moveit/src/moveit2/moveit_core/planning_scene/include;/home/matteo-melzer/ws_moveit/src/moveit2/moveit_core/sensor_manager/include;/home/matteo-melzer/ws_moveit/src/moveit2/moveit_core/trajectory_processing/include;/home/matteo-melzer/ws_moveit/src/moveit2/moveit_core/utils/include
[1.965s] -- Configured cppcheck exclude dirs and/or files: 
[1.973s] -- Added test 'pep257' to check Python code against some of the docstring style conventions in PEP 257
[1.980s] -- Added test 'xmllint' to check XML markup files
[1.991s] -- Configuring done
[3.606s] -- Generating done
[3.840s] -- Build files have been written to: /home/matteo-melzer/ws_moveit/build/moveit_core
[3.877s] Invoked command in '/home/matteo-melzer/ws_moveit/build/moveit_core' returned '0': CMAKE_PREFIX_PATH=/home/matteo-melzer/ws_moveit/install/moveit_resources_panda_moveit_config:/home/matteo-melzer/ws_moveit/install/srdfdom:/home/matteo-melzer/ws_moveit/install/moveit_resources_pr2_description:/home/matteo-melzer/ws_moveit/install/moveit_resources_panda_description:/home/matteo-melzer/ws_moveit/install/moveit_common:/home/matteo-melzer/ros2_ws/install/ur_description:/home/matteo-melzer/ros2_ws/install/tutorial_interfaces:/home/matteo-melzer/ros2_ws/install/turtlesim:/home/matteo-melzer/ws_moveit/install/ur10e_moveit_config:/home/matteo-melzer/ws_moveit/install/ur_description:/home/matteo-melzer/ws_moveit/install/ur10e_moveit_launch:/home/matteo-melzer/ws_moveit/install/pilz_industrial_motion_planner_testutils:/home/matteo-melzer/ws_moveit/install/moveit_runtime:/home/matteo-melzer/ws_moveit/install/moveit2_tutorials:/home/matteo-melzer/ws_moveit/install/moveit:/home/matteo-melzer/ws_moveit/install/moveit_planners:/home/matteo-melzer/ws_moveit/install/pilz_industrial_motion_planner:/home/matteo-melzer/ws_moveit/install/mtc_tutorial:/home/matteo-melzer/ws_moveit/install/hello_moveit:/home/matteo-melzer/ws_moveit/install/moveit_visual_tools:/home/matteo-melzer/ws_moveit/install/moveit_task_constructor_visualization:/home/matteo-melzer/ws_moveit/install/moveit_task_constructor_demo:/home/matteo-melzer/ws_moveit/install/moveit_task_constructor_capabilities:/home/matteo-melzer/ws_moveit/install/moveit_task_constructor_core:/home/matteo-melzer/ws_moveit/install/moveit_ros_control_interface:/home/matteo-melzer/ws_moveit/install/moveit_plugins:/home/matteo-melzer/ws_moveit/install/moveit_simple_controller_manager:/home/matteo-melzer/ws_moveit/install/moveit_setup_assistant:/home/matteo-melzer/ws_moveit/install/moveit_setup_srdf_plugins:/home/matteo-melzer/ws_moveit/install/moveit_setup_core_plugins:/home/matteo-melzer/ws_moveit/install/moveit_setup_controllers:/home/matteo-melzer/ws_moveit/install/moveit_setup_app_plugins:/home/matteo-melzer/ws_moveit/install/moveit_setup_framework:/home/matteo-melzer/ws_moveit/install/moveit_servo:/home/matteo-melzer/ws_moveit/install/moveit_ros:/home/matteo-melzer/ws_moveit/install/moveit_ros_visualization:/home/matteo-melzer/ws_moveit/install/moveit_hybrid_planning:/home/matteo-melzer/ws_moveit/install/moveit_ros_planning_interface:/home/matteo-melzer/ws_moveit/install/moveit_ros_benchmarks:/home/matteo-melzer/ws_moveit/install/moveit_ros_warehouse:/home/matteo-melzer/ws_moveit/install/moveit_ros_robot_interaction:/home/matteo-melzer/ws_moveit/install/moveit_ros_perception:/home/matteo-melzer/ws_moveit/install/moveit_resources_prbt_pg70_support:/home/matteo-melzer/ws_moveit/install/moveit_resources_prbt_moveit_config:/home/matteo-melzer/ws_moveit/install/moveit_ros_move_group:/home/matteo-melzer/ws_moveit/install/moveit_planners_ompl:/home/matteo-melzer/ws_moveit/install/moveit_ros_planning:/home/matteo-melzer/ws_moveit/install/moveit_ros_occupancy_map_monitor:/home/matteo-melzer/ws_moveit/install/moveit_resources_prbt_ikfast_manipulator_plugin:/home/matteo-melzer/ws_moveit/install/moveit_planners_chomp:/home/matteo-melzer/ws_moveit/install/moveit_kinematics:/home/matteo-melzer/ws_moveit/install/moveit_chomp_optimizer_adapter:/home/matteo-melzer/ws_moveit/install/chomp_motion_planner:/home/matteo-melzer/ws_moveit/install/moveit_core:/home/matteo-melzer/ws_moveit/install/rviz_marker_tools:/home/matteo-melzer/ws_moveit/install/rosparam_shortcuts:/home/matteo-melzer/ws_moveit/install/moveit_task_constructor_msgs:/home/matteo-melzer/ws_moveit/install/moveit_resources_prbt_support:/home/matteo-melzer/ws_moveit/install/moveit_resources:/home/matteo-melzer/ws_moveit/install/moveit_resources_fanuc_moveit_config:/home/matteo-melzer/ws_moveit/install/moveit_resources_fanuc_description:/home/matteo-melzer/ros2_ws/install/py_srvcli:/home/matteo-melzer/ros2_ws/install/py_pubsub:/home/matteo-melzer/ws_moveit/install/moveit_configs_utils:/home/matteo-melzer/ws_moveit/install/launch_param_builder:/opt/ros/humble LD_LIBRARY_PATH=/home/matteo-melzer/ws_moveit/install/srdfdom/lib:/home/matteo-melzer/ros2_ws/install/tutorial_interfaces/lib:/home/matteo-melzer/ros2_ws/install/turtlesim/lib:/home/matteo-melzer/ws_moveit/install/pilz_industrial_motion_planner_testutils/lib:/home/matteo-melzer/ws_moveit/install/pilz_industrial_motion_planner/lib:/home/matteo-melzer/ws_moveit/install/moveit_visual_tools/lib:/home/matteo-melzer/ws_moveit/install/moveit_task_constructor_visualization/lib:/home/matteo-melzer/ws_moveit/install/moveit_task_constructor_demo/lib:/home/matteo-melzer/ws_moveit/install/moveit_task_constructor_capabilities/lib:/home/matteo-melzer/ws_moveit/install/moveit_task_constructor_core/lib:/home/matteo-melzer/ws_moveit/install/moveit_ros_control_interface/lib:/home/matteo-melzer/ws_moveit/install/moveit_simple_controller_manager/lib:/home/matteo-melzer/ws_moveit/install/moveit_setup_assistant/lib:/home/matteo-melzer/ws_moveit/install/moveit_setup_srdf_plugins/lib:/home/matteo-melzer/ws_moveit/install/moveit_setup_core_plugins/lib:/home/matteo-melzer/ws_moveit/install/moveit_setup_controllers/lib:/home/matteo-melzer/ws_moveit/install/moveit_setup_app_plugins/lib:/home/matteo-melzer/ws_moveit/install/moveit_setup_framework/lib:/home/matteo-melzer/ws_moveit/install/moveit_servo/lib:/home/matteo-melzer/ws_moveit/install/moveit_ros_visualization/lib:/home/matteo-melzer/ws_moveit/install/moveit_hybrid_planning/lib:/home/matteo-melzer/ws_moveit/install/moveit_ros_planning_interface/lib:/home/matteo-melzer/ws_moveit/install/moveit_ros_benchmarks/lib:/home/matteo-melzer/ws_moveit/install/moveit_ros_warehouse/lib:/home/matteo-melzer/ws_moveit/install/moveit_ros_robot_interaction/lib:/home/matteo-melzer/ws_moveit/install/moveit_ros_perception/lib:/home/matteo-melzer/ws_moveit/install/moveit_ros_move_group/lib:/home/matteo-melzer/ws_moveit/install/moveit_planners_ompl/lib:/home/matteo-melzer/ws_moveit/install/moveit_ros_planning/lib:/home/matteo-melzer/ws_moveit/install/moveit_ros_occupancy_map_monitor/lib:/home/matteo-melzer/ws_moveit/install/moveit_resources_prbt_ikfast_manipulator_plugin/lib:/home/matteo-melzer/ws_moveit/install/moveit_planners_chomp/lib:/home/matteo-melzer/ws_moveit/install/moveit_kinematics/lib:/home/matteo-melzer/ws_moveit/install/moveit_chomp_optimizer_adapter/lib:/home/matteo-melzer/ws_moveit/install/chomp_motion_planner/lib:/home/matteo-melzer/ws_moveit/install/moveit_core/lib:/home/matteo-melzer/ws_moveit/install/rviz_marker_tools/lib:/home/matteo-melzer/ws_moveit/install/rosparam_shortcuts/lib:/home/matteo-melzer/ws_moveit/install/moveit_task_constructor_msgs/lib:/usr/lib/x86_64-linux-gnu/gazebo-11/plugins:/opt/ros/humble/opt/rviz_ogre_vendor/lib:/opt/ros/humble/lib/x86_64-linux-gnu:/opt/ros/humble/lib /usr/bin/cmake /home/matteo-melzer/ws_moveit/src/moveit2/moveit_core -DCMAKE_BUILD_TYPE=Release -DCMAKE_INSTALL_PREFIX=/home/matteo-melzer/ws_moveit/install/moveit_core
[3.878s] Invoking command in '/home/matteo-melzer/ws_moveit/build/moveit_core': CMAKE_PREFIX_PATH=/home/matteo-melzer/ws_moveit/install/moveit_resources_panda_moveit_config:/home/matteo-melzer/ws_moveit/install/srdfdom:/home/matteo-melzer/ws_moveit/install/moveit_resources_pr2_description:/home/matteo-melzer/ws_moveit/install/moveit_resources_panda_description:/home/matteo-melzer/ws_moveit/install/moveit_common:/home/matteo-melzer/ros2_ws/install/ur_description:/home/matteo-melzer/ros2_ws/install/tutorial_interfaces:/home/matteo-melzer/ros2_ws/install/turtlesim:/home/matteo-melzer/ws_moveit/install/ur10e_moveit_config:/home/matteo-melzer/ws_moveit/install/ur_description:/home/matteo-melzer/ws_moveit/install/ur10e_moveit_launch:/home/matteo-melzer/ws_moveit/install/pilz_industrial_motion_planner_testutils:/home/matteo-melzer/ws_moveit/install/moveit_runtime:/home/matteo-melzer/ws_moveit/install/moveit2_tutorials:/home/matteo-melzer/ws_moveit/install/moveit:/home/matteo-melzer/ws_moveit/install/moveit_planners:/home/matteo-melzer/ws_moveit/install/pilz_industrial_motion_planner:/home/matteo-melzer/ws_moveit/install/mtc_tutorial:/home/matteo-melzer/ws_moveit/install/hello_moveit:/home/matteo-melzer/ws_moveit/install/moveit_visual_tools:/home/matteo-melzer/ws_moveit/install/moveit_task_constructor_visualization:/home/matteo-melzer/ws_moveit/install/moveit_task_constructor_demo:/home/matteo-melzer/ws_moveit/install/moveit_task_constructor_capabilities:/home/matteo-melzer/ws_moveit/install/moveit_task_constructor_core:/home/matteo-melzer/ws_moveit/install/moveit_ros_control_interface:/home/matteo-melzer/ws_moveit/install/moveit_plugins:/home/matteo-melzer/ws_moveit/install/moveit_simple_controller_manager:/home/matteo-melzer/ws_moveit/install/moveit_setup_assistant:/home/matteo-melzer/ws_moveit/install/moveit_setup_srdf_plugins:/home/matteo-melzer/ws_moveit/install/moveit_setup_core_plugins:/home/matteo-melzer/ws_moveit/install/moveit_setup_controllers:/home/matteo-melzer/ws_moveit/install/moveit_setup_app_plugins:/home/matteo-melzer/ws_moveit/install/moveit_setup_framework:/home/matteo-melzer/ws_moveit/install/moveit_servo:/home/matteo-melzer/ws_moveit/install/moveit_ros:/home/matteo-melzer/ws_moveit/install/moveit_ros_visualization:/home/matteo-melzer/ws_moveit/install/moveit_hybrid_planning:/home/matteo-melzer/ws_moveit/install/moveit_ros_planning_interface:/home/matteo-melzer/ws_moveit/install/moveit_ros_benchmarks:/home/matteo-melzer/ws_moveit/install/moveit_ros_warehouse:/home/matteo-melzer/ws_moveit/install/moveit_ros_robot_interaction:/home/matteo-melzer/ws_moveit/install/moveit_ros_perception:/home/matteo-melzer/ws_moveit/install/moveit_resources_prbt_pg70_support:/home/matteo-melzer/ws_moveit/install/moveit_resources_prbt_moveit_config:/home/matteo-melzer/ws_moveit/install/moveit_ros_move_group:/home/matteo-melzer/ws_moveit/install/moveit_planners_ompl:/home/matteo-melzer/ws_moveit/install/moveit_ros_planning:/home/matteo-melzer/ws_moveit/install/moveit_ros_occupancy_map_monitor:/home/matteo-melzer/ws_moveit/install/moveit_resources_prbt_ikfast_manipulator_plugin:/home/matteo-melzer/ws_moveit/install/moveit_planners_chomp:/home/matteo-melzer/ws_moveit/install/moveit_kinematics:/home/matteo-melzer/ws_moveit/install/moveit_chomp_optimizer_adapter:/home/matteo-melzer/ws_moveit/install/chomp_motion_planner:/home/matteo-melzer/ws_moveit/install/moveit_core:/home/matteo-melzer/ws_moveit/install/rviz_marker_tools:/home/matteo-melzer/ws_moveit/install/rosparam_shortcuts:/home/matteo-melzer/ws_moveit/install/moveit_task_constructor_msgs:/home/matteo-melzer/ws_moveit/install/moveit_resources_prbt_support:/home/matteo-melzer/ws_moveit/install/moveit_resources:/home/matteo-melzer/ws_moveit/install/moveit_resources_fanuc_moveit_config:/home/matteo-melzer/ws_moveit/install/moveit_resources_fanuc_description:/home/matteo-melzer/ros2_ws/install/py_srvcli:/home/matteo-melzer/ros2_ws/install/py_pubsub:/home/matteo-melzer/ws_moveit/install/moveit_configs_utils:/home/matteo-melzer/ws_moveit/install/launch_param_builder:/opt/ros/humble LD_LIBRARY_PATH=/home/matteo-melzer/ws_moveit/install/srdfdom/lib:/home/matteo-melzer/ros2_ws/install/tutorial_interfaces/lib:/home/matteo-melzer/ros2_ws/install/turtlesim/lib:/home/matteo-melzer/ws_moveit/install/pilz_industrial_motion_planner_testutils/lib:/home/matteo-melzer/ws_moveit/install/pilz_industrial_motion_planner/lib:/home/matteo-melzer/ws_moveit/install/moveit_visual_tools/lib:/home/matteo-melzer/ws_moveit/install/moveit_task_constructor_visualization/lib:/home/matteo-melzer/ws_moveit/install/moveit_task_constructor_demo/lib:/home/matteo-melzer/ws_moveit/install/moveit_task_constructor_capabilities/lib:/home/matteo-melzer/ws_moveit/install/moveit_task_constructor_core/lib:/home/matteo-melzer/ws_moveit/install/moveit_ros_control_interface/lib:/home/matteo-melzer/ws_moveit/install/moveit_simple_controller_manager/lib:/home/matteo-melzer/ws_moveit/install/moveit_setup_assistant/lib:/home/matteo-melzer/ws_moveit/install/moveit_setup_srdf_plugins/lib:/home/matteo-melzer/ws_moveit/install/moveit_setup_core_plugins/lib:/home/matteo-melzer/ws_moveit/install/moveit_setup_controllers/lib:/home/matteo-melzer/ws_moveit/install/moveit_setup_app_plugins/lib:/home/matteo-melzer/ws_moveit/install/moveit_setup_framework/lib:/home/matteo-melzer/ws_moveit/install/moveit_servo/lib:/home/matteo-melzer/ws_moveit/install/moveit_ros_visualization/lib:/home/matteo-melzer/ws_moveit/install/moveit_hybrid_planning/lib:/home/matteo-melzer/ws_moveit/install/moveit_ros_planning_interface/lib:/home/matteo-melzer/ws_moveit/install/moveit_ros_benchmarks/lib:/home/matteo-melzer/ws_moveit/install/moveit_ros_warehouse/lib:/home/matteo-melzer/ws_moveit/install/moveit_ros_robot_interaction/lib:/home/matteo-melzer/ws_moveit/install/moveit_ros_perception/lib:/home/matteo-melzer/ws_moveit/install/moveit_ros_move_group/lib:/home/matteo-melzer/ws_moveit/install/moveit_planners_ompl/lib:/home/matteo-melzer/ws_moveit/install/moveit_ros_planning/lib:/home/matteo-melzer/ws_moveit/install/moveit_ros_occupancy_map_monitor/lib:/home/matteo-melzer/ws_moveit/install/moveit_resources_prbt_ikfast_manipulator_plugin/lib:/home/matteo-melzer/ws_moveit/install/moveit_planners_chomp/lib:/home/matteo-melzer/ws_moveit/install/moveit_kinematics/lib:/home/matteo-melzer/ws_moveit/install/moveit_chomp_optimizer_adapter/lib:/home/matteo-melzer/ws_moveit/install/chomp_motion_planner/lib:/home/matteo-melzer/ws_moveit/install/moveit_core/lib:/home/matteo-melzer/ws_moveit/install/rviz_marker_tools/lib:/home/matteo-melzer/ws_moveit/install/rosparam_shortcuts/lib:/home/matteo-melzer/ws_moveit/install/moveit_task_constructor_msgs/lib:/usr/lib/x86_64-linux-gnu/gazebo-11/plugins:/opt/ros/humble/opt/rviz_ogre_vendor/lib:/opt/ros/humble/lib/x86_64-linux-gnu:/opt/ros/humble/lib /usr/bin/cmake --build /home/matteo-melzer/ws_moveit/build/moveit_core -- -j2 -l2
[4.029s] [35m[1mConsolidate compiler generated dependencies of target moveit_transforms[0m
[4.046s] [35m[1mConsolidate compiler generated dependencies of target moveit_exceptions[0m
[4.130s] [  1%] Built target moveit_exceptions
[4.160s] [  2%] Built target moveit_transforms
[4.178s] [35m[1mConsolidate compiler generated dependencies of target moveit_kinematics_base[0m
[4.212s] [35m[1mConsolidate compiler generated dependencies of target moveit_distance_field[0m
[4.247s] [  2%] [32m[1mLinking CXX shared library libmoveit_kinematics_base.so[0m
[4.344s] [  5%] Built target moveit_distance_field
[4.386s] [35m[1mConsolidate compiler generated dependencies of target moveit_utils[0m
[4.431s] [  8%] Built target moveit_utils
[4.475s] [35m[1mConsolidate compiler generated dependencies of target gtest[0m
[4.528s] [  9%] Built target gtest
[4.559s] [ 10%] Built target moveit_kinematics_base
[4.564s] [35m[1mConsolidate compiler generated dependencies of target gtest_main[0m
[4.599s] [35m[1mConsolidate compiler generated dependencies of target gmock[0m
[4.603s] [ 11%] Built target gtest_main
[4.647s] [ 13%] Built target gmock
[4.647s] [35m[1mConsolidate compiler generated dependencies of target gmock_main[0m
[4.690s] [ 14%] Built target gmock_main
[4.690s] [35m[1mConsolidate compiler generated dependencies of target test_voxel_grid[0m
[4.740s] [35m[1mConsolidate compiler generated dependencies of target test_distance_field[0m
[4.772s] [ 15%] Built target test_voxel_grid
[4.814s] [35m[1mConsolidate compiler generated dependencies of target moveit_smoothing_base[0m
[4.814s] [ 16%] Built target test_distance_field
[4.866s] [ 17%] Built target moveit_smoothing_base
[4.888s] [ 19%] Built target moveit_butterworth_parameters
[4.910s] [35m[1mConsolidate compiler generated dependencies of target test_transforms[0m
[4.930s] [35m[1mConsolidate compiler generated dependencies of target moveit_version[0m
[4.955s] [ 20%] Built target test_transforms
[4.971s] [ 21%] Built target moveit_version
[5.011s] [35m[1mConsolidate compiler generated dependencies of target moveit_robot_model[0m
[5.132s] [ 22%] [32m[1mLinking CXX shared library libmoveit_robot_model.so[0m
[5.469s] [ 27%] Built target moveit_robot_model
[5.514s] [35m[1mConsolidate compiler generated dependencies of target moveit_test_utils[0m
[5.520s] [35m[1mConsolidate compiler generated dependencies of target moveit_robot_state[0m
[5.582s] [ 28%] [32m[1mLinking CXX shared library libmoveit_test_utils.so[0m
[5.609s] [ 29%] [32m[1mLinking CXX shared library libmoveit_robot_state.so[0m
[5.981s] [ 30%] Built target moveit_test_utils
[6.019s] [35m[1mConsolidate compiler generated dependencies of target moveit_butterworth_filter[0m
[6.052s] [ 32%] Built target moveit_robot_state
[6.090s] [ 32%] [32m[1mLinking CXX shared library libmoveit_butterworth_filter.so[0m
[6.093s] [35m[1mConsolidate compiler generated dependencies of target test_robot_model[0m
[6.147s] [ 32%] [32m[1mLinking CXX executable test_robot_model[0m
[6.462s] [ 33%] Built target moveit_butterworth_filter
[6.501s] [35m[1mConsolidate compiler generated dependencies of target test_robot_state[0m
[6.557s] [ 34%] [32m[1mLinking CXX executable test_robot_state[0m
[6.749s] [ 35%] Built target test_robot_model
[6.785s] [35m[1mConsolidate compiler generated dependencies of target test_robot_state_benchmark[0m
[6.811s] [ 36%] [32m[1mLinking CXX executable test_robot_state_benchmark[0m
[7.188s] [ 37%] Built target test_robot_state
[7.231s] [35m[1mConsolidate compiler generated dependencies of target test_robot_state_complex[0m
[7.290s] [ 37%] Built target test_robot_state_benchmark
[7.299s] [ 38%] [32m[1mLinking CXX executable test_robot_state_complex[0m
[7.323s] [35m[1mConsolidate compiler generated dependencies of target test_aabb[0m
[7.389s] [ 39%] [32m[1mLinking CXX executable test_aabb[0m
[7.901s] [ 39%] Built target test_robot_state_complex
[7.948s] [35m[1mConsolidate compiler generated dependencies of target test_cartesian_interpolator[0m
[7.999s] [ 39%] Built target test_aabb
[8.012s] [ 39%] [32m[1mLinking CXX executable test_cartesian_interpolator[0m
[8.051s] [35m[1mConsolidate compiler generated dependencies of target moveit_collision_detection[0m
[8.233s] [ 39%] [32m[1mLinking CXX shared library libmoveit_collision_detection.so[0m
[8.598s] [ 40%] Built target test_cartesian_interpolator
[8.641s] [35m[1mConsolidate compiler generated dependencies of target moveit_robot_trajectory[0m
[8.677s] [ 45%] Built target moveit_collision_detection
[8.702s] [ 45%] [32m[1mLinking CXX shared library libmoveit_robot_trajectory.so[0m
[8.713s] [35m[1mConsolidate compiler generated dependencies of target moveit_dynamics_solver[0m
[8.799s] [ 46%] [32m[1mLinking CXX shared library libmoveit_dynamics_solver.so[0m
[9.167s] [ 47%] Built target moveit_robot_trajectory
[9.200s] [35m[1mConsolidate compiler generated dependencies of target moveit_kinematics_metrics[0m
[9.217s] [ 47%] Built target moveit_dynamics_solver
[9.249s] [35m[1mConsolidate compiler generated dependencies of target test_butterworth_filter[0m
[9.266s] [ 47%] [32m[1mLinking CXX shared library libmoveit_kinematics_metrics.so[0m
[9.325s] [ 48%] [32m[1mLinking CXX executable test_butterworth_filter[0m
[9.628s] [ 49%] Built target moveit_kinematics_metrics
[9.657s] [ 49%] Built target test_butterworth_filter
[9.674s] [35m[1mConsolidate compiler generated dependencies of target moveit_planning_interface[0m
[9.694s] [35m[1mConsolidate compiler generated dependencies of target test_robot_trajectory[0m
[9.768s] [ 49%] [32m[1mLinking CXX executable test_robot_trajectory[0m
[9.774s] [ 49%] [32m[1mLinking CXX shared library libmoveit_planning_interface.so[0m
[10.233s] [ 51%] Built target moveit_planning_interface
[10.314s] [35m[1mConsolidate compiler generated dependencies of target test_world[0m
[10.381s] [ 51%] [32m[1mLinking CXX executable test_world[0m
[10.560s] [ 52%] Built target test_robot_trajectory
[10.599s] [35m[1mConsolidate compiler generated dependencies of target test_world_diff[0m
[10.664s] [ 53%] [32m[1mLinking CXX executable test_world_diff[0m
[10.876s] [ 54%] Built target test_world
[10.934s] [35m[1mConsolidate compiler generated dependencies of target test_all_valid[0m
[11.011s] [ 54%] [32m[1mLinking CXX executable test_all_valid[0m
[11.134s] [ 55%] Built target test_world_diff
[11.172s] [35m[1mConsolidate compiler generated dependencies of target moveit_collision_detection_bullet[0m
[11.346s] [ 55%] [32m[1mLinking CXX shared library libmoveit_collision_detection_bullet.so[0m
[11.688s] [ 56%] Built target test_all_valid
[11.734s] [35m[1mConsolidate compiler generated dependencies of target moveit_collision_detection_fcl[0m
[11.794s] [ 61%] Built target moveit_collision_detection_bullet
[11.836s] [35m[1mConsolidate compiler generated dependencies of target moveit_trajectory_processing[0m
[11.839s] [ 62%] [32m[1mLinking CXX shared library libmoveit_collision_detection_fcl.so[0m
[11.942s] [ 63%] [32m[1mLinking CXX shared library libmoveit_trajectory_processing.so[0m
[12.382s] [ 65%] Built target moveit_trajectory_processing
[12.392s] [ 66%] Built target moveit_collision_detection_fcl
[12.416s] [35m[1mConsolidate compiler generated dependencies of target test_bullet_collision_detection[0m
[12.435s] [35m[1mConsolidate compiler generated dependencies of target test_bullet_collision_detection_panda[0m
[12.529s] [ 66%] [32m[1mLinking CXX executable test_bullet_collision_detection[0m
[12.543s] [ 67%] [32m[1mLinking CXX executable test_bullet_collision_detection_panda[0m
[13.191s] [ 68%] Built target test_bullet_collision_detection_panda
[13.244s] [35m[1mConsolidate compiler generated dependencies of target test_bullet_continuous_collision_checking[0m
[13.259s] [ 69%] Built target test_bullet_collision_detection
[13.307s] [35m[1mConsolidate compiler generated dependencies of target test_fcl_collision_env[0m
[13.367s] [ 70%] [32m[1mLinking CXX executable test_bullet_continuous_collision_checking[0m
[13.396s] [ 71%] [32m[1mLinking CXX executable test_fcl_collision_env[0m
[14.019s] [ 71%] Built target test_bullet_continuous_collision_checking
[14.052s] [ 71%] Built target test_fcl_collision_env
[14.058s] [35m[1mConsolidate compiler generated dependencies of target test_fcl_collision_detection[0m
[14.106s] [35m[1mConsolidate compiler generated dependencies of target test_fcl_collision_detection_panda[0m
[14.140s] [ 71%] [32m[1mLinking CXX executable test_fcl_collision_detection[0m
[14.225s] [ 72%] [32m[1mLinking CXX executable test_fcl_collision_detection_panda[0m
[14.851s] [ 73%] Built target test_fcl_collision_detection
[14.896s] [35m[1mConsolidate compiler generated dependencies of target moveit_kinematic_constraints[0m
[14.914s] [ 74%] Built target test_fcl_collision_detection_panda
[14.960s] [35m[1mConsolidate compiler generated dependencies of target test_time_parameterization[0m
[14.990s] [ 75%] [32m[1mLinking CXX shared library libmoveit_kinematic_constraints.so[0m
[15.050s] [ 76%] [32m[1mLinking CXX executable test_time_parameterization[0m
[15.456s] [ 77%] Built target moveit_kinematic_constraints
[15.517s] [35m[1mConsolidate compiler generated dependencies of target test_time_optimal_trajectory_generation[0m
[15.596s] [ 78%] [32m[1mLinking CXX executable test_time_optimal_trajectory_generation[0m
[15.711s] [ 78%] Built target test_time_parameterization
[15.754s] [35m[1mConsolidate compiler generated dependencies of target test_ruckig_traj_smoothing[0m
[15.818s] [ 78%] [32m[1mLinking CXX executable test_ruckig_traj_smoothing[0m
[16.183s] [ 79%] Built target test_time_optimal_trajectory_generation
[16.228s] [35m[1mConsolidate compiler generated dependencies of target moveit_planning_scene[0m
[16.313s] [ 80%] [32m[1mLinking CXX shared library libmoveit_planning_scene.so[0m
[16.396s] [ 81%] Built target test_ruckig_traj_smoothing
[16.433s] [35m[1mConsolidate compiler generated dependencies of target test_constraints[0m
[16.500s] [ 82%] [32m[1mLinking CXX executable test_constraints[0m
[16.678s] [ 83%] Built target moveit_planning_scene
[16.710s] [35m[1mConsolidate compiler generated dependencies of target test_orientation_constraints[0m
[16.796s] [ 83%] [32m[1mLinking CXX executable test_orientation_constraints[0m
[16.987s] [ 83%] Built target test_constraints
[17.048s] [35m[1mConsolidate compiler generated dependencies of target moveit_planning_request_adapter[0m
[17.126s] [ 83%] [32m[1mLinking CXX shared library libmoveit_planning_request_adapter.so[0m
[17.370s] [ 84%] Built target test_orientation_constraints
[17.424s] [35m[1mConsolidate compiler generated dependencies of target test_planning_scene[0m
[17.528s] [ 84%] [32m[1mLinking CXX executable test_planning_scene[0m
[17.583s] [ 85%] Built target moveit_planning_request_adapter
[17.624s] [35m[1mConsolidate compiler generated dependencies of target test_collision_objects[0m
[17.694s] [ 85%] [32m[1mLinking CXX executable test_collision_objects[0m
[18.198s] [ 86%] Built target test_planning_scene
[18.236s] [35m[1mConsolidate compiler generated dependencies of target test_multi_threaded[0m
[18.289s] [ 87%] [32m[1mLinking CXX executable test_multi_threaded[0m
[18.315s] [ 88%] Built target test_collision_objects
[18.354s] [35m[1mConsolidate compiler generated dependencies of target collision_detector_bullet_plugin[0m
[18.442s] [ 89%] [32m[1mLinking CXX shared library libcollision_detector_bullet_plugin.so[0m
[18.718s] [ 89%] Built target collision_detector_bullet_plugin
[18.763s] [35m[1mConsolidate compiler generated dependencies of target collision_detector_fcl_plugin[0m
[18.806s] [ 90%] [32m[1mLinking CXX shared library libcollision_detector_fcl_plugin.so[0m
[18.806s] [ 90%] Built target test_multi_threaded
[18.832s] [35m[1mConsolidate compiler generated dependencies of target moveit_collision_distance_field[0m
[18.945s] [ 91%] [32m[1mLinking CXX shared library libmoveit_collision_distance_field.so[0m
[19.083s] [ 91%] Built target collision_detector_fcl_plugin
[19.132s] [35m[1mConsolidate compiler generated dependencies of target moveit_constraint_samplers[0m
[19.242s] [ 91%] [32m[1mLinking CXX shared library libmoveit_constraint_samplers.so[0m
[19.390s] [ 93%] Built target moveit_collision_distance_field
[19.437s] [35m[1mConsolidate compiler generated dependencies of target test_collision_distance_field[0m
[19.508s] [ 93%] [32m[1mLinking CXX executable test_collision_distance_field[0m
[19.683s] [ 96%] Built target moveit_constraint_samplers
[19.726s] [35m[1mConsolidate compiler generated dependencies of target test_constraint_samplers[0m
[19.822s] [ 97%] [32m[1mLinking CXX executable test_constraint_samplers[0m
[20.066s] [ 98%] Built target test_collision_distance_field
[20.244s] [100%] Built target test_constraint_samplers
[20.275s] Invoked command in '/home/matteo-melzer/ws_moveit/build/moveit_core' returned '0': CMAKE_PREFIX_PATH=/home/matteo-melzer/ws_moveit/install/moveit_resources_panda_moveit_config:/home/matteo-melzer/ws_moveit/install/srdfdom:/home/matteo-melzer/ws_moveit/install/moveit_resources_pr2_description:/home/matteo-melzer/ws_moveit/install/moveit_resources_panda_description:/home/matteo-melzer/ws_moveit/install/moveit_common:/home/matteo-melzer/ros2_ws/install/ur_description:/home/matteo-melzer/ros2_ws/install/tutorial_interfaces:/home/matteo-melzer/ros2_ws/install/turtlesim:/home/matteo-melzer/ws_moveit/install/ur10e_moveit_config:/home/matteo-melzer/ws_moveit/install/ur_description:/home/matteo-melzer/ws_moveit/install/ur10e_moveit_launch:/home/matteo-melzer/ws_moveit/install/pilz_industrial_motion_planner_testutils:/home/matteo-melzer/ws_moveit/install/moveit_runtime:/home/matteo-melzer/ws_moveit/install/moveit2_tutorials:/home/matteo-melzer/ws_moveit/install/moveit:/home/matteo-melzer/ws_moveit/install/moveit_planners:/home/matteo-melzer/ws_moveit/install/pilz_industrial_motion_planner:/home/matteo-melzer/ws_moveit/install/mtc_tutorial:/home/matteo-melzer/ws_moveit/install/hello_moveit:/home/matteo-melzer/ws_moveit/install/moveit_visual_tools:/home/matteo-melzer/ws_moveit/install/moveit_task_constructor_visualization:/home/matteo-melzer/ws_moveit/install/moveit_task_constructor_demo:/home/matteo-melzer/ws_moveit/install/moveit_task_constructor_capabilities:/home/matteo-melzer/ws_moveit/install/moveit_task_constructor_core:/home/matteo-melzer/ws_moveit/install/moveit_ros_control_interface:/home/matteo-melzer/ws_moveit/install/moveit_plugins:/home/matteo-melzer/ws_moveit/install/moveit_simple_controller_manager:/home/matteo-melzer/ws_moveit/install/moveit_setup_assistant:/home/matteo-melzer/ws_moveit/install/moveit_setup_srdf_plugins:/home/matteo-melzer/ws_moveit/install/moveit_setup_core_plugins:/home/matteo-melzer/ws_moveit/install/moveit_setup_controllers:/home/matteo-melzer/ws_moveit/install/moveit_setup_app_plugins:/home/matteo-melzer/ws_moveit/install/moveit_setup_framework:/home/matteo-melzer/ws_moveit/install/moveit_servo:/home/matteo-melzer/ws_moveit/install/moveit_ros:/home/matteo-melzer/ws_moveit/install/moveit_ros_visualization:/home/matteo-melzer/ws_moveit/install/moveit_hybrid_planning:/home/matteo-melzer/ws_moveit/install/moveit_ros_planning_interface:/home/matteo-melzer/ws_moveit/install/moveit_ros_benchmarks:/home/matteo-melzer/ws_moveit/install/moveit_ros_warehouse:/home/matteo-melzer/ws_moveit/install/moveit_ros_robot_interaction:/home/matteo-melzer/ws_moveit/install/moveit_ros_perception:/home/matteo-melzer/ws_moveit/install/moveit_resources_prbt_pg70_support:/home/matteo-melzer/ws_moveit/install/moveit_resources_prbt_moveit_config:/home/matteo-melzer/ws_moveit/install/moveit_ros_move_group:/home/matteo-melzer/ws_moveit/install/moveit_planners_ompl:/home/matteo-melzer/ws_moveit/install/moveit_ros_planning:/home/matteo-melzer/ws_moveit/install/moveit_ros_occupancy_map_monitor:/home/matteo-melzer/ws_moveit/install/moveit_resources_prbt_ikfast_manipulator_plugin:/home/matteo-melzer/ws_moveit/install/moveit_planners_chomp:/home/matteo-melzer/ws_moveit/install/moveit_kinematics:/home/matteo-melzer/ws_moveit/install/moveit_chomp_optimizer_adapter:/home/matteo-melzer/ws_moveit/install/chomp_motion_planner:/home/matteo-melzer/ws_moveit/install/moveit_core:/home/matteo-melzer/ws_moveit/install/rviz_marker_tools:/home/matteo-melzer/ws_moveit/install/rosparam_shortcuts:/home/matteo-melzer/ws_moveit/install/moveit_task_constructor_msgs:/home/matteo-melzer/ws_moveit/install/moveit_resources_prbt_support:/home/matteo-melzer/ws_moveit/install/moveit_resources:/home/matteo-melzer/ws_moveit/install/moveit_resources_fanuc_moveit_config:/home/matteo-melzer/ws_moveit/install/moveit_resources_fanuc_description:/home/matteo-melzer/ros2_ws/install/py_srvcli:/home/matteo-melzer/ros2_ws/install/py_pubsub:/home/matteo-melzer/ws_moveit/install/moveit_configs_utils:/home/matteo-melzer/ws_moveit/install/launch_param_builder:/opt/ros/humble LD_LIBRARY_PATH=/home/matteo-melzer/ws_moveit/install/srdfdom/lib:/home/matteo-melzer/ros2_ws/install/tutorial_interfaces/lib:/home/matteo-melzer/ros2_ws/install/turtlesim/lib:/home/matteo-melzer/ws_moveit/install/pilz_industrial_motion_planner_testutils/lib:/home/matteo-melzer/ws_moveit/install/pilz_industrial_motion_planner/lib:/home/matteo-melzer/ws_moveit/install/moveit_visual_tools/lib:/home/matteo-melzer/ws_moveit/install/moveit_task_constructor_visualization/lib:/home/matteo-melzer/ws_moveit/install/moveit_task_constructor_demo/lib:/home/matteo-melzer/ws_moveit/install/moveit_task_constructor_capabilities/lib:/home/matteo-melzer/ws_moveit/install/moveit_task_constructor_core/lib:/home/matteo-melzer/ws_moveit/install/moveit_ros_control_interface/lib:/home/matteo-melzer/ws_moveit/install/moveit_simple_controller_manager/lib:/home/matteo-melzer/ws_moveit/install/moveit_setup_assistant/lib:/home/matteo-melzer/ws_moveit/install/moveit_setup_srdf_plugins/lib:/home/matteo-melzer/ws_moveit/install/moveit_setup_core_plugins/lib:/home/matteo-melzer/ws_moveit/install/moveit_setup_controllers/lib:/home/matteo-melzer/ws_moveit/install/moveit_setup_app_plugins/lib:/home/matteo-melzer/ws_moveit/install/moveit_setup_framework/lib:/home/matteo-melzer/ws_moveit/install/moveit_servo/lib:/home/matteo-melzer/ws_moveit/install/moveit_ros_visualization/lib:/home/matteo-melzer/ws_moveit/install/moveit_hybrid_planning/lib:/home/matteo-melzer/ws_moveit/install/moveit_ros_planning_interface/lib:/home/matteo-melzer/ws_moveit/install/moveit_ros_benchmarks/lib:/home/matteo-melzer/ws_moveit/install/moveit_ros_warehouse/lib:/home/matteo-melzer/ws_moveit/install/moveit_ros_robot_interaction/lib:/home/matteo-melzer/ws_moveit/install/moveit_ros_perception/lib:/home/matteo-melzer/ws_moveit/install/moveit_ros_move_group/lib:/home/matteo-melzer/ws_moveit/install/moveit_planners_ompl/lib:/home/matteo-melzer/ws_moveit/install/moveit_ros_planning/lib:/home/matteo-melzer/ws_moveit/install/moveit_ros_occupancy_map_monitor/lib:/home/matteo-melzer/ws_moveit/install/moveit_resources_prbt_ikfast_manipulator_plugin/lib:/home/matteo-melzer/ws_moveit/install/moveit_planners_chomp/lib:/home/matteo-melzer/ws_moveit/install/moveit_kinematics/lib:/home/matteo-melzer/ws_moveit/install/moveit_chomp_optimizer_adapter/lib:/home/matteo-melzer/ws_moveit/install/chomp_motion_planner/lib:/home/matteo-melzer/ws_moveit/install/moveit_core/lib:/home/matteo-melzer/ws_moveit/install/rviz_marker_tools/lib:/home/matteo-melzer/ws_moveit/install/rosparam_shortcuts/lib:/home/matteo-melzer/ws_moveit/install/moveit_task_constructor_msgs/lib:/usr/lib/x86_64-linux-gnu/gazebo-11/plugins:/opt/ros/humble/opt/rviz_ogre_vendor/lib:/opt/ros/humble/lib/x86_64-linux-gnu:/opt/ros/humble/lib /usr/bin/cmake --build /home/matteo-melzer/ws_moveit/build/moveit_core -- -j2 -l2
[20.278s] Invoking command in '/home/matteo-melzer/ws_moveit/build/moveit_core': CMAKE_PREFIX_PATH=/home/matteo-melzer/ws_moveit/install/moveit_resources_panda_moveit_config:/home/matteo-melzer/ws_moveit/install/srdfdom:/home/matteo-melzer/ws_moveit/install/moveit_resources_pr2_description:/home/matteo-melzer/ws_moveit/install/moveit_resources_panda_description:/home/matteo-melzer/ws_moveit/install/moveit_common:/home/matteo-melzer/ros2_ws/install/ur_description:/home/matteo-melzer/ros2_ws/install/tutorial_interfaces:/home/matteo-melzer/ros2_ws/install/turtlesim:/home/matteo-melzer/ws_moveit/install/ur10e_moveit_config:/home/matteo-melzer/ws_moveit/install/ur_description:/home/matteo-melzer/ws_moveit/install/ur10e_moveit_launch:/home/matteo-melzer/ws_moveit/install/pilz_industrial_motion_planner_testutils:/home/matteo-melzer/ws_moveit/install/moveit_runtime:/home/matteo-melzer/ws_moveit/install/moveit2_tutorials:/home/matteo-melzer/ws_moveit/install/moveit:/home/matteo-melzer/ws_moveit/install/moveit_planners:/home/matteo-melzer/ws_moveit/install/pilz_industrial_motion_planner:/home/matteo-melzer/ws_moveit/install/mtc_tutorial:/home/matteo-melzer/ws_moveit/install/hello_moveit:/home/matteo-melzer/ws_moveit/install/moveit_visual_tools:/home/matteo-melzer/ws_moveit/install/moveit_task_constructor_visualization:/home/matteo-melzer/ws_moveit/install/moveit_task_constructor_demo:/home/matteo-melzer/ws_moveit/install/moveit_task_constructor_capabilities:/home/matteo-melzer/ws_moveit/install/moveit_task_constructor_core:/home/matteo-melzer/ws_moveit/install/moveit_ros_control_interface:/home/matteo-melzer/ws_moveit/install/moveit_plugins:/home/matteo-melzer/ws_moveit/install/moveit_simple_controller_manager:/home/matteo-melzer/ws_moveit/install/moveit_setup_assistant:/home/matteo-melzer/ws_moveit/install/moveit_setup_srdf_plugins:/home/matteo-melzer/ws_moveit/install/moveit_setup_core_plugins:/home/matteo-melzer/ws_moveit/install/moveit_setup_controllers:/home/matteo-melzer/ws_moveit/install/moveit_setup_app_plugins:/home/matteo-melzer/ws_moveit/install/moveit_setup_framework:/home/matteo-melzer/ws_moveit/install/moveit_servo:/home/matteo-melzer/ws_moveit/install/moveit_ros:/home/matteo-melzer/ws_moveit/install/moveit_ros_visualization:/home/matteo-melzer/ws_moveit/install/moveit_hybrid_planning:/home/matteo-melzer/ws_moveit/install/moveit_ros_planning_interface:/home/matteo-melzer/ws_moveit/install/moveit_ros_benchmarks:/home/matteo-melzer/ws_moveit/install/moveit_ros_warehouse:/home/matteo-melzer/ws_moveit/install/moveit_ros_robot_interaction:/home/matteo-melzer/ws_moveit/install/moveit_ros_perception:/home/matteo-melzer/ws_moveit/install/moveit_resources_prbt_pg70_support:/home/matteo-melzer/ws_moveit/install/moveit_resources_prbt_moveit_config:/home/matteo-melzer/ws_moveit/install/moveit_ros_move_group:/home/matteo-melzer/ws_moveit/install/moveit_planners_ompl:/home/matteo-melzer/ws_moveit/install/moveit_ros_planning:/home/matteo-melzer/ws_moveit/install/moveit_ros_occupancy_map_monitor:/home/matteo-melzer/ws_moveit/install/moveit_resources_prbt_ikfast_manipulator_plugin:/home/matteo-melzer/ws_moveit/install/moveit_planners_chomp:/home/matteo-melzer/ws_moveit/install/moveit_kinematics:/home/matteo-melzer/ws_moveit/install/moveit_chomp_optimizer_adapter:/home/matteo-melzer/ws_moveit/install/chomp_motion_planner:/home/matteo-melzer/ws_moveit/install/moveit_core:/home/matteo-melzer/ws_moveit/install/rviz_marker_tools:/home/matteo-melzer/ws_moveit/install/rosparam_shortcuts:/home/matteo-melzer/ws_moveit/install/moveit_task_constructor_msgs:/home/matteo-melzer/ws_moveit/install/moveit_resources_prbt_support:/home/matteo-melzer/ws_moveit/install/moveit_resources:/home/matteo-melzer/ws_moveit/install/moveit_resources_fanuc_moveit_config:/home/matteo-melzer/ws_moveit/install/moveit_resources_fanuc_description:/home/matteo-melzer/ros2_ws/install/py_srvcli:/home/matteo-melzer/ros2_ws/install/py_pubsub:/home/matteo-melzer/ws_moveit/install/moveit_configs_utils:/home/matteo-melzer/ws_moveit/install/launch_param_builder:/opt/ros/humble LD_LIBRARY_PATH=/home/matteo-melzer/ws_moveit/install/srdfdom/lib:/home/matteo-melzer/ros2_ws/install/tutorial_interfaces/lib:/home/matteo-melzer/ros2_ws/install/turtlesim/lib:/home/matteo-melzer/ws_moveit/install/pilz_industrial_motion_planner_testutils/lib:/home/matteo-melzer/ws_moveit/install/pilz_industrial_motion_planner/lib:/home/matteo-melzer/ws_moveit/install/moveit_visual_tools/lib:/home/matteo-melzer/ws_moveit/install/moveit_task_constructor_visualization/lib:/home/matteo-melzer/ws_moveit/install/moveit_task_constructor_demo/lib:/home/matteo-melzer/ws_moveit/install/moveit_task_constructor_capabilities/lib:/home/matteo-melzer/ws_moveit/install/moveit_task_constructor_core/lib:/home/matteo-melzer/ws_moveit/install/moveit_ros_control_interface/lib:/home/matteo-melzer/ws_moveit/install/moveit_simple_controller_manager/lib:/home/matteo-melzer/ws_moveit/install/moveit_setup_assistant/lib:/home/matteo-melzer/ws_moveit/install/moveit_setup_srdf_plugins/lib:/home/matteo-melzer/ws_moveit/install/moveit_setup_core_plugins/lib:/home/matteo-melzer/ws_moveit/install/moveit_setup_controllers/lib:/home/matteo-melzer/ws_moveit/install/moveit_setup_app_plugins/lib:/home/matteo-melzer/ws_moveit/install/moveit_setup_framework/lib:/home/matteo-melzer/ws_moveit/install/moveit_servo/lib:/home/matteo-melzer/ws_moveit/install/moveit_ros_visualization/lib:/home/matteo-melzer/ws_moveit/install/moveit_hybrid_planning/lib:/home/matteo-melzer/ws_moveit/install/moveit_ros_planning_interface/lib:/home/matteo-melzer/ws_moveit/install/moveit_ros_benchmarks/lib:/home/matteo-melzer/ws_moveit/install/moveit_ros_warehouse/lib:/home/matteo-melzer/ws_moveit/install/moveit_ros_robot_interaction/lib:/home/matteo-melzer/ws_moveit/install/moveit_ros_perception/lib:/home/matteo-melzer/ws_moveit/install/moveit_ros_move_group/lib:/home/matteo-melzer/ws_moveit/install/moveit_planners_ompl/lib:/home/matteo-melzer/ws_moveit/install/moveit_ros_planning/lib:/home/matteo-melzer/ws_moveit/install/moveit_ros_occupancy_map_monitor/lib:/home/matteo-melzer/ws_moveit/install/moveit_resources_prbt_ikfast_manipulator_plugin/lib:/home/matteo-melzer/ws_moveit/install/moveit_planners_chomp/lib:/home/matteo-melzer/ws_moveit/install/moveit_kinematics/lib:/home/matteo-melzer/ws_moveit/install/moveit_chomp_optimizer_adapter/lib:/home/matteo-melzer/ws_moveit/install/chomp_motion_planner/lib:/home/matteo-melzer/ws_moveit/install/moveit_core/lib:/home/matteo-melzer/ws_moveit/install/rviz_marker_tools/lib:/home/matteo-melzer/ws_moveit/install/rosparam_shortcuts/lib:/home/matteo-melzer/ws_moveit/install/moveit_task_constructor_msgs/lib:/usr/lib/x86_64-linux-gnu/gazebo-11/plugins:/opt/ros/humble/opt/rviz_ogre_vendor/lib:/opt/ros/humble/lib/x86_64-linux-gnu:/opt/ros/humble/lib /usr/bin/cmake --install /home/matteo-melzer/ws_moveit/build/moveit_core
[20.293s] -- Install configuration: "Release"
[20.293s] -- Up-to-date: /home/matteo-melzer/ws_moveit/install/moveit_core/include/moveit/version.h
[20.293s] -- Up-to-date: /home/matteo-melzer/ws_moveit/install/moveit_core/include
[20.294s] -- Up-to-date: /home/matteo-melzer/ws_moveit/install/moveit_core/include/moveit
[20.294s] -- Up-to-date: /home/matteo-melzer/ws_moveit/install/moveit_core/include/moveit/collision_distance_field
[20.294s] -- Up-to-date: /home/matteo-melzer/ws_moveit/install/moveit_core/include/moveit/collision_distance_field/collision_common_distance_field.h
[20.294s] -- Up-to-date: /home/matteo-melzer/ws_moveit/install/moveit_core/include/moveit/collision_distance_field/collision_detector_allocator_distance_field.h
[20.294s] -- Up-to-date: /home/matteo-melzer/ws_moveit/install/moveit_core/include/moveit/collision_distance_field/collision_detector_allocator_hybrid.h
[20.294s] -- Up-to-date: /home/matteo-melzer/ws_moveit/install/moveit_core/include/moveit/collision_distance_field/collision_env_distance_field.h
[20.294s] -- Up-to-date: /home/matteo-melzer/ws_moveit/install/moveit_core/include/moveit/collision_distance_field/collision_distance_field_types.h
[20.294s] -- Up-to-date: /home/matteo-melzer/ws_moveit/install/moveit_core/include/moveit/collision_distance_field/collision_env_hybrid.h
[20.295s] -- Up-to-date: /home/matteo-melzer/ws_moveit/install/moveit_core/include/moveit_collision_distance_field_export.h
[20.295s] -- Up-to-date: /home/matteo-melzer/ws_moveit/install/moveit_core/include
[20.295s] -- Up-to-date: /home/matteo-melzer/ws_moveit/install/moveit_core/include/moveit
[20.295s] -- Up-to-date: /home/matteo-melzer/ws_moveit/install/moveit_core/include/moveit/constraint_samplers
[20.295s] -- Up-to-date: /home/matteo-melzer/ws_moveit/install/moveit_core/include/moveit/constraint_samplers/constraint_sampler_manager.h
[20.295s] -- Up-to-date: /home/matteo-melzer/ws_moveit/install/moveit_core/include/moveit/constraint_samplers/constraint_sampler_tools.h
[20.295s] -- Up-to-date: /home/matteo-melzer/ws_moveit/install/moveit_core/include/moveit/constraint_samplers/default_constraint_samplers.h
[20.295s] -- Up-to-date: /home/matteo-melzer/ws_moveit/install/moveit_core/include/moveit/constraint_samplers/constraint_sampler.h
[20.295s] -- Up-to-date: /home/matteo-melzer/ws_moveit/install/moveit_core/include/moveit/constraint_samplers/constraint_sampler_allocator.h
[20.295s] -- Up-to-date: /home/matteo-melzer/ws_moveit/install/moveit_core/include/moveit/constraint_samplers/union_constraint_sampler.h
[20.297s] -- Up-to-date: /home/matteo-melzer/ws_moveit/install/moveit_core/include
[20.297s] -- Up-to-date: /home/matteo-melzer/ws_moveit/install/moveit_core/include/moveit
[20.297s] -- Up-to-date: /home/matteo-melzer/ws_moveit/install/moveit_core/include/moveit/controller_manager
[20.297s] -- Up-to-date: /home/matteo-melzer/ws_moveit/install/moveit_core/include/moveit/controller_manager/controller_manager.h
[20.297s] -- Up-to-date: /home/matteo-melzer/ws_moveit/install/moveit_core/include
[20.297s] -- Up-to-date: /home/matteo-melzer/ws_moveit/install/moveit_core/include/moveit
[20.297s] -- Up-to-date: /home/matteo-melzer/ws_moveit/install/moveit_core/include/moveit/distance_field
[20.297s] -- Up-to-date: /home/matteo-melzer/ws_moveit/install/moveit_core/include/moveit/distance_field/voxel_grid.h
[20.297s] -- Up-to-date: /home/matteo-melzer/ws_moveit/install/moveit_core/include/moveit/distance_field/distance_field.h
[20.297s] -- Up-to-date: /home/matteo-melzer/ws_moveit/install/moveit_core/include/moveit/distance_field/find_internal_points.h
[20.297s] -- Up-to-date: /home/matteo-melzer/ws_moveit/install/moveit_core/include/moveit/distance_field/propagation_distance_field.h
[20.297s] -- Up-to-date: /home/matteo-melzer/ws_moveit/install/moveit_core/include
[20.297s] -- Up-to-date: /home/matteo-melzer/ws_moveit/install/moveit_core/include/moveit
[20.298s] -- Up-to-date: /home/matteo-melzer/ws_moveit/install/moveit_core/include/moveit/dynamics_solver
[20.298s] -- Up-to-date: /home/matteo-melzer/ws_moveit/install/moveit_core/include/moveit/dynamics_solver/dynamics_solver.h
[20.298s] -- Up-to-date: /home/matteo-melzer/ws_moveit/install/moveit_core/include
[20.298s] -- Up-to-date: /home/matteo-melzer/ws_moveit/install/moveit_core/include/moveit
[20.298s] -- Up-to-date: /home/matteo-melzer/ws_moveit/install/moveit_core/include/moveit/exceptions
[20.298s] -- Up-to-date: /home/matteo-melzer/ws_moveit/install/moveit_core/include/moveit/exceptions/exceptions.h
[20.301s] -- Up-to-date: /home/matteo-melzer/ws_moveit/install/moveit_core/include
[20.301s] -- Up-to-date: /home/matteo-melzer/ws_moveit/install/moveit_core/include/moveit
[20.301s] -- Up-to-date: /home/matteo-melzer/ws_moveit/install/moveit_core/include/moveit/kinematics_base
[20.301s] -- Up-to-date: /home/matteo-melzer/ws_moveit/install/moveit_core/include/moveit/kinematics_base/kinematics_base.h
[20.301s] -- Up-to-date: /home/matteo-melzer/ws_moveit/install/moveit_core/include/moveit_kinematics_base_export.h
[20.301s] -- Up-to-date: /home/matteo-melzer/ws_moveit/install/moveit_core/include
[20.301s] -- Up-to-date: /home/matteo-melzer/ws_moveit/install/moveit_core/include/moveit
[20.301s] -- Up-to-date: /home/matteo-melzer/ws_moveit/install/moveit_core/include/moveit/kinematic_constraints
[20.301s] -- Up-to-date: /home/matteo-melzer/ws_moveit/install/moveit_core/include/moveit/kinematic_constraints/utils.h
[20.301s] -- Up-to-date: /home/matteo-melzer/ws_moveit/install/moveit_core/include/moveit/kinematic_constraints/kinematic_constraint.h
[20.301s] -- Up-to-date: /home/matteo-melzer/ws_moveit/install/moveit_core/include
[20.301s] -- Up-to-date: /home/matteo-melzer/ws_moveit/install/moveit_core/include/moveit
[20.301s] -- Up-to-date: /home/matteo-melzer/ws_moveit/install/moveit_core/include/moveit/kinematics_metrics
[20.301s] -- Up-to-date: /home/matteo-melzer/ws_moveit/install/moveit_core/include/moveit/kinematics_metrics/kinematics_metrics.h
[20.301s] -- Up-to-date: /home/matteo-melzer/ws_moveit/install/moveit_core/include
[20.301s] -- Up-to-date: /home/matteo-melzer/ws_moveit/install/moveit_core/include/moveit
[20.301s] -- Up-to-date: /home/matteo-melzer/ws_moveit/install/moveit_core/include/moveit/macros
[20.302s] -- Up-to-date: /home/matteo-melzer/ws_moveit/install/moveit_core/include/moveit/macros/deprecation.h
[20.302s] -- Up-to-date: /home/matteo-melzer/ws_moveit/install/moveit_core/include/moveit/macros/class_forward.h
[20.302s] -- Up-to-date: /home/matteo-melzer/ws_moveit/install/moveit_core/include/moveit/macros/declare_ptr.h
[20.302s] -- Up-to-date: /home/matteo-melzer/ws_moveit/install/moveit_core/include/moveit/macros/console_colors.h
[20.302s] -- Up-to-date: /home/matteo-melzer/ws_moveit/install/moveit_core/include/moveit_core
[20.302s] -- Up-to-date: /home/matteo-melzer/ws_moveit/install/moveit_core/include/moveit_core/moveit_butterworth_parameters.hpp
[20.302s] -- Up-to-date: /home/matteo-melzer/ws_moveit/install/moveit_core/include
[20.302s] -- Up-to-date: /home/matteo-melzer/ws_moveit/install/moveit_core/include/moveit
[20.302s] -- Up-to-date: /home/matteo-melzer/ws_moveit/install/moveit_core/include/moveit/online_signal_smoothing
[20.302s] -- Up-to-date: /home/matteo-melzer/ws_moveit/install/moveit_core/include/moveit/online_signal_smoothing/butterworth_filter.h
[20.302s] -- Up-to-date: /home/matteo-melzer/ws_moveit/install/moveit_core/include/moveit/online_signal_smoothing/smoothing_base_class.h
[20.302s] -- Up-to-date: /home/matteo-melzer/ws_moveit/install/moveit_core/include/moveit_smoothing_base_export.h
[20.302s] -- Up-to-date: /home/matteo-melzer/ws_moveit/install/moveit_core/include/moveit_butterworth_filter_export.h
[20.302s] -- Up-to-date: /home/matteo-melzer/ws_moveit/install/moveit_core/include
[20.302s] -- Up-to-date: /home/matteo-melzer/ws_moveit/install/moveit_core/include/moveit
[20.302s] -- Up-to-date: /home/matteo-melzer/ws_moveit/install/moveit_core/include/moveit/planning_interface
[20.302s] -- Up-to-date: /home/matteo-melzer/ws_moveit/install/moveit_core/include/moveit/planning_interface/planning_request.h
[20.302s] -- Up-to-date: /home/matteo-melzer/ws_moveit/install/moveit_core/include/moveit/planning_interface/planning_interface.h
[20.302s] -- Up-to-date: /home/matteo-melzer/ws_moveit/install/moveit_core/include/moveit/planning_interface/planning_response.h
[20.302s] -- Up-to-date: /home/matteo-melzer/ws_moveit/install/moveit_core/include
[20.302s] -- Up-to-date: /home/matteo-melzer/ws_moveit/install/moveit_core/include/moveit
[20.302s] -- Up-to-date: /home/matteo-melzer/ws_moveit/install/moveit_core/include/moveit/planning_request_adapter
[20.302s] -- Up-to-date: /home/matteo-melzer/ws_moveit/install/moveit_core/include/moveit/planning_request_adapter/planning_request_adapter.h
[20.304s] -- Up-to-date: /home/matteo-melzer/ws_moveit/install/moveit_core/include
[20.305s] -- Up-to-date: /home/matteo-melzer/ws_moveit/install/moveit_core/include/moveit
[20.305s] -- Up-to-date: /home/matteo-melzer/ws_moveit/install/moveit_core/include/moveit/planning_scene
[20.305s] -- Up-to-date: /home/matteo-melzer/ws_moveit/install/moveit_core/include/moveit/planning_scene/planning_scene.h
[20.305s] -- Up-to-date: /home/matteo-melzer/ws_moveit/install/moveit_core/include/moveit_planning_scene_export.h
[20.305s] -- Up-to-date: /home/matteo-melzer/ws_moveit/install/moveit_core/include
[20.305s] -- Up-to-date: /home/matteo-melzer/ws_moveit/install/moveit_core/include/moveit
[20.305s] -- Up-to-date: /home/matteo-melzer/ws_moveit/install/moveit_core/include/moveit/robot_model
[20.305s] -- Up-to-date: /home/matteo-melzer/ws_moveit/install/moveit_core/include/moveit/robot_model/planar_joint_model.h
[20.305s] -- Up-to-date: /home/matteo-melzer/ws_moveit/install/moveit_core/include/moveit/robot_model/link_model.h
[20.305s] -- Up-to-date: /home/matteo-melzer/ws_moveit/install/moveit_core/include/moveit/robot_model/joint_model.h
[20.305s] -- Up-to-date: /home/matteo-melzer/ws_moveit/install/moveit_core/include/moveit/robot_model/revolute_joint_model.h
[20.306s] -- Up-to-date: /home/matteo-melzer/ws_moveit/install/moveit_core/include/moveit/robot_model/prismatic_joint_model.h
[20.306s] -- Up-to-date: /home/matteo-melzer/ws_moveit/install/moveit_core/include/moveit/robot_model/robot_model.h
[20.306s] -- Up-to-date: /home/matteo-melzer/ws_moveit/install/moveit_core/include/moveit/robot_model/aabb.h
[20.306s] -- Up-to-date: /home/matteo-melzer/ws_moveit/install/moveit_core/include/moveit/robot_model/fixed_joint_model.h
[20.306s] -- Up-to-date: /home/matteo-melzer/ws_moveit/install/moveit_core/include/moveit/robot_model/floating_joint_model.h
[20.306s] -- Up-to-date: /home/matteo-melzer/ws_moveit/install/moveit_core/include/moveit/robot_model/joint_model_group.h
[20.306s] -- Up-to-date: /home/matteo-melzer/ws_moveit/install/moveit_core/include
[20.306s] -- Up-to-date: /home/matteo-melzer/ws_moveit/install/moveit_core/include/moveit
[20.306s] -- Up-to-date: /home/matteo-melzer/ws_moveit/install/moveit_core/include/moveit/robot_state
[20.306s] -- Up-to-date: /home/matteo-melzer/ws_moveit/install/moveit_core/include/moveit/robot_state/robot_state.h
[20.308s] -- Up-to-date: /home/matteo-melzer/ws_moveit/install/moveit_core/include/moveit/robot_state/attached_body.h
[20.308s] -- Up-to-date: /home/matteo-melzer/ws_moveit/install/moveit_core/include/moveit/robot_state/conversions.h
[20.308s] -- Up-to-date: /home/matteo-melzer/ws_moveit/install/moveit_core/include/moveit/robot_state/cartesian_interpolator.h
[20.308s] -- Up-to-date: /home/matteo-melzer/ws_moveit/install/moveit_core/include
[20.308s] -- Up-to-date: /home/matteo-melzer/ws_moveit/install/moveit_core/include/moveit
[20.308s] -- Up-to-date: /home/matteo-melzer/ws_moveit/install/moveit_core/include/moveit/robot_trajectory
[20.308s] -- Up-to-date: /home/matteo-melzer/ws_moveit/install/moveit_core/include/moveit/robot_trajectory/robot_trajectory.h
[20.308s] -- Up-to-date: /home/matteo-melzer/ws_moveit/install/moveit_core/include
[20.308s] -- Up-to-date: /home/matteo-melzer/ws_moveit/install/moveit_core/include/moveit
[20.308s] -- Up-to-date: /home/matteo-melzer/ws_moveit/install/moveit_core/include/moveit/sensor_manager
[20.308s] -- Up-to-date: /home/matteo-melzer/ws_moveit/install/moveit_core/include/moveit/sensor_manager/sensor_manager.h
[20.308s] -- Up-to-date: /home/matteo-melzer/ws_moveit/install/moveit_core/include
[20.308s] -- Up-to-date: /home/matteo-melzer/ws_moveit/install/moveit_core/include/moveit
[20.308s] -- Up-to-date: /home/matteo-melzer/ws_moveit/install/moveit_core/include/moveit/trajectory_processing
[20.308s] -- Up-to-date: /home/matteo-melzer/ws_moveit/install/moveit_core/include/moveit/trajectory_processing/ruckig_traj_smoothing.h
[20.308s] -- Up-to-date: /home/matteo-melzer/ws_moveit/install/moveit_core/include/moveit/trajectory_processing/iterative_time_parameterization.h
[20.308s] -- Up-to-date: /home/matteo-melzer/ws_moveit/install/moveit_core/include/moveit/trajectory_processing/trajectory_tools.h
[20.308s] -- Up-to-date: /home/matteo-melzer/ws_moveit/install/moveit_core/include/moveit/trajectory_processing/time_parameterization.h
[20.309s] -- Up-to-date: /home/matteo-melzer/ws_moveit/install/moveit_core/include/moveit/trajectory_processing/iterative_spline_parameterization.h
[20.309s] -- Up-to-date: /home/matteo-melzer/ws_moveit/install/moveit_core/include/moveit/trajectory_processing/time_optimal_trajectory_generation.h
[20.309s] -- Up-to-date: /home/matteo-melzer/ws_moveit/install/moveit_core/include
[20.309s] -- Up-to-date: /home/matteo-melzer/ws_moveit/install/moveit_core/include/moveit
[20.309s] -- Up-to-date: /home/matteo-melzer/ws_moveit/install/moveit_core/include/moveit/transforms
[20.309s] -- Up-to-date: /home/matteo-melzer/ws_moveit/install/moveit_core/include/moveit/transforms/transforms.h
[20.309s] -- Up-to-date: /home/matteo-melzer/ws_moveit/install/moveit_core/include
[20.309s] -- Up-to-date: /home/matteo-melzer/ws_moveit/install/moveit_core/include/moveit
[20.309s] -- Up-to-date: /home/matteo-melzer/ws_moveit/install/moveit_core/include/moveit/utils
[20.309s] -- Up-to-date: /home/matteo-melzer/ws_moveit/install/moveit_core/include/moveit/utils/moveit_error_code.h
[20.309s] -- Up-to-date: /home/matteo-melzer/ws_moveit/install/moveit_core/include/moveit/utils/rclcpp_utils.h
[20.309s] -- Up-to-date: /home/matteo-melzer/ws_moveit/install/moveit_core/include/moveit/utils/message_checks.h
[20.309s] -- Up-to-date: /home/matteo-melzer/ws_moveit/install/moveit_core/include/moveit/utils/lexical_casts.h
[20.309s] -- Up-to-date: /home/matteo-melzer/ws_moveit/install/moveit_core/include/moveit/utils/robot_model_test_utils.h
[20.314s] -- Up-to-date: /home/matteo-melzer/ws_moveit/install/moveit_core/bin/moveit_version
[20.314s] -- Up-to-date: /home/matteo-melzer/ws_moveit/install/moveit_core/include
[20.314s] -- Up-to-date: /home/matteo-melzer/ws_moveit/install/moveit_core/include/moveit
[20.314s] -- Up-to-date: /home/matteo-melzer/ws_moveit/install/moveit_core/include/moveit/collision_detection
[20.314s] -- Up-to-date: /home/matteo-melzer/ws_moveit/install/moveit_core/include/moveit/collision_detection/collision_env.h
[20.314s] -- Up-to-date: /home/matteo-melzer/ws_moveit/install/moveit_core/include/moveit/collision_detection/world_diff.h
[20.314s] -- Up-to-date: /home/matteo-melzer/ws_moveit/install/moveit_core/include/moveit/collision_detection/test_collision_common_panda.h
[20.315s] -- Up-to-date: /home/matteo-melzer/ws_moveit/install/moveit_core/include/moveit/collision_detection/collision_common.h
[20.315s] -- Up-to-date: /home/matteo-melzer/ws_moveit/install/moveit_core/include/moveit/collision_detection/occupancy_map.h
[20.315s] -- Up-to-date: /home/matteo-melzer/ws_moveit/install/moveit_core/include/moveit/collision_detection/allvalid
[20.315s] -- Up-to-date: /home/matteo-melzer/ws_moveit/install/moveit_core/include/moveit/collision_detection/allvalid/collision_env_allvalid.h
[20.315s] -- Up-to-date: /home/matteo-melzer/ws_moveit/install/moveit_core/include/moveit/collision_detection/allvalid/collision_detector_allocator_allvalid.h
[20.315s] -- Up-to-date: /home/matteo-melzer/ws_moveit/install/moveit_core/include/moveit/collision_detection/collision_plugin.h
[20.315s] -- Up-to-date: /home/matteo-melzer/ws_moveit/install/moveit_core/include/moveit/collision_detection/test_collision_common_pr2.h
[20.315s] -- Up-to-date: /home/matteo-melzer/ws_moveit/install/moveit_core/include/moveit/collision_detection/collision_tools.h
[20.317s] -- Up-to-date: /home/matteo-melzer/ws_moveit/install/moveit_core/include/moveit/collision_detection/collision_octomap_filter.h
[20.317s] -- Up-to-date: /home/matteo-melzer/ws_moveit/install/moveit_core/include/moveit/collision_detection/collision_matrix.h
[20.317s] -- Up-to-date: /home/matteo-melzer/ws_moveit/install/moveit_core/include/moveit/collision_detection/collision_plugin_cache.h
[20.317s] -- Up-to-date: /home/matteo-melzer/ws_moveit/install/moveit_core/include/moveit/collision_detection/world.h
[20.317s] -- Up-to-date: /home/matteo-melzer/ws_moveit/install/moveit_core/include/moveit/collision_detection/collision_detector_allocator.h
[20.317s] -- Up-to-date: /home/matteo-melzer/ws_moveit/install/moveit_core/include/moveit_collision_detection_export.h
[20.317s] -- Up-to-date: /home/matteo-melzer/ws_moveit/install/moveit_core/include
[20.317s] -- Up-to-date: /home/matteo-melzer/ws_moveit/install/moveit_core/include/moveit
[20.317s] -- Up-to-date: /home/matteo-melzer/ws_moveit/install/moveit_core/include/moveit/collision_detection_bullet
[20.318s] -- Up-to-date: /home/matteo-melzer/ws_moveit/install/moveit_core/include/moveit/collision_detection_bullet/collision_detector_bullet_plugin_loader.h
[20.318s] -- Up-to-date: /home/matteo-melzer/ws_moveit/install/moveit_core/include/moveit/collision_detection_bullet/bullet_integration
[20.318s] -- Up-to-date: /home/matteo-melzer/ws_moveit/install/moveit_core/include/moveit/collision_detection_bullet/bullet_integration/bullet_discrete_bvh_manager.h
[20.318s] -- Up-to-date: /home/matteo-melzer/ws_moveit/install/moveit_core/include/moveit/collision_detection_bullet/bullet_integration/bullet_utils.h
[20.318s] -- Up-to-date: /home/matteo-melzer/ws_moveit/install/moveit_core/include/moveit/collision_detection_bullet/bullet_integration/bullet_cast_bvh_manager.h
[20.318s] -- Up-to-date: /home/matteo-melzer/ws_moveit/install/moveit_core/include/moveit/collision_detection_bullet/bullet_integration/bullet_bvh_manager.h
[20.318s] -- Up-to-date: /home/matteo-melzer/ws_moveit/install/moveit_core/include/moveit/collision_detection_bullet/bullet_integration/contact_checker_common.h
[20.318s] -- Up-to-date: /home/matteo-melzer/ws_moveit/install/moveit_core/include/moveit/collision_detection_bullet/bullet_integration/ros_bullet_utils.h
[20.318s] -- Up-to-date: /home/matteo-melzer/ws_moveit/install/moveit_core/include/moveit/collision_detection_bullet/bullet_integration/basic_types.h
[20.318s] -- Up-to-date: /home/matteo-melzer/ws_moveit/install/moveit_core/include/moveit/collision_detection_bullet/collision_env_bullet.h
[20.318s] -- Up-to-date: /home/matteo-melzer/ws_moveit/install/moveit_core/include/moveit/collision_detection_bullet/collision_detector_allocator_bullet.h
[20.319s] -- Up-to-date: /home/matteo-melzer/ws_moveit/install/moveit_core/include/moveit_collision_detection_bullet_export.h
[20.319s] -- Up-to-date: /home/matteo-melzer/ws_moveit/install/moveit_core/include
[20.319s] -- Up-to-date: /home/matteo-melzer/ws_moveit/install/moveit_core/include/moveit
[20.319s] -- Up-to-date: /home/matteo-melzer/ws_moveit/install/moveit_core/include/moveit/collision_detection_fcl
[20.319s] -- Up-to-date: /home/matteo-melzer/ws_moveit/install/moveit_core/include/moveit/collision_detection_fcl/collision_detector_fcl_plugin_loader.h
[20.319s] -- Up-to-date: /home/matteo-melzer/ws_moveit/install/moveit_core/include/moveit/collision_detection_fcl/collision_detector_allocator_fcl.h
[20.319s] -- Up-to-date: /home/matteo-melzer/ws_moveit/install/moveit_core/include/moveit/collision_detection_fcl/collision_common.h
[20.319s] -- Up-to-date: /home/matteo-melzer/ws_moveit/install/moveit_core/include/moveit/collision_detection_fcl/fcl_compat.h
[20.319s] -- Up-to-date: /home/matteo-melzer/ws_moveit/install/moveit_core/include/moveit/collision_detection_fcl/collision_env_fcl.h
[20.319s] -- Up-to-date: /home/matteo-melzer/ws_moveit/install/moveit_core/include/moveit_collision_detection_fcl_export.h
[20.319s] -- Installing: /home/matteo-melzer/ws_moveit/install/moveit_core/lib/libcollision_detector_bullet_plugin.so.2.5.9
[20.319s] -- Set runtime path of "/home/matteo-melzer/ws_moveit/install/moveit_core/lib/libcollision_detector_bullet_plugin.so.2.5.9" to ""
[20.319s] -- Up-to-date: /home/matteo-melzer/ws_moveit/install/moveit_core/lib/libcollision_detector_bullet_plugin.so
[20.319s] -- Installing: /home/matteo-melzer/ws_moveit/install/moveit_core/lib/libmoveit_butterworth_filter.so.2.5.9
[20.319s] -- Set runtime path of "/home/matteo-melzer/ws_moveit/install/moveit_core/lib/libmoveit_butterworth_filter.so.2.5.9" to ""
[20.319s] -- Up-to-date: /home/matteo-melzer/ws_moveit/install/moveit_core/lib/libmoveit_butterworth_filter.so
[20.319s] -- Installing: /home/matteo-melzer/ws_moveit/install/moveit_core/lib/libmoveit_collision_distance_field.so.2.5.9
[20.319s] -- Set runtime path of "/home/matteo-melzer/ws_moveit/install/moveit_core/lib/libmoveit_collision_distance_field.so.2.5.9" to ""
[20.319s] -- Up-to-date: /home/matteo-melzer/ws_moveit/install/moveit_core/lib/libmoveit_collision_distance_field.so
[20.319s] -- Installing: /home/matteo-melzer/ws_moveit/install/moveit_core/lib/libmoveit_collision_detection.so.2.5.9
[20.319s] -- Set runtime path of "/home/matteo-melzer/ws_moveit/install/moveit_core/lib/libmoveit_collision_detection.so.2.5.9" to ""
[20.324s] -- Up-to-date: /home/matteo-melzer/ws_moveit/install/moveit_core/lib/libmoveit_collision_detection.so
[20.324s] -- Installing: /home/matteo-melzer/ws_moveit/install/moveit_core/lib/libmoveit_collision_detection_fcl.so.2.5.9
[20.324s] -- Set runtime path of "/home/matteo-melzer/ws_moveit/install/moveit_core/lib/libmoveit_collision_detection_fcl.so.2.5.9" to ""
[20.324s] -- Up-to-date: /home/matteo-melzer/ws_moveit/install/moveit_core/lib/libmoveit_collision_detection_fcl.so
[20.324s] -- Installing: /home/matteo-melzer/ws_moveit/install/moveit_core/lib/libmoveit_collision_detection_bullet.so.2.5.9
[20.324s] -- Set runtime path of "/home/matteo-melzer/ws_moveit/install/moveit_core/lib/libmoveit_collision_detection_bullet.so.2.5.9" to ""
[20.324s] -- Up-to-date: /home/matteo-melzer/ws_moveit/install/moveit_core/lib/libmoveit_collision_detection_bullet.so
[20.324s] -- Installing: /home/matteo-melzer/ws_moveit/install/moveit_core/lib/libmoveit_dynamics_solver.so.2.5.9
[20.324s] -- Set runtime path of "/home/matteo-melzer/ws_moveit/install/moveit_core/lib/libmoveit_dynamics_solver.so.2.5.9" to ""
[20.324s] -- Up-to-date: /home/matteo-melzer/ws_moveit/install/moveit_core/lib/libmoveit_dynamics_solver.so
[20.324s] -- Installing: /home/matteo-melzer/ws_moveit/install/moveit_core/lib/libmoveit_constraint_samplers.so.2.5.9
[20.326s] -- Set runtime path of "/home/matteo-melzer/ws_moveit/install/moveit_core/lib/libmoveit_constraint_samplers.so.2.5.9" to ""
[20.326s] -- Up-to-date: /home/matteo-melzer/ws_moveit/install/moveit_core/lib/libmoveit_constraint_samplers.so
[20.326s] -- Up-to-date: /home/matteo-melzer/ws_moveit/install/moveit_core/lib/libmoveit_distance_field.so.2.5.9
[20.326s] -- Up-to-date: /home/matteo-melzer/ws_moveit/install/moveit_core/lib/libmoveit_distance_field.so
[20.326s] -- Up-to-date: /home/matteo-melzer/ws_moveit/install/moveit_core/lib/libmoveit_exceptions.so.2.5.9
[20.326s] -- Up-to-date: /home/matteo-melzer/ws_moveit/install/moveit_core/lib/libmoveit_exceptions.so
[20.326s] -- Installing: /home/matteo-melzer/ws_moveit/install/moveit_core/lib/libmoveit_kinematics_base.so
[20.327s] -- Set runtime path of "/home/matteo-melzer/ws_moveit/install/moveit_core/lib/libmoveit_kinematics_base.so" to ""
[20.327s] -- Installing: /home/matteo-melzer/ws_moveit/install/moveit_core/lib/libmoveit_kinematic_constraints.so.2.5.9
[20.331s] -- Set runtime path of "/home/matteo-melzer/ws_moveit/install/moveit_core/lib/libmoveit_kinematic_constraints.so.2.5.9" to ""
[20.331s] -- Up-to-date: /home/matteo-melzer/ws_moveit/install/moveit_core/lib/libmoveit_kinematic_constraints.so
[20.331s] -- Installing: /home/matteo-melzer/ws_moveit/install/moveit_core/lib/libmoveit_kinematics_metrics.so.2.5.9
[20.331s] -- Set runtime path of "/home/matteo-melzer/ws_moveit/install/moveit_core/lib/libmoveit_kinematics_metrics.so.2.5.9" to ""
[20.331s] -- Up-to-date: /home/matteo-melzer/ws_moveit/install/moveit_core/lib/libmoveit_kinematics_metrics.so
[20.331s] -- Installing: /home/matteo-melzer/ws_moveit/install/moveit_core/lib/libmoveit_planning_interface.so.2.5.9
[20.331s] -- Set runtime path of "/home/matteo-melzer/ws_moveit/install/moveit_core/lib/libmoveit_planning_interface.so.2.5.9" to ""
[20.331s] -- Up-to-date: /home/matteo-melzer/ws_moveit/install/moveit_core/lib/libmoveit_planning_interface.so
[20.331s] -- Installing: /home/matteo-melzer/ws_moveit/install/moveit_core/lib/libmoveit_planning_scene.so.2.5.9
[20.332s] -- Set runtime path of "/home/matteo-melzer/ws_moveit/install/moveit_core/lib/libmoveit_planning_scene.so.2.5.9" to ""
[20.332s] -- Up-to-date: /home/matteo-melzer/ws_moveit/install/moveit_core/lib/libmoveit_planning_scene.so
[20.332s] -- Installing: /home/matteo-melzer/ws_moveit/install/moveit_core/lib/libmoveit_planning_request_adapter.so.2.5.9
[20.333s] -- Set runtime path of "/home/matteo-melzer/ws_moveit/install/moveit_core/lib/libmoveit_planning_request_adapter.so.2.5.9" to ""
[20.333s] -- Up-to-date: /home/matteo-melzer/ws_moveit/install/moveit_core/lib/libmoveit_planning_request_adapter.so
[20.335s] -- Installing: /home/matteo-melzer/ws_moveit/install/moveit_core/lib/libmoveit_robot_model.so.2.5.9
[20.335s] -- Set runtime path of "/home/matteo-melzer/ws_moveit/install/moveit_core/lib/libmoveit_robot_model.so.2.5.9" to ""
[20.335s] -- Up-to-date: /home/matteo-melzer/ws_moveit/install/moveit_core/lib/libmoveit_robot_model.so
[20.335s] -- Installing: /home/matteo-melzer/ws_moveit/install/moveit_core/lib/libmoveit_robot_state.so.2.5.9
[20.337s] -- Set runtime path of "/home/matteo-melzer/ws_moveit/install/moveit_core/lib/libmoveit_robot_state.so.2.5.9" to ""
[20.337s] -- Up-to-date: /home/matteo-melzer/ws_moveit/install/moveit_core/lib/libmoveit_robot_state.so
[20.337s] -- Installing: /home/matteo-melzer/ws_moveit/install/moveit_core/lib/libmoveit_robot_trajectory.so.2.5.9
[20.338s] -- Set runtime path of "/home/matteo-melzer/ws_moveit/install/moveit_core/lib/libmoveit_robot_trajectory.so.2.5.9" to ""
[20.338s] -- Up-to-date: /home/matteo-melzer/ws_moveit/install/moveit_core/lib/libmoveit_robot_trajectory.so
[20.339s] -- Up-to-date: /home/matteo-melzer/ws_moveit/install/moveit_core/lib/libmoveit_smoothing_base.so.2.5.9
[20.339s] -- Up-to-date: /home/matteo-melzer/ws_moveit/install/moveit_core/lib/libmoveit_smoothing_base.so
[20.339s] -- Installing: /home/matteo-melzer/ws_moveit/install/moveit_core/lib/libmoveit_test_utils.so.2.5.9
[20.340s] -- Set runtime path of "/home/matteo-melzer/ws_moveit/install/moveit_core/lib/libmoveit_test_utils.so.2.5.9" to ""
[20.340s] -- Up-to-date: /home/matteo-melzer/ws_moveit/install/moveit_core/lib/libmoveit_test_utils.so
[20.342s] -- Installing: /home/matteo-melzer/ws_moveit/install/moveit_core/lib/libmoveit_trajectory_processing.so.2.5.9
[20.342s] -- Set runtime path of "/home/matteo-melzer/ws_moveit/install/moveit_core/lib/libmoveit_trajectory_processing.so.2.5.9" to ""
[20.342s] -- Up-to-date: /home/matteo-melzer/ws_moveit/install/moveit_core/lib/libmoveit_trajectory_processing.so
[20.342s] -- Up-to-date: /home/matteo-melzer/ws_moveit/install/moveit_core/lib/libmoveit_transforms.so.2.5.9
[20.342s] -- Up-to-date: /home/matteo-melzer/ws_moveit/install/moveit_core/lib/libmoveit_transforms.so
[20.343s] -- Up-to-date: /home/matteo-melzer/ws_moveit/install/moveit_core/lib/libmoveit_utils.so.2.5.9
[20.343s] -- Up-to-date: /home/matteo-melzer/ws_moveit/install/moveit_core/lib/libmoveit_utils.so
[20.343s] -- Up-to-date: /home/matteo-melzer/ws_moveit/install/moveit_core/share/moveit_core/environment/library_path.sh
[20.344s] -- Installing: /home/matteo-melzer/ws_moveit/install/moveit_core/share/moveit_core/environment/library_path.dsv
[20.344s] -- Up-to-date: /home/matteo-melzer/ws_moveit/install/moveit_core/share/moveit_core/collision_detector_fcl_description.xml
[20.344s] -- Up-to-date: /home/matteo-melzer/ws_moveit/install/moveit_core/share/moveit_core/collision_detector_bullet_description.xml
[20.344s] -- Up-to-date: /home/matteo-melzer/ws_moveit/install/moveit_core/share/moveit_core/filter_plugin_butterworth.xml
[20.344s] -- Up-to-date: /home/matteo-melzer/ws_moveit/install/moveit_core/share/ament_index/resource_index/package_run_dependencies/moveit_core
[20.344s] -- Up-to-date: /home/matteo-melzer/ws_moveit/install/moveit_core/share/ament_index/resource_index/parent_prefix_path/moveit_core
[20.345s] -- Up-to-date: /home/matteo-melzer/ws_moveit/install/moveit_core/share/moveit_core/environment/ament_prefix_path.sh
[20.345s] -- Installing: /home/matteo-melzer/ws_moveit/install/moveit_core/share/moveit_core/environment/ament_prefix_path.dsv
[20.345s] -- Up-to-date: /home/matteo-melzer/ws_moveit/install/moveit_core/share/moveit_core/environment/path.sh
[20.345s] -- Installing: /home/matteo-melzer/ws_moveit/install/moveit_core/share/moveit_core/environment/path.dsv
[20.346s] -- Up-to-date: /home/matteo-melzer/ws_moveit/install/moveit_core/share/moveit_core/local_setup.bash
[20.346s] -- Up-to-date: /home/matteo-melzer/ws_moveit/install/moveit_core/share/moveit_core/local_setup.sh
[20.346s] -- Up-to-date: /home/matteo-melzer/ws_moveit/install/moveit_core/share/moveit_core/local_setup.zsh
[20.346s] -- Installing: /home/matteo-melzer/ws_moveit/install/moveit_core/share/moveit_core/local_setup.dsv
[20.346s] -- Installing: /home/matteo-melzer/ws_moveit/install/moveit_core/share/moveit_core/package.dsv
[20.347s] -- Up-to-date: /home/matteo-melzer/ws_moveit/install/moveit_core/share/ament_index/resource_index/packages/moveit_core
[20.347s] -- Up-to-date: /home/matteo-melzer/ws_moveit/install/moveit_core/share/ament_index/resource_index/moveit_core__pluginlib__plugin/moveit_core
[20.347s] -- Up-to-date: /home/matteo-melzer/ws_moveit/install/moveit_core/share/moveit_core/cmake/export_moveit_coreExport.cmake
[20.347s] -- Up-to-date: /home/matteo-melzer/ws_moveit/install/moveit_core/share/moveit_core/cmake/export_moveit_coreExport-release.cmake
[20.347s] -- Up-to-date: /home/matteo-melzer/ws_moveit/install/moveit_core/share/moveit_core/cmake/ConfigExtras.cmake
[20.347s] -- Up-to-date: /home/matteo-melzer/ws_moveit/install/moveit_core/share/moveit_core/cmake/ament_cmake_export_targets-extras.cmake
[20.348s] -- Up-to-date: /home/matteo-melzer/ws_moveit/install/moveit_core/share/moveit_core/cmake/ament_cmake_export_dependencies-extras.cmake
[20.348s] -- Up-to-date: /home/matteo-melzer/ws_moveit/install/moveit_core/share/moveit_core/cmake/moveit_coreConfig.cmake
[20.348s] -- Up-to-date: /home/matteo-melzer/ws_moveit/install/moveit_core/share/moveit_core/cmake/moveit_coreConfig-version.cmake
[20.349s] -- Up-to-date: /home/matteo-melzer/ws_moveit/install/moveit_core/share/moveit_core/package.xml
[20.350s] Invoked command in '/home/matteo-melzer/ws_moveit/build/moveit_core' returned '0': CMAKE_PREFIX_PATH=/home/matteo-melzer/ws_moveit/install/moveit_resources_panda_moveit_config:/home/matteo-melzer/ws_moveit/install/srdfdom:/home/matteo-melzer/ws_moveit/install/moveit_resources_pr2_description:/home/matteo-melzer/ws_moveit/install/moveit_resources_panda_description:/home/matteo-melzer/ws_moveit/install/moveit_common:/home/matteo-melzer/ros2_ws/install/ur_description:/home/matteo-melzer/ros2_ws/install/tutorial_interfaces:/home/matteo-melzer/ros2_ws/install/turtlesim:/home/matteo-melzer/ws_moveit/install/ur10e_moveit_config:/home/matteo-melzer/ws_moveit/install/ur_description:/home/matteo-melzer/ws_moveit/install/ur10e_moveit_launch:/home/matteo-melzer/ws_moveit/install/pilz_industrial_motion_planner_testutils:/home/matteo-melzer/ws_moveit/install/moveit_runtime:/home/matteo-melzer/ws_moveit/install/moveit2_tutorials:/home/matteo-melzer/ws_moveit/install/moveit:/home/matteo-melzer/ws_moveit/install/moveit_planners:/home/matteo-melzer/ws_moveit/install/pilz_industrial_motion_planner:/home/matteo-melzer/ws_moveit/install/mtc_tutorial:/home/matteo-melzer/ws_moveit/install/hello_moveit:/home/matteo-melzer/ws_moveit/install/moveit_visual_tools:/home/matteo-melzer/ws_moveit/install/moveit_task_constructor_visualization:/home/matteo-melzer/ws_moveit/install/moveit_task_constructor_demo:/home/matteo-melzer/ws_moveit/install/moveit_task_constructor_capabilities:/home/matteo-melzer/ws_moveit/install/moveit_task_constructor_core:/home/matteo-melzer/ws_moveit/install/moveit_ros_control_interface:/home/matteo-melzer/ws_moveit/install/moveit_plugins:/home/matteo-melzer/ws_moveit/install/moveit_simple_controller_manager:/home/matteo-melzer/ws_moveit/install/moveit_setup_assistant:/home/matteo-melzer/ws_moveit/install/moveit_setup_srdf_plugins:/home/matteo-melzer/ws_moveit/install/moveit_setup_core_plugins:/home/matteo-melzer/ws_moveit/install/moveit_setup_controllers:/home/matteo-melzer/ws_moveit/install/moveit_setup_app_plugins:/home/matteo-melzer/ws_moveit/install/moveit_setup_framework:/home/matteo-melzer/ws_moveit/install/moveit_servo:/home/matteo-melzer/ws_moveit/install/moveit_ros:/home/matteo-melzer/ws_moveit/install/moveit_ros_visualization:/home/matteo-melzer/ws_moveit/install/moveit_hybrid_planning:/home/matteo-melzer/ws_moveit/install/moveit_ros_planning_interface:/home/matteo-melzer/ws_moveit/install/moveit_ros_benchmarks:/home/matteo-melzer/ws_moveit/install/moveit_ros_warehouse:/home/matteo-melzer/ws_moveit/install/moveit_ros_robot_interaction:/home/matteo-melzer/ws_moveit/install/moveit_ros_perception:/home/matteo-melzer/ws_moveit/install/moveit_resources_prbt_pg70_support:/home/matteo-melzer/ws_moveit/install/moveit_resources_prbt_moveit_config:/home/matteo-melzer/ws_moveit/install/moveit_ros_move_group:/home/matteo-melzer/ws_moveit/install/moveit_planners_ompl:/home/matteo-melzer/ws_moveit/install/moveit_ros_planning:/home/matteo-melzer/ws_moveit/install/moveit_ros_occupancy_map_monitor:/home/matteo-melzer/ws_moveit/install/moveit_resources_prbt_ikfast_manipulator_plugin:/home/matteo-melzer/ws_moveit/install/moveit_planners_chomp:/home/matteo-melzer/ws_moveit/install/moveit_kinematics:/home/matteo-melzer/ws_moveit/install/moveit_chomp_optimizer_adapter:/home/matteo-melzer/ws_moveit/install/chomp_motion_planner:/home/matteo-melzer/ws_moveit/install/moveit_core:/home/matteo-melzer/ws_moveit/install/rviz_marker_tools:/home/matteo-melzer/ws_moveit/install/rosparam_shortcuts:/home/matteo-melzer/ws_moveit/install/moveit_task_constructor_msgs:/home/matteo-melzer/ws_moveit/install/moveit_resources_prbt_support:/home/matteo-melzer/ws_moveit/install/moveit_resources:/home/matteo-melzer/ws_moveit/install/moveit_resources_fanuc_moveit_config:/home/matteo-melzer/ws_moveit/install/moveit_resources_fanuc_description:/home/matteo-melzer/ros2_ws/install/py_srvcli:/home/matteo-melzer/ros2_ws/install/py_pubsub:/home/matteo-melzer/ws_moveit/install/moveit_configs_utils:/home/matteo-melzer/ws_moveit/install/launch_param_builder:/opt/ros/humble LD_LIBRARY_PATH=/home/matteo-melzer/ws_moveit/install/srdfdom/lib:/home/matteo-melzer/ros2_ws/install/tutorial_interfaces/lib:/home/matteo-melzer/ros2_ws/install/turtlesim/lib:/home/matteo-melzer/ws_moveit/install/pilz_industrial_motion_planner_testutils/lib:/home/matteo-melzer/ws_moveit/install/pilz_industrial_motion_planner/lib:/home/matteo-melzer/ws_moveit/install/moveit_visual_tools/lib:/home/matteo-melzer/ws_moveit/install/moveit_task_constructor_visualization/lib:/home/matteo-melzer/ws_moveit/install/moveit_task_constructor_demo/lib:/home/matteo-melzer/ws_moveit/install/moveit_task_constructor_capabilities/lib:/home/matteo-melzer/ws_moveit/install/moveit_task_constructor_core/lib:/home/matteo-melzer/ws_moveit/install/moveit_ros_control_interface/lib:/home/matteo-melzer/ws_moveit/install/moveit_simple_controller_manager/lib:/home/matteo-melzer/ws_moveit/install/moveit_setup_assistant/lib:/home/matteo-melzer/ws_moveit/install/moveit_setup_srdf_plugins/lib:/home/matteo-melzer/ws_moveit/install/moveit_setup_core_plugins/lib:/home/matteo-melzer/ws_moveit/install/moveit_setup_controllers/lib:/home/matteo-melzer/ws_moveit/install/moveit_setup_app_plugins/lib:/home/matteo-melzer/ws_moveit/install/moveit_setup_framework/lib:/home/matteo-melzer/ws_moveit/install/moveit_servo/lib:/home/matteo-melzer/ws_moveit/install/moveit_ros_visualization/lib:/home/matteo-melzer/ws_moveit/install/moveit_hybrid_planning/lib:/home/matteo-melzer/ws_moveit/install/moveit_ros_planning_interface/lib:/home/matteo-melzer/ws_moveit/install/moveit_ros_benchmarks/lib:/home/matteo-melzer/ws_moveit/install/moveit_ros_warehouse/lib:/home/matteo-melzer/ws_moveit/install/moveit_ros_robot_interaction/lib:/home/matteo-melzer/ws_moveit/install/moveit_ros_perception/lib:/home/matteo-melzer/ws_moveit/install/moveit_ros_move_group/lib:/home/matteo-melzer/ws_moveit/install/moveit_planners_ompl/lib:/home/matteo-melzer/ws_moveit/install/moveit_ros_planning/lib:/home/matteo-melzer/ws_moveit/install/moveit_ros_occupancy_map_monitor/lib:/home/matteo-melzer/ws_moveit/install/moveit_resources_prbt_ikfast_manipulator_plugin/lib:/home/matteo-melzer/ws_moveit/install/moveit_planners_chomp/lib:/home/matteo-melzer/ws_moveit/install/moveit_kinematics/lib:/home/matteo-melzer/ws_moveit/install/moveit_chomp_optimizer_adapter/lib:/home/matteo-melzer/ws_moveit/install/chomp_motion_planner/lib:/home/matteo-melzer/ws_moveit/install/moveit_core/lib:/home/matteo-melzer/ws_moveit/install/rviz_marker_tools/lib:/home/matteo-melzer/ws_moveit/install/rosparam_shortcuts/lib:/home/matteo-melzer/ws_moveit/install/moveit_task_constructor_msgs/lib:/usr/lib/x86_64-linux-gnu/gazebo-11/plugins:/opt/ros/humble/opt/rviz_ogre_vendor/lib:/opt/ros/humble/lib/x86_64-linux-gnu:/opt/ros/humble/lib /usr/bin/cmake --install /home/matteo-melzer/ws_moveit/build/moveit_core
