[0.274s] Invoking command in '/home/matteo-melzer/ws_moveit/build/moveit_servo': AMENT_PREFIX_PATH=/home/matteo-melzer/ws_moveit/install/moveit_ros_planning_interface:/home/matteo-melzer/ws_moveit/install/moveit_ros_move_group:/home/matteo-melzer/ws_moveit/install/moveit_ros_warehouse:/home/matteo-melzer/ws_moveit/install/moveit_planners_ompl:/home/matteo-melzer/ws_moveit/install/moveit_kinematics:/home/matteo-melzer/ws_moveit/install/moveit_ros_planning:/home/matteo-melzer/ws_moveit/install/moveit_simple_controller_manager:/home/matteo-melzer/ws_moveit/install/moveit_ros_occupancy_map_monitor:/home/matteo-melzer/ws_moveit/install/moveit_core:/home/matteo-melzer/ws_moveit/install/moveit_configs_utils:/home/matteo-melzer/ws_moveit/install/launch_param_builder:/home/matteo-melzer/ws_moveit/install/ur10e_moveit_launch:/home/matteo-melzer/ws_moveit/install/rosparam_shortcuts:/home/matteo-melzer/ws_moveit/install/moveit_resources:/home/matteo-melzer/ws_moveit/install/rviz_marker_tools:/home/matteo-melzer/ros2_ws/install/ur_description:/home/matteo-melzer/ros2_ws/install/py_srvcli:/home/matteo-melzer/ros2_ws/install/py_pubsub:/home/matteo-melzer/ros2_ws/install/tutorial_interfaces:/home/matteo-melzer/ros2_ws/install/turtlesim:/home/matteo-melzer/ws_moveit/install/ur_description:/home/matteo-melzer/ws_moveit/install/srdfdom:/home/matteo-melzer/ws_moveit/install/moveit_task_constructor_msgs:/home/matteo-melzer/ws_moveit/install/moveit_resources_prbt_support:/home/matteo-melzer/ws_moveit/install/moveit_resources_pr2_description:/home/matteo-melzer/ws_moveit/install/moveit_resources_panda_moveit_config:/home/matteo-melzer/ws_moveit/install/moveit_resources_panda_description:/home/matteo-melzer/ws_moveit/install/moveit_resources_fanuc_moveit_config:/home/matteo-melzer/ws_moveit/install/moveit_resources_fanuc_description:/home/matteo-melzer/ws_moveit/install/moveit_common:/opt/ros/humble CMAKE_PREFIX_PATH=/home/matteo-melzer/ws_moveit/install/moveit_ros_planning_interface:/home/matteo-melzer/ws_moveit/install/moveit_ros_move_group:/home/matteo-melzer/ws_moveit/install/moveit_ros_warehouse:/home/matteo-melzer/ws_moveit/install/moveit_planners_ompl:/home/matteo-melzer/ws_moveit/install/moveit_kinematics:/home/matteo-melzer/ws_moveit/install/moveit_ros_planning:/home/matteo-melzer/ws_moveit/install/moveit_simple_controller_manager:/home/matteo-melzer/ws_moveit/install/moveit_ros_occupancy_map_monitor:/home/matteo-melzer/ws_moveit/install/moveit_core:/home/matteo-melzer/ws_moveit/install/moveit_resources_panda_moveit_config:/home/matteo-melzer/ws_moveit/install/moveit_resources_fanuc_moveit_config:/home/matteo-melzer/ws_moveit/install/srdfdom:/home/matteo-melzer/ws_moveit/install/moveit_resources_pr2_description:/home/matteo-melzer/ws_moveit/install/moveit_resources_panda_description:/home/matteo-melzer/ws_moveit/install/moveit_resources_fanuc_description:/home/matteo-melzer/ws_moveit/install/moveit_common:/home/matteo-melzer/ws_moveit/install/ur10e_moveit_launch:/home/matteo-melzer/ws_moveit/install/rosparam_shortcuts:/home/matteo-melzer/ws_moveit/install/moveit_resources:/home/matteo-melzer/ws_moveit/install/rviz_marker_tools:/home/matteo-melzer/ros2_ws/install/ur_description:/home/matteo-melzer/ros2_ws/install/tutorial_interfaces:/home/matteo-melzer/ros2_ws/install/turtlesim:/home/matteo-melzer/ws_moveit/install/ur_description:/home/matteo-melzer/ws_moveit/install/moveit_task_constructor_msgs:/home/matteo-melzer/ws_moveit/install/moveit_resources_prbt_support:/home/matteo-melzer/ros2_ws/install/py_srvcli:/home/matteo-melzer/ros2_ws/install/py_pubsub:/home/matteo-melzer/ws_moveit/install/moveit_configs_utils:/home/matteo-melzer/ws_moveit/install/launch_param_builder:/opt/ros/humble LD_LIBRARY_PATH=/home/matteo-melzer/ws_moveit/install/moveit_ros_planning_interface/lib:/home/matteo-melzer/ws_moveit/install/moveit_ros_move_group/lib:/home/matteo-melzer/ws_moveit/install/moveit_ros_warehouse/lib:/home/matteo-melzer/ws_moveit/install/moveit_planners_ompl/lib:/home/matteo-melzer/ws_moveit/install/moveit_kinematics/lib:/home/matteo-melzer/ws_moveit/install/moveit_ros_planning/lib:/home/matteo-melzer/ws_moveit/install/moveit_simple_controller_manager/lib:/home/matteo-melzer/ws_moveit/install/moveit_ros_occupancy_map_monitor/lib:/home/matteo-melzer/ws_moveit/install/moveit_core/lib:/home/matteo-melzer/ws_moveit/install/srdfdom/lib:/home/matteo-melzer/ws_moveit/install/rosparam_shortcuts/lib:/home/matteo-melzer/ws_moveit/install/rviz_marker_tools/lib:/home/matteo-melzer/ros2_ws/install/tutorial_interfaces/lib:/home/matteo-melzer/ros2_ws/install/turtlesim/lib:/home/matteo-melzer/ws_moveit/install/moveit_task_constructor_msgs/lib:/opt/ros/humble/opt/rviz_ogre_vendor/lib:/opt/ros/humble/lib/x86_64-linux-gnu:/opt/ros/humble/lib PATH=/home/matteo-melzer/ws_moveit/install/moveit_core/bin:${PATH} PYTHONPATH=/home/matteo-melzer/ws_moveit/install/moveit_configs_utils/lib/python3.10/site-packages:/home/matteo-melzer/ws_moveit/install/launch_param_builder/lib/python3.10/site-packages:/home/matteo-melzer/ros2_ws/install/py_srvcli/lib/python3.10/site-packages:/home/matteo-melzer/ros2_ws/install/py_pubsub/lib/python3.10/site-packages:/home/matteo-melzer/ros2_ws/install/tutorial_interfaces/local/lib/python3.10/dist-packages:/home/matteo-melzer/ros2_ws/install/turtlesim/local/lib/python3.10/dist-packages:/home/matteo-melzer/ws_moveit/install/srdfdom/local/lib/python3.10/dist-packages:/home/matteo-melzer/ws_moveit/install/moveit_task_constructor_msgs/local/lib/python3.10/dist-packages:/opt/ros/humble/lib/python3.10/site-packages:/opt/ros/humble/local/lib/python3.10/dist-packages /usr/bin/cmake /home/matteo-melzer/ws_moveit/src/moveit2/moveit_ros/moveit_servo -DCMAKE_INSTALL_PREFIX=/home/matteo-melzer/ws_moveit/install/moveit_servo
[0.424s] -- The C compiler identification is GNU 11.4.0
[0.481s] -- The CXX compiler identification is GNU 11.4.0
[0.492s] -- Detecting C compiler ABI info
[0.647s] -- Detecting C compiler ABI info - done
[0.652s] -- Check for working C compiler: /usr/bin/cc - skipped
[0.652s] -- Detecting C compile features
[0.653s] -- Detecting C compile features - done
[0.665s] -- Detecting CXX compiler ABI info
[0.882s] -- Detecting CXX compiler ABI info - done
[0.894s] -- Check for working CXX compiler: /usr/bin/c++ - skipped
[0.895s] -- Detecting CXX compile features
[0.895s] -- Detecting CXX compile features - done
[0.901s] -- Found moveit_common: 2.5.9 (/home/matteo-melzer/ws_moveit/install/moveit_common/share/moveit_common/cmake)
[0.930s] -- Found ament_cmake: 1.3.11 (/opt/ros/humble/share/ament_cmake/cmake)
[1.370s] -- Found Python3: /usr/bin/python3 (found version "3.10.12") found components: Interpreter 
[1.810s] [0mmoveit_servo: You did not request a specific build type: Choosing 'Release' for maximum performance[0m
[1.813s] -- Found eigen3_cmake_module: 0.1.1 (/opt/ros/humble/share/eigen3_cmake_module/cmake)
[1.860s] -- Found Eigen3: TRUE (found version "3.4.0") 
[1.872s] -- Found control_msgs: 4.8.0 (/opt/ros/humble/share/control_msgs/cmake)
[1.993s] -- Found rosidl_generator_c: 3.1.6 (/opt/ros/humble/share/rosidl_generator_c/cmake)
[2.013s] -- Found rosidl_adapter: 3.1.6 (/opt/ros/humble/share/rosidl_adapter/cmake)
[2.029s] -- Found rosidl_generator_cpp: 3.1.6 (/opt/ros/humble/share/rosidl_generator_cpp/cmake)
[2.061s] -- Using all available rosidl_typesupport_c: rosidl_typesupport_fastrtps_c;rosidl_typesupport_introspection_c
[2.089s] -- Using all available rosidl_typesupport_cpp: rosidl_typesupport_fastrtps_cpp;rosidl_typesupport_introspection_cpp
[2.259s] -- Found control_toolbox: 3.6.1 (/opt/ros/humble/share/control_toolbox/cmake)
[2.359s] -- Found rmw_implementation_cmake: 6.1.2 (/opt/ros/humble/share/rmw_implementation_cmake/cmake)
[2.367s] -- Found rmw_fastrtps_cpp: 6.2.7 (/opt/ros/humble/share/rmw_fastrtps_cpp/cmake)
[2.512s] -- Found OpenSSL: /usr/lib/x86_64-linux-gnu/libcrypto.so (found version "3.0.2")  
[2.547s] -- Found FastRTPS: /opt/ros/humble/include  
[2.601s] -- Using RMW implementation 'rmw_fastrtps_cpp' as default
[2.625s] -- Looking for pthread.h
[2.773s] -- Looking for pthread.h - found
[2.773s] -- Performing Test CMAKE_HAVE_LIBC_PTHREAD
[2.914s] -- Performing Test CMAKE_HAVE_LIBC_PTHREAD - Success
[2.918s] -- Found Threads: TRUE  
[3.165s] -- Found moveit_core: 2.5.9 (/home/matteo-melzer/ws_moveit/install/moveit_core/share/moveit_core/cmake)
[3.235s] -- Found Boost: /usr/lib/x86_64-linux-gnu/cmake/Boost-1.74.0/BoostConfig.cmake (found version "1.74.0") found components: chrono date_time filesystem iostreams program_options regex serialization system thread 
[3.302s] -- Found Boost: /usr/lib/x86_64-linux-gnu/cmake/Boost-1.74.0/BoostConfig.cmake (found version "1.74.0") found components: filesystem 
[3.428s] -- library: /usr/lib/x86_64-linux-gnu/libcurl.so
[3.509s] -- Ensuring Eigen3 include directory is part of orocos-kdl CMake target
[3.768s] -- Found moveit_ros_planning: 2.5.9 (/home/matteo-melzer/ws_moveit/install/moveit_ros_planning/share/moveit_ros_planning/cmake)
[3.773s] -- Found Boost: /usr/lib/x86_64-linux-gnu/cmake/Boost-1.74.0/BoostConfig.cmake (found version "1.74.0") found components: system filesystem date_time program_options thread chrono 
[3.802s] -- Found std_srvs: 4.9.0 (/opt/ros/humble/share/std_srvs/cmake)
[3.913s] -- Found ament_lint_auto: 0.12.12 (/opt/ros/humble/share/ament_lint_auto/cmake)
[3.919s] -- Found ament_cmake_gtest: 1.3.11 (/opt/ros/humble/share/ament_cmake_gtest/cmake)
[3.927s] -- Found ros_testing: 0.4.0 (/opt/ros/humble/share/ros_testing/cmake)
[3.934s] -- Found launch_testing_ament_cmake: 1.0.9 (/opt/ros/humble/share/launch_testing_ament_cmake/cmake)
[3.940s] -- Found python_cmake_module: 0.10.0 (/opt/ros/humble/share/python_cmake_module/cmake)
[3.962s] -- Found PythonInterp: /usr/bin/python3 (found suitable version "3.10.12", minimum required is "3.6") 
[3.970s] -- Found PythonLibs: /usr/lib/x86_64-linux-gnu/libpython3.10.so (found suitable version "3.10.12", minimum required is "3.5") 
[3.972s] -- Using PYTHON_EXECUTABLE: /usr/bin/python3
[3.972s] -- Using PYTHON_INCLUDE_DIRS: /usr/include/python3.10
[3.972s] -- Using PYTHON_LIBRARIES: /usr/lib/x86_64-linux-gnu/libpython3.10.so
[3.994s] -- Found PythonExtra: .so  
[4.000s] -- Found Boost: /usr/lib/x86_64-linux-gnu/cmake/Boost-1.74.0/BoostConfig.cmake (found version "1.74.0") found components: filesystem 
[4.111s] -- Found gtest sources under '/opt/ros/humble/src/gtest_vendor': C++ tests using 'Google Test' will be built
[4.195s] -- Added test 'cppcheck' to perform static code analysis on C / C++ code
[4.197s] -- Configured cppcheck include dirs: /home/matteo-melzer/ws_moveit/src/moveit2/moveit_ros/moveit_servo/include
[4.197s] -- Configured cppcheck exclude dirs and/or files: 
[4.200s] -- Added test 'lint_cmake' to check CMake code style
[4.202s] -- Added test 'pep257' to check Python code against some of the docstring style conventions in PEP 257
[4.204s] -- Added test 'xmllint' to check XML markup files
[4.213s] -- Configuring done
[4.474s] -- Generating done
[4.571s] -- Build files have been written to: /home/matteo-melzer/ws_moveit/build/moveit_servo
[4.592s] Invoked command in '/home/matteo-melzer/ws_moveit/build/moveit_servo' returned '0': AMENT_PREFIX_PATH=/home/matteo-melzer/ws_moveit/install/moveit_ros_planning_interface:/home/matteo-melzer/ws_moveit/install/moveit_ros_move_group:/home/matteo-melzer/ws_moveit/install/moveit_ros_warehouse:/home/matteo-melzer/ws_moveit/install/moveit_planners_ompl:/home/matteo-melzer/ws_moveit/install/moveit_kinematics:/home/matteo-melzer/ws_moveit/install/moveit_ros_planning:/home/matteo-melzer/ws_moveit/install/moveit_simple_controller_manager:/home/matteo-melzer/ws_moveit/install/moveit_ros_occupancy_map_monitor:/home/matteo-melzer/ws_moveit/install/moveit_core:/home/matteo-melzer/ws_moveit/install/moveit_configs_utils:/home/matteo-melzer/ws_moveit/install/launch_param_builder:/home/matteo-melzer/ws_moveit/install/ur10e_moveit_launch:/home/matteo-melzer/ws_moveit/install/rosparam_shortcuts:/home/matteo-melzer/ws_moveit/install/moveit_resources:/home/matteo-melzer/ws_moveit/install/rviz_marker_tools:/home/matteo-melzer/ros2_ws/install/ur_description:/home/matteo-melzer/ros2_ws/install/py_srvcli:/home/matteo-melzer/ros2_ws/install/py_pubsub:/home/matteo-melzer/ros2_ws/install/tutorial_interfaces:/home/matteo-melzer/ros2_ws/install/turtlesim:/home/matteo-melzer/ws_moveit/install/ur_description:/home/matteo-melzer/ws_moveit/install/srdfdom:/home/matteo-melzer/ws_moveit/install/moveit_task_constructor_msgs:/home/matteo-melzer/ws_moveit/install/moveit_resources_prbt_support:/home/matteo-melzer/ws_moveit/install/moveit_resources_pr2_description:/home/matteo-melzer/ws_moveit/install/moveit_resources_panda_moveit_config:/home/matteo-melzer/ws_moveit/install/moveit_resources_panda_description:/home/matteo-melzer/ws_moveit/install/moveit_resources_fanuc_moveit_config:/home/matteo-melzer/ws_moveit/install/moveit_resources_fanuc_description:/home/matteo-melzer/ws_moveit/install/moveit_common:/opt/ros/humble CMAKE_PREFIX_PATH=/home/matteo-melzer/ws_moveit/install/moveit_ros_planning_interface:/home/matteo-melzer/ws_moveit/install/moveit_ros_move_group:/home/matteo-melzer/ws_moveit/install/moveit_ros_warehouse:/home/matteo-melzer/ws_moveit/install/moveit_planners_ompl:/home/matteo-melzer/ws_moveit/install/moveit_kinematics:/home/matteo-melzer/ws_moveit/install/moveit_ros_planning:/home/matteo-melzer/ws_moveit/install/moveit_simple_controller_manager:/home/matteo-melzer/ws_moveit/install/moveit_ros_occupancy_map_monitor:/home/matteo-melzer/ws_moveit/install/moveit_core:/home/matteo-melzer/ws_moveit/install/moveit_resources_panda_moveit_config:/home/matteo-melzer/ws_moveit/install/moveit_resources_fanuc_moveit_config:/home/matteo-melzer/ws_moveit/install/srdfdom:/home/matteo-melzer/ws_moveit/install/moveit_resources_pr2_description:/home/matteo-melzer/ws_moveit/install/moveit_resources_panda_description:/home/matteo-melzer/ws_moveit/install/moveit_resources_fanuc_description:/home/matteo-melzer/ws_moveit/install/moveit_common:/home/matteo-melzer/ws_moveit/install/ur10e_moveit_launch:/home/matteo-melzer/ws_moveit/install/rosparam_shortcuts:/home/matteo-melzer/ws_moveit/install/moveit_resources:/home/matteo-melzer/ws_moveit/install/rviz_marker_tools:/home/matteo-melzer/ros2_ws/install/ur_description:/home/matteo-melzer/ros2_ws/install/tutorial_interfaces:/home/matteo-melzer/ros2_ws/install/turtlesim:/home/matteo-melzer/ws_moveit/install/ur_description:/home/matteo-melzer/ws_moveit/install/moveit_task_constructor_msgs:/home/matteo-melzer/ws_moveit/install/moveit_resources_prbt_support:/home/matteo-melzer/ros2_ws/install/py_srvcli:/home/matteo-melzer/ros2_ws/install/py_pubsub:/home/matteo-melzer/ws_moveit/install/moveit_configs_utils:/home/matteo-melzer/ws_moveit/install/launch_param_builder:/opt/ros/humble LD_LIBRARY_PATH=/home/matteo-melzer/ws_moveit/install/moveit_ros_planning_interface/lib:/home/matteo-melzer/ws_moveit/install/moveit_ros_move_group/lib:/home/matteo-melzer/ws_moveit/install/moveit_ros_warehouse/lib:/home/matteo-melzer/ws_moveit/install/moveit_planners_ompl/lib:/home/matteo-melzer/ws_moveit/install/moveit_kinematics/lib:/home/matteo-melzer/ws_moveit/install/moveit_ros_planning/lib:/home/matteo-melzer/ws_moveit/install/moveit_simple_controller_manager/lib:/home/matteo-melzer/ws_moveit/install/moveit_ros_occupancy_map_monitor/lib:/home/matteo-melzer/ws_moveit/install/moveit_core/lib:/home/matteo-melzer/ws_moveit/install/srdfdom/lib:/home/matteo-melzer/ws_moveit/install/rosparam_shortcuts/lib:/home/matteo-melzer/ws_moveit/install/rviz_marker_tools/lib:/home/matteo-melzer/ros2_ws/install/tutorial_interfaces/lib:/home/matteo-melzer/ros2_ws/install/turtlesim/lib:/home/matteo-melzer/ws_moveit/install/moveit_task_constructor_msgs/lib:/opt/ros/humble/opt/rviz_ogre_vendor/lib:/opt/ros/humble/lib/x86_64-linux-gnu:/opt/ros/humble/lib PATH=/home/matteo-melzer/ws_moveit/install/moveit_core/bin:${PATH} PYTHONPATH=/home/matteo-melzer/ws_moveit/install/moveit_configs_utils/lib/python3.10/site-packages:/home/matteo-melzer/ws_moveit/install/launch_param_builder/lib/python3.10/site-packages:/home/matteo-melzer/ros2_ws/install/py_srvcli/lib/python3.10/site-packages:/home/matteo-melzer/ros2_ws/install/py_pubsub/lib/python3.10/site-packages:/home/matteo-melzer/ros2_ws/install/tutorial_interfaces/local/lib/python3.10/dist-packages:/home/matteo-melzer/ros2_ws/install/turtlesim/local/lib/python3.10/dist-packages:/home/matteo-melzer/ws_moveit/install/srdfdom/local/lib/python3.10/dist-packages:/home/matteo-melzer/ws_moveit/install/moveit_task_constructor_msgs/local/lib/python3.10/dist-packages:/opt/ros/humble/lib/python3.10/site-packages:/opt/ros/humble/local/lib/python3.10/dist-packages /usr/bin/cmake /home/matteo-melzer/ws_moveit/src/moveit2/moveit_ros/moveit_servo -DCMAKE_INSTALL_PREFIX=/home/matteo-melzer/ws_moveit/install/moveit_servo
[4.600s] Invoking command in '/home/matteo-melzer/ws_moveit/build/moveit_servo': AMENT_PREFIX_PATH=/home/matteo-melzer/ws_moveit/install/moveit_ros_planning_interface:/home/matteo-melzer/ws_moveit/install/moveit_ros_move_group:/home/matteo-melzer/ws_moveit/install/moveit_ros_warehouse:/home/matteo-melzer/ws_moveit/install/moveit_planners_ompl:/home/matteo-melzer/ws_moveit/install/moveit_kinematics:/home/matteo-melzer/ws_moveit/install/moveit_ros_planning:/home/matteo-melzer/ws_moveit/install/moveit_simple_controller_manager:/home/matteo-melzer/ws_moveit/install/moveit_ros_occupancy_map_monitor:/home/matteo-melzer/ws_moveit/install/moveit_core:/home/matteo-melzer/ws_moveit/install/moveit_configs_utils:/home/matteo-melzer/ws_moveit/install/launch_param_builder:/home/matteo-melzer/ws_moveit/install/ur10e_moveit_launch:/home/matteo-melzer/ws_moveit/install/rosparam_shortcuts:/home/matteo-melzer/ws_moveit/install/moveit_resources:/home/matteo-melzer/ws_moveit/install/rviz_marker_tools:/home/matteo-melzer/ros2_ws/install/ur_description:/home/matteo-melzer/ros2_ws/install/py_srvcli:/home/matteo-melzer/ros2_ws/install/py_pubsub:/home/matteo-melzer/ros2_ws/install/tutorial_interfaces:/home/matteo-melzer/ros2_ws/install/turtlesim:/home/matteo-melzer/ws_moveit/install/ur_description:/home/matteo-melzer/ws_moveit/install/srdfdom:/home/matteo-melzer/ws_moveit/install/moveit_task_constructor_msgs:/home/matteo-melzer/ws_moveit/install/moveit_resources_prbt_support:/home/matteo-melzer/ws_moveit/install/moveit_resources_pr2_description:/home/matteo-melzer/ws_moveit/install/moveit_resources_panda_moveit_config:/home/matteo-melzer/ws_moveit/install/moveit_resources_panda_description:/home/matteo-melzer/ws_moveit/install/moveit_resources_fanuc_moveit_config:/home/matteo-melzer/ws_moveit/install/moveit_resources_fanuc_description:/home/matteo-melzer/ws_moveit/install/moveit_common:/opt/ros/humble CMAKE_PREFIX_PATH=/home/matteo-melzer/ws_moveit/install/moveit_ros_planning_interface:/home/matteo-melzer/ws_moveit/install/moveit_ros_move_group:/home/matteo-melzer/ws_moveit/install/moveit_ros_warehouse:/home/matteo-melzer/ws_moveit/install/moveit_planners_ompl:/home/matteo-melzer/ws_moveit/install/moveit_kinematics:/home/matteo-melzer/ws_moveit/install/moveit_ros_planning:/home/matteo-melzer/ws_moveit/install/moveit_simple_controller_manager:/home/matteo-melzer/ws_moveit/install/moveit_ros_occupancy_map_monitor:/home/matteo-melzer/ws_moveit/install/moveit_core:/home/matteo-melzer/ws_moveit/install/moveit_resources_panda_moveit_config:/home/matteo-melzer/ws_moveit/install/moveit_resources_fanuc_moveit_config:/home/matteo-melzer/ws_moveit/install/srdfdom:/home/matteo-melzer/ws_moveit/install/moveit_resources_pr2_description:/home/matteo-melzer/ws_moveit/install/moveit_resources_panda_description:/home/matteo-melzer/ws_moveit/install/moveit_resources_fanuc_description:/home/matteo-melzer/ws_moveit/install/moveit_common:/home/matteo-melzer/ws_moveit/install/ur10e_moveit_launch:/home/matteo-melzer/ws_moveit/install/rosparam_shortcuts:/home/matteo-melzer/ws_moveit/install/moveit_resources:/home/matteo-melzer/ws_moveit/install/rviz_marker_tools:/home/matteo-melzer/ros2_ws/install/ur_description:/home/matteo-melzer/ros2_ws/install/tutorial_interfaces:/home/matteo-melzer/ros2_ws/install/turtlesim:/home/matteo-melzer/ws_moveit/install/ur_description:/home/matteo-melzer/ws_moveit/install/moveit_task_constructor_msgs:/home/matteo-melzer/ws_moveit/install/moveit_resources_prbt_support:/home/matteo-melzer/ros2_ws/install/py_srvcli:/home/matteo-melzer/ros2_ws/install/py_pubsub:/home/matteo-melzer/ws_moveit/install/moveit_configs_utils:/home/matteo-melzer/ws_moveit/install/launch_param_builder:/opt/ros/humble LD_LIBRARY_PATH=/home/matteo-melzer/ws_moveit/install/moveit_ros_planning_interface/lib:/home/matteo-melzer/ws_moveit/install/moveit_ros_move_group/lib:/home/matteo-melzer/ws_moveit/install/moveit_ros_warehouse/lib:/home/matteo-melzer/ws_moveit/install/moveit_planners_ompl/lib:/home/matteo-melzer/ws_moveit/install/moveit_kinematics/lib:/home/matteo-melzer/ws_moveit/install/moveit_ros_planning/lib:/home/matteo-melzer/ws_moveit/install/moveit_simple_controller_manager/lib:/home/matteo-melzer/ws_moveit/install/moveit_ros_occupancy_map_monitor/lib:/home/matteo-melzer/ws_moveit/install/moveit_core/lib:/home/matteo-melzer/ws_moveit/install/srdfdom/lib:/home/matteo-melzer/ws_moveit/install/rosparam_shortcuts/lib:/home/matteo-melzer/ws_moveit/install/rviz_marker_tools/lib:/home/matteo-melzer/ros2_ws/install/tutorial_interfaces/lib:/home/matteo-melzer/ros2_ws/install/turtlesim/lib:/home/matteo-melzer/ws_moveit/install/moveit_task_constructor_msgs/lib:/opt/ros/humble/opt/rviz_ogre_vendor/lib:/opt/ros/humble/lib/x86_64-linux-gnu:/opt/ros/humble/lib PATH=/home/matteo-melzer/ws_moveit/install/moveit_core/bin:${PATH} PYTHONPATH=/home/matteo-melzer/ws_moveit/install/moveit_configs_utils/lib/python3.10/site-packages:/home/matteo-melzer/ws_moveit/install/launch_param_builder/lib/python3.10/site-packages:/home/matteo-melzer/ros2_ws/install/py_srvcli/lib/python3.10/site-packages:/home/matteo-melzer/ros2_ws/install/py_pubsub/lib/python3.10/site-packages:/home/matteo-melzer/ros2_ws/install/tutorial_interfaces/local/lib/python3.10/dist-packages:/home/matteo-melzer/ros2_ws/install/turtlesim/local/lib/python3.10/dist-packages:/home/matteo-melzer/ws_moveit/install/srdfdom/local/lib/python3.10/dist-packages:/home/matteo-melzer/ws_moveit/install/moveit_task_constructor_msgs/local/lib/python3.10/dist-packages:/opt/ros/humble/lib/python3.10/site-packages:/opt/ros/humble/local/lib/python3.10/dist-packages /usr/bin/cmake --build /home/matteo-melzer/ws_moveit/build/moveit_servo -- -j2 -l2
[4.722s] [  3%] [32mBuilding CXX object CMakeFiles/moveit_servo_lib_parameters.dir/src/servo_parameters.cpp.o[0m
[14.949s] [  6%] [32mBuilding CXX object CMakeFiles/moveit_servo_lib_parameters.dir/src/parameter_descriptor_builder.cpp.o[0m
[15.794s] [  9%] [32m[1mLinking CXX shared library libmoveit_servo_lib_parameters.so[0m
[16.046s] [  9%] Built target moveit_servo_lib_parameters
[16.073s] [ 12%] [32mBuilding CXX object CMakeFiles/servo_controller_input.dir/src/teleop_demo/joystick_servo_example.cpp.o[0m
[28.092s] [ 15%] [32m[1mLinking CXX shared library libservo_controller_input.so[0m
[28.497s] [ 15%] Built target servo_controller_input
[28.524s] [ 18%] [32mBuilding CXX object CMakeFiles/fake_command_publisher.dir/test/publish_fake_jog_commands.cpp.o[0m
[32.899s] [ 21%] [32m[1mLinking CXX executable fake_command_publisher[0m
[33.010s] [ 21%] Built target fake_command_publisher
[33.034s] [ 24%] [32mBuilding CXX object gtest/CMakeFiles/gtest_main.dir/src/gtest_main.cc.o[0m
[33.759s] [ 27%] [32m[1mLinking CXX static library libgtest_main.a[0m
[33.798s] [ 27%] Built target gtest_main
[33.823s] [ 30%] [32mBuilding CXX object gtest/CMakeFiles/gtest.dir/src/gtest-all.cc.o[0m
[39.876s] [ 33%] [32m[1mLinking CXX static library libgtest.a[0m
[39.932s] [ 33%] Built target gtest
[39.959s] [ 36%] [32mBuilding CXX object CMakeFiles/moveit_servo_lib.dir/src/collision_check.cpp.o[0m
[57.864s] [ 39%] [32mBuilding CXX object CMakeFiles/moveit_servo_lib.dir/src/enforce_limits.cpp.o[0m
[62.516s] [ 42%] [32mBuilding CXX object CMakeFiles/moveit_servo_lib.dir/src/servo.cpp.o[0m
[74.915s] [ 45%] [32mBuilding CXX object CMakeFiles/moveit_servo_lib.dir/src/servo_calcs.cpp.o[0m
[233.836s] [ 48%] [32mBuilding CXX object CMakeFiles/moveit_servo_lib.dir/src/utilities.cpp.o[0m
[246.825s] [ 51%] [32m[1mLinking CXX shared library libmoveit_servo_lib.so[0m
[247.367s] [ 51%] Built target moveit_servo_lib
[247.405s] [ 54%] [32mBuilding CXX object CMakeFiles/test_servo_integration.dir/test/test_servo_interface.cpp.o[0m
[281.306s] [ 57%] [32m[1mLinking CXX executable test_servo_integration[0m
[281.761s] [ 57%] Built target test_servo_integration
[281.791s] [ 60%] [32mBuilding CXX object CMakeFiles/test_servo_collision.dir/test/test_servo_collision.cpp.o[0m
[311.927s] [ 63%] [32m[1mLinking CXX executable test_servo_collision[0m
[312.817s] [ 63%] Built target test_servo_collision
[312.891s] [ 66%] [32mBuilding CXX object CMakeFiles/servo_calcs_unit_tests.dir/test/servo_calcs_unit_tests.cpp.o[0m
[334.643s] [ 69%] [32m[1mLinking CXX executable servo_calcs_unit_tests[0m
[335.154s] [ 69%] Built target servo_calcs_unit_tests
[335.187s] [ 72%] [32mBuilding CXX object CMakeFiles/pose_tracking.dir/src/pose_tracking.cpp.o[0m
[354.251s] [ 75%] [32m[1mLinking CXX shared library libpose_tracking.so[0m
[354.716s] [ 75%] Built target pose_tracking
[354.748s] [ 78%] [32mBuilding CXX object CMakeFiles/servo_node.dir/src/servo_node.cpp.o[0m
[366.065s] [ 81%] [32m[1mLinking CXX shared library libservo_node.so[0m
[366.310s] [ 81%] Built target servo_node
[366.340s] [ 84%] [32mBuilding CXX object CMakeFiles/servo_pose_tracking_demo.dir/src/cpp_interface_demo/pose_tracking_demo.cpp.o[0m
[386.485s] [ 87%] [32m[1mLinking CXX executable servo_pose_tracking_demo[0m
[387.250s] [ 87%] Built target servo_pose_tracking_demo
[387.339s] [ 90%] [32mBuilding CXX object CMakeFiles/test_servo_pose_tracking.dir/test/pose_tracking_test.cpp.o[0m
[408.437s] [ 93%] [32m[1mLinking CXX executable test_servo_pose_tracking[0m
[409.096s] [ 93%] Built target test_servo_pose_tracking
[409.135s] [ 96%] [32mBuilding CXX object CMakeFiles/servo_node_main.dir/src/servo_node_main.cpp.o[0m
[420.759s] [100%] [32m[1mLinking CXX executable servo_node_main[0m
[421.295s] [100%] Built target servo_node_main
[421.540s] Invoked command in '/home/matteo-melzer/ws_moveit/build/moveit_servo' returned '0': AMENT_PREFIX_PATH=/home/matteo-melzer/ws_moveit/install/moveit_ros_planning_interface:/home/matteo-melzer/ws_moveit/install/moveit_ros_move_group:/home/matteo-melzer/ws_moveit/install/moveit_ros_warehouse:/home/matteo-melzer/ws_moveit/install/moveit_planners_ompl:/home/matteo-melzer/ws_moveit/install/moveit_kinematics:/home/matteo-melzer/ws_moveit/install/moveit_ros_planning:/home/matteo-melzer/ws_moveit/install/moveit_simple_controller_manager:/home/matteo-melzer/ws_moveit/install/moveit_ros_occupancy_map_monitor:/home/matteo-melzer/ws_moveit/install/moveit_core:/home/matteo-melzer/ws_moveit/install/moveit_configs_utils:/home/matteo-melzer/ws_moveit/install/launch_param_builder:/home/matteo-melzer/ws_moveit/install/ur10e_moveit_launch:/home/matteo-melzer/ws_moveit/install/rosparam_shortcuts:/home/matteo-melzer/ws_moveit/install/moveit_resources:/home/matteo-melzer/ws_moveit/install/rviz_marker_tools:/home/matteo-melzer/ros2_ws/install/ur_description:/home/matteo-melzer/ros2_ws/install/py_srvcli:/home/matteo-melzer/ros2_ws/install/py_pubsub:/home/matteo-melzer/ros2_ws/install/tutorial_interfaces:/home/matteo-melzer/ros2_ws/install/turtlesim:/home/matteo-melzer/ws_moveit/install/ur_description:/home/matteo-melzer/ws_moveit/install/srdfdom:/home/matteo-melzer/ws_moveit/install/moveit_task_constructor_msgs:/home/matteo-melzer/ws_moveit/install/moveit_resources_prbt_support:/home/matteo-melzer/ws_moveit/install/moveit_resources_pr2_description:/home/matteo-melzer/ws_moveit/install/moveit_resources_panda_moveit_config:/home/matteo-melzer/ws_moveit/install/moveit_resources_panda_description:/home/matteo-melzer/ws_moveit/install/moveit_resources_fanuc_moveit_config:/home/matteo-melzer/ws_moveit/install/moveit_resources_fanuc_description:/home/matteo-melzer/ws_moveit/install/moveit_common:/opt/ros/humble CMAKE_PREFIX_PATH=/home/matteo-melzer/ws_moveit/install/moveit_ros_planning_interface:/home/matteo-melzer/ws_moveit/install/moveit_ros_move_group:/home/matteo-melzer/ws_moveit/install/moveit_ros_warehouse:/home/matteo-melzer/ws_moveit/install/moveit_planners_ompl:/home/matteo-melzer/ws_moveit/install/moveit_kinematics:/home/matteo-melzer/ws_moveit/install/moveit_ros_planning:/home/matteo-melzer/ws_moveit/install/moveit_simple_controller_manager:/home/matteo-melzer/ws_moveit/install/moveit_ros_occupancy_map_monitor:/home/matteo-melzer/ws_moveit/install/moveit_core:/home/matteo-melzer/ws_moveit/install/moveit_resources_panda_moveit_config:/home/matteo-melzer/ws_moveit/install/moveit_resources_fanuc_moveit_config:/home/matteo-melzer/ws_moveit/install/srdfdom:/home/matteo-melzer/ws_moveit/install/moveit_resources_pr2_description:/home/matteo-melzer/ws_moveit/install/moveit_resources_panda_description:/home/matteo-melzer/ws_moveit/install/moveit_resources_fanuc_description:/home/matteo-melzer/ws_moveit/install/moveit_common:/home/matteo-melzer/ws_moveit/install/ur10e_moveit_launch:/home/matteo-melzer/ws_moveit/install/rosparam_shortcuts:/home/matteo-melzer/ws_moveit/install/moveit_resources:/home/matteo-melzer/ws_moveit/install/rviz_marker_tools:/home/matteo-melzer/ros2_ws/install/ur_description:/home/matteo-melzer/ros2_ws/install/tutorial_interfaces:/home/matteo-melzer/ros2_ws/install/turtlesim:/home/matteo-melzer/ws_moveit/install/ur_description:/home/matteo-melzer/ws_moveit/install/moveit_task_constructor_msgs:/home/matteo-melzer/ws_moveit/install/moveit_resources_prbt_support:/home/matteo-melzer/ros2_ws/install/py_srvcli:/home/matteo-melzer/ros2_ws/install/py_pubsub:/home/matteo-melzer/ws_moveit/install/moveit_configs_utils:/home/matteo-melzer/ws_moveit/install/launch_param_builder:/opt/ros/humble LD_LIBRARY_PATH=/home/matteo-melzer/ws_moveit/install/moveit_ros_planning_interface/lib:/home/matteo-melzer/ws_moveit/install/moveit_ros_move_group/lib:/home/matteo-melzer/ws_moveit/install/moveit_ros_warehouse/lib:/home/matteo-melzer/ws_moveit/install/moveit_planners_ompl/lib:/home/matteo-melzer/ws_moveit/install/moveit_kinematics/lib:/home/matteo-melzer/ws_moveit/install/moveit_ros_planning/lib:/home/matteo-melzer/ws_moveit/install/moveit_simple_controller_manager/lib:/home/matteo-melzer/ws_moveit/install/moveit_ros_occupancy_map_monitor/lib:/home/matteo-melzer/ws_moveit/install/moveit_core/lib:/home/matteo-melzer/ws_moveit/install/srdfdom/lib:/home/matteo-melzer/ws_moveit/install/rosparam_shortcuts/lib:/home/matteo-melzer/ws_moveit/install/rviz_marker_tools/lib:/home/matteo-melzer/ros2_ws/install/tutorial_interfaces/lib:/home/matteo-melzer/ros2_ws/install/turtlesim/lib:/home/matteo-melzer/ws_moveit/install/moveit_task_constructor_msgs/lib:/opt/ros/humble/opt/rviz_ogre_vendor/lib:/opt/ros/humble/lib/x86_64-linux-gnu:/opt/ros/humble/lib PATH=/home/matteo-melzer/ws_moveit/install/moveit_core/bin:${PATH} PYTHONPATH=/home/matteo-melzer/ws_moveit/install/moveit_configs_utils/lib/python3.10/site-packages:/home/matteo-melzer/ws_moveit/install/launch_param_builder/lib/python3.10/site-packages:/home/matteo-melzer/ros2_ws/install/py_srvcli/lib/python3.10/site-packages:/home/matteo-melzer/ros2_ws/install/py_pubsub/lib/python3.10/site-packages:/home/matteo-melzer/ros2_ws/install/tutorial_interfaces/local/lib/python3.10/dist-packages:/home/matteo-melzer/ros2_ws/install/turtlesim/local/lib/python3.10/dist-packages:/home/matteo-melzer/ws_moveit/install/srdfdom/local/lib/python3.10/dist-packages:/home/matteo-melzer/ws_moveit/install/moveit_task_constructor_msgs/local/lib/python3.10/dist-packages:/opt/ros/humble/lib/python3.10/site-packages:/opt/ros/humble/local/lib/python3.10/dist-packages /usr/bin/cmake --build /home/matteo-melzer/ws_moveit/build/moveit_servo -- -j2 -l2
[421.640s] Invoking command in '/home/matteo-melzer/ws_moveit/build/moveit_servo': AMENT_PREFIX_PATH=/home/matteo-melzer/ws_moveit/install/moveit_ros_planning_interface:/home/matteo-melzer/ws_moveit/install/moveit_ros_move_group:/home/matteo-melzer/ws_moveit/install/moveit_ros_warehouse:/home/matteo-melzer/ws_moveit/install/moveit_planners_ompl:/home/matteo-melzer/ws_moveit/install/moveit_kinematics:/home/matteo-melzer/ws_moveit/install/moveit_ros_planning:/home/matteo-melzer/ws_moveit/install/moveit_simple_controller_manager:/home/matteo-melzer/ws_moveit/install/moveit_ros_occupancy_map_monitor:/home/matteo-melzer/ws_moveit/install/moveit_core:/home/matteo-melzer/ws_moveit/install/moveit_configs_utils:/home/matteo-melzer/ws_moveit/install/launch_param_builder:/home/matteo-melzer/ws_moveit/install/ur10e_moveit_launch:/home/matteo-melzer/ws_moveit/install/rosparam_shortcuts:/home/matteo-melzer/ws_moveit/install/moveit_resources:/home/matteo-melzer/ws_moveit/install/rviz_marker_tools:/home/matteo-melzer/ros2_ws/install/ur_description:/home/matteo-melzer/ros2_ws/install/py_srvcli:/home/matteo-melzer/ros2_ws/install/py_pubsub:/home/matteo-melzer/ros2_ws/install/tutorial_interfaces:/home/matteo-melzer/ros2_ws/install/turtlesim:/home/matteo-melzer/ws_moveit/install/ur_description:/home/matteo-melzer/ws_moveit/install/srdfdom:/home/matteo-melzer/ws_moveit/install/moveit_task_constructor_msgs:/home/matteo-melzer/ws_moveit/install/moveit_resources_prbt_support:/home/matteo-melzer/ws_moveit/install/moveit_resources_pr2_description:/home/matteo-melzer/ws_moveit/install/moveit_resources_panda_moveit_config:/home/matteo-melzer/ws_moveit/install/moveit_resources_panda_description:/home/matteo-melzer/ws_moveit/install/moveit_resources_fanuc_moveit_config:/home/matteo-melzer/ws_moveit/install/moveit_resources_fanuc_description:/home/matteo-melzer/ws_moveit/install/moveit_common:/opt/ros/humble CMAKE_PREFIX_PATH=/home/matteo-melzer/ws_moveit/install/moveit_ros_planning_interface:/home/matteo-melzer/ws_moveit/install/moveit_ros_move_group:/home/matteo-melzer/ws_moveit/install/moveit_ros_warehouse:/home/matteo-melzer/ws_moveit/install/moveit_planners_ompl:/home/matteo-melzer/ws_moveit/install/moveit_kinematics:/home/matteo-melzer/ws_moveit/install/moveit_ros_planning:/home/matteo-melzer/ws_moveit/install/moveit_simple_controller_manager:/home/matteo-melzer/ws_moveit/install/moveit_ros_occupancy_map_monitor:/home/matteo-melzer/ws_moveit/install/moveit_core:/home/matteo-melzer/ws_moveit/install/moveit_resources_panda_moveit_config:/home/matteo-melzer/ws_moveit/install/moveit_resources_fanuc_moveit_config:/home/matteo-melzer/ws_moveit/install/srdfdom:/home/matteo-melzer/ws_moveit/install/moveit_resources_pr2_description:/home/matteo-melzer/ws_moveit/install/moveit_resources_panda_description:/home/matteo-melzer/ws_moveit/install/moveit_resources_fanuc_description:/home/matteo-melzer/ws_moveit/install/moveit_common:/home/matteo-melzer/ws_moveit/install/ur10e_moveit_launch:/home/matteo-melzer/ws_moveit/install/rosparam_shortcuts:/home/matteo-melzer/ws_moveit/install/moveit_resources:/home/matteo-melzer/ws_moveit/install/rviz_marker_tools:/home/matteo-melzer/ros2_ws/install/ur_description:/home/matteo-melzer/ros2_ws/install/tutorial_interfaces:/home/matteo-melzer/ros2_ws/install/turtlesim:/home/matteo-melzer/ws_moveit/install/ur_description:/home/matteo-melzer/ws_moveit/install/moveit_task_constructor_msgs:/home/matteo-melzer/ws_moveit/install/moveit_resources_prbt_support:/home/matteo-melzer/ros2_ws/install/py_srvcli:/home/matteo-melzer/ros2_ws/install/py_pubsub:/home/matteo-melzer/ws_moveit/install/moveit_configs_utils:/home/matteo-melzer/ws_moveit/install/launch_param_builder:/opt/ros/humble LD_LIBRARY_PATH=/home/matteo-melzer/ws_moveit/install/moveit_ros_planning_interface/lib:/home/matteo-melzer/ws_moveit/install/moveit_ros_move_group/lib:/home/matteo-melzer/ws_moveit/install/moveit_ros_warehouse/lib:/home/matteo-melzer/ws_moveit/install/moveit_planners_ompl/lib:/home/matteo-melzer/ws_moveit/install/moveit_kinematics/lib:/home/matteo-melzer/ws_moveit/install/moveit_ros_planning/lib:/home/matteo-melzer/ws_moveit/install/moveit_simple_controller_manager/lib:/home/matteo-melzer/ws_moveit/install/moveit_ros_occupancy_map_monitor/lib:/home/matteo-melzer/ws_moveit/install/moveit_core/lib:/home/matteo-melzer/ws_moveit/install/srdfdom/lib:/home/matteo-melzer/ws_moveit/install/rosparam_shortcuts/lib:/home/matteo-melzer/ws_moveit/install/rviz_marker_tools/lib:/home/matteo-melzer/ros2_ws/install/tutorial_interfaces/lib:/home/matteo-melzer/ros2_ws/install/turtlesim/lib:/home/matteo-melzer/ws_moveit/install/moveit_task_constructor_msgs/lib:/opt/ros/humble/opt/rviz_ogre_vendor/lib:/opt/ros/humble/lib/x86_64-linux-gnu:/opt/ros/humble/lib PATH=/home/matteo-melzer/ws_moveit/install/moveit_core/bin:${PATH} PYTHONPATH=/home/matteo-melzer/ws_moveit/install/moveit_configs_utils/lib/python3.10/site-packages:/home/matteo-melzer/ws_moveit/install/launch_param_builder/lib/python3.10/site-packages:/home/matteo-melzer/ros2_ws/install/py_srvcli/lib/python3.10/site-packages:/home/matteo-melzer/ros2_ws/install/py_pubsub/lib/python3.10/site-packages:/home/matteo-melzer/ros2_ws/install/tutorial_interfaces/local/lib/python3.10/dist-packages:/home/matteo-melzer/ros2_ws/install/turtlesim/local/lib/python3.10/dist-packages:/home/matteo-melzer/ws_moveit/install/srdfdom/local/lib/python3.10/dist-packages:/home/matteo-melzer/ws_moveit/install/moveit_task_constructor_msgs/local/lib/python3.10/dist-packages:/opt/ros/humble/lib/python3.10/site-packages:/opt/ros/humble/local/lib/python3.10/dist-packages /usr/bin/cmake --install /home/matteo-melzer/ws_moveit/build/moveit_servo
[421.661s] -- Install configuration: "Release"
[421.661s] -- Installing: /home/matteo-melzer/ws_moveit/install/moveit_servo/lib/libmoveit_servo_lib.so.2.5.9
[421.669s] -- Set runtime path of "/home/matteo-melzer/ws_moveit/install/moveit_servo/lib/libmoveit_servo_lib.so.2.5.9" to ""
[421.674s] -- Installing: /home/matteo-melzer/ws_moveit/install/moveit_servo/lib/libmoveit_servo_lib.so
[421.675s] -- Installing: /home/matteo-melzer/ws_moveit/install/moveit_servo/lib/libmoveit_servo_lib_parameters.so.2.5.9
[421.675s] -- Set runtime path of "/home/matteo-melzer/ws_moveit/install/moveit_servo/lib/libmoveit_servo_lib_parameters.so.2.5.9" to ""
[421.679s] -- Installing: /home/matteo-melzer/ws_moveit/install/moveit_servo/lib/libmoveit_servo_lib_parameters.so
[421.681s] -- Installing: /home/matteo-melzer/ws_moveit/install/moveit_servo/lib/libpose_tracking.so
[421.683s] -- Set runtime path of "/home/matteo-melzer/ws_moveit/install/moveit_servo/lib/libpose_tracking.so" to ""
[421.684s] -- Installing: /home/matteo-melzer/ws_moveit/install/moveit_servo/lib/libservo_node.so
[421.686s] -- Set runtime path of "/home/matteo-melzer/ws_moveit/install/moveit_servo/lib/libservo_node.so" to ""
[421.687s] -- Installing: /home/matteo-melzer/ws_moveit/install/moveit_servo/lib/libservo_controller_input.so
[421.695s] -- Set runtime path of "/home/matteo-melzer/ws_moveit/install/moveit_servo/lib/libservo_controller_input.so" to ""
[421.698s] -- Installing: /home/matteo-melzer/ws_moveit/install/moveit_servo/lib/moveit_servo/servo_node_main
[421.702s] -- Set runtime path of "/home/matteo-melzer/ws_moveit/install/moveit_servo/lib/moveit_servo/servo_node_main" to ""
[421.704s] -- Installing: /home/matteo-melzer/ws_moveit/install/moveit_servo/lib/moveit_servo/servo_pose_tracking_demo
[421.704s] -- Set runtime path of "/home/matteo-melzer/ws_moveit/install/moveit_servo/lib/moveit_servo/servo_pose_tracking_demo" to ""
[421.708s] -- Installing: /home/matteo-melzer/ws_moveit/install/moveit_servo/lib/moveit_servo/fake_command_publisher
[421.712s] -- Set runtime path of "/home/matteo-melzer/ws_moveit/install/moveit_servo/lib/moveit_servo/fake_command_publisher" to ""
[421.712s] -- Installing: /home/matteo-melzer/ws_moveit/install/moveit_servo/include
[421.712s] -- Installing: /home/matteo-melzer/ws_moveit/install/moveit_servo/include/moveit_servo
[421.713s] -- Installing: /home/matteo-melzer/ws_moveit/install/moveit_servo/include/moveit_servo/status_codes.h
[421.716s] -- Installing: /home/matteo-melzer/ws_moveit/install/moveit_servo/include/moveit_servo/servo_node.h
[421.716s] -- Installing: /home/matteo-melzer/ws_moveit/install/moveit_servo/include/moveit_servo/collision_check.h
[421.716s] -- Installing: /home/matteo-melzer/ws_moveit/install/moveit_servo/include/moveit_servo/servo.h
[421.718s] -- Installing: /home/matteo-melzer/ws_moveit/install/moveit_servo/include/moveit_servo/parameter_descriptor_builder.hpp
[421.721s] -- Installing: /home/matteo-melzer/ws_moveit/install/moveit_servo/include/moveit_servo/servo_parameters.h
[421.724s] -- Installing: /home/matteo-melzer/ws_moveit/install/moveit_servo/include/moveit_servo/make_shared_from_pool.h
[421.724s] -- Installing: /home/matteo-melzer/ws_moveit/install/moveit_servo/include/moveit_servo/servo_calcs.h
[421.726s] -- Installing: /home/matteo-melzer/ws_moveit/install/moveit_servo/include/moveit_servo/servo_server.h
[421.729s] -- Installing: /home/matteo-melzer/ws_moveit/install/moveit_servo/include/moveit_servo/utilities.h
[421.729s] -- Installing: /home/matteo-melzer/ws_moveit/install/moveit_servo/include/moveit_servo/enforce_limits.hpp
[421.731s] -- Installing: /home/matteo-melzer/ws_moveit/install/moveit_servo/include/moveit_servo/pose_tracking.h
[421.731s] -- Installing: /home/matteo-melzer/ws_moveit/install/moveit_servo/share/moveit_servo/launch
[421.735s] -- Installing: /home/matteo-melzer/ws_moveit/install/moveit_servo/share/moveit_servo/launch/servo_example.launch.py
[421.737s] -- Installing: /home/matteo-melzer/ws_moveit/install/moveit_servo/share/moveit_servo/launch/pose_tracking_example.launch.py
[421.739s] -- Installing: /home/matteo-melzer/ws_moveit/install/moveit_servo/share/moveit_servo/config
[421.739s] -- Installing: /home/matteo-melzer/ws_moveit/install/moveit_servo/share/moveit_servo/config/demo_rviz_pose_tracking.rviz
[421.742s] -- Installing: /home/matteo-melzer/ws_moveit/install/moveit_servo/share/moveit_servo/config/demo_rviz_config.rviz
[421.744s] -- Installing: /home/matteo-melzer/ws_moveit/install/moveit_servo/share/moveit_servo/config/pose_tracking_settings.yaml
[421.744s] -- Installing: /home/matteo-melzer/ws_moveit/install/moveit_servo/share/moveit_servo/config/panda_simulated_config_pose_tracking.yaml
[421.747s] -- Installing: /home/matteo-melzer/ws_moveit/install/moveit_servo/share/moveit_servo/config/panda_simulated_config.yaml
[421.753s] -- Installing: /home/matteo-melzer/ws_moveit/install/moveit_servo/share/moveit_servo/environment/library_path.sh
[421.753s] -- Installing: /home/matteo-melzer/ws_moveit/install/moveit_servo/share/moveit_servo/environment/library_path.dsv
[421.753s] -- Installing: /home/matteo-melzer/ws_moveit/install/moveit_servo/share/ament_index/resource_index/package_run_dependencies/moveit_servo
[421.753s] -- Installing: /home/matteo-melzer/ws_moveit/install/moveit_servo/share/ament_index/resource_index/parent_prefix_path/moveit_servo
[421.756s] -- Installing: /home/matteo-melzer/ws_moveit/install/moveit_servo/share/moveit_servo/environment/ament_prefix_path.sh
[421.757s] -- Installing: /home/matteo-melzer/ws_moveit/install/moveit_servo/share/moveit_servo/environment/ament_prefix_path.dsv
[421.758s] -- Installing: /home/matteo-melzer/ws_moveit/install/moveit_servo/share/moveit_servo/environment/path.sh
[421.761s] -- Installing: /home/matteo-melzer/ws_moveit/install/moveit_servo/share/moveit_servo/environment/path.dsv
[421.761s] -- Installing: /home/matteo-melzer/ws_moveit/install/moveit_servo/share/moveit_servo/local_setup.bash
[421.762s] -- Installing: /home/matteo-melzer/ws_moveit/install/moveit_servo/share/moveit_servo/local_setup.sh
[421.764s] -- Installing: /home/matteo-melzer/ws_moveit/install/moveit_servo/share/moveit_servo/local_setup.zsh
[421.766s] -- Installing: /home/matteo-melzer/ws_moveit/install/moveit_servo/share/moveit_servo/local_setup.dsv
[421.766s] -- Installing: /home/matteo-melzer/ws_moveit/install/moveit_servo/share/moveit_servo/package.dsv
[421.767s] -- Installing: /home/matteo-melzer/ws_moveit/install/moveit_servo/share/ament_index/resource_index/packages/moveit_servo
[421.767s] -- Installing: /home/matteo-melzer/ws_moveit/install/moveit_servo/share/ament_index/resource_index/rclcpp_components/moveit_servo
[421.769s] -- Installing: /home/matteo-melzer/ws_moveit/install/moveit_servo/share/moveit_servo/cmake/export_moveit_servoExport.cmake
[421.769s] -- Installing: /home/matteo-melzer/ws_moveit/install/moveit_servo/share/moveit_servo/cmake/export_moveit_servoExport-release.cmake
[421.770s] -- Installing: /home/matteo-melzer/ws_moveit/install/moveit_servo/share/moveit_servo/cmake/ament_cmake_export_targets-extras.cmake
[421.771s] -- Installing: /home/matteo-melzer/ws_moveit/install/moveit_servo/share/moveit_servo/cmake/ament_cmake_export_dependencies-extras.cmake
[421.772s] -- Installing: /home/matteo-melzer/ws_moveit/install/moveit_servo/share/moveit_servo/cmake/moveit_servoConfig.cmake
[421.773s] -- Installing: /home/matteo-melzer/ws_moveit/install/moveit_servo/share/moveit_servo/cmake/moveit_servoConfig-version.cmake
[421.773s] -- Installing: /home/matteo-melzer/ws_moveit/install/moveit_servo/share/moveit_servo/package.xml
[421.783s] Invoked command in '/home/matteo-melzer/ws_moveit/build/moveit_servo' returned '0': AMENT_PREFIX_PATH=/home/matteo-melzer/ws_moveit/install/moveit_ros_planning_interface:/home/matteo-melzer/ws_moveit/install/moveit_ros_move_group:/home/matteo-melzer/ws_moveit/install/moveit_ros_warehouse:/home/matteo-melzer/ws_moveit/install/moveit_planners_ompl:/home/matteo-melzer/ws_moveit/install/moveit_kinematics:/home/matteo-melzer/ws_moveit/install/moveit_ros_planning:/home/matteo-melzer/ws_moveit/install/moveit_simple_controller_manager:/home/matteo-melzer/ws_moveit/install/moveit_ros_occupancy_map_monitor:/home/matteo-melzer/ws_moveit/install/moveit_core:/home/matteo-melzer/ws_moveit/install/moveit_configs_utils:/home/matteo-melzer/ws_moveit/install/launch_param_builder:/home/matteo-melzer/ws_moveit/install/ur10e_moveit_launch:/home/matteo-melzer/ws_moveit/install/rosparam_shortcuts:/home/matteo-melzer/ws_moveit/install/moveit_resources:/home/matteo-melzer/ws_moveit/install/rviz_marker_tools:/home/matteo-melzer/ros2_ws/install/ur_description:/home/matteo-melzer/ros2_ws/install/py_srvcli:/home/matteo-melzer/ros2_ws/install/py_pubsub:/home/matteo-melzer/ros2_ws/install/tutorial_interfaces:/home/matteo-melzer/ros2_ws/install/turtlesim:/home/matteo-melzer/ws_moveit/install/ur_description:/home/matteo-melzer/ws_moveit/install/srdfdom:/home/matteo-melzer/ws_moveit/install/moveit_task_constructor_msgs:/home/matteo-melzer/ws_moveit/install/moveit_resources_prbt_support:/home/matteo-melzer/ws_moveit/install/moveit_resources_pr2_description:/home/matteo-melzer/ws_moveit/install/moveit_resources_panda_moveit_config:/home/matteo-melzer/ws_moveit/install/moveit_resources_panda_description:/home/matteo-melzer/ws_moveit/install/moveit_resources_fanuc_moveit_config:/home/matteo-melzer/ws_moveit/install/moveit_resources_fanuc_description:/home/matteo-melzer/ws_moveit/install/moveit_common:/opt/ros/humble CMAKE_PREFIX_PATH=/home/matteo-melzer/ws_moveit/install/moveit_ros_planning_interface:/home/matteo-melzer/ws_moveit/install/moveit_ros_move_group:/home/matteo-melzer/ws_moveit/install/moveit_ros_warehouse:/home/matteo-melzer/ws_moveit/install/moveit_planners_ompl:/home/matteo-melzer/ws_moveit/install/moveit_kinematics:/home/matteo-melzer/ws_moveit/install/moveit_ros_planning:/home/matteo-melzer/ws_moveit/install/moveit_simple_controller_manager:/home/matteo-melzer/ws_moveit/install/moveit_ros_occupancy_map_monitor:/home/matteo-melzer/ws_moveit/install/moveit_core:/home/matteo-melzer/ws_moveit/install/moveit_resources_panda_moveit_config:/home/matteo-melzer/ws_moveit/install/moveit_resources_fanuc_moveit_config:/home/matteo-melzer/ws_moveit/install/srdfdom:/home/matteo-melzer/ws_moveit/install/moveit_resources_pr2_description:/home/matteo-melzer/ws_moveit/install/moveit_resources_panda_description:/home/matteo-melzer/ws_moveit/install/moveit_resources_fanuc_description:/home/matteo-melzer/ws_moveit/install/moveit_common:/home/matteo-melzer/ws_moveit/install/ur10e_moveit_launch:/home/matteo-melzer/ws_moveit/install/rosparam_shortcuts:/home/matteo-melzer/ws_moveit/install/moveit_resources:/home/matteo-melzer/ws_moveit/install/rviz_marker_tools:/home/matteo-melzer/ros2_ws/install/ur_description:/home/matteo-melzer/ros2_ws/install/tutorial_interfaces:/home/matteo-melzer/ros2_ws/install/turtlesim:/home/matteo-melzer/ws_moveit/install/ur_description:/home/matteo-melzer/ws_moveit/install/moveit_task_constructor_msgs:/home/matteo-melzer/ws_moveit/install/moveit_resources_prbt_support:/home/matteo-melzer/ros2_ws/install/py_srvcli:/home/matteo-melzer/ros2_ws/install/py_pubsub:/home/matteo-melzer/ws_moveit/install/moveit_configs_utils:/home/matteo-melzer/ws_moveit/install/launch_param_builder:/opt/ros/humble LD_LIBRARY_PATH=/home/matteo-melzer/ws_moveit/install/moveit_ros_planning_interface/lib:/home/matteo-melzer/ws_moveit/install/moveit_ros_move_group/lib:/home/matteo-melzer/ws_moveit/install/moveit_ros_warehouse/lib:/home/matteo-melzer/ws_moveit/install/moveit_planners_ompl/lib:/home/matteo-melzer/ws_moveit/install/moveit_kinematics/lib:/home/matteo-melzer/ws_moveit/install/moveit_ros_planning/lib:/home/matteo-melzer/ws_moveit/install/moveit_simple_controller_manager/lib:/home/matteo-melzer/ws_moveit/install/moveit_ros_occupancy_map_monitor/lib:/home/matteo-melzer/ws_moveit/install/moveit_core/lib:/home/matteo-melzer/ws_moveit/install/srdfdom/lib:/home/matteo-melzer/ws_moveit/install/rosparam_shortcuts/lib:/home/matteo-melzer/ws_moveit/install/rviz_marker_tools/lib:/home/matteo-melzer/ros2_ws/install/tutorial_interfaces/lib:/home/matteo-melzer/ros2_ws/install/turtlesim/lib:/home/matteo-melzer/ws_moveit/install/moveit_task_constructor_msgs/lib:/opt/ros/humble/opt/rviz_ogre_vendor/lib:/opt/ros/humble/lib/x86_64-linux-gnu:/opt/ros/humble/lib PATH=/home/matteo-melzer/ws_moveit/install/moveit_core/bin:${PATH} PYTHONPATH=/home/matteo-melzer/ws_moveit/install/moveit_configs_utils/lib/python3.10/site-packages:/home/matteo-melzer/ws_moveit/install/launch_param_builder/lib/python3.10/site-packages:/home/matteo-melzer/ros2_ws/install/py_srvcli/lib/python3.10/site-packages:/home/matteo-melzer/ros2_ws/install/py_pubsub/lib/python3.10/site-packages:/home/matteo-melzer/ros2_ws/install/tutorial_interfaces/local/lib/python3.10/dist-packages:/home/matteo-melzer/ros2_ws/install/turtlesim/local/lib/python3.10/dist-packages:/home/matteo-melzer/ws_moveit/install/srdfdom/local/lib/python3.10/dist-packages:/home/matteo-melzer/ws_moveit/install/moveit_task_constructor_msgs/local/lib/python3.10/dist-packages:/opt/ros/humble/lib/python3.10/site-packages:/opt/ros/humble/local/lib/python3.10/dist-packages /usr/bin/cmake --install /home/matteo-melzer/ws_moveit/build/moveit_servo
