[0.047s] Invoking command in '/home/matteo-melzer/ws_moveit/build/moveit_resources_panda_moveit_config': CMAKE_PREFIX_PATH=/home/matteo-melzer/ws_moveit/install/moveit_resources_panda_description:/home/matteo-melzer/ws_moveit/install/ur10e_moveit_launch:/home/matteo-melzer/ws_moveit/install/rosparam_shortcuts:/home/matteo-melzer/ws_moveit/install/moveit_resources:/home/matteo-melzer/ws_moveit/install/rviz_marker_tools:/home/matteo-melzer/ros2_ws/install/ur_description:/home/matteo-melzer/ros2_ws/install/tutorial_interfaces:/home/matteo-melzer/ros2_ws/install/turtlesim:/home/matteo-melzer/ws_moveit/install/ur_description:/home/matteo-melzer/ws_moveit/install/srdfdom:/home/matteo-melzer/ws_moveit/install/moveit_task_constructor_msgs:/home/matteo-melzer/ws_moveit/install/moveit_resources_prbt_support:/home/matteo-melzer/ws_moveit/install/moveit_resources_pr2_description:/home/matteo-melzer/ws_moveit/install/moveit_resources_panda_moveit_config:/home/matteo-melzer/ws_moveit/install/moveit_resources_fanuc_moveit_config:/home/matteo-melzer/ws_moveit/install/moveit_resources_fanuc_description:/home/matteo-melzer/ws_moveit/install/moveit_common:/home/matteo-melzer/ros2_ws/install/py_srvcli:/home/matteo-melzer/ros2_ws/install/py_pubsub:/home/matteo-melzer/ws_moveit/install/moveit_configs_utils:/home/matteo-melzer/ws_moveit/install/launch_param_builder:/opt/ros/humble /usr/bin/cmake --build /home/matteo-melzer/ws_moveit/build/moveit_resources_panda_moveit_config -- -j2 -l2
[0.227s] Invoked command in '/home/matteo-melzer/ws_moveit/build/moveit_resources_panda_moveit_config' returned '0': CMAKE_PREFIX_PATH=/home/matteo-melzer/ws_moveit/install/moveit_resources_panda_description:/home/matteo-melzer/ws_moveit/install/ur10e_moveit_launch:/home/matteo-melzer/ws_moveit/install/rosparam_shortcuts:/home/matteo-melzer/ws_moveit/install/moveit_resources:/home/matteo-melzer/ws_moveit/install/rviz_marker_tools:/home/matteo-melzer/ros2_ws/install/ur_description:/home/matteo-melzer/ros2_ws/install/tutorial_interfaces:/home/matteo-melzer/ros2_ws/install/turtlesim:/home/matteo-melzer/ws_moveit/install/ur_description:/home/matteo-melzer/ws_moveit/install/srdfdom:/home/matteo-melzer/ws_moveit/install/moveit_task_constructor_msgs:/home/matteo-melzer/ws_moveit/install/moveit_resources_prbt_support:/home/matteo-melzer/ws_moveit/install/moveit_resources_pr2_description:/home/matteo-melzer/ws_moveit/install/moveit_resources_panda_moveit_config:/home/matteo-melzer/ws_moveit/install/moveit_resources_fanuc_moveit_config:/home/matteo-melzer/ws_moveit/install/moveit_resources_fanuc_description:/home/matteo-melzer/ws_moveit/install/moveit_common:/home/matteo-melzer/ros2_ws/install/py_srvcli:/home/matteo-melzer/ros2_ws/install/py_pubsub:/home/matteo-melzer/ws_moveit/install/moveit_configs_utils:/home/matteo-melzer/ws_moveit/install/launch_param_builder:/opt/ros/humble /usr/bin/cmake --build /home/matteo-melzer/ws_moveit/build/moveit_resources_panda_moveit_config -- -j2 -l2
[0.232s] Invoking command in '/home/matteo-melzer/ws_moveit/build/moveit_resources_panda_moveit_config': CMAKE_PREFIX_PATH=/home/matteo-melzer/ws_moveit/install/moveit_resources_panda_description:/home/matteo-melzer/ws_moveit/install/ur10e_moveit_launch:/home/matteo-melzer/ws_moveit/install/rosparam_shortcuts:/home/matteo-melzer/ws_moveit/install/moveit_resources:/home/matteo-melzer/ws_moveit/install/rviz_marker_tools:/home/matteo-melzer/ros2_ws/install/ur_description:/home/matteo-melzer/ros2_ws/install/tutorial_interfaces:/home/matteo-melzer/ros2_ws/install/turtlesim:/home/matteo-melzer/ws_moveit/install/ur_description:/home/matteo-melzer/ws_moveit/install/srdfdom:/home/matteo-melzer/ws_moveit/install/moveit_task_constructor_msgs:/home/matteo-melzer/ws_moveit/install/moveit_resources_prbt_support:/home/matteo-melzer/ws_moveit/install/moveit_resources_pr2_description:/home/matteo-melzer/ws_moveit/install/moveit_resources_panda_moveit_config:/home/matteo-melzer/ws_moveit/install/moveit_resources_fanuc_moveit_config:/home/matteo-melzer/ws_moveit/install/moveit_resources_fanuc_description:/home/matteo-melzer/ws_moveit/install/moveit_common:/home/matteo-melzer/ros2_ws/install/py_srvcli:/home/matteo-melzer/ros2_ws/install/py_pubsub:/home/matteo-melzer/ws_moveit/install/moveit_configs_utils:/home/matteo-melzer/ws_moveit/install/launch_param_builder:/opt/ros/humble /usr/bin/cmake --install /home/matteo-melzer/ws_moveit/build/moveit_resources_panda_moveit_config
[0.255s] -- Install configuration: ""
[0.255s] -- Up-to-date: /home/matteo-melzer/ws_moveit/install/moveit_resources_panda_moveit_config/share/ament_index/resource_index/package_run_dependencies/moveit_resources_panda_moveit_config
[0.255s] -- Up-to-date: /home/matteo-melzer/ws_moveit/install/moveit_resources_panda_moveit_config/share/ament_index/resource_index/parent_prefix_path/moveit_resources_panda_moveit_config
[0.255s] -- Up-to-date: /home/matteo-melzer/ws_moveit/install/moveit_resources_panda_moveit_config/share/moveit_resources_panda_moveit_config/environment/ament_prefix_path.sh
[0.255s] -- Up-to-date: /home/matteo-melzer/ws_moveit/install/moveit_resources_panda_moveit_config/share/moveit_resources_panda_moveit_config/environment/ament_prefix_path.dsv
[0.256s] -- Up-to-date: /home/matteo-melzer/ws_moveit/install/moveit_resources_panda_moveit_config/share/moveit_resources_panda_moveit_config/environment/path.sh
[0.256s] -- Up-to-date: /home/matteo-melzer/ws_moveit/install/moveit_resources_panda_moveit_config/share/moveit_resources_panda_moveit_config/environment/path.dsv
[0.256s] -- Up-to-date: /home/matteo-melzer/ws_moveit/install/moveit_resources_panda_moveit_config/share/moveit_resources_panda_moveit_config/local_setup.bash
[0.256s] -- Up-to-date: /home/matteo-melzer/ws_moveit/install/moveit_resources_panda_moveit_config/share/moveit_resources_panda_moveit_config/local_setup.sh
[0.256s] -- Up-to-date: /home/matteo-melzer/ws_moveit/install/moveit_resources_panda_moveit_config/share/moveit_resources_panda_moveit_config/local_setup.zsh
[0.256s] -- Up-to-date: /home/matteo-melzer/ws_moveit/install/moveit_resources_panda_moveit_config/share/moveit_resources_panda_moveit_config/local_setup.dsv
[0.258s] -- Up-to-date: /home/matteo-melzer/ws_moveit/install/moveit_resources_panda_moveit_config/share/moveit_resources_panda_moveit_config/package.dsv
[0.258s] -- Up-to-date: /home/matteo-melzer/ws_moveit/install/moveit_resources_panda_moveit_config/share/ament_index/resource_index/packages/moveit_resources_panda_moveit_config
[0.258s] -- Up-to-date: /home/matteo-melzer/ws_moveit/install/moveit_resources_panda_moveit_config/share/moveit_resources_panda_moveit_config/cmake/moveit_resources_panda_moveit_configConfig.cmake
[0.258s] -- Up-to-date: /home/matteo-melzer/ws_moveit/install/moveit_resources_panda_moveit_config/share/moveit_resources_panda_moveit_config/cmake/moveit_resources_panda_moveit_configConfig-version.cmake
[0.259s] -- Up-to-date: /home/matteo-melzer/ws_moveit/install/moveit_resources_panda_moveit_config/share/moveit_resources_panda_moveit_config/package.xml
[0.259s] -- Up-to-date: /home/matteo-melzer/ws_moveit/install/moveit_resources_panda_moveit_config/share/moveit_resources_panda_moveit_config/launch
[0.259s] -- Up-to-date: /home/matteo-melzer/ws_moveit/install/moveit_resources_panda_moveit_config/share/moveit_resources_panda_moveit_config/launch/demo.launch.py
[0.259s] -- Up-to-date: /home/matteo-melzer/ws_moveit/install/moveit_resources_panda_moveit_config/share/moveit_resources_panda_moveit_config/launch/moveit_rviz.launch.py
[0.259s] -- Up-to-date: /home/matteo-melzer/ws_moveit/install/moveit_resources_panda_moveit_config/share/moveit_resources_panda_moveit_config/launch/moveit.rviz
[0.259s] -- Up-to-date: /home/matteo-melzer/ws_moveit/install/moveit_resources_panda_moveit_config/share/moveit_resources_panda_moveit_config/launch/moveit_empty.rviz
[0.259s] -- Up-to-date: /home/matteo-melzer/ws_moveit/install/moveit_resources_panda_moveit_config/share/moveit_resources_panda_moveit_config/config
[0.259s] -- Up-to-date: /home/matteo-melzer/ws_moveit/install/moveit_resources_panda_moveit_config/share/moveit_resources_panda_moveit_config/config/pilz_cartesian_limits.yaml
[0.259s] -- Up-to-date: /home/matteo-melzer/ws_moveit/install/moveit_resources_panda_moveit_config/share/moveit_resources_panda_moveit_config/config/joint_limits.yaml
[0.259s] -- Up-to-date: /home/matteo-melzer/ws_moveit/install/moveit_resources_panda_moveit_config/share/moveit_resources_panda_moveit_config/config/panda_arm_hand.srdf.xacro
[0.259s] -- Up-to-date: /home/matteo-melzer/ws_moveit/install/moveit_resources_panda_moveit_config/share/moveit_resources_panda_moveit_config/config/panda_arm.xacro
[0.259s] -- Up-to-date: /home/matteo-melzer/ws_moveit/install/moveit_resources_panda_moveit_config/share/moveit_resources_panda_moveit_config/config/panda.srdf
[0.259s] -- Up-to-date: /home/matteo-melzer/ws_moveit/install/moveit_resources_panda_moveit_config/share/moveit_resources_panda_moveit_config/config/lerp_planning.yaml
[0.259s] -- Up-to-date: /home/matteo-melzer/ws_moveit/install/moveit_resources_panda_moveit_config/share/moveit_resources_panda_moveit_config/config/panda.ros2_control.xacro
[0.259s] -- Up-to-date: /home/matteo-melzer/ws_moveit/install/moveit_resources_panda_moveit_config/share/moveit_resources_panda_moveit_config/config/pilz_industrial_motion_planner_planning.yaml
[0.259s] -- Up-to-date: /home/matteo-melzer/ws_moveit/install/moveit_resources_panda_moveit_config/share/moveit_resources_panda_moveit_config/config/ros2_controllers.yaml
[0.259s] -- Up-to-date: /home/matteo-melzer/ws_moveit/install/moveit_resources_panda_moveit_config/share/moveit_resources_panda_moveit_config/config/chomp_planning.yaml
[0.259s] -- Up-to-date: /home/matteo-melzer/ws_moveit/install/moveit_resources_panda_moveit_config/share/moveit_resources_panda_moveit_config/config/trajopt_planning.yaml
[0.260s] -- Up-to-date: /home/matteo-melzer/ws_moveit/install/moveit_resources_panda_moveit_config/share/moveit_resources_panda_moveit_config/config/ompl_planning.yaml
[0.260s] -- Up-to-date: /home/matteo-melzer/ws_moveit/install/moveit_resources_panda_moveit_config/share/moveit_resources_panda_moveit_config/config/initial_positions.yaml
[0.260s] -- Up-to-date: /home/matteo-melzer/ws_moveit/install/moveit_resources_panda_moveit_config/share/moveit_resources_panda_moveit_config/config/sensors_kinect_pointcloud.yaml
[0.260s] -- Up-to-date: /home/matteo-melzer/ws_moveit/install/moveit_resources_panda_moveit_config/share/moveit_resources_panda_moveit_config/config/sensors_kinect_depthmap.yaml
[0.260s] -- Up-to-date: /home/matteo-melzer/ws_moveit/install/moveit_resources_panda_moveit_config/share/moveit_resources_panda_moveit_config/config/panda.urdf.xacro
[0.260s] -- Up-to-date: /home/matteo-melzer/ws_moveit/install/moveit_resources_panda_moveit_config/share/moveit_resources_panda_moveit_config/config/gripper_moveit_controllers.yaml
[0.260s] -- Up-to-date: /home/matteo-melzer/ws_moveit/install/moveit_resources_panda_moveit_config/share/moveit_resources_panda_moveit_config/config/moveit_controllers.yaml
[0.260s] -- Up-to-date: /home/matteo-melzer/ws_moveit/install/moveit_resources_panda_moveit_config/share/moveit_resources_panda_moveit_config/config/kinematics.yaml
[0.260s] -- Up-to-date: /home/matteo-melzer/ws_moveit/install/moveit_resources_panda_moveit_config/share/moveit_resources_panda_moveit_config/config/hand.xacro
[0.260s] -- Up-to-date: /home/matteo-melzer/ws_moveit/install/moveit_resources_panda_moveit_config/share/moveit_resources_panda_moveit_config/config/panda_arm.srdf.xacro
[0.260s] -- Up-to-date: /home/matteo-melzer/ws_moveit/install/moveit_resources_panda_moveit_config/share/moveit_resources_panda_moveit_config/config/panda_hand.ros2_control.xacro
[0.260s] -- Up-to-date: /home/matteo-melzer/ws_moveit/install/moveit_resources_panda_moveit_config/share/moveit_resources_panda_moveit_config/.setup_assistant
[0.260s] Invoked command in '/home/matteo-melzer/ws_moveit/build/moveit_resources_panda_moveit_config' returned '0': CMAKE_PREFIX_PATH=/home/matteo-melzer/ws_moveit/install/moveit_resources_panda_description:/home/matteo-melzer/ws_moveit/install/ur10e_moveit_launch:/home/matteo-melzer/ws_moveit/install/rosparam_shortcuts:/home/matteo-melzer/ws_moveit/install/moveit_resources:/home/matteo-melzer/ws_moveit/install/rviz_marker_tools:/home/matteo-melzer/ros2_ws/install/ur_description:/home/matteo-melzer/ros2_ws/install/tutorial_interfaces:/home/matteo-melzer/ros2_ws/install/turtlesim:/home/matteo-melzer/ws_moveit/install/ur_description:/home/matteo-melzer/ws_moveit/install/srdfdom:/home/matteo-melzer/ws_moveit/install/moveit_task_constructor_msgs:/home/matteo-melzer/ws_moveit/install/moveit_resources_prbt_support:/home/matteo-melzer/ws_moveit/install/moveit_resources_pr2_description:/home/matteo-melzer/ws_moveit/install/moveit_resources_panda_moveit_config:/home/matteo-melzer/ws_moveit/install/moveit_resources_fanuc_moveit_config:/home/matteo-melzer/ws_moveit/install/moveit_resources_fanuc_description:/home/matteo-melzer/ws_moveit/install/moveit_common:/home/matteo-melzer/ros2_ws/install/py_srvcli:/home/matteo-melzer/ros2_ws/install/py_pubsub:/home/matteo-melzer/ws_moveit/install/moveit_configs_utils:/home/matteo-melzer/ws_moveit/install/launch_param_builder:/opt/ros/humble /usr/bin/cmake --install /home/matteo-melzer/ws_moveit/build/moveit_resources_panda_moveit_config
