[0.032s] Invoking command in '/home/matteo-melzer/ws_moveit/build/moveit_core': CMAKE_PREFIX_PATH=/home/matteo-melzer/ws_moveit/install/moveit_resources_panda_moveit_config:/home/matteo-melzer/ws_moveit/install/srdfdom:/home/matteo-melzer/ws_moveit/install/moveit_resources_pr2_description:/home/matteo-melzer/ws_moveit/install/moveit_resources_panda_description:/home/matteo-melzer/ws_moveit/install/moveit_common:/home/matteo-melzer/ros2_ws/install/ur_description:/home/matteo-melzer/ros2_ws/install/tutorial_interfaces:/home/matteo-melzer/ros2_ws/install/turtlesim:/home/matteo-melzer/ws_moveit/install/pilz_industrial_motion_planner_testutils:/home/matteo-melzer/ws_moveit/install/moveit_runtime:/home/matteo-melzer/ws_moveit/install/moveit2_tutorials:/home/matteo-melzer/ws_moveit/install/moveit:/home/matteo-melzer/ws_moveit/install/moveit_planners:/home/matteo-melzer/ws_moveit/install/pilz_industrial_motion_planner:/home/matteo-melzer/ws_moveit/install/mtc_tutorial:/home/matteo-melzer/ws_moveit/install/hello_moveit:/home/matteo-melzer/ws_moveit/install/moveit_visual_tools:/home/matteo-melzer/ws_moveit/install/moveit_task_constructor_visualization:/home/matteo-melzer/ws_moveit/install/moveit_task_constructor_demo:/home/matteo-melzer/ws_moveit/install/moveit_task_constructor_capabilities:/home/matteo-melzer/ws_moveit/install/moveit_task_constructor_core:/home/matteo-melzer/ws_moveit/install/moveit_ros_control_interface:/home/matteo-melzer/ws_moveit/install/moveit_plugins:/home/matteo-melzer/ws_moveit/install/moveit_simple_controller_manager:/home/matteo-melzer/ws_moveit/install/moveit_setup_assistant:/home/matteo-melzer/ws_moveit/install/moveit_setup_srdf_plugins:/home/matteo-melzer/ws_moveit/install/moveit_setup_core_plugins:/home/matteo-melzer/ws_moveit/install/moveit_setup_controllers:/home/matteo-melzer/ws_moveit/install/moveit_setup_app_plugins:/home/matteo-melzer/ws_moveit/install/moveit_setup_framework:/home/matteo-melzer/ws_moveit/install/moveit_servo:/home/matteo-melzer/ws_moveit/install/moveit_ros:/home/matteo-melzer/ws_moveit/install/moveit_ros_visualization:/home/matteo-melzer/ws_moveit/install/moveit_hybrid_planning:/home/matteo-melzer/ws_moveit/install/moveit_ros_planning_interface:/home/matteo-melzer/ws_moveit/install/moveit_ros_benchmarks:/home/matteo-melzer/ws_moveit/install/moveit_ros_warehouse:/home/matteo-melzer/ws_moveit/install/moveit_ros_robot_interaction:/home/matteo-melzer/ws_moveit/install/moveit_ros_perception:/home/matteo-melzer/ws_moveit/install/moveit_resources_prbt_pg70_support:/home/matteo-melzer/ws_moveit/install/moveit_resources_prbt_moveit_config:/home/matteo-melzer/ws_moveit/install/moveit_ros_move_group:/home/matteo-melzer/ws_moveit/install/moveit_planners_ompl:/home/matteo-melzer/ws_moveit/install/moveit_ros_planning:/home/matteo-melzer/ws_moveit/install/moveit_ros_occupancy_map_monitor:/home/matteo-melzer/ws_moveit/install/moveit_resources_prbt_ikfast_manipulator_plugin:/home/matteo-melzer/ws_moveit/install/moveit_planners_chomp:/home/matteo-melzer/ws_moveit/install/moveit_kinematics:/home/matteo-melzer/ws_moveit/install/moveit_chomp_optimizer_adapter:/home/matteo-melzer/ws_moveit/install/chomp_motion_planner:/home/matteo-melzer/ws_moveit/install/moveit_core:/home/matteo-melzer/ws_moveit/install/rviz_marker_tools:/home/matteo-melzer/ws_moveit/install/rosparam_shortcuts:/home/matteo-melzer/ws_moveit/install/moveit_task_constructor_msgs:/home/matteo-melzer/ws_moveit/install/moveit_resources_prbt_support:/home/matteo-melzer/ws_moveit/install/moveit_resources:/home/matteo-melzer/ws_moveit/install/moveit_resources_fanuc_moveit_config:/home/matteo-melzer/ws_moveit/install/moveit_resources_fanuc_description:/home/matteo-melzer/ros2_ws/install/py_srvcli:/home/matteo-melzer/ros2_ws/install/py_pubsub:/home/matteo-melzer/ws_moveit/install/moveit_configs_utils:/home/matteo-melzer/ws_moveit/install/launch_param_builder:/opt/ros/humble LD_LIBRARY_PATH=/home/matteo-melzer/ws_moveit/install/srdfdom/lib:/home/matteo-melzer/ros2_ws/install/tutorial_interfaces/lib:/home/matteo-melzer/ros2_ws/install/turtlesim/lib:/home/matteo-melzer/ws_moveit/install/pilz_industrial_motion_planner_testutils/lib:/home/matteo-melzer/ws_moveit/install/pilz_industrial_motion_planner/lib:/home/matteo-melzer/ws_moveit/install/moveit_visual_tools/lib:/home/matteo-melzer/ws_moveit/install/moveit_task_constructor_visualization/lib:/home/matteo-melzer/ws_moveit/install/moveit_task_constructor_demo/lib:/home/matteo-melzer/ws_moveit/install/moveit_task_constructor_capabilities/lib:/home/matteo-melzer/ws_moveit/install/moveit_task_constructor_core/lib:/home/matteo-melzer/ws_moveit/install/moveit_ros_control_interface/lib:/home/matteo-melzer/ws_moveit/install/moveit_simple_controller_manager/lib:/home/matteo-melzer/ws_moveit/install/moveit_setup_assistant/lib:/home/matteo-melzer/ws_moveit/install/moveit_setup_srdf_plugins/lib:/home/matteo-melzer/ws_moveit/install/moveit_setup_core_plugins/lib:/home/matteo-melzer/ws_moveit/install/moveit_setup_controllers/lib:/home/matteo-melzer/ws_moveit/install/moveit_setup_app_plugins/lib:/home/matteo-melzer/ws_moveit/install/moveit_setup_framework/lib:/home/matteo-melzer/ws_moveit/install/moveit_servo/lib:/home/matteo-melzer/ws_moveit/install/moveit_ros_visualization/lib:/home/matteo-melzer/ws_moveit/install/moveit_hybrid_planning/lib:/home/matteo-melzer/ws_moveit/install/moveit_ros_planning_interface/lib:/home/matteo-melzer/ws_moveit/install/moveit_ros_benchmarks/lib:/home/matteo-melzer/ws_moveit/install/moveit_ros_warehouse/lib:/home/matteo-melzer/ws_moveit/install/moveit_ros_robot_interaction/lib:/home/matteo-melzer/ws_moveit/install/moveit_ros_perception/lib:/home/matteo-melzer/ws_moveit/install/moveit_ros_move_group/lib:/home/matteo-melzer/ws_moveit/install/moveit_planners_ompl/lib:/home/matteo-melzer/ws_moveit/install/moveit_ros_planning/lib:/home/matteo-melzer/ws_moveit/install/moveit_ros_occupancy_map_monitor/lib:/home/matteo-melzer/ws_moveit/install/moveit_resources_prbt_ikfast_manipulator_plugin/lib:/home/matteo-melzer/ws_moveit/install/moveit_planners_chomp/lib:/home/matteo-melzer/ws_moveit/install/moveit_kinematics/lib:/home/matteo-melzer/ws_moveit/install/moveit_chomp_optimizer_adapter/lib:/home/matteo-melzer/ws_moveit/install/chomp_motion_planner/lib:/home/matteo-melzer/ws_moveit/install/moveit_core/lib:/home/matteo-melzer/ws_moveit/install/rviz_marker_tools/lib:/home/matteo-melzer/ws_moveit/install/rosparam_shortcuts/lib:/home/matteo-melzer/ws_moveit/install/moveit_task_constructor_msgs/lib:/opt/ros/humble/opt/rviz_ogre_vendor/lib:/opt/ros/humble/lib/x86_64-linux-gnu:/opt/ros/humble/lib /usr/bin/cmake /home/matteo-melzer/ws_moveit/src/moveit2/moveit_core -DCMAKE_INSTALL_PREFIX=/home/matteo-melzer/ws_moveit/install/moveit_core
[0.148s] -- The CXX compiler identification is GNU 11.4.0
[0.164s] -- Detecting CXX compiler ABI info
[0.285s] -- Detecting CXX compiler ABI info - done
[0.293s] -- Check for working CXX compiler: /usr/bin/c++ - skipped
[0.294s] -- Detecting CXX compile features
[0.294s] -- Detecting CXX compile features - done
[0.296s] -- Found moveit_common: 2.5.9 (/home/matteo-melzer/ws_moveit/install/moveit_common/share/moveit_common/cmake)
[0.306s] -- Found ament_cmake: 1.3.11 (/opt/ros/humble/share/ament_cmake/cmake)
[0.550s] -- Found Python3: /usr/bin/python3 (found version "3.10.12") found components: Interpreter 
[0.795s] [0mmoveit_core: You did not request a specific build type: Choosing 'Release' for maximum performance[0m
[0.804s] -- Found angles: 1.15.0 (/opt/ros/humble/share/angles/cmake)
[0.907s] -- Found Bullet: /usr/lib/x86_64-linux-gnu/libBulletDynamics.so (Required is at least version "2.87") 
[0.920s] -- Found common_interfaces: 4.9.0 (/opt/ros/humble/share/common_interfaces/cmake)
[0.935s] -- Found eigen_stl_containers: 1.1.0 (/opt/ros/humble/share/eigen_stl_containers/cmake)
[0.980s] -- Found eigen3_cmake_module: 0.1.1 (/opt/ros/humble/share/eigen3_cmake_module/cmake)
[0.993s] -- Found Eigen3: TRUE (found version "3.4.0") 
[1.016s] -- Found generate_parameter_library: 0.5.0 (/opt/ros/humble/share/generate_parameter_library/cmake)
[1.036s] -- Found parameter_traits: 0.5.0 (/opt/ros/humble/share/parameter_traits/cmake)
[1.247s] -- Found rosidl_generator_c: 3.1.6 (/opt/ros/humble/share/rosidl_generator_c/cmake)
[1.280s] -- Found rosidl_adapter: 3.1.6 (/opt/ros/humble/share/rosidl_adapter/cmake)
[1.316s] -- Found rosidl_generator_cpp: 3.1.6 (/opt/ros/humble/share/rosidl_generator_cpp/cmake)
[1.378s] -- Using all available rosidl_typesupport_c: rosidl_typesupport_fastrtps_c;rosidl_typesupport_introspection_c
[1.454s] -- Using all available rosidl_typesupport_cpp: rosidl_typesupport_fastrtps_cpp;rosidl_typesupport_introspection_cpp
[1.737s] -- Found rmw_implementation_cmake: 6.1.2 (/opt/ros/humble/share/rmw_implementation_cmake/cmake)
[1.766s] -- Found rmw_fastrtps_cpp: 6.2.7 (/opt/ros/humble/share/rmw_fastrtps_cpp/cmake)
[2.414s] -- Found OpenSSL: /usr/lib/x86_64-linux-gnu/libcrypto.so (found version "3.0.2")  
[2.527s] -- Found FastRTPS: /opt/ros/humble/include  
[2.679s] -- Using RMW implementation 'rmw_fastrtps_cpp' as default
[2.741s] -- Looking for C++ include pthread.h
[3.159s] -- Looking for C++ include pthread.h - found
[3.159s] -- Performing Test CMAKE_HAVE_LIBC_PTHREAD
[3.635s] -- Performing Test CMAKE_HAVE_LIBC_PTHREAD - Success
[3.641s] -- Found Threads: TRUE  
[3.867s] -- Found rclcpp_lifecycle: 16.0.12 (/opt/ros/humble/share/rclcpp_lifecycle/cmake)
[3.954s] -- Found geometric_shapes: 2.3.2 (/opt/ros/humble/share/geometric_shapes/cmake)
[3.991s] -- Found Boost: /usr/lib/x86_64-linux-gnu/cmake/Boost-1.74.0/BoostConfig.cmake (found version "1.74.0") found components: filesystem 
[4.432s] -- library: /usr/lib/x86_64-linux-gnu/libcurl.so
[4.623s] -- Found kdl_parser: 2.6.4 (/opt/ros/humble/share/kdl_parser/cmake)
[4.665s] -- Ensuring Eigen3 include directory is part of orocos-kdl CMake target
[4.692s] -- Found moveit_msgs: 2.2.1 (/opt/ros/humble/share/moveit_msgs/cmake)
[5.030s] -- Found pluginlib: 5.1.0 (/opt/ros/humble/share/pluginlib/cmake)
[5.110s] -- Found srdfdom: 2.0.8 (/home/matteo-melzer/ws_moveit/install/srdfdom/share/srdfdom/cmake)
[5.155s] -- Found tf2_eigen: 0.25.13 (/opt/ros/humble/share/tf2_eigen/cmake)
[5.477s] -- Found tf2_geometry_msgs: 0.25.13 (/opt/ros/humble/share/tf2_geometry_msgs/cmake)
[5.498s] -- Found tf2_kdl: 0.25.13 (/opt/ros/humble/share/tf2_kdl/cmake)
[5.647s] -- Found Boost: /usr/lib/x86_64-linux-gnu/cmake/Boost-1.74.0/BoostConfig.cmake (found version "1.74.0") found components: chrono date_time filesystem iostreams program_options regex serialization system thread 
[5.654s] --  *** Building MoveIt 2.5.9-Alpha ***
[5.671s] -- Performing Test COMPILER_HAS_HIDDEN_VISIBILITY
[5.979s] -- Performing Test COMPILER_HAS_HIDDEN_VISIBILITY - Success
[5.980s] -- Performing Test COMPILER_HAS_HIDDEN_INLINE_VISIBILITY
[6.277s] -- Performing Test COMPILER_HAS_HIDDEN_INLINE_VISIBILITY - Success
[6.277s] -- Performing Test COMPILER_HAS_DEPRECATED_ATTR
[6.653s] -- Performing Test COMPILER_HAS_DEPRECATED_ATTR - Success
[6.703s] -- Found ament_cmake_gtest: 1.3.11 (/opt/ros/humble/share/ament_cmake_gtest/cmake)
[6.716s] -- Found gtest sources under '/opt/ros/humble/src/gtest_vendor': C++ tests using 'Google Test' will be built
[6.883s] -- The C compiler identification is GNU 11.4.0
[6.905s] -- Detecting C compiler ABI info
[7.356s] -- Detecting C compiler ABI info - done
[7.381s] -- Check for working C compiler: /usr/bin/cc - skipped
[7.381s] -- Detecting C compile features
[7.381s] -- Detecting C compile features - done
[7.429s] -- Found ament_cmake_gmock: 1.3.11 (/opt/ros/humble/share/ament_cmake_gmock/cmake)
[7.443s] -- Found gmock sources under '/opt/ros/humble/src/gmock_vendor': C++ tests using 'Google Mock' will be built
[7.453s] -- Found ament_cmake_gtest: 1.3.11 (/opt/ros/humble/share/ament_cmake_gtest/cmake)
[7.456s] -- Found gtest sources under '/opt/ros/humble/src/gtest_vendor': C++ tests using 'Google Test' will be built
[7.569s] -- Found ament_cmake_gtest: 1.3.11 (/opt/ros/humble/share/ament_cmake_gtest/cmake)
[7.570s] -- Found gtest sources under '/opt/ros/humble/src/gtest_vendor': C++ tests using 'Google Test' will be built
[7.808s] -- Found ament_cmake_gtest: 1.3.11 (/opt/ros/humble/share/ament_cmake_gtest/cmake)
[7.809s] -- Found gtest sources under '/opt/ros/humble/src/gtest_vendor': C++ tests using 'Google Test' will be built
[7.963s] -- Found ament_lint_auto: 0.12.12 (/opt/ros/humble/share/ament_lint_auto/cmake)
[7.972s] -- Found ament_cmake_gtest: 1.3.11 (/opt/ros/humble/share/ament_cmake_gtest/cmake)
[7.972s] -- Found gtest sources under '/opt/ros/humble/src/gtest_vendor': C++ tests using 'Google Test' will be built
[8.116s] -- Found ament_cmake_gtest: 1.3.11 (/opt/ros/humble/share/ament_cmake_gtest/cmake)
[8.118s] -- Found gtest sources under '/opt/ros/humble/src/gtest_vendor': C++ tests using 'Google Test' will be built
[8.210s] -- Found ament_cmake_gtest: 1.3.11 (/opt/ros/humble/share/ament_cmake_gtest/cmake)
[8.210s] -- Found gtest sources under '/opt/ros/humble/src/gtest_vendor': C++ tests using 'Google Test' will be built
[8.281s] -- Found ament_cmake_gtest: 1.3.11 (/opt/ros/humble/share/ament_cmake_gtest/cmake)
[8.282s] -- Found gmock sources under '/opt/ros/humble/src/gmock_vendor': C++ tests using 'Google Mock' will be built
[8.284s] -- Found gtest sources under '/opt/ros/humble/src/gtest_vendor': C++ tests using 'Google Test' will be built
[8.322s] -- Found gtest sources under '/opt/ros/humble/src/gtest_vendor': C++ tests using 'Google Test' will be built
[8.375s] -- Found gtest sources under '/opt/ros/humble/src/gtest_vendor': C++ tests using 'Google Test' will be built
[8.431s] -- Found ament_cmake_gtest: 1.3.11 (/opt/ros/humble/share/ament_cmake_gtest/cmake)
[8.435s] -- Found gtest sources under '/opt/ros/humble/src/gtest_vendor': C++ tests using 'Google Test' will be built
[8.546s] -- Found gtest sources under '/opt/ros/humble/src/gtest_vendor': C++ tests using 'Google Test' will be built
[8.627s] -- Found gtest sources under '/opt/ros/humble/src/gtest_vendor': C++ tests using 'Google Test' will be built
[8.690s] -- Found gtest sources under '/opt/ros/humble/src/gtest_vendor': C++ tests using 'Google Test' will be built
[8.707s] -- Found ament_lint_auto: 0.12.12 (/opt/ros/humble/share/ament_lint_auto/cmake)
[8.889s] -- Added test 'cppcheck' to perform static code analysis on C / C++ code
[8.897s] -- Configured cppcheck include dirs: /home/matteo-melzer/ws_moveit/src/moveit2/moveit_core/exceptions/include;/home/matteo-melzer/ws_moveit/src/moveit2/moveit_core/collision_detection/include;/home/matteo-melzer/ws_moveit/src/moveit2/moveit_core/collision_detection_fcl/include;/home/matteo-melzer/ws_moveit/src/moveit2/moveit_core/collision_detection_bullet/include;/home/matteo-melzer/ws_moveit/src/moveit2/moveit_core/constraint_samplers/include;/home/matteo-melzer/ws_moveit/src/moveit2/moveit_core/controller_manager/include;/home/matteo-melzer/ws_moveit/src/moveit2/moveit_core/distance_field/include;/home/matteo-melzer/ws_moveit/src/moveit2/moveit_core/collision_distance_field/include;/home/matteo-melzer/ws_moveit/src/moveit2/moveit_core/dynamics_solver/include;/home/matteo-melzer/ws_moveit/src/moveit2/moveit_core/kinematics_base/include;/home/matteo-melzer/ws_moveit/src/moveit2/moveit_core/kinematics_metrics/include;/home/matteo-melzer/ws_moveit/src/moveit2/moveit_core/robot_model/include;/home/matteo-melzer/ws_moveit/src/moveit2/moveit_core/transforms/include;/home/matteo-melzer/ws_moveit/src/moveit2/moveit_core/robot_state/include;/home/matteo-melzer/ws_moveit/src/moveit2/moveit_core/robot_trajectory/include;/home/matteo-melzer/ws_moveit/src/moveit2/moveit_core/kinematic_constraints/include;/home/matteo-melzer/ws_moveit/src/moveit2/moveit_core/macros/include;/home/matteo-melzer/ws_moveit/src/moveit2/moveit_core/online_signal_smoothing/include;/home/matteo-melzer/ws_moveit/src/moveit2/moveit_core/planning_interface/include;/home/matteo-melzer/ws_moveit/src/moveit2/moveit_core/planning_request_adapter/include;/home/matteo-melzer/ws_moveit/src/moveit2/moveit_core/planning_scene/include;/home/matteo-melzer/ws_moveit/src/moveit2/moveit_core/sensor_manager/include;/home/matteo-melzer/ws_moveit/src/moveit2/moveit_core/trajectory_processing/include;/home/matteo-melzer/ws_moveit/src/moveit2/moveit_core/utils/include
[8.897s] -- Configured cppcheck exclude dirs and/or files: 
[8.908s] -- Added test 'pep257' to check Python code against some of the docstring style conventions in PEP 257
[8.918s] -- Added test 'xmllint' to check XML markup files
[8.939s] -- Configuring done
[11.824s] -- Generating done
[12.815s] -- Build files have been written to: /home/matteo-melzer/ws_moveit/build/moveit_core
[13.034s] Invoked command in '/home/matteo-melzer/ws_moveit/build/moveit_core' returned '0': CMAKE_PREFIX_PATH=/home/matteo-melzer/ws_moveit/install/moveit_resources_panda_moveit_config:/home/matteo-melzer/ws_moveit/install/srdfdom:/home/matteo-melzer/ws_moveit/install/moveit_resources_pr2_description:/home/matteo-melzer/ws_moveit/install/moveit_resources_panda_description:/home/matteo-melzer/ws_moveit/install/moveit_common:/home/matteo-melzer/ros2_ws/install/ur_description:/home/matteo-melzer/ros2_ws/install/tutorial_interfaces:/home/matteo-melzer/ros2_ws/install/turtlesim:/home/matteo-melzer/ws_moveit/install/pilz_industrial_motion_planner_testutils:/home/matteo-melzer/ws_moveit/install/moveit_runtime:/home/matteo-melzer/ws_moveit/install/moveit2_tutorials:/home/matteo-melzer/ws_moveit/install/moveit:/home/matteo-melzer/ws_moveit/install/moveit_planners:/home/matteo-melzer/ws_moveit/install/pilz_industrial_motion_planner:/home/matteo-melzer/ws_moveit/install/mtc_tutorial:/home/matteo-melzer/ws_moveit/install/hello_moveit:/home/matteo-melzer/ws_moveit/install/moveit_visual_tools:/home/matteo-melzer/ws_moveit/install/moveit_task_constructor_visualization:/home/matteo-melzer/ws_moveit/install/moveit_task_constructor_demo:/home/matteo-melzer/ws_moveit/install/moveit_task_constructor_capabilities:/home/matteo-melzer/ws_moveit/install/moveit_task_constructor_core:/home/matteo-melzer/ws_moveit/install/moveit_ros_control_interface:/home/matteo-melzer/ws_moveit/install/moveit_plugins:/home/matteo-melzer/ws_moveit/install/moveit_simple_controller_manager:/home/matteo-melzer/ws_moveit/install/moveit_setup_assistant:/home/matteo-melzer/ws_moveit/install/moveit_setup_srdf_plugins:/home/matteo-melzer/ws_moveit/install/moveit_setup_core_plugins:/home/matteo-melzer/ws_moveit/install/moveit_setup_controllers:/home/matteo-melzer/ws_moveit/install/moveit_setup_app_plugins:/home/matteo-melzer/ws_moveit/install/moveit_setup_framework:/home/matteo-melzer/ws_moveit/install/moveit_servo:/home/matteo-melzer/ws_moveit/install/moveit_ros:/home/matteo-melzer/ws_moveit/install/moveit_ros_visualization:/home/matteo-melzer/ws_moveit/install/moveit_hybrid_planning:/home/matteo-melzer/ws_moveit/install/moveit_ros_planning_interface:/home/matteo-melzer/ws_moveit/install/moveit_ros_benchmarks:/home/matteo-melzer/ws_moveit/install/moveit_ros_warehouse:/home/matteo-melzer/ws_moveit/install/moveit_ros_robot_interaction:/home/matteo-melzer/ws_moveit/install/moveit_ros_perception:/home/matteo-melzer/ws_moveit/install/moveit_resources_prbt_pg70_support:/home/matteo-melzer/ws_moveit/install/moveit_resources_prbt_moveit_config:/home/matteo-melzer/ws_moveit/install/moveit_ros_move_group:/home/matteo-melzer/ws_moveit/install/moveit_planners_ompl:/home/matteo-melzer/ws_moveit/install/moveit_ros_planning:/home/matteo-melzer/ws_moveit/install/moveit_ros_occupancy_map_monitor:/home/matteo-melzer/ws_moveit/install/moveit_resources_prbt_ikfast_manipulator_plugin:/home/matteo-melzer/ws_moveit/install/moveit_planners_chomp:/home/matteo-melzer/ws_moveit/install/moveit_kinematics:/home/matteo-melzer/ws_moveit/install/moveit_chomp_optimizer_adapter:/home/matteo-melzer/ws_moveit/install/chomp_motion_planner:/home/matteo-melzer/ws_moveit/install/moveit_core:/home/matteo-melzer/ws_moveit/install/rviz_marker_tools:/home/matteo-melzer/ws_moveit/install/rosparam_shortcuts:/home/matteo-melzer/ws_moveit/install/moveit_task_constructor_msgs:/home/matteo-melzer/ws_moveit/install/moveit_resources_prbt_support:/home/matteo-melzer/ws_moveit/install/moveit_resources:/home/matteo-melzer/ws_moveit/install/moveit_resources_fanuc_moveit_config:/home/matteo-melzer/ws_moveit/install/moveit_resources_fanuc_description:/home/matteo-melzer/ros2_ws/install/py_srvcli:/home/matteo-melzer/ros2_ws/install/py_pubsub:/home/matteo-melzer/ws_moveit/install/moveit_configs_utils:/home/matteo-melzer/ws_moveit/install/launch_param_builder:/opt/ros/humble LD_LIBRARY_PATH=/home/matteo-melzer/ws_moveit/install/srdfdom/lib:/home/matteo-melzer/ros2_ws/install/tutorial_interfaces/lib:/home/matteo-melzer/ros2_ws/install/turtlesim/lib:/home/matteo-melzer/ws_moveit/install/pilz_industrial_motion_planner_testutils/lib:/home/matteo-melzer/ws_moveit/install/pilz_industrial_motion_planner/lib:/home/matteo-melzer/ws_moveit/install/moveit_visual_tools/lib:/home/matteo-melzer/ws_moveit/install/moveit_task_constructor_visualization/lib:/home/matteo-melzer/ws_moveit/install/moveit_task_constructor_demo/lib:/home/matteo-melzer/ws_moveit/install/moveit_task_constructor_capabilities/lib:/home/matteo-melzer/ws_moveit/install/moveit_task_constructor_core/lib:/home/matteo-melzer/ws_moveit/install/moveit_ros_control_interface/lib:/home/matteo-melzer/ws_moveit/install/moveit_simple_controller_manager/lib:/home/matteo-melzer/ws_moveit/install/moveit_setup_assistant/lib:/home/matteo-melzer/ws_moveit/install/moveit_setup_srdf_plugins/lib:/home/matteo-melzer/ws_moveit/install/moveit_setup_core_plugins/lib:/home/matteo-melzer/ws_moveit/install/moveit_setup_controllers/lib:/home/matteo-melzer/ws_moveit/install/moveit_setup_app_plugins/lib:/home/matteo-melzer/ws_moveit/install/moveit_setup_framework/lib:/home/matteo-melzer/ws_moveit/install/moveit_servo/lib:/home/matteo-melzer/ws_moveit/install/moveit_ros_visualization/lib:/home/matteo-melzer/ws_moveit/install/moveit_hybrid_planning/lib:/home/matteo-melzer/ws_moveit/install/moveit_ros_planning_interface/lib:/home/matteo-melzer/ws_moveit/install/moveit_ros_benchmarks/lib:/home/matteo-melzer/ws_moveit/install/moveit_ros_warehouse/lib:/home/matteo-melzer/ws_moveit/install/moveit_ros_robot_interaction/lib:/home/matteo-melzer/ws_moveit/install/moveit_ros_perception/lib:/home/matteo-melzer/ws_moveit/install/moveit_ros_move_group/lib:/home/matteo-melzer/ws_moveit/install/moveit_planners_ompl/lib:/home/matteo-melzer/ws_moveit/install/moveit_ros_planning/lib:/home/matteo-melzer/ws_moveit/install/moveit_ros_occupancy_map_monitor/lib:/home/matteo-melzer/ws_moveit/install/moveit_resources_prbt_ikfast_manipulator_plugin/lib:/home/matteo-melzer/ws_moveit/install/moveit_planners_chomp/lib:/home/matteo-melzer/ws_moveit/install/moveit_kinematics/lib:/home/matteo-melzer/ws_moveit/install/moveit_chomp_optimizer_adapter/lib:/home/matteo-melzer/ws_moveit/install/chomp_motion_planner/lib:/home/matteo-melzer/ws_moveit/install/moveit_core/lib:/home/matteo-melzer/ws_moveit/install/rviz_marker_tools/lib:/home/matteo-melzer/ws_moveit/install/rosparam_shortcuts/lib:/home/matteo-melzer/ws_moveit/install/moveit_task_constructor_msgs/lib:/opt/ros/humble/opt/rviz_ogre_vendor/lib:/opt/ros/humble/lib/x86_64-linux-gnu:/opt/ros/humble/lib /usr/bin/cmake /home/matteo-melzer/ws_moveit/src/moveit2/moveit_core -DCMAKE_INSTALL_PREFIX=/home/matteo-melzer/ws_moveit/install/moveit_core
[13.035s] Invoking command in '/home/matteo-melzer/ws_moveit/build/moveit_core': CMAKE_PREFIX_PATH=/home/matteo-melzer/ws_moveit/install/moveit_resources_panda_moveit_config:/home/matteo-melzer/ws_moveit/install/srdfdom:/home/matteo-melzer/ws_moveit/install/moveit_resources_pr2_description:/home/matteo-melzer/ws_moveit/install/moveit_resources_panda_description:/home/matteo-melzer/ws_moveit/install/moveit_common:/home/matteo-melzer/ros2_ws/install/ur_description:/home/matteo-melzer/ros2_ws/install/tutorial_interfaces:/home/matteo-melzer/ros2_ws/install/turtlesim:/home/matteo-melzer/ws_moveit/install/pilz_industrial_motion_planner_testutils:/home/matteo-melzer/ws_moveit/install/moveit_runtime:/home/matteo-melzer/ws_moveit/install/moveit2_tutorials:/home/matteo-melzer/ws_moveit/install/moveit:/home/matteo-melzer/ws_moveit/install/moveit_planners:/home/matteo-melzer/ws_moveit/install/pilz_industrial_motion_planner:/home/matteo-melzer/ws_moveit/install/mtc_tutorial:/home/matteo-melzer/ws_moveit/install/hello_moveit:/home/matteo-melzer/ws_moveit/install/moveit_visual_tools:/home/matteo-melzer/ws_moveit/install/moveit_task_constructor_visualization:/home/matteo-melzer/ws_moveit/install/moveit_task_constructor_demo:/home/matteo-melzer/ws_moveit/install/moveit_task_constructor_capabilities:/home/matteo-melzer/ws_moveit/install/moveit_task_constructor_core:/home/matteo-melzer/ws_moveit/install/moveit_ros_control_interface:/home/matteo-melzer/ws_moveit/install/moveit_plugins:/home/matteo-melzer/ws_moveit/install/moveit_simple_controller_manager:/home/matteo-melzer/ws_moveit/install/moveit_setup_assistant:/home/matteo-melzer/ws_moveit/install/moveit_setup_srdf_plugins:/home/matteo-melzer/ws_moveit/install/moveit_setup_core_plugins:/home/matteo-melzer/ws_moveit/install/moveit_setup_controllers:/home/matteo-melzer/ws_moveit/install/moveit_setup_app_plugins:/home/matteo-melzer/ws_moveit/install/moveit_setup_framework:/home/matteo-melzer/ws_moveit/install/moveit_servo:/home/matteo-melzer/ws_moveit/install/moveit_ros:/home/matteo-melzer/ws_moveit/install/moveit_ros_visualization:/home/matteo-melzer/ws_moveit/install/moveit_hybrid_planning:/home/matteo-melzer/ws_moveit/install/moveit_ros_planning_interface:/home/matteo-melzer/ws_moveit/install/moveit_ros_benchmarks:/home/matteo-melzer/ws_moveit/install/moveit_ros_warehouse:/home/matteo-melzer/ws_moveit/install/moveit_ros_robot_interaction:/home/matteo-melzer/ws_moveit/install/moveit_ros_perception:/home/matteo-melzer/ws_moveit/install/moveit_resources_prbt_pg70_support:/home/matteo-melzer/ws_moveit/install/moveit_resources_prbt_moveit_config:/home/matteo-melzer/ws_moveit/install/moveit_ros_move_group:/home/matteo-melzer/ws_moveit/install/moveit_planners_ompl:/home/matteo-melzer/ws_moveit/install/moveit_ros_planning:/home/matteo-melzer/ws_moveit/install/moveit_ros_occupancy_map_monitor:/home/matteo-melzer/ws_moveit/install/moveit_resources_prbt_ikfast_manipulator_plugin:/home/matteo-melzer/ws_moveit/install/moveit_planners_chomp:/home/matteo-melzer/ws_moveit/install/moveit_kinematics:/home/matteo-melzer/ws_moveit/install/moveit_chomp_optimizer_adapter:/home/matteo-melzer/ws_moveit/install/chomp_motion_planner:/home/matteo-melzer/ws_moveit/install/moveit_core:/home/matteo-melzer/ws_moveit/install/rviz_marker_tools:/home/matteo-melzer/ws_moveit/install/rosparam_shortcuts:/home/matteo-melzer/ws_moveit/install/moveit_task_constructor_msgs:/home/matteo-melzer/ws_moveit/install/moveit_resources_prbt_support:/home/matteo-melzer/ws_moveit/install/moveit_resources:/home/matteo-melzer/ws_moveit/install/moveit_resources_fanuc_moveit_config:/home/matteo-melzer/ws_moveit/install/moveit_resources_fanuc_description:/home/matteo-melzer/ros2_ws/install/py_srvcli:/home/matteo-melzer/ros2_ws/install/py_pubsub:/home/matteo-melzer/ws_moveit/install/moveit_configs_utils:/home/matteo-melzer/ws_moveit/install/launch_param_builder:/opt/ros/humble LD_LIBRARY_PATH=/home/matteo-melzer/ws_moveit/install/srdfdom/lib:/home/matteo-melzer/ros2_ws/install/tutorial_interfaces/lib:/home/matteo-melzer/ros2_ws/install/turtlesim/lib:/home/matteo-melzer/ws_moveit/install/pilz_industrial_motion_planner_testutils/lib:/home/matteo-melzer/ws_moveit/install/pilz_industrial_motion_planner/lib:/home/matteo-melzer/ws_moveit/install/moveit_visual_tools/lib:/home/matteo-melzer/ws_moveit/install/moveit_task_constructor_visualization/lib:/home/matteo-melzer/ws_moveit/install/moveit_task_constructor_demo/lib:/home/matteo-melzer/ws_moveit/install/moveit_task_constructor_capabilities/lib:/home/matteo-melzer/ws_moveit/install/moveit_task_constructor_core/lib:/home/matteo-melzer/ws_moveit/install/moveit_ros_control_interface/lib:/home/matteo-melzer/ws_moveit/install/moveit_simple_controller_manager/lib:/home/matteo-melzer/ws_moveit/install/moveit_setup_assistant/lib:/home/matteo-melzer/ws_moveit/install/moveit_setup_srdf_plugins/lib:/home/matteo-melzer/ws_moveit/install/moveit_setup_core_plugins/lib:/home/matteo-melzer/ws_moveit/install/moveit_setup_controllers/lib:/home/matteo-melzer/ws_moveit/install/moveit_setup_app_plugins/lib:/home/matteo-melzer/ws_moveit/install/moveit_setup_framework/lib:/home/matteo-melzer/ws_moveit/install/moveit_servo/lib:/home/matteo-melzer/ws_moveit/install/moveit_ros_visualization/lib:/home/matteo-melzer/ws_moveit/install/moveit_hybrid_planning/lib:/home/matteo-melzer/ws_moveit/install/moveit_ros_planning_interface/lib:/home/matteo-melzer/ws_moveit/install/moveit_ros_benchmarks/lib:/home/matteo-melzer/ws_moveit/install/moveit_ros_warehouse/lib:/home/matteo-melzer/ws_moveit/install/moveit_ros_robot_interaction/lib:/home/matteo-melzer/ws_moveit/install/moveit_ros_perception/lib:/home/matteo-melzer/ws_moveit/install/moveit_ros_move_group/lib:/home/matteo-melzer/ws_moveit/install/moveit_planners_ompl/lib:/home/matteo-melzer/ws_moveit/install/moveit_ros_planning/lib:/home/matteo-melzer/ws_moveit/install/moveit_ros_occupancy_map_monitor/lib:/home/matteo-melzer/ws_moveit/install/moveit_resources_prbt_ikfast_manipulator_plugin/lib:/home/matteo-melzer/ws_moveit/install/moveit_planners_chomp/lib:/home/matteo-melzer/ws_moveit/install/moveit_kinematics/lib:/home/matteo-melzer/ws_moveit/install/moveit_chomp_optimizer_adapter/lib:/home/matteo-melzer/ws_moveit/install/chomp_motion_planner/lib:/home/matteo-melzer/ws_moveit/install/moveit_core/lib:/home/matteo-melzer/ws_moveit/install/rviz_marker_tools/lib:/home/matteo-melzer/ws_moveit/install/rosparam_shortcuts/lib:/home/matteo-melzer/ws_moveit/install/moveit_task_constructor_msgs/lib:/opt/ros/humble/opt/rviz_ogre_vendor/lib:/opt/ros/humble/lib/x86_64-linux-gnu:/opt/ros/humble/lib /usr/bin/cmake --build /home/matteo-melzer/ws_moveit/build/moveit_core -- -j2 -l2
[13.313s] [  1%] [32mBuilding CXX object exceptions/CMakeFiles/moveit_exceptions.dir/src/exceptions.cpp.o[0m
[13.347s] [  2%] [32mBuilding CXX object transforms/CMakeFiles/moveit_transforms.dir/src/transforms.cpp.o[0m
[16.065s] [  2%] [32m[1mLinking CXX shared library libmoveit_exceptions.so[0m
[16.743s] [  2%] Built target moveit_exceptions
[29.873s] [  2%] [32m[1mLinking CXX shared library libmoveit_transforms.so[0m
[30.276s] [  2%] Built target moveit_transforms
[30.331s] [  3%] [32mBuilding CXX object kinematics_base/CMakeFiles/moveit_kinematics_base.dir/src/kinematics_base.cpp.o[0m
[39.742s] [  3%] [32m[1mLinking CXX shared library libmoveit_kinematics_base.so[0m
[40.083s] [  3%] Built target moveit_kinematics_base
[40.161s] [  4%] [32mBuilding CXX object distance_field/CMakeFiles/moveit_distance_field.dir/src/distance_field.cpp.o[0m
[54.143s] [  5%] [32mBuilding CXX object distance_field/CMakeFiles/moveit_distance_field.dir/src/find_internal_points.cpp.o[0m
[56.747s] [  5%] [32mBuilding CXX object distance_field/CMakeFiles/moveit_distance_field.dir/src/propagation_distance_field.cpp.o[0m
[71.105s] [  6%] [32m[1mLinking CXX shared library libmoveit_distance_field.so[0m
[71.506s] [  6%] Built target moveit_distance_field
[71.612s] [  7%] [32mBuilding CXX object utils/CMakeFiles/moveit_utils.dir/src/lexical_casts.cpp.o[0m
[72.541s] [  7%] [32mBuilding CXX object utils/CMakeFiles/moveit_utils.dir/src/message_checks.cpp.o[0m
[74.723s] [  8%] [32mBuilding CXX object utils/CMakeFiles/moveit_utils.dir/src/rclcpp_utils.cpp.o[0m
[75.381s] [  9%] [32m[1mLinking CXX shared library libmoveit_utils.so[0m
[76.626s] [  9%] Built target moveit_utils
[76.702s] [  9%] [32mBuilding CXX object gtest/CMakeFiles/gtest.dir/src/gtest-all.cc.o[0m
[89.608s] [ 10%] [32m[1mLinking CXX static library libgtest.a[0m
[89.739s] [ 10%] Built target gtest
[89.799s] [ 11%] [32mBuilding CXX object gtest/CMakeFiles/gtest_main.dir/src/gtest_main.cc.o[0m
[92.464s] [ 11%] [32m[1mLinking CXX static library libgtest_main.a[0m
[92.519s] [ 11%] Built target gtest_main
[92.556s] [ 11%] [32mBuilding CXX object gmock/CMakeFiles/gmock.dir/opt/ros/humble/src/gtest_vendor/src/gtest-all.cc.o[0m
[101.949s] [ 12%] [32mBuilding CXX object gmock/CMakeFiles/gmock.dir/src/gmock-all.cc.o[0m
[105.590s] [ 13%] [32m[1mLinking CXX static library libgmock.a[0m
[105.646s] [ 13%] Built target gmock
[105.680s] [ 13%] [32mBuilding CXX object gmock/CMakeFiles/gmock_main.dir/src/gmock_main.cc.o[0m
[107.128s] [ 14%] [32m[1mLinking CXX static library libgmock_main.a[0m
[107.211s] [ 14%] Built target gmock_main
[107.262s] [ 15%] [32mBuilding CXX object distance_field/CMakeFiles/test_voxel_grid.dir/test/test_voxel_grid.cpp.o[0m
[113.303s] [ 15%] [32m[1mLinking CXX executable test_voxel_grid[0m
[113.567s] [ 15%] Built target test_voxel_grid
[113.613s] [ 16%] [32mBuilding CXX object distance_field/CMakeFiles/test_distance_field.dir/test/test_distance_field.cpp.o[0m
[128.377s] [ 16%] [32m[1mLinking CXX executable test_distance_field[0m
[128.773s] [ 16%] Built target test_distance_field
[128.844s] [ 17%] [32mBuilding CXX object online_signal_smoothing/CMakeFiles/moveit_smoothing_base.dir/src/smoothing_base_class.cpp.o[0m
[133.173s] [ 17%] [32m[1mLinking CXX shared library libmoveit_smoothing_base.so[0m
[133.370s] [ 17%] Built target moveit_smoothing_base
[133.410s] [ 18%] [34m[1mRunning `/opt/ros/humble/bin/generate_parameter_library_cpp /home/matteo-melzer/ws_moveit/build/moveit_core/online_signal_smoothing/include/moveit_core/moveit_butterworth_parameters.hpp /home/matteo-melzer/ws_moveit/src/moveit2/moveit_core/online_signal_smoothing/src/butterworth_parameters.yaml `[0m
[133.672s] [ 19%] [34m[1mCreating deprecated header file /home/matteo-melzer/ws_moveit/build/moveit_core/online_signal_smoothing/include/moveit_butterworth_parameters.hpp[0m
[133.709s] [ 19%] Built target moveit_butterworth_parameters
[133.761s] [ 19%] [32mBuilding CXX object transforms/CMakeFiles/test_transforms.dir/test/test_transforms.cpp.o[0m
[134.468s] gmake[2]: *** [transforms/CMakeFiles/test_transforms.dir/build.make:76: transforms/CMakeFiles/test_transforms.dir/test/test_transforms.cpp.o] Interrupt
[134.468s] gmake[1]: *** [CMakeFiles/Makefile2:2076: transforms/CMakeFiles/test_transforms.dir/all] Interrupt
[134.468s] gmake: *** [Makefile:146: all] Interrupt
[134.478s] Invoked command in '/home/matteo-melzer/ws_moveit/build/moveit_core' returned '-2': CMAKE_PREFIX_PATH=/home/matteo-melzer/ws_moveit/install/moveit_resources_panda_moveit_config:/home/matteo-melzer/ws_moveit/install/srdfdom:/home/matteo-melzer/ws_moveit/install/moveit_resources_pr2_description:/home/matteo-melzer/ws_moveit/install/moveit_resources_panda_description:/home/matteo-melzer/ws_moveit/install/moveit_common:/home/matteo-melzer/ros2_ws/install/ur_description:/home/matteo-melzer/ros2_ws/install/tutorial_interfaces:/home/matteo-melzer/ros2_ws/install/turtlesim:/home/matteo-melzer/ws_moveit/install/pilz_industrial_motion_planner_testutils:/home/matteo-melzer/ws_moveit/install/moveit_runtime:/home/matteo-melzer/ws_moveit/install/moveit2_tutorials:/home/matteo-melzer/ws_moveit/install/moveit:/home/matteo-melzer/ws_moveit/install/moveit_planners:/home/matteo-melzer/ws_moveit/install/pilz_industrial_motion_planner:/home/matteo-melzer/ws_moveit/install/mtc_tutorial:/home/matteo-melzer/ws_moveit/install/hello_moveit:/home/matteo-melzer/ws_moveit/install/moveit_visual_tools:/home/matteo-melzer/ws_moveit/install/moveit_task_constructor_visualization:/home/matteo-melzer/ws_moveit/install/moveit_task_constructor_demo:/home/matteo-melzer/ws_moveit/install/moveit_task_constructor_capabilities:/home/matteo-melzer/ws_moveit/install/moveit_task_constructor_core:/home/matteo-melzer/ws_moveit/install/moveit_ros_control_interface:/home/matteo-melzer/ws_moveit/install/moveit_plugins:/home/matteo-melzer/ws_moveit/install/moveit_simple_controller_manager:/home/matteo-melzer/ws_moveit/install/moveit_setup_assistant:/home/matteo-melzer/ws_moveit/install/moveit_setup_srdf_plugins:/home/matteo-melzer/ws_moveit/install/moveit_setup_core_plugins:/home/matteo-melzer/ws_moveit/install/moveit_setup_controllers:/home/matteo-melzer/ws_moveit/install/moveit_setup_app_plugins:/home/matteo-melzer/ws_moveit/install/moveit_setup_framework:/home/matteo-melzer/ws_moveit/install/moveit_servo:/home/matteo-melzer/ws_moveit/install/moveit_ros:/home/matteo-melzer/ws_moveit/install/moveit_ros_visualization:/home/matteo-melzer/ws_moveit/install/moveit_hybrid_planning:/home/matteo-melzer/ws_moveit/install/moveit_ros_planning_interface:/home/matteo-melzer/ws_moveit/install/moveit_ros_benchmarks:/home/matteo-melzer/ws_moveit/install/moveit_ros_warehouse:/home/matteo-melzer/ws_moveit/install/moveit_ros_robot_interaction:/home/matteo-melzer/ws_moveit/install/moveit_ros_perception:/home/matteo-melzer/ws_moveit/install/moveit_resources_prbt_pg70_support:/home/matteo-melzer/ws_moveit/install/moveit_resources_prbt_moveit_config:/home/matteo-melzer/ws_moveit/install/moveit_ros_move_group:/home/matteo-melzer/ws_moveit/install/moveit_planners_ompl:/home/matteo-melzer/ws_moveit/install/moveit_ros_planning:/home/matteo-melzer/ws_moveit/install/moveit_ros_occupancy_map_monitor:/home/matteo-melzer/ws_moveit/install/moveit_resources_prbt_ikfast_manipulator_plugin:/home/matteo-melzer/ws_moveit/install/moveit_planners_chomp:/home/matteo-melzer/ws_moveit/install/moveit_kinematics:/home/matteo-melzer/ws_moveit/install/moveit_chomp_optimizer_adapter:/home/matteo-melzer/ws_moveit/install/chomp_motion_planner:/home/matteo-melzer/ws_moveit/install/moveit_core:/home/matteo-melzer/ws_moveit/install/rviz_marker_tools:/home/matteo-melzer/ws_moveit/install/rosparam_shortcuts:/home/matteo-melzer/ws_moveit/install/moveit_task_constructor_msgs:/home/matteo-melzer/ws_moveit/install/moveit_resources_prbt_support:/home/matteo-melzer/ws_moveit/install/moveit_resources:/home/matteo-melzer/ws_moveit/install/moveit_resources_fanuc_moveit_config:/home/matteo-melzer/ws_moveit/install/moveit_resources_fanuc_description:/home/matteo-melzer/ros2_ws/install/py_srvcli:/home/matteo-melzer/ros2_ws/install/py_pubsub:/home/matteo-melzer/ws_moveit/install/moveit_configs_utils:/home/matteo-melzer/ws_moveit/install/launch_param_builder:/opt/ros/humble LD_LIBRARY_PATH=/home/matteo-melzer/ws_moveit/install/srdfdom/lib:/home/matteo-melzer/ros2_ws/install/tutorial_interfaces/lib:/home/matteo-melzer/ros2_ws/install/turtlesim/lib:/home/matteo-melzer/ws_moveit/install/pilz_industrial_motion_planner_testutils/lib:/home/matteo-melzer/ws_moveit/install/pilz_industrial_motion_planner/lib:/home/matteo-melzer/ws_moveit/install/moveit_visual_tools/lib:/home/matteo-melzer/ws_moveit/install/moveit_task_constructor_visualization/lib:/home/matteo-melzer/ws_moveit/install/moveit_task_constructor_demo/lib:/home/matteo-melzer/ws_moveit/install/moveit_task_constructor_capabilities/lib:/home/matteo-melzer/ws_moveit/install/moveit_task_constructor_core/lib:/home/matteo-melzer/ws_moveit/install/moveit_ros_control_interface/lib:/home/matteo-melzer/ws_moveit/install/moveit_simple_controller_manager/lib:/home/matteo-melzer/ws_moveit/install/moveit_setup_assistant/lib:/home/matteo-melzer/ws_moveit/install/moveit_setup_srdf_plugins/lib:/home/matteo-melzer/ws_moveit/install/moveit_setup_core_plugins/lib:/home/matteo-melzer/ws_moveit/install/moveit_setup_controllers/lib:/home/matteo-melzer/ws_moveit/install/moveit_setup_app_plugins/lib:/home/matteo-melzer/ws_moveit/install/moveit_setup_framework/lib:/home/matteo-melzer/ws_moveit/install/moveit_servo/lib:/home/matteo-melzer/ws_moveit/install/moveit_ros_visualization/lib:/home/matteo-melzer/ws_moveit/install/moveit_hybrid_planning/lib:/home/matteo-melzer/ws_moveit/install/moveit_ros_planning_interface/lib:/home/matteo-melzer/ws_moveit/install/moveit_ros_benchmarks/lib:/home/matteo-melzer/ws_moveit/install/moveit_ros_warehouse/lib:/home/matteo-melzer/ws_moveit/install/moveit_ros_robot_interaction/lib:/home/matteo-melzer/ws_moveit/install/moveit_ros_perception/lib:/home/matteo-melzer/ws_moveit/install/moveit_ros_move_group/lib:/home/matteo-melzer/ws_moveit/install/moveit_planners_ompl/lib:/home/matteo-melzer/ws_moveit/install/moveit_ros_planning/lib:/home/matteo-melzer/ws_moveit/install/moveit_ros_occupancy_map_monitor/lib:/home/matteo-melzer/ws_moveit/install/moveit_resources_prbt_ikfast_manipulator_plugin/lib:/home/matteo-melzer/ws_moveit/install/moveit_planners_chomp/lib:/home/matteo-melzer/ws_moveit/install/moveit_kinematics/lib:/home/matteo-melzer/ws_moveit/install/moveit_chomp_optimizer_adapter/lib:/home/matteo-melzer/ws_moveit/install/chomp_motion_planner/lib:/home/matteo-melzer/ws_moveit/install/moveit_core/lib:/home/matteo-melzer/ws_moveit/install/rviz_marker_tools/lib:/home/matteo-melzer/ws_moveit/install/rosparam_shortcuts/lib:/home/matteo-melzer/ws_moveit/install/moveit_task_constructor_msgs/lib:/opt/ros/humble/opt/rviz_ogre_vendor/lib:/opt/ros/humble/lib/x86_64-linux-gnu:/opt/ros/humble/lib /usr/bin/cmake --build /home/matteo-melzer/ws_moveit/build/moveit_core -- -j2 -l2
