[0.245s] Invoking command in '/home/matteo-melzer/ws_moveit/build/moveit_ros_perception': AMENT_PREFIX_PATH=/home/matteo-melzer/ws_moveit/install/moveit_ros_planning:/home/matteo-melzer/ws_moveit/install/moveit_ros_occupancy_map_monitor:/home/matteo-melzer/ws_moveit/install/moveit_core:/home/matteo-melzer/ws_moveit/install/moveit_configs_utils:/home/matteo-melzer/ws_moveit/install/launch_param_builder:/home/matteo-melzer/ws_moveit/install/ur10e_moveit_launch:/home/matteo-melzer/ws_moveit/install/rosparam_shortcuts:/home/matteo-melzer/ws_moveit/install/moveit_resources:/home/matteo-melzer/ws_moveit/install/rviz_marker_tools:/home/matteo-melzer/ros2_ws/install/ur_description:/home/matteo-melzer/ros2_ws/install/py_srvcli:/home/matteo-melzer/ros2_ws/install/py_pubsub:/home/matteo-melzer/ros2_ws/install/tutorial_interfaces:/home/matteo-melzer/ros2_ws/install/turtlesim:/home/matteo-melzer/ws_moveit/install/ur_description:/home/matteo-melzer/ws_moveit/install/srdfdom:/home/matteo-melzer/ws_moveit/install/moveit_task_constructor_msgs:/home/matteo-melzer/ws_moveit/install/moveit_resources_prbt_support:/home/matteo-melzer/ws_moveit/install/moveit_resources_pr2_description:/home/matteo-melzer/ws_moveit/install/moveit_resources_panda_moveit_config:/home/matteo-melzer/ws_moveit/install/moveit_resources_panda_description:/home/matteo-melzer/ws_moveit/install/moveit_resources_fanuc_moveit_config:/home/matteo-melzer/ws_moveit/install/moveit_resources_fanuc_description:/home/matteo-melzer/ws_moveit/install/moveit_common:/opt/ros/humble CMAKE_PREFIX_PATH=/home/matteo-melzer/ws_moveit/install/moveit_ros_planning:/home/matteo-melzer/ws_moveit/install/moveit_ros_occupancy_map_monitor:/home/matteo-melzer/ws_moveit/install/moveit_core:/home/matteo-melzer/ws_moveit/install/moveit_resources_panda_moveit_config:/home/matteo-melzer/ws_moveit/install/srdfdom:/home/matteo-melzer/ws_moveit/install/moveit_resources_pr2_description:/home/matteo-melzer/ws_moveit/install/moveit_resources_panda_description:/home/matteo-melzer/ws_moveit/install/moveit_common:/home/matteo-melzer/ws_moveit/install/ur10e_moveit_launch:/home/matteo-melzer/ws_moveit/install/rosparam_shortcuts:/home/matteo-melzer/ws_moveit/install/moveit_resources:/home/matteo-melzer/ws_moveit/install/rviz_marker_tools:/home/matteo-melzer/ros2_ws/install/ur_description:/home/matteo-melzer/ros2_ws/install/tutorial_interfaces:/home/matteo-melzer/ros2_ws/install/turtlesim:/home/matteo-melzer/ws_moveit/install/ur_description:/home/matteo-melzer/ws_moveit/install/moveit_task_constructor_msgs:/home/matteo-melzer/ws_moveit/install/moveit_resources_prbt_support:/home/matteo-melzer/ws_moveit/install/moveit_resources_fanuc_moveit_config:/home/matteo-melzer/ws_moveit/install/moveit_resources_fanuc_description:/home/matteo-melzer/ros2_ws/install/py_srvcli:/home/matteo-melzer/ros2_ws/install/py_pubsub:/home/matteo-melzer/ws_moveit/install/moveit_configs_utils:/home/matteo-melzer/ws_moveit/install/launch_param_builder:/opt/ros/humble LD_LIBRARY_PATH=/home/matteo-melzer/ws_moveit/install/moveit_ros_planning/lib:/home/matteo-melzer/ws_moveit/install/moveit_ros_occupancy_map_monitor/lib:/home/matteo-melzer/ws_moveit/install/moveit_core/lib:/home/matteo-melzer/ws_moveit/install/srdfdom/lib:/home/matteo-melzer/ws_moveit/install/rosparam_shortcuts/lib:/home/matteo-melzer/ws_moveit/install/rviz_marker_tools/lib:/home/matteo-melzer/ros2_ws/install/tutorial_interfaces/lib:/home/matteo-melzer/ros2_ws/install/turtlesim/lib:/home/matteo-melzer/ws_moveit/install/moveit_task_constructor_msgs/lib:/opt/ros/humble/opt/rviz_ogre_vendor/lib:/opt/ros/humble/lib/x86_64-linux-gnu:/opt/ros/humble/lib PATH=/home/matteo-melzer/ws_moveit/install/moveit_core/bin:${PATH} PYTHONPATH=/home/matteo-melzer/ws_moveit/install/moveit_configs_utils/lib/python3.10/site-packages:/home/matteo-melzer/ws_moveit/install/launch_param_builder/lib/python3.10/site-packages:/home/matteo-melzer/ros2_ws/install/py_srvcli/lib/python3.10/site-packages:/home/matteo-melzer/ros2_ws/install/py_pubsub/lib/python3.10/site-packages:/home/matteo-melzer/ros2_ws/install/tutorial_interfaces/local/lib/python3.10/dist-packages:/home/matteo-melzer/ros2_ws/install/turtlesim/local/lib/python3.10/dist-packages:/home/matteo-melzer/ws_moveit/install/srdfdom/local/lib/python3.10/dist-packages:/home/matteo-melzer/ws_moveit/install/moveit_task_constructor_msgs/local/lib/python3.10/dist-packages:/opt/ros/humble/lib/python3.10/site-packages:/opt/ros/humble/local/lib/python3.10/dist-packages /usr/bin/cmake /home/matteo-melzer/ws_moveit/src/moveit2/moveit_ros/perception -DCMAKE_INSTALL_PREFIX=/home/matteo-melzer/ws_moveit/install/moveit_ros_perception
[0.540s] -- The C compiler identification is GNU 11.4.0
[0.620s] -- The CXX compiler identification is GNU 11.4.0
[0.654s] -- Detecting C compiler ABI info
[0.882s] -- Detecting C compiler ABI info - done
[0.905s] -- Check for working C compiler: /usr/bin/cc - skipped
[0.907s] -- Detecting C compile features
[0.911s] -- Detecting C compile features - done
[0.925s] -- Detecting CXX compiler ABI info
[1.204s] -- Detecting CXX compiler ABI info - done
[1.222s] -- Check for working CXX compiler: /usr/bin/c++ - skipped
[1.226s] -- Detecting CXX compile features
[1.226s] -- Detecting CXX compile features - done
[1.237s] -- Found moveit_common: 2.5.9 (/home/matteo-melzer/ws_moveit/install/moveit_common/share/moveit_common/cmake)
[1.268s] -- Found ament_cmake: 1.3.11 (/opt/ros/humble/share/ament_cmake/cmake)
[1.745s] -- Found Python3: /usr/bin/python3 (found version "3.10.12") found components: Interpreter 
[2.279s] [0mmoveit_ros_perception: You did not request a specific build type: Choosing 'Release' for maximum performance[0m
[2.312s] -- Found OpenGL: /usr/lib/x86_64-linux-gnu/libOpenGL.so   
[2.402s] -- Found GLEW: /usr/include (found version "2.2.0") 
[2.411s] -- Found PkgConfig: /usr/bin/pkg-config (found version "0.29.2") 
[2.411s] -- Checking for module 'glut'
[2.420s] --   No package 'glut' found
[2.424s] -- Found GLUT: /usr/lib/x86_64-linux-gnu/libglut.so  
[2.431s] -- Found cv_bridge: 3.2.1 (/opt/ros/humble/share/cv_bridge/cmake)
[2.628s] -- Found rosidl_generator_c: 3.1.6 (/opt/ros/humble/share/rosidl_generator_c/cmake)
[2.661s] -- Found rosidl_adapter: 3.1.6 (/opt/ros/humble/share/rosidl_adapter/cmake)
[2.699s] -- Found rosidl_generator_cpp: 3.1.6 (/opt/ros/humble/share/rosidl_generator_cpp/cmake)
[2.730s] -- Using all available rosidl_typesupport_c: rosidl_typesupport_fastrtps_c;rosidl_typesupport_introspection_c
[2.765s] -- Using all available rosidl_typesupport_cpp: rosidl_typesupport_fastrtps_cpp;rosidl_typesupport_introspection_cpp
[2.868s] -- Found moveit_core: 2.5.9 (/home/matteo-melzer/ws_moveit/install/moveit_core/share/moveit_core/cmake)
[3.316s] -- Found Boost: /usr/lib/x86_64-linux-gnu/cmake/Boost-1.74.0/BoostConfig.cmake (found version "1.74.0") found components: chrono date_time filesystem iostreams program_options regex serialization system thread 
[3.433s] -- Found parameter_traits: 0.5.0 (/opt/ros/humble/share/parameter_traits/cmake)
[3.607s] -- Found rmw_implementation_cmake: 6.1.2 (/opt/ros/humble/share/rmw_implementation_cmake/cmake)
[3.611s] -- Found rmw_fastrtps_cpp: 6.2.7 (/opt/ros/humble/share/rmw_fastrtps_cpp/cmake)
[3.786s] -- Found OpenSSL: /usr/lib/x86_64-linux-gnu/libcrypto.so (found version "3.0.2")  
[3.856s] -- Found FastRTPS: /opt/ros/humble/include  
[3.920s] -- Using RMW implementation 'rmw_fastrtps_cpp' as default
[3.948s] -- Found Threads: TRUE  
[4.044s] -- Found rclcpp_lifecycle: 16.0.12 (/opt/ros/humble/share/rclcpp_lifecycle/cmake)
[4.100s] -- Found Boost: /usr/lib/x86_64-linux-gnu/cmake/Boost-1.74.0/BoostConfig.cmake (found version "1.74.0") found components: filesystem 
[4.272s] -- library: /usr/lib/x86_64-linux-gnu/libcurl.so
[4.383s] -- Found Eigen3: TRUE (found version "3.4.0") 
[4.384s] -- Ensuring Eigen3 include directory is part of orocos-kdl CMake target
[4.925s] -- Found image_transport: 3.1.12 (/opt/ros/humble/share/image_transport/cmake)
[4.930s] -- Found moveit_ros_occupancy_map_monitor: 2.5.9 (/home/matteo-melzer/ws_moveit/install/moveit_ros_occupancy_map_monitor/share/moveit_ros_occupancy_map_monitor/cmake)
[5.755s] -- Found OpenMP_C: -fopenmp (found version "4.5") 
[6.048s] -- Found OpenMP_CXX: -fopenmp (found version "4.5") 
[6.048s] -- Found OpenMP: TRUE (found version "4.5")  
[6.052s] -- Found OpenCV: /usr (found version "4.5.4") 
[6.058s] -- Found Boost: /usr/lib/x86_64-linux-gnu/cmake/Boost-1.74.0/BoostConfig.cmake (found version "1.74.0") found components: thread 
[6.135s] -- Performing Test COMPILER_HAS_HIDDEN_VISIBILITY
[6.339s] -- Performing Test COMPILER_HAS_HIDDEN_VISIBILITY - Success
[6.342s] -- Performing Test COMPILER_HAS_HIDDEN_INLINE_VISIBILITY
[6.681s] -- Performing Test COMPILER_HAS_HIDDEN_INLINE_VISIBILITY - Success
[6.681s] -- Performing Test COMPILER_HAS_DEPRECATED_ATTR
[7.189s] -- Performing Test COMPILER_HAS_DEPRECATED_ATTR - Success
[7.276s] -- Found ament_lint_auto: 0.12.12 (/opt/ros/humble/share/ament_lint_auto/cmake)
[7.390s] -- Added test 'cppcheck' to perform static code analysis on C / C++ code
[7.393s] -- Configured cppcheck include dirs: /home/matteo-melzer/ws_moveit/src/moveit2/moveit_ros/perception/depth_image_octomap_updater/include;/home/matteo-melzer/ws_moveit/src/moveit2/moveit_ros/perception/lazy_free_space_updater/include;/home/matteo-melzer/ws_moveit/src/moveit2/moveit_ros/perception/mesh_filter/include;/home/matteo-melzer/ws_moveit/src/moveit2/moveit_ros/perception/point_containment_filter/include;/home/matteo-melzer/ws_moveit/src/moveit2/moveit_ros/perception/pointcloud_octomap_updater/include;/home/matteo-melzer/ws_moveit/src/moveit2/moveit_ros/perception/semantic_world/include
[7.394s] -- Configured cppcheck exclude dirs and/or files: 
[7.398s] -- Added test 'lint_cmake' to check CMake code style
[7.403s] -- Added test 'xmllint' to check XML markup files
[7.410s] -- Configuring done
[7.796s] -- Generating done
[7.929s] -- Build files have been written to: /home/matteo-melzer/ws_moveit/build/moveit_ros_perception
[7.949s] Invoked command in '/home/matteo-melzer/ws_moveit/build/moveit_ros_perception' returned '0': AMENT_PREFIX_PATH=/home/matteo-melzer/ws_moveit/install/moveit_ros_planning:/home/matteo-melzer/ws_moveit/install/moveit_ros_occupancy_map_monitor:/home/matteo-melzer/ws_moveit/install/moveit_core:/home/matteo-melzer/ws_moveit/install/moveit_configs_utils:/home/matteo-melzer/ws_moveit/install/launch_param_builder:/home/matteo-melzer/ws_moveit/install/ur10e_moveit_launch:/home/matteo-melzer/ws_moveit/install/rosparam_shortcuts:/home/matteo-melzer/ws_moveit/install/moveit_resources:/home/matteo-melzer/ws_moveit/install/rviz_marker_tools:/home/matteo-melzer/ros2_ws/install/ur_description:/home/matteo-melzer/ros2_ws/install/py_srvcli:/home/matteo-melzer/ros2_ws/install/py_pubsub:/home/matteo-melzer/ros2_ws/install/tutorial_interfaces:/home/matteo-melzer/ros2_ws/install/turtlesim:/home/matteo-melzer/ws_moveit/install/ur_description:/home/matteo-melzer/ws_moveit/install/srdfdom:/home/matteo-melzer/ws_moveit/install/moveit_task_constructor_msgs:/home/matteo-melzer/ws_moveit/install/moveit_resources_prbt_support:/home/matteo-melzer/ws_moveit/install/moveit_resources_pr2_description:/home/matteo-melzer/ws_moveit/install/moveit_resources_panda_moveit_config:/home/matteo-melzer/ws_moveit/install/moveit_resources_panda_description:/home/matteo-melzer/ws_moveit/install/moveit_resources_fanuc_moveit_config:/home/matteo-melzer/ws_moveit/install/moveit_resources_fanuc_description:/home/matteo-melzer/ws_moveit/install/moveit_common:/opt/ros/humble CMAKE_PREFIX_PATH=/home/matteo-melzer/ws_moveit/install/moveit_ros_planning:/home/matteo-melzer/ws_moveit/install/moveit_ros_occupancy_map_monitor:/home/matteo-melzer/ws_moveit/install/moveit_core:/home/matteo-melzer/ws_moveit/install/moveit_resources_panda_moveit_config:/home/matteo-melzer/ws_moveit/install/srdfdom:/home/matteo-melzer/ws_moveit/install/moveit_resources_pr2_description:/home/matteo-melzer/ws_moveit/install/moveit_resources_panda_description:/home/matteo-melzer/ws_moveit/install/moveit_common:/home/matteo-melzer/ws_moveit/install/ur10e_moveit_launch:/home/matteo-melzer/ws_moveit/install/rosparam_shortcuts:/home/matteo-melzer/ws_moveit/install/moveit_resources:/home/matteo-melzer/ws_moveit/install/rviz_marker_tools:/home/matteo-melzer/ros2_ws/install/ur_description:/home/matteo-melzer/ros2_ws/install/tutorial_interfaces:/home/matteo-melzer/ros2_ws/install/turtlesim:/home/matteo-melzer/ws_moveit/install/ur_description:/home/matteo-melzer/ws_moveit/install/moveit_task_constructor_msgs:/home/matteo-melzer/ws_moveit/install/moveit_resources_prbt_support:/home/matteo-melzer/ws_moveit/install/moveit_resources_fanuc_moveit_config:/home/matteo-melzer/ws_moveit/install/moveit_resources_fanuc_description:/home/matteo-melzer/ros2_ws/install/py_srvcli:/home/matteo-melzer/ros2_ws/install/py_pubsub:/home/matteo-melzer/ws_moveit/install/moveit_configs_utils:/home/matteo-melzer/ws_moveit/install/launch_param_builder:/opt/ros/humble LD_LIBRARY_PATH=/home/matteo-melzer/ws_moveit/install/moveit_ros_planning/lib:/home/matteo-melzer/ws_moveit/install/moveit_ros_occupancy_map_monitor/lib:/home/matteo-melzer/ws_moveit/install/moveit_core/lib:/home/matteo-melzer/ws_moveit/install/srdfdom/lib:/home/matteo-melzer/ws_moveit/install/rosparam_shortcuts/lib:/home/matteo-melzer/ws_moveit/install/rviz_marker_tools/lib:/home/matteo-melzer/ros2_ws/install/tutorial_interfaces/lib:/home/matteo-melzer/ros2_ws/install/turtlesim/lib:/home/matteo-melzer/ws_moveit/install/moveit_task_constructor_msgs/lib:/opt/ros/humble/opt/rviz_ogre_vendor/lib:/opt/ros/humble/lib/x86_64-linux-gnu:/opt/ros/humble/lib PATH=/home/matteo-melzer/ws_moveit/install/moveit_core/bin:${PATH} PYTHONPATH=/home/matteo-melzer/ws_moveit/install/moveit_configs_utils/lib/python3.10/site-packages:/home/matteo-melzer/ws_moveit/install/launch_param_builder/lib/python3.10/site-packages:/home/matteo-melzer/ros2_ws/install/py_srvcli/lib/python3.10/site-packages:/home/matteo-melzer/ros2_ws/install/py_pubsub/lib/python3.10/site-packages:/home/matteo-melzer/ros2_ws/install/tutorial_interfaces/local/lib/python3.10/dist-packages:/home/matteo-melzer/ros2_ws/install/turtlesim/local/lib/python3.10/dist-packages:/home/matteo-melzer/ws_moveit/install/srdfdom/local/lib/python3.10/dist-packages:/home/matteo-melzer/ws_moveit/install/moveit_task_constructor_msgs/local/lib/python3.10/dist-packages:/opt/ros/humble/lib/python3.10/site-packages:/opt/ros/humble/local/lib/python3.10/dist-packages /usr/bin/cmake /home/matteo-melzer/ws_moveit/src/moveit2/moveit_ros/perception -DCMAKE_INSTALL_PREFIX=/home/matteo-melzer/ws_moveit/install/moveit_ros_perception
[7.962s] Invoking command in '/home/matteo-melzer/ws_moveit/build/moveit_ros_perception': AMENT_PREFIX_PATH=/home/matteo-melzer/ws_moveit/install/moveit_ros_planning:/home/matteo-melzer/ws_moveit/install/moveit_ros_occupancy_map_monitor:/home/matteo-melzer/ws_moveit/install/moveit_core:/home/matteo-melzer/ws_moveit/install/moveit_configs_utils:/home/matteo-melzer/ws_moveit/install/launch_param_builder:/home/matteo-melzer/ws_moveit/install/ur10e_moveit_launch:/home/matteo-melzer/ws_moveit/install/rosparam_shortcuts:/home/matteo-melzer/ws_moveit/install/moveit_resources:/home/matteo-melzer/ws_moveit/install/rviz_marker_tools:/home/matteo-melzer/ros2_ws/install/ur_description:/home/matteo-melzer/ros2_ws/install/py_srvcli:/home/matteo-melzer/ros2_ws/install/py_pubsub:/home/matteo-melzer/ros2_ws/install/tutorial_interfaces:/home/matteo-melzer/ros2_ws/install/turtlesim:/home/matteo-melzer/ws_moveit/install/ur_description:/home/matteo-melzer/ws_moveit/install/srdfdom:/home/matteo-melzer/ws_moveit/install/moveit_task_constructor_msgs:/home/matteo-melzer/ws_moveit/install/moveit_resources_prbt_support:/home/matteo-melzer/ws_moveit/install/moveit_resources_pr2_description:/home/matteo-melzer/ws_moveit/install/moveit_resources_panda_moveit_config:/home/matteo-melzer/ws_moveit/install/moveit_resources_panda_description:/home/matteo-melzer/ws_moveit/install/moveit_resources_fanuc_moveit_config:/home/matteo-melzer/ws_moveit/install/moveit_resources_fanuc_description:/home/matteo-melzer/ws_moveit/install/moveit_common:/opt/ros/humble CMAKE_PREFIX_PATH=/home/matteo-melzer/ws_moveit/install/moveit_ros_planning:/home/matteo-melzer/ws_moveit/install/moveit_ros_occupancy_map_monitor:/home/matteo-melzer/ws_moveit/install/moveit_core:/home/matteo-melzer/ws_moveit/install/moveit_resources_panda_moveit_config:/home/matteo-melzer/ws_moveit/install/srdfdom:/home/matteo-melzer/ws_moveit/install/moveit_resources_pr2_description:/home/matteo-melzer/ws_moveit/install/moveit_resources_panda_description:/home/matteo-melzer/ws_moveit/install/moveit_common:/home/matteo-melzer/ws_moveit/install/ur10e_moveit_launch:/home/matteo-melzer/ws_moveit/install/rosparam_shortcuts:/home/matteo-melzer/ws_moveit/install/moveit_resources:/home/matteo-melzer/ws_moveit/install/rviz_marker_tools:/home/matteo-melzer/ros2_ws/install/ur_description:/home/matteo-melzer/ros2_ws/install/tutorial_interfaces:/home/matteo-melzer/ros2_ws/install/turtlesim:/home/matteo-melzer/ws_moveit/install/ur_description:/home/matteo-melzer/ws_moveit/install/moveit_task_constructor_msgs:/home/matteo-melzer/ws_moveit/install/moveit_resources_prbt_support:/home/matteo-melzer/ws_moveit/install/moveit_resources_fanuc_moveit_config:/home/matteo-melzer/ws_moveit/install/moveit_resources_fanuc_description:/home/matteo-melzer/ros2_ws/install/py_srvcli:/home/matteo-melzer/ros2_ws/install/py_pubsub:/home/matteo-melzer/ws_moveit/install/moveit_configs_utils:/home/matteo-melzer/ws_moveit/install/launch_param_builder:/opt/ros/humble LD_LIBRARY_PATH=/home/matteo-melzer/ws_moveit/install/moveit_ros_planning/lib:/home/matteo-melzer/ws_moveit/install/moveit_ros_occupancy_map_monitor/lib:/home/matteo-melzer/ws_moveit/install/moveit_core/lib:/home/matteo-melzer/ws_moveit/install/srdfdom/lib:/home/matteo-melzer/ws_moveit/install/rosparam_shortcuts/lib:/home/matteo-melzer/ws_moveit/install/rviz_marker_tools/lib:/home/matteo-melzer/ros2_ws/install/tutorial_interfaces/lib:/home/matteo-melzer/ros2_ws/install/turtlesim/lib:/home/matteo-melzer/ws_moveit/install/moveit_task_constructor_msgs/lib:/opt/ros/humble/opt/rviz_ogre_vendor/lib:/opt/ros/humble/lib/x86_64-linux-gnu:/opt/ros/humble/lib PATH=/home/matteo-melzer/ws_moveit/install/moveit_core/bin:${PATH} PYTHONPATH=/home/matteo-melzer/ws_moveit/install/moveit_configs_utils/lib/python3.10/site-packages:/home/matteo-melzer/ws_moveit/install/launch_param_builder/lib/python3.10/site-packages:/home/matteo-melzer/ros2_ws/install/py_srvcli/lib/python3.10/site-packages:/home/matteo-melzer/ros2_ws/install/py_pubsub/lib/python3.10/site-packages:/home/matteo-melzer/ros2_ws/install/tutorial_interfaces/local/lib/python3.10/dist-packages:/home/matteo-melzer/ros2_ws/install/turtlesim/local/lib/python3.10/dist-packages:/home/matteo-melzer/ws_moveit/install/srdfdom/local/lib/python3.10/dist-packages:/home/matteo-melzer/ws_moveit/install/moveit_task_constructor_msgs/local/lib/python3.10/dist-packages:/opt/ros/humble/lib/python3.10/site-packages:/opt/ros/humble/local/lib/python3.10/dist-packages /usr/bin/cmake --build /home/matteo-melzer/ws_moveit/build/moveit_ros_perception -- -j2 -l2
[8.181s] [  5%] [32mBuilding CXX object lazy_free_space_updater/CMakeFiles/moveit_lazy_free_space_updater.dir/src/lazy_free_space_updater.cpp.o[0m
[10.553s] [ 10%] [32m[1mLinking CXX shared library libmoveit_lazy_free_space_updater.so[0m
[10.879s] [ 10%] Built target moveit_lazy_free_space_updater
[10.941s] [ 15%] [32mBuilding CXX object point_containment_filter/CMakeFiles/moveit_point_containment_filter.dir/src/shape_mask.cpp.o[0m
[18.102s] [ 20%] [32m[1mLinking CXX shared library libmoveit_point_containment_filter.so[0m
[18.402s] [ 20%] Built target moveit_point_containment_filter
[18.471s] [ 25%] [32mBuilding CXX object mesh_filter/CMakeFiles/moveit_mesh_filter.dir/src/mesh_filter_base.cpp.o[0m
[26.536s] [ 30%] [32mBuilding CXX object mesh_filter/CMakeFiles/moveit_mesh_filter.dir/src/sensor_model.cpp.o[0m
[28.868s] [ 35%] [32mBuilding CXX object mesh_filter/CMakeFiles/moveit_mesh_filter.dir/src/stereo_camera_model.cpp.o[0m
[31.195s] [ 40%] [32mBuilding CXX object mesh_filter/CMakeFiles/moveit_mesh_filter.dir/src/gl_renderer.cpp.o[0m
[32.624s] [ 45%] [32mBuilding CXX object mesh_filter/CMakeFiles/moveit_mesh_filter.dir/src/gl_mesh.cpp.o[0m
[34.395s] [ 50%] [32m[1mLinking CXX shared library libmoveit_mesh_filter.so[0m
[34.835s] [ 50%] Built target moveit_mesh_filter
[34.889s] [ 55%] [32mBuilding CXX object semantic_world/CMakeFiles/moveit_semantic_world.dir/src/semantic_world.cpp.o[0m
[61.488s] [ 60%] [32m[1mLinking CXX shared library libmoveit_semantic_world.so[0m
[65.036s] [ 60%] Built target moveit_semantic_world
[65.063s] [ 65%] [32mBuilding CXX object pointcloud_octomap_updater/CMakeFiles/moveit_pointcloud_octomap_updater_core.dir/src/pointcloud_octomap_updater.cpp.o[0m
[97.018s] [ 70%] [32m[1mLinking CXX shared library libmoveit_pointcloud_octomap_updater_core.so[0m
[97.490s] [ 70%] Built target moveit_pointcloud_octomap_updater_core
[97.533s] [ 75%] [32mBuilding CXX object depth_image_octomap_updater/CMakeFiles/moveit_depth_image_octomap_updater_core.dir/src/depth_image_octomap_updater.cpp.o[0m
[108.881s] [ 80%] [32m[1mLinking CXX shared library libmoveit_depth_image_octomap_updater_core.so[0m
[109.195s] [ 80%] Built target moveit_depth_image_octomap_updater_core
[109.232s] [ 85%] [32mBuilding CXX object pointcloud_octomap_updater/CMakeFiles/moveit_pointcloud_octomap_updater.dir/src/plugin_init.cpp.o[0m
[119.924s] [ 90%] [32m[1mLinking CXX shared library libmoveit_pointcloud_octomap_updater.so[0m
[120.379s] [ 90%] Built target moveit_pointcloud_octomap_updater
[120.456s] [ 95%] [32mBuilding CXX object depth_image_octomap_updater/CMakeFiles/moveit_depth_image_octomap_updater.dir/src/updater_plugin.cpp.o[0m
[132.374s] [100%] [32m[1mLinking CXX shared library libmoveit_depth_image_octomap_updater.so[0m
[132.780s] [100%] Built target moveit_depth_image_octomap_updater
[132.931s] Invoked command in '/home/matteo-melzer/ws_moveit/build/moveit_ros_perception' returned '0': AMENT_PREFIX_PATH=/home/matteo-melzer/ws_moveit/install/moveit_ros_planning:/home/matteo-melzer/ws_moveit/install/moveit_ros_occupancy_map_monitor:/home/matteo-melzer/ws_moveit/install/moveit_core:/home/matteo-melzer/ws_moveit/install/moveit_configs_utils:/home/matteo-melzer/ws_moveit/install/launch_param_builder:/home/matteo-melzer/ws_moveit/install/ur10e_moveit_launch:/home/matteo-melzer/ws_moveit/install/rosparam_shortcuts:/home/matteo-melzer/ws_moveit/install/moveit_resources:/home/matteo-melzer/ws_moveit/install/rviz_marker_tools:/home/matteo-melzer/ros2_ws/install/ur_description:/home/matteo-melzer/ros2_ws/install/py_srvcli:/home/matteo-melzer/ros2_ws/install/py_pubsub:/home/matteo-melzer/ros2_ws/install/tutorial_interfaces:/home/matteo-melzer/ros2_ws/install/turtlesim:/home/matteo-melzer/ws_moveit/install/ur_description:/home/matteo-melzer/ws_moveit/install/srdfdom:/home/matteo-melzer/ws_moveit/install/moveit_task_constructor_msgs:/home/matteo-melzer/ws_moveit/install/moveit_resources_prbt_support:/home/matteo-melzer/ws_moveit/install/moveit_resources_pr2_description:/home/matteo-melzer/ws_moveit/install/moveit_resources_panda_moveit_config:/home/matteo-melzer/ws_moveit/install/moveit_resources_panda_description:/home/matteo-melzer/ws_moveit/install/moveit_resources_fanuc_moveit_config:/home/matteo-melzer/ws_moveit/install/moveit_resources_fanuc_description:/home/matteo-melzer/ws_moveit/install/moveit_common:/opt/ros/humble CMAKE_PREFIX_PATH=/home/matteo-melzer/ws_moveit/install/moveit_ros_planning:/home/matteo-melzer/ws_moveit/install/moveit_ros_occupancy_map_monitor:/home/matteo-melzer/ws_moveit/install/moveit_core:/home/matteo-melzer/ws_moveit/install/moveit_resources_panda_moveit_config:/home/matteo-melzer/ws_moveit/install/srdfdom:/home/matteo-melzer/ws_moveit/install/moveit_resources_pr2_description:/home/matteo-melzer/ws_moveit/install/moveit_resources_panda_description:/home/matteo-melzer/ws_moveit/install/moveit_common:/home/matteo-melzer/ws_moveit/install/ur10e_moveit_launch:/home/matteo-melzer/ws_moveit/install/rosparam_shortcuts:/home/matteo-melzer/ws_moveit/install/moveit_resources:/home/matteo-melzer/ws_moveit/install/rviz_marker_tools:/home/matteo-melzer/ros2_ws/install/ur_description:/home/matteo-melzer/ros2_ws/install/tutorial_interfaces:/home/matteo-melzer/ros2_ws/install/turtlesim:/home/matteo-melzer/ws_moveit/install/ur_description:/home/matteo-melzer/ws_moveit/install/moveit_task_constructor_msgs:/home/matteo-melzer/ws_moveit/install/moveit_resources_prbt_support:/home/matteo-melzer/ws_moveit/install/moveit_resources_fanuc_moveit_config:/home/matteo-melzer/ws_moveit/install/moveit_resources_fanuc_description:/home/matteo-melzer/ros2_ws/install/py_srvcli:/home/matteo-melzer/ros2_ws/install/py_pubsub:/home/matteo-melzer/ws_moveit/install/moveit_configs_utils:/home/matteo-melzer/ws_moveit/install/launch_param_builder:/opt/ros/humble LD_LIBRARY_PATH=/home/matteo-melzer/ws_moveit/install/moveit_ros_planning/lib:/home/matteo-melzer/ws_moveit/install/moveit_ros_occupancy_map_monitor/lib:/home/matteo-melzer/ws_moveit/install/moveit_core/lib:/home/matteo-melzer/ws_moveit/install/srdfdom/lib:/home/matteo-melzer/ws_moveit/install/rosparam_shortcuts/lib:/home/matteo-melzer/ws_moveit/install/rviz_marker_tools/lib:/home/matteo-melzer/ros2_ws/install/tutorial_interfaces/lib:/home/matteo-melzer/ros2_ws/install/turtlesim/lib:/home/matteo-melzer/ws_moveit/install/moveit_task_constructor_msgs/lib:/opt/ros/humble/opt/rviz_ogre_vendor/lib:/opt/ros/humble/lib/x86_64-linux-gnu:/opt/ros/humble/lib PATH=/home/matteo-melzer/ws_moveit/install/moveit_core/bin:${PATH} PYTHONPATH=/home/matteo-melzer/ws_moveit/install/moveit_configs_utils/lib/python3.10/site-packages:/home/matteo-melzer/ws_moveit/install/launch_param_builder/lib/python3.10/site-packages:/home/matteo-melzer/ros2_ws/install/py_srvcli/lib/python3.10/site-packages:/home/matteo-melzer/ros2_ws/install/py_pubsub/lib/python3.10/site-packages:/home/matteo-melzer/ros2_ws/install/tutorial_interfaces/local/lib/python3.10/dist-packages:/home/matteo-melzer/ros2_ws/install/turtlesim/local/lib/python3.10/dist-packages:/home/matteo-melzer/ws_moveit/install/srdfdom/local/lib/python3.10/dist-packages:/home/matteo-melzer/ws_moveit/install/moveit_task_constructor_msgs/local/lib/python3.10/dist-packages:/opt/ros/humble/lib/python3.10/site-packages:/opt/ros/humble/local/lib/python3.10/dist-packages /usr/bin/cmake --build /home/matteo-melzer/ws_moveit/build/moveit_ros_perception -- -j2 -l2
[133.010s] Invoking command in '/home/matteo-melzer/ws_moveit/build/moveit_ros_perception': AMENT_PREFIX_PATH=/home/matteo-melzer/ws_moveit/install/moveit_ros_planning:/home/matteo-melzer/ws_moveit/install/moveit_ros_occupancy_map_monitor:/home/matteo-melzer/ws_moveit/install/moveit_core:/home/matteo-melzer/ws_moveit/install/moveit_configs_utils:/home/matteo-melzer/ws_moveit/install/launch_param_builder:/home/matteo-melzer/ws_moveit/install/ur10e_moveit_launch:/home/matteo-melzer/ws_moveit/install/rosparam_shortcuts:/home/matteo-melzer/ws_moveit/install/moveit_resources:/home/matteo-melzer/ws_moveit/install/rviz_marker_tools:/home/matteo-melzer/ros2_ws/install/ur_description:/home/matteo-melzer/ros2_ws/install/py_srvcli:/home/matteo-melzer/ros2_ws/install/py_pubsub:/home/matteo-melzer/ros2_ws/install/tutorial_interfaces:/home/matteo-melzer/ros2_ws/install/turtlesim:/home/matteo-melzer/ws_moveit/install/ur_description:/home/matteo-melzer/ws_moveit/install/srdfdom:/home/matteo-melzer/ws_moveit/install/moveit_task_constructor_msgs:/home/matteo-melzer/ws_moveit/install/moveit_resources_prbt_support:/home/matteo-melzer/ws_moveit/install/moveit_resources_pr2_description:/home/matteo-melzer/ws_moveit/install/moveit_resources_panda_moveit_config:/home/matteo-melzer/ws_moveit/install/moveit_resources_panda_description:/home/matteo-melzer/ws_moveit/install/moveit_resources_fanuc_moveit_config:/home/matteo-melzer/ws_moveit/install/moveit_resources_fanuc_description:/home/matteo-melzer/ws_moveit/install/moveit_common:/opt/ros/humble CMAKE_PREFIX_PATH=/home/matteo-melzer/ws_moveit/install/moveit_ros_planning:/home/matteo-melzer/ws_moveit/install/moveit_ros_occupancy_map_monitor:/home/matteo-melzer/ws_moveit/install/moveit_core:/home/matteo-melzer/ws_moveit/install/moveit_resources_panda_moveit_config:/home/matteo-melzer/ws_moveit/install/srdfdom:/home/matteo-melzer/ws_moveit/install/moveit_resources_pr2_description:/home/matteo-melzer/ws_moveit/install/moveit_resources_panda_description:/home/matteo-melzer/ws_moveit/install/moveit_common:/home/matteo-melzer/ws_moveit/install/ur10e_moveit_launch:/home/matteo-melzer/ws_moveit/install/rosparam_shortcuts:/home/matteo-melzer/ws_moveit/install/moveit_resources:/home/matteo-melzer/ws_moveit/install/rviz_marker_tools:/home/matteo-melzer/ros2_ws/install/ur_description:/home/matteo-melzer/ros2_ws/install/tutorial_interfaces:/home/matteo-melzer/ros2_ws/install/turtlesim:/home/matteo-melzer/ws_moveit/install/ur_description:/home/matteo-melzer/ws_moveit/install/moveit_task_constructor_msgs:/home/matteo-melzer/ws_moveit/install/moveit_resources_prbt_support:/home/matteo-melzer/ws_moveit/install/moveit_resources_fanuc_moveit_config:/home/matteo-melzer/ws_moveit/install/moveit_resources_fanuc_description:/home/matteo-melzer/ros2_ws/install/py_srvcli:/home/matteo-melzer/ros2_ws/install/py_pubsub:/home/matteo-melzer/ws_moveit/install/moveit_configs_utils:/home/matteo-melzer/ws_moveit/install/launch_param_builder:/opt/ros/humble LD_LIBRARY_PATH=/home/matteo-melzer/ws_moveit/install/moveit_ros_planning/lib:/home/matteo-melzer/ws_moveit/install/moveit_ros_occupancy_map_monitor/lib:/home/matteo-melzer/ws_moveit/install/moveit_core/lib:/home/matteo-melzer/ws_moveit/install/srdfdom/lib:/home/matteo-melzer/ws_moveit/install/rosparam_shortcuts/lib:/home/matteo-melzer/ws_moveit/install/rviz_marker_tools/lib:/home/matteo-melzer/ros2_ws/install/tutorial_interfaces/lib:/home/matteo-melzer/ros2_ws/install/turtlesim/lib:/home/matteo-melzer/ws_moveit/install/moveit_task_constructor_msgs/lib:/opt/ros/humble/opt/rviz_ogre_vendor/lib:/opt/ros/humble/lib/x86_64-linux-gnu:/opt/ros/humble/lib PATH=/home/matteo-melzer/ws_moveit/install/moveit_core/bin:${PATH} PYTHONPATH=/home/matteo-melzer/ws_moveit/install/moveit_configs_utils/lib/python3.10/site-packages:/home/matteo-melzer/ws_moveit/install/launch_param_builder/lib/python3.10/site-packages:/home/matteo-melzer/ros2_ws/install/py_srvcli/lib/python3.10/site-packages:/home/matteo-melzer/ros2_ws/install/py_pubsub/lib/python3.10/site-packages:/home/matteo-melzer/ros2_ws/install/tutorial_interfaces/local/lib/python3.10/dist-packages:/home/matteo-melzer/ros2_ws/install/turtlesim/local/lib/python3.10/dist-packages:/home/matteo-melzer/ws_moveit/install/srdfdom/local/lib/python3.10/dist-packages:/home/matteo-melzer/ws_moveit/install/moveit_task_constructor_msgs/local/lib/python3.10/dist-packages:/opt/ros/humble/lib/python3.10/site-packages:/opt/ros/humble/local/lib/python3.10/dist-packages /usr/bin/cmake --install /home/matteo-melzer/ws_moveit/build/moveit_ros_perception
[133.038s] -- Install configuration: "Release"
[133.040s] -- Installing: /home/matteo-melzer/ws_moveit/install/moveit_ros_perception/include
[133.041s] -- Installing: /home/matteo-melzer/ws_moveit/install/moveit_ros_perception/include/moveit
[133.041s] -- Installing: /home/matteo-melzer/ws_moveit/install/moveit_ros_perception/include/moveit/lazy_free_space_updater
[133.042s] -- Installing: /home/matteo-melzer/ws_moveit/install/moveit_ros_perception/include/moveit/lazy_free_space_updater/lazy_free_space_updater.h
[133.043s] -- Up-to-date: /home/matteo-melzer/ws_moveit/install/moveit_ros_perception/include
[133.044s] -- Up-to-date: /home/matteo-melzer/ws_moveit/install/moveit_ros_perception/include/moveit
[133.045s] -- Installing: /home/matteo-melzer/ws_moveit/install/moveit_ros_perception/include/moveit/point_containment_filter
[133.046s] -- Installing: /home/matteo-melzer/ws_moveit/install/moveit_ros_perception/include/moveit/point_containment_filter/shape_mask.h
[133.047s] -- Up-to-date: /home/matteo-melzer/ws_moveit/install/moveit_ros_perception/include
[133.048s] -- Up-to-date: /home/matteo-melzer/ws_moveit/install/moveit_ros_perception/include/moveit
[133.048s] -- Installing: /home/matteo-melzer/ws_moveit/install/moveit_ros_perception/include/moveit/pointcloud_octomap_updater
[133.049s] -- Installing: /home/matteo-melzer/ws_moveit/install/moveit_ros_perception/include/moveit/pointcloud_octomap_updater/pointcloud_octomap_updater.h
[133.050s] -- Up-to-date: /home/matteo-melzer/ws_moveit/install/moveit_ros_perception/include
[133.051s] -- Up-to-date: /home/matteo-melzer/ws_moveit/install/moveit_ros_perception/include/moveit
[133.051s] -- Installing: /home/matteo-melzer/ws_moveit/install/moveit_ros_perception/include/moveit/mesh_filter
[133.052s] -- Installing: /home/matteo-melzer/ws_moveit/install/moveit_ros_perception/include/moveit/mesh_filter/mesh_filter.h
[133.052s] -- Installing: /home/matteo-melzer/ws_moveit/install/moveit_ros_perception/include/moveit/mesh_filter/mesh_filter_base.h
[133.053s] -- Installing: /home/matteo-melzer/ws_moveit/install/moveit_ros_perception/include/moveit/mesh_filter/transform_provider.h
[133.054s] -- Installing: /home/matteo-melzer/ws_moveit/install/moveit_ros_perception/include/moveit/mesh_filter/filter_job.h
[133.056s] -- Installing: /home/matteo-melzer/ws_moveit/install/moveit_ros_perception/include/moveit/mesh_filter/depth_self_filter_nodelet.h
[133.056s] -- Installing: /home/matteo-melzer/ws_moveit/install/moveit_ros_perception/include/moveit/mesh_filter/stereo_camera_model.h
[133.057s] -- Installing: /home/matteo-melzer/ws_moveit/install/moveit_ros_perception/include/moveit/mesh_filter/gl_renderer.h
[133.058s] -- Installing: /home/matteo-melzer/ws_moveit/install/moveit_ros_perception/include/moveit/mesh_filter/sensor_model.h
[133.058s] -- Installing: /home/matteo-melzer/ws_moveit/install/moveit_ros_perception/include/moveit/mesh_filter/gl_mesh.h
[133.059s] -- Installing: /home/matteo-melzer/ws_moveit/install/moveit_ros_perception/include/moveit_mesh_filter_export.h
[133.061s] -- Up-to-date: /home/matteo-melzer/ws_moveit/install/moveit_ros_perception/include
[133.061s] -- Up-to-date: /home/matteo-melzer/ws_moveit/install/moveit_ros_perception/include/moveit
[133.062s] -- Installing: /home/matteo-melzer/ws_moveit/install/moveit_ros_perception/include/moveit/depth_image_octomap_updater
[133.062s] -- Installing: /home/matteo-melzer/ws_moveit/install/moveit_ros_perception/include/moveit/depth_image_octomap_updater/depth_image_octomap_updater.h
[133.063s] -- Up-to-date: /home/matteo-melzer/ws_moveit/install/moveit_ros_perception/include
[133.065s] -- Up-to-date: /home/matteo-melzer/ws_moveit/install/moveit_ros_perception/include/moveit
[133.065s] -- Installing: /home/matteo-melzer/ws_moveit/install/moveit_ros_perception/include/moveit/semantic_world
[133.066s] -- Installing: /home/matteo-melzer/ws_moveit/install/moveit_ros_perception/include/moveit/semantic_world/semantic_world.h
[133.067s] -- Installing: /home/matteo-melzer/ws_moveit/install/moveit_ros_perception/lib/libmoveit_depth_image_octomap_updater.so.2.5.9
[133.072s] -- Set runtime path of "/home/matteo-melzer/ws_moveit/install/moveit_ros_perception/lib/libmoveit_depth_image_octomap_updater.so.2.5.9" to ""
[133.072s] -- Installing: /home/matteo-melzer/ws_moveit/install/moveit_ros_perception/lib/libmoveit_depth_image_octomap_updater.so
[133.073s] -- Installing: /home/matteo-melzer/ws_moveit/install/moveit_ros_perception/lib/libmoveit_depth_image_octomap_updater_core.so.2.5.9
[133.073s] -- Set runtime path of "/home/matteo-melzer/ws_moveit/install/moveit_ros_perception/lib/libmoveit_depth_image_octomap_updater_core.so.2.5.9" to ""
[133.073s] -- Installing: /home/matteo-melzer/ws_moveit/install/moveit_ros_perception/lib/libmoveit_depth_image_octomap_updater_core.so
[133.073s] -- Installing: /home/matteo-melzer/ws_moveit/install/moveit_ros_perception/lib/libmoveit_lazy_free_space_updater.so.2.5.9
[133.073s] -- Set runtime path of "/home/matteo-melzer/ws_moveit/install/moveit_ros_perception/lib/libmoveit_lazy_free_space_updater.so.2.5.9" to ""
[133.076s] -- Installing: /home/matteo-melzer/ws_moveit/install/moveit_ros_perception/lib/libmoveit_lazy_free_space_updater.so
[133.076s] -- Installing: /home/matteo-melzer/ws_moveit/install/moveit_ros_perception/lib/libmoveit_mesh_filter.so.2.5.9
[133.076s] -- Set runtime path of "/home/matteo-melzer/ws_moveit/install/moveit_ros_perception/lib/libmoveit_mesh_filter.so.2.5.9" to ""
[133.077s] -- Installing: /home/matteo-melzer/ws_moveit/install/moveit_ros_perception/lib/libmoveit_mesh_filter.so
[133.078s] -- Installing: /home/matteo-melzer/ws_moveit/install/moveit_ros_perception/lib/libmoveit_point_containment_filter.so.2.5.9
[133.080s] -- Set runtime path of "/home/matteo-melzer/ws_moveit/install/moveit_ros_perception/lib/libmoveit_point_containment_filter.so.2.5.9" to ""
[133.081s] -- Installing: /home/matteo-melzer/ws_moveit/install/moveit_ros_perception/lib/libmoveit_point_containment_filter.so
[133.081s] -- Installing: /home/matteo-melzer/ws_moveit/install/moveit_ros_perception/lib/libmoveit_pointcloud_octomap_updater.so.2.5.9
[133.083s] -- Set runtime path of "/home/matteo-melzer/ws_moveit/install/moveit_ros_perception/lib/libmoveit_pointcloud_octomap_updater.so.2.5.9" to ""
[133.084s] -- Installing: /home/matteo-melzer/ws_moveit/install/moveit_ros_perception/lib/libmoveit_pointcloud_octomap_updater.so
[133.085s] -- Installing: /home/matteo-melzer/ws_moveit/install/moveit_ros_perception/lib/libmoveit_pointcloud_octomap_updater_core.so.2.5.9
[133.097s] -- Set runtime path of "/home/matteo-melzer/ws_moveit/install/moveit_ros_perception/lib/libmoveit_pointcloud_octomap_updater_core.so.2.5.9" to ""
[133.098s] -- Installing: /home/matteo-melzer/ws_moveit/install/moveit_ros_perception/lib/libmoveit_pointcloud_octomap_updater_core.so
[133.099s] -- Installing: /home/matteo-melzer/ws_moveit/install/moveit_ros_perception/lib/libmoveit_semantic_world.so.2.5.9
[133.108s] -- Set runtime path of "/home/matteo-melzer/ws_moveit/install/moveit_ros_perception/lib/libmoveit_semantic_world.so.2.5.9" to ""
[133.108s] -- Installing: /home/matteo-melzer/ws_moveit/install/moveit_ros_perception/lib/libmoveit_semantic_world.so
[133.109s] -- Installing: /home/matteo-melzer/ws_moveit/install/moveit_ros_perception/share/moveit_ros_perception/environment/library_path.sh
[133.110s] -- Installing: /home/matteo-melzer/ws_moveit/install/moveit_ros_perception/share/moveit_ros_perception/environment/library_path.dsv
[133.111s] -- Installing: /home/matteo-melzer/ws_moveit/install/moveit_ros_perception/share/moveit_ros_perception/pointcloud_octomap_updater_plugin_description.xml
[133.112s] -- Installing: /home/matteo-melzer/ws_moveit/install/moveit_ros_perception/share/moveit_ros_perception/depth_image_octomap_updater_plugin_description.xml
[133.115s] -- Installing: /home/matteo-melzer/ws_moveit/install/moveit_ros_perception/share/ament_index/resource_index/package_run_dependencies/moveit_ros_perception
[133.116s] -- Installing: /home/matteo-melzer/ws_moveit/install/moveit_ros_perception/share/ament_index/resource_index/parent_prefix_path/moveit_ros_perception
[133.117s] -- Installing: /home/matteo-melzer/ws_moveit/install/moveit_ros_perception/share/moveit_ros_perception/environment/ament_prefix_path.sh
[133.118s] -- Installing: /home/matteo-melzer/ws_moveit/install/moveit_ros_perception/share/moveit_ros_perception/environment/ament_prefix_path.dsv
[133.119s] -- Installing: /home/matteo-melzer/ws_moveit/install/moveit_ros_perception/share/moveit_ros_perception/environment/path.sh
[133.120s] -- Installing: /home/matteo-melzer/ws_moveit/install/moveit_ros_perception/share/moveit_ros_perception/environment/path.dsv
[133.120s] -- Installing: /home/matteo-melzer/ws_moveit/install/moveit_ros_perception/share/moveit_ros_perception/local_setup.bash
[133.121s] -- Installing: /home/matteo-melzer/ws_moveit/install/moveit_ros_perception/share/moveit_ros_perception/local_setup.sh
[133.122s] -- Installing: /home/matteo-melzer/ws_moveit/install/moveit_ros_perception/share/moveit_ros_perception/local_setup.zsh
[133.123s] -- Installing: /home/matteo-melzer/ws_moveit/install/moveit_ros_perception/share/moveit_ros_perception/local_setup.dsv
[133.124s] -- Installing: /home/matteo-melzer/ws_moveit/install/moveit_ros_perception/share/moveit_ros_perception/package.dsv
[133.126s] -- Installing: /home/matteo-melzer/ws_moveit/install/moveit_ros_perception/share/ament_index/resource_index/packages/moveit_ros_perception
[133.126s] -- Installing: /home/matteo-melzer/ws_moveit/install/moveit_ros_perception/share/ament_index/resource_index/moveit_ros_occupancy_map_monitor__pluginlib__plugin/moveit_ros_perception
[133.128s] -- Installing: /home/matteo-melzer/ws_moveit/install/moveit_ros_perception/share/moveit_ros_perception/cmake/export_moveit_ros_perceptionExport.cmake
[133.129s] -- Installing: /home/matteo-melzer/ws_moveit/install/moveit_ros_perception/share/moveit_ros_perception/cmake/export_moveit_ros_perceptionExport-release.cmake
[133.130s] -- Installing: /home/matteo-melzer/ws_moveit/install/moveit_ros_perception/share/moveit_ros_perception/cmake/ConfigExtras.cmake
[133.131s] -- Installing: /home/matteo-melzer/ws_moveit/install/moveit_ros_perception/share/moveit_ros_perception/cmake/ament_cmake_export_targets-extras.cmake
[133.131s] -- Installing: /home/matteo-melzer/ws_moveit/install/moveit_ros_perception/share/moveit_ros_perception/cmake/ament_cmake_export_dependencies-extras.cmake
[133.132s] -- Installing: /home/matteo-melzer/ws_moveit/install/moveit_ros_perception/share/moveit_ros_perception/cmake/moveit_ros_perceptionConfig.cmake
[133.133s] -- Installing: /home/matteo-melzer/ws_moveit/install/moveit_ros_perception/share/moveit_ros_perception/cmake/moveit_ros_perceptionConfig-version.cmake
[133.134s] -- Installing: /home/matteo-melzer/ws_moveit/install/moveit_ros_perception/share/moveit_ros_perception/package.xml
[133.138s] Invoked command in '/home/matteo-melzer/ws_moveit/build/moveit_ros_perception' returned '0': AMENT_PREFIX_PATH=/home/matteo-melzer/ws_moveit/install/moveit_ros_planning:/home/matteo-melzer/ws_moveit/install/moveit_ros_occupancy_map_monitor:/home/matteo-melzer/ws_moveit/install/moveit_core:/home/matteo-melzer/ws_moveit/install/moveit_configs_utils:/home/matteo-melzer/ws_moveit/install/launch_param_builder:/home/matteo-melzer/ws_moveit/install/ur10e_moveit_launch:/home/matteo-melzer/ws_moveit/install/rosparam_shortcuts:/home/matteo-melzer/ws_moveit/install/moveit_resources:/home/matteo-melzer/ws_moveit/install/rviz_marker_tools:/home/matteo-melzer/ros2_ws/install/ur_description:/home/matteo-melzer/ros2_ws/install/py_srvcli:/home/matteo-melzer/ros2_ws/install/py_pubsub:/home/matteo-melzer/ros2_ws/install/tutorial_interfaces:/home/matteo-melzer/ros2_ws/install/turtlesim:/home/matteo-melzer/ws_moveit/install/ur_description:/home/matteo-melzer/ws_moveit/install/srdfdom:/home/matteo-melzer/ws_moveit/install/moveit_task_constructor_msgs:/home/matteo-melzer/ws_moveit/install/moveit_resources_prbt_support:/home/matteo-melzer/ws_moveit/install/moveit_resources_pr2_description:/home/matteo-melzer/ws_moveit/install/moveit_resources_panda_moveit_config:/home/matteo-melzer/ws_moveit/install/moveit_resources_panda_description:/home/matteo-melzer/ws_moveit/install/moveit_resources_fanuc_moveit_config:/home/matteo-melzer/ws_moveit/install/moveit_resources_fanuc_description:/home/matteo-melzer/ws_moveit/install/moveit_common:/opt/ros/humble CMAKE_PREFIX_PATH=/home/matteo-melzer/ws_moveit/install/moveit_ros_planning:/home/matteo-melzer/ws_moveit/install/moveit_ros_occupancy_map_monitor:/home/matteo-melzer/ws_moveit/install/moveit_core:/home/matteo-melzer/ws_moveit/install/moveit_resources_panda_moveit_config:/home/matteo-melzer/ws_moveit/install/srdfdom:/home/matteo-melzer/ws_moveit/install/moveit_resources_pr2_description:/home/matteo-melzer/ws_moveit/install/moveit_resources_panda_description:/home/matteo-melzer/ws_moveit/install/moveit_common:/home/matteo-melzer/ws_moveit/install/ur10e_moveit_launch:/home/matteo-melzer/ws_moveit/install/rosparam_shortcuts:/home/matteo-melzer/ws_moveit/install/moveit_resources:/home/matteo-melzer/ws_moveit/install/rviz_marker_tools:/home/matteo-melzer/ros2_ws/install/ur_description:/home/matteo-melzer/ros2_ws/install/tutorial_interfaces:/home/matteo-melzer/ros2_ws/install/turtlesim:/home/matteo-melzer/ws_moveit/install/ur_description:/home/matteo-melzer/ws_moveit/install/moveit_task_constructor_msgs:/home/matteo-melzer/ws_moveit/install/moveit_resources_prbt_support:/home/matteo-melzer/ws_moveit/install/moveit_resources_fanuc_moveit_config:/home/matteo-melzer/ws_moveit/install/moveit_resources_fanuc_description:/home/matteo-melzer/ros2_ws/install/py_srvcli:/home/matteo-melzer/ros2_ws/install/py_pubsub:/home/matteo-melzer/ws_moveit/install/moveit_configs_utils:/home/matteo-melzer/ws_moveit/install/launch_param_builder:/opt/ros/humble LD_LIBRARY_PATH=/home/matteo-melzer/ws_moveit/install/moveit_ros_planning/lib:/home/matteo-melzer/ws_moveit/install/moveit_ros_occupancy_map_monitor/lib:/home/matteo-melzer/ws_moveit/install/moveit_core/lib:/home/matteo-melzer/ws_moveit/install/srdfdom/lib:/home/matteo-melzer/ws_moveit/install/rosparam_shortcuts/lib:/home/matteo-melzer/ws_moveit/install/rviz_marker_tools/lib:/home/matteo-melzer/ros2_ws/install/tutorial_interfaces/lib:/home/matteo-melzer/ros2_ws/install/turtlesim/lib:/home/matteo-melzer/ws_moveit/install/moveit_task_constructor_msgs/lib:/opt/ros/humble/opt/rviz_ogre_vendor/lib:/opt/ros/humble/lib/x86_64-linux-gnu:/opt/ros/humble/lib PATH=/home/matteo-melzer/ws_moveit/install/moveit_core/bin:${PATH} PYTHONPATH=/home/matteo-melzer/ws_moveit/install/moveit_configs_utils/lib/python3.10/site-packages:/home/matteo-melzer/ws_moveit/install/launch_param_builder/lib/python3.10/site-packages:/home/matteo-melzer/ros2_ws/install/py_srvcli/lib/python3.10/site-packages:/home/matteo-melzer/ros2_ws/install/py_pubsub/lib/python3.10/site-packages:/home/matteo-melzer/ros2_ws/install/tutorial_interfaces/local/lib/python3.10/dist-packages:/home/matteo-melzer/ros2_ws/install/turtlesim/local/lib/python3.10/dist-packages:/home/matteo-melzer/ws_moveit/install/srdfdom/local/lib/python3.10/dist-packages:/home/matteo-melzer/ws_moveit/install/moveit_task_constructor_msgs/local/lib/python3.10/dist-packages:/opt/ros/humble/lib/python3.10/site-packages:/opt/ros/humble/local/lib/python3.10/dist-packages /usr/bin/cmake --install /home/matteo-melzer/ws_moveit/build/moveit_ros_perception
